%EventDef PajeDefineContainerType 1
% Type string
% Alias string
% Name string
%EndEventDef

%EventDef PajeCreateContainer 2
% Time date 
% Type string  
% Alias string 
% Name string   
% Container string  
%EndEventDef

%EventDef PajeDestroyContainer 3
% Time date
% Name string 
% Type string
%EndEventDef

%EventDef PajeDefineStateType 4
% Alias string 
% Type string 
% Name string 
%EndEventDef

%EventDef PajeDefineEntityValue 5
% Alias string  
% Type string  
% Name string  
% Color color 
%EndEventDef

%EventDef PajeSetState 6
% Time date  
% Type string  
% Container string  
% Value string  
%EndEventDef 

%EventDef PajeDefineEventType 7
% Type string
% Alias string
% Name string
%EndEventDef

%EventDef PajeNewEvent 8
% Time date
% Type string
% Container string
% Value string
%EndEventDef

%EventDef PajeDefineVariableType 9
% Type string
% Alias string
% Name string
% Color string
%EndEventDef

%EventDef PajeSetVariable 10
% Time date
% Type string
% Container string
% Value double
%EndEventDef

# Container types creation
1 0 root_ct "Machines"
1 root_ct machine_ct "Machine"
1 0 scheduler_ct "Scheduler"
1 scheduler_ct killer_ct "Killer"

# Event types creation
7 killer_ct kk "Job kill"
7 machine_ct km "Job kill"

# Variable types creation
9 scheduler_ct vu_vt "Utilization" "0.0 0.5 0.0"

# Containers creation
2 0.000000 root_ct root "Machines" 0
2 0.000000 machine_ct m0 "graphene-1001.nancy.grid5000.fr" root
2 0.000000 machine_ct m1 "graphene-1002.nancy.grid5000.fr" root
2 0.000000 machine_ct m2 "graphene-1003.nancy.grid5000.fr" root
2 0.000000 machine_ct m3 "graphene-1004.nancy.grid5000.fr" root
2 0.000000 machine_ct m4 "graphene-1005.nancy.grid5000.fr" root
2 0.000000 machine_ct m5 "graphene-1006.nancy.grid5000.fr" root
2 0.000000 machine_ct m6 "graphene-1007.nancy.grid5000.fr" root
2 0.000000 machine_ct m7 "graphene-1008.nancy.grid5000.fr" root
2 0.000000 machine_ct m8 "graphene-1009.nancy.grid5000.fr" root
2 0.000000 machine_ct m9 "graphene-1010.nancy.grid5000.fr" root
2 0.000000 machine_ct m10 "graphene-1011.nancy.grid5000.fr" root
2 0.000000 machine_ct m11 "graphene-1012.nancy.grid5000.fr" root
2 0.000000 machine_ct m12 "graphene-1013.nancy.grid5000.fr" root
2 0.000000 machine_ct m13 "graphene-1014.nancy.grid5000.fr" root
2 0.000000 machine_ct m14 "graphene-1015.nancy.grid5000.fr" root
2 0.000000 machine_ct m15 "graphene-1016.nancy.grid5000.fr" root
2 0.000000 machine_ct m16 "graphene-1017.nancy.grid5000.fr" root
2 0.000000 machine_ct m17 "graphene-1018.nancy.grid5000.fr" root
2 0.000000 machine_ct m18 "graphene-1019.nancy.grid5000.fr" root
2 0.000000 machine_ct m19 "graphene-1020.nancy.grid5000.fr" root
2 0.000000 machine_ct m20 "graphene-1021.nancy.grid5000.fr" root
2 0.000000 machine_ct m21 "graphene-1022.nancy.grid5000.fr" root
2 0.000000 machine_ct m22 "graphene-1023.nancy.grid5000.fr" root
2 0.000000 machine_ct m23 "graphene-1024.nancy.grid5000.fr" root
2 0.000000 machine_ct m24 "graphene-1025.nancy.grid5000.fr" root
2 0.000000 machine_ct m25 "graphene-1026.nancy.grid5000.fr" root
2 0.000000 machine_ct m26 "graphene-1027.nancy.grid5000.fr" root
2 0.000000 machine_ct m27 "graphene-1028.nancy.grid5000.fr" root
2 0.000000 machine_ct m28 "graphene-1029.nancy.grid5000.fr" root
2 0.000000 machine_ct m29 "graphene-1030.nancy.grid5000.fr" root
2 0.000000 machine_ct m30 "graphene-1031.nancy.grid5000.fr" root
2 0.000000 machine_ct m31 "graphene-1032.nancy.grid5000.fr" root
2 0.000000 machine_ct m32 "graphene-1033.nancy.grid5000.fr" root
2 0.000000 machine_ct m33 "graphene-1034.nancy.grid5000.fr" root
2 0.000000 machine_ct m34 "graphene-1035.nancy.grid5000.fr" root
2 0.000000 machine_ct m35 "graphene-1036.nancy.grid5000.fr" root
2 0.000000 machine_ct m36 "graphene-1037.nancy.grid5000.fr" root
2 0.000000 machine_ct m37 "graphene-1038.nancy.grid5000.fr" root
2 0.000000 machine_ct m38 "graphene-1039.nancy.grid5000.fr" root
2 0.000000 machine_ct m39 "graphene-1040.nancy.grid5000.fr" root
2 0.000000 machine_ct m40 "graphene-1041.nancy.grid5000.fr" root
2 0.000000 machine_ct m41 "graphene-1042.nancy.grid5000.fr" root
2 0.000000 machine_ct m42 "graphene-1043.nancy.grid5000.fr" root
2 0.000000 machine_ct m43 "graphene-1044.nancy.grid5000.fr" root
2 0.000000 machine_ct m44 "graphene-1045.nancy.grid5000.fr" root
2 0.000000 machine_ct m45 "graphene-1046.nancy.grid5000.fr" root
2 0.000000 machine_ct m46 "graphene-1047.nancy.grid5000.fr" root
2 0.000000 machine_ct m47 "graphene-1048.nancy.grid5000.fr" root
2 0.000000 machine_ct m48 "graphene-1049.nancy.grid5000.fr" root
2 0.000000 machine_ct m49 "graphene-1050.nancy.grid5000.fr" root
2 0.000000 machine_ct m50 "graphene-1051.nancy.grid5000.fr" root
2 0.000000 machine_ct m51 "graphene-1052.nancy.grid5000.fr" root
2 0.000000 machine_ct m52 "graphene-1053.nancy.grid5000.fr" root
2 0.000000 machine_ct m53 "graphene-1054.nancy.grid5000.fr" root
2 0.000000 machine_ct m54 "graphene-1055.nancy.grid5000.fr" root
2 0.000000 machine_ct m55 "graphene-1056.nancy.grid5000.fr" root
2 0.000000 machine_ct m56 "graphene-1057.nancy.grid5000.fr" root
2 0.000000 machine_ct m57 "graphene-1058.nancy.grid5000.fr" root
2 0.000000 machine_ct m58 "graphene-1059.nancy.grid5000.fr" root
2 0.000000 machine_ct m59 "graphene-1060.nancy.grid5000.fr" root
2 0.000000 machine_ct m60 "graphene-1061.nancy.grid5000.fr" root
2 0.000000 machine_ct m61 "graphene-1062.nancy.grid5000.fr" root
2 0.000000 machine_ct m62 "graphene-1063.nancy.grid5000.fr" root
2 0.000000 machine_ct m63 "graphene-1064.nancy.grid5000.fr" root
2 0.000000 machine_ct m64 "graphene-1065.nancy.grid5000.fr" root
2 0.000000 machine_ct m65 "graphene-1066.nancy.grid5000.fr" root
2 0.000000 machine_ct m66 "graphene-1067.nancy.grid5000.fr" root
2 0.000000 machine_ct m67 "graphene-1068.nancy.grid5000.fr" root
2 0.000000 machine_ct m68 "graphene-1069.nancy.grid5000.fr" root
2 0.000000 machine_ct m69 "graphene-1070.nancy.grid5000.fr" root
2 0.000000 machine_ct m70 "graphene-1071.nancy.grid5000.fr" root
2 0.000000 machine_ct m71 "graphene-1072.nancy.grid5000.fr" root
2 0.000000 machine_ct m72 "graphene-1073.nancy.grid5000.fr" root
2 0.000000 machine_ct m73 "graphene-1074.nancy.grid5000.fr" root
2 0.000000 machine_ct m74 "graphene-1075.nancy.grid5000.fr" root
2 0.000000 machine_ct m75 "graphene-1076.nancy.grid5000.fr" root
2 0.000000 machine_ct m76 "graphene-1077.nancy.grid5000.fr" root
2 0.000000 machine_ct m77 "graphene-1078.nancy.grid5000.fr" root
2 0.000000 machine_ct m78 "graphene-1079.nancy.grid5000.fr" root
2 0.000000 machine_ct m79 "graphene-1080.nancy.grid5000.fr" root
2 0.000000 machine_ct m80 "graphene-1081.nancy.grid5000.fr" root
2 0.000000 machine_ct m81 "graphene-1082.nancy.grid5000.fr" root
2 0.000000 machine_ct m82 "graphene-1083.nancy.grid5000.fr" root
2 0.000000 machine_ct m83 "graphene-1084.nancy.grid5000.fr" root
2 0.000000 machine_ct m84 "graphene-1085.nancy.grid5000.fr" root
2 0.000000 machine_ct m85 "graphene-1086.nancy.grid5000.fr" root
2 0.000000 machine_ct m86 "graphene-1087.nancy.grid5000.fr" root
2 0.000000 machine_ct m87 "graphene-1088.nancy.grid5000.fr" root
2 0.000000 machine_ct m88 "graphene-1089.nancy.grid5000.fr" root
2 0.000000 machine_ct m89 "graphene-1090.nancy.grid5000.fr" root
2 0.000000 machine_ct m90 "graphene-1091.nancy.grid5000.fr" root
2 0.000000 machine_ct m91 "graphene-1092.nancy.grid5000.fr" root
2 0.000000 machine_ct m92 "graphene-1093.nancy.grid5000.fr" root
2 0.000000 machine_ct m93 "graphene-1094.nancy.grid5000.fr" root
2 0.000000 machine_ct m94 "graphene-1095.nancy.grid5000.fr" root
2 0.000000 machine_ct m95 "graphene-1096.nancy.grid5000.fr" root
2 0.000000 machine_ct m96 "graphene-1097.nancy.grid5000.fr" root
2 0.000000 machine_ct m97 "graphene-1098.nancy.grid5000.fr" root
2 0.000000 machine_ct m98 "graphene-1099.nancy.grid5000.fr" root
2 0.000000 machine_ct m99 "graphene-1100.nancy.grid5000.fr" root
2 0.000000 machine_ct m100 "graphene-1101.nancy.grid5000.fr" root
2 0.000000 machine_ct m101 "graphene-1102.nancy.grid5000.fr" root
2 0.000000 machine_ct m102 "graphene-1103.nancy.grid5000.fr" root
2 0.000000 machine_ct m103 "graphene-1104.nancy.grid5000.fr" root
2 0.000000 machine_ct m104 "graphene-1105.nancy.grid5000.fr" root
2 0.000000 machine_ct m105 "graphene-1106.nancy.grid5000.fr" root
2 0.000000 machine_ct m106 "graphene-1107.nancy.grid5000.fr" root
2 0.000000 machine_ct m107 "graphene-1108.nancy.grid5000.fr" root
2 0.000000 machine_ct m108 "graphene-1109.nancy.grid5000.fr" root
2 0.000000 machine_ct m109 "graphene-1110.nancy.grid5000.fr" root
2 0.000000 machine_ct m110 "graphene-1111.nancy.grid5000.fr" root
2 0.000000 machine_ct m111 "graphene-1112.nancy.grid5000.fr" root
2 0.000000 machine_ct m112 "graphene-1113.nancy.grid5000.fr" root
2 0.000000 machine_ct m113 "graphene-1114.nancy.grid5000.fr" root
2 0.000000 machine_ct m114 "graphene-1115.nancy.grid5000.fr" root
2 0.000000 machine_ct m115 "graphene-1116.nancy.grid5000.fr" root
2 0.000000 machine_ct m116 "graphene-1117.nancy.grid5000.fr" root
2 0.000000 machine_ct m117 "graphene-1118.nancy.grid5000.fr" root
2 0.000000 machine_ct m118 "graphene-1119.nancy.grid5000.fr" root
2 0.000000 machine_ct m119 "graphene-1120.nancy.grid5000.fr" root
2 0.000000 machine_ct m120 "graphene-1121.nancy.grid5000.fr" root
2 0.000000 machine_ct m121 "graphene-1122.nancy.grid5000.fr" root
2 0.000000 machine_ct m122 "graphene-1123.nancy.grid5000.fr" root
2 0.000000 machine_ct m123 "graphene-1124.nancy.grid5000.fr" root
2 0.000000 machine_ct m124 "graphene-1125.nancy.grid5000.fr" root
2 0.000000 machine_ct m125 "graphene-1126.nancy.grid5000.fr" root
2 0.000000 machine_ct m126 "graphene-1127.nancy.grid5000.fr" root
2 0.000000 machine_ct m127 "graphene-1128.nancy.grid5000.fr" root
2 0.000000 machine_ct m128 "graphene-1129.nancy.grid5000.fr" root
2 0.000000 machine_ct m129 "graphene-1130.nancy.grid5000.fr" root
2 0.000000 machine_ct m130 "graphene-1131.nancy.grid5000.fr" root
2 0.000000 machine_ct m131 "graphene-1132.nancy.grid5000.fr" root
2 0.000000 machine_ct m132 "graphene-1133.nancy.grid5000.fr" root
2 0.000000 machine_ct m133 "graphene-1134.nancy.grid5000.fr" root
2 0.000000 machine_ct m134 "graphene-1135.nancy.grid5000.fr" root
2 0.000000 machine_ct m135 "graphene-1136.nancy.grid5000.fr" root
2 0.000000 machine_ct m136 "graphene-1137.nancy.grid5000.fr" root
2 0.000000 machine_ct m137 "graphene-1138.nancy.grid5000.fr" root
2 0.000000 machine_ct m138 "graphene-1139.nancy.grid5000.fr" root
2 0.000000 machine_ct m139 "graphene-1140.nancy.grid5000.fr" root
2 0.000000 machine_ct m140 "graphene-1141.nancy.grid5000.fr" root
2 0.000000 machine_ct m141 "graphene-1142.nancy.grid5000.fr" root
2 0.000000 machine_ct m142 "graphene-1143.nancy.grid5000.fr" root
2 0.000000 scheduler_ct sc "Scheduler" 0
2 0.000000 killer_ct k "Killer" sc

# States creation
4 machine_state machine_ct "Machine state"

# Creation of the different values the machine state can be
5 w machine_state "Waiting" "0.0 0.0 0.0"
5 l machine_state "Launching" "0.3 0.3 0.3"

# Begin of events
6 0.000000 machine_state m0 w
6 0.000000 machine_state m1 w
6 0.000000 machine_state m2 w
6 0.000000 machine_state m3 w
6 0.000000 machine_state m4 w
6 0.000000 machine_state m5 w
6 0.000000 machine_state m6 w
6 0.000000 machine_state m7 w
6 0.000000 machine_state m8 w
6 0.000000 machine_state m9 w
6 0.000000 machine_state m10 w
6 0.000000 machine_state m11 w
6 0.000000 machine_state m12 w
6 0.000000 machine_state m13 w
6 0.000000 machine_state m14 w
6 0.000000 machine_state m15 w
6 0.000000 machine_state m16 w
6 0.000000 machine_state m17 w
6 0.000000 machine_state m18 w
6 0.000000 machine_state m19 w
6 0.000000 machine_state m20 w
6 0.000000 machine_state m21 w
6 0.000000 machine_state m22 w
6 0.000000 machine_state m23 w
6 0.000000 machine_state m24 w
6 0.000000 machine_state m25 w
6 0.000000 machine_state m26 w
6 0.000000 machine_state m27 w
6 0.000000 machine_state m28 w
6 0.000000 machine_state m29 w
6 0.000000 machine_state m30 w
6 0.000000 machine_state m31 w
6 0.000000 machine_state m32 w
6 0.000000 machine_state m33 w
6 0.000000 machine_state m34 w
6 0.000000 machine_state m35 w
6 0.000000 machine_state m36 w
6 0.000000 machine_state m37 w
6 0.000000 machine_state m38 w
6 0.000000 machine_state m39 w
6 0.000000 machine_state m40 w
6 0.000000 machine_state m41 w
6 0.000000 machine_state m42 w
6 0.000000 machine_state m43 w
6 0.000000 machine_state m44 w
6 0.000000 machine_state m45 w
6 0.000000 machine_state m46 w
6 0.000000 machine_state m47 w
6 0.000000 machine_state m48 w
6 0.000000 machine_state m49 w
6 0.000000 machine_state m50 w
6 0.000000 machine_state m51 w
6 0.000000 machine_state m52 w
6 0.000000 machine_state m53 w
6 0.000000 machine_state m54 w
6 0.000000 machine_state m55 w
6 0.000000 machine_state m56 w
6 0.000000 machine_state m57 w
6 0.000000 machine_state m58 w
6 0.000000 machine_state m59 w
6 0.000000 machine_state m60 w
6 0.000000 machine_state m61 w
6 0.000000 machine_state m62 w
6 0.000000 machine_state m63 w
6 0.000000 machine_state m64 w
6 0.000000 machine_state m65 w
6 0.000000 machine_state m66 w
6 0.000000 machine_state m67 w
6 0.000000 machine_state m68 w
6 0.000000 machine_state m69 w
6 0.000000 machine_state m70 w
6 0.000000 machine_state m71 w
6 0.000000 machine_state m72 w
6 0.000000 machine_state m73 w
6 0.000000 machine_state m74 w
6 0.000000 machine_state m75 w
6 0.000000 machine_state m76 w
6 0.000000 machine_state m77 w
6 0.000000 machine_state m78 w
6 0.000000 machine_state m79 w
6 0.000000 machine_state m80 w
6 0.000000 machine_state m81 w
6 0.000000 machine_state m82 w
6 0.000000 machine_state m83 w
6 0.000000 machine_state m84 w
6 0.000000 machine_state m85 w
6 0.000000 machine_state m86 w
6 0.000000 machine_state m87 w
6 0.000000 machine_state m88 w
6 0.000000 machine_state m89 w
6 0.000000 machine_state m90 w
6 0.000000 machine_state m91 w
6 0.000000 machine_state m92 w
6 0.000000 machine_state m93 w
6 0.000000 machine_state m94 w
6 0.000000 machine_state m95 w
6 0.000000 machine_state m96 w
6 0.000000 machine_state m97 w
6 0.000000 machine_state m98 w
6 0.000000 machine_state m99 w
6 0.000000 machine_state m100 w
6 0.000000 machine_state m101 w
6 0.000000 machine_state m102 w
6 0.000000 machine_state m103 w
6 0.000000 machine_state m104 w
6 0.000000 machine_state m105 w
6 0.000000 machine_state m106 w
6 0.000000 machine_state m107 w
6 0.000000 machine_state m108 w
6 0.000000 machine_state m109 w
6 0.000000 machine_state m110 w
6 0.000000 machine_state m111 w
6 0.000000 machine_state m112 w
6 0.000000 machine_state m113 w
6 0.000000 machine_state m114 w
6 0.000000 machine_state m115 w
6 0.000000 machine_state m116 w
6 0.000000 machine_state m117 w
6 0.000000 machine_state m118 w
6 0.000000 machine_state m119 w
6 0.000000 machine_state m120 w
6 0.000000 machine_state m121 w
6 0.000000 machine_state m122 w
6 0.000000 machine_state m123 w
6 0.000000 machine_state m124 w
6 0.000000 machine_state m125 w
6 0.000000 machine_state m126 w
6 0.000000 machine_state m127 w
6 0.000000 machine_state m128 w
6 0.000000 machine_state m129 w
6 0.000000 machine_state m130 w
6 0.000000 machine_state m131 w
6 0.000000 machine_state m132 w
6 0.000000 machine_state m133 w
6 0.000000 machine_state m134 w
6 0.000000 machine_state m135 w
6 0.000000 machine_state m136 w
6 0.000000 machine_state m137 w
6 0.000000 machine_state m138 w
6 0.000000 machine_state m139 w
6 0.000000 machine_state m140 w
6 0.000000 machine_state m141 w
6 0.000000 machine_state m142 w
5 j0 machine_state "0" "0.000000 0.812500 1.000000"
6 23.000000 machine_state m0 j0
5 j1 machine_state "1" "1.000000 0.000000 0.000000"
6 41.000000 machine_state m1 j1
6 41.000000 machine_state m2 j1
5 j2 machine_state "2" "1.000000 0.750000 0.000000"
6 61.000000 machine_state m3 j2
5 j3 machine_state "3" "0.593750 0.000000 1.000000"
6 81.000000 machine_state m4 j3
6 81.000000 machine_state m5 j3
6 81.000000 machine_state m6 j3
6 81.000000 machine_state m7 j3
5 j4 machine_state "4" "0.000000 1.000000 0.062500"
6 101.000000 machine_state m8 j4
6 111.509997 machine_state m0 w
6 116.929605 machine_state m4 w
6 116.929605 machine_state m5 w
6 116.929605 machine_state m6 w
6 116.929605 machine_state m7 w
5 j5 machine_state "5" "0.687500 0.000000 1.000000"
6 126.000000 machine_state m0 j5
5 j6 machine_state "6" "0.968750 1.000000 0.000000"
6 143.000000 machine_state m4 j6
6 143.000000 machine_state m5 j6
6 143.000000 machine_state m6 j6
6 143.000000 machine_state m7 j6
6 159.645958 machine_state m4 w
6 159.645958 machine_state m5 w
6 159.645958 machine_state m6 w
6 159.645958 machine_state m7 w
5 j7 machine_state "7" "0.000000 1.000000 0.718750"
6 164.000000 machine_state m9 j7
6 164.000000 machine_state m10 j7
5 j8 machine_state "8" "0.593750 1.000000 0.000000"
6 182.000000 machine_state m4 j8
6 182.000000 machine_state m5 j8
6 189.509997 machine_state m8 w
6 190.487274 machine_state m9 w
6 190.487274 machine_state m10 w
5 j9 machine_state "9" "0.312500 0.000000 1.000000"
6 204.000000 machine_state m6 j9
6 204.000000 machine_state m7 j9
6 204.000000 machine_state m8 j9
6 204.000000 machine_state m9 j9
5 j10 machine_state "10" "1.000000 0.000000 0.093750"
6 219.000000 machine_state m10 j10
6 219.000000 machine_state m11 j10
5 j11 machine_state "11" "1.000000 0.000000 0.187500"
6 239.000000 machine_state m12 j11
6 239.000000 machine_state m13 j11
6 239.000000 machine_state m14 j11
6 239.000000 machine_state m15 j11
6 239.000000 machine_state m16 j11
6 239.000000 machine_state m17 j11
6 239.000000 machine_state m18 j11
6 239.000000 machine_state m19 j11
6 248.595925 machine_state m12 w
6 248.595925 machine_state m13 w
6 248.595925 machine_state m14 w
6 248.595925 machine_state m15 w
6 248.595925 machine_state m16 w
6 248.595925 machine_state m17 w
6 248.595925 machine_state m18 w
6 248.595925 machine_state m19 w
5 j12 machine_state "12" "1.000000 0.000000 0.937500"
6 258.000000 machine_state m12 j12
6 258.000000 machine_state m13 j12
5 j13 machine_state "13" "0.000000 0.156250 1.000000"
6 279.000000 machine_state m14 j13
6 284.487274 machine_state m12 w
6 284.487274 machine_state m13 w
5 j14 machine_state "14" "0.000000 0.718750 1.000000"
6 298.000000 machine_state m12 j14
6 298.000000 machine_state m13 j14
6 298.000000 machine_state m15 j14
6 298.000000 machine_state m16 j14
6 306.829894 machine_state m1 w
6 306.829894 machine_state m2 w
5 j15 machine_state "15" "1.000000 0.000000 0.468750"
6 319.000000 machine_state m1 j15
6 319.000000 machine_state m2 j15
5 j16 machine_state "16" "0.000000 1.000000 0.812500"
6 337.000000 machine_state m17 j16
6 337.000000 machine_state m18 j16
6 337.000000 machine_state m19 j16
6 337.000000 machine_state m20 j16
6 340.984475 machine_state m3 w
6 345.487274 machine_state m1 w
6 345.487274 machine_state m2 w
5 j17 machine_state "17" "0.000000 0.906250 1.000000"
6 356.000000 machine_state m1 j17
6 356.000000 machine_state m2 j17
6 356.000000 machine_state m3 j17
6 356.000000 machine_state m21 j17
5 j18 machine_state "18" "0.218750 0.000000 1.000000"
6 377.000000 machine_state m22 j18
6 377.000000 machine_state m23 j18
6 377.000000 machine_state m24 j18
6 377.000000 machine_state m25 j18
6 380.916733 machine_state m22 w
6 380.916733 machine_state m23 w
6 380.916733 machine_state m24 w
6 380.916733 machine_state m25 w
5 j19 machine_state "19" "0.031250 1.000000 0.000000"
6 396.000000 machine_state m22 j19
6 396.000000 machine_state m23 j19
6 396.000000 machine_state m24 j19
6 396.000000 machine_state m25 j19
6 405.984475 machine_state m0 w
5 j20 machine_state "20" "0.000000 1.000000 0.906250"
6 415.000000 machine_state m0 j20
5 j21 machine_state "21" "0.781250 1.000000 0.000000"
6 433.000000 machine_state m26 j21
6 433.000000 machine_state m27 j21
5 j22 machine_state "22" "0.218750 1.000000 0.000000"
6 448.000000 machine_state m28 j22
6 448.000000 machine_state m29 j22
6 454.600096 machine_state m28 w
6 454.600096 machine_state m29 w
5 j23 machine_state "23" "0.000000 1.000000 0.437500"
6 465.000000 machine_state m28 j23
6 465.000000 machine_state m29 j23
6 465.000000 machine_state m30 j23
6 465.000000 machine_state m31 j23
5 j24 machine_state "24" "0.687500 1.000000 0.000000"
6 484.000000 machine_state m32 j24
6 494.579787 machine_state m6 w
6 494.579787 machine_state m7 w
6 494.579787 machine_state m8 w
6 494.579787 machine_state m9 w
5 j25 machine_state "25" "0.000000 1.000000 0.625000"
6 505.000000 machine_state m6 j25
6 507.910473 machine_state m1 w
6 507.910473 machine_state m2 w
6 507.910473 machine_state m3 w
6 507.910473 machine_state m21 w
5 j26 machine_state "26" "0.000000 1.000000 0.531250"
6 522.000000 machine_state m1 j26
6 522.000000 machine_state m2 j26
6 522.000000 machine_state m3 j26
6 522.000000 machine_state m7 j26
5 j27 machine_state "27" "1.000000 0.937500 0.000000"
6 541.000000 machine_state m8 j27
6 541.000000 machine_state m9 j27
6 547.600096 machine_state m8 w
6 547.600096 machine_state m9 w
6 552.706527 machine_state m28 w
6 552.706527 machine_state m29 w
6 552.706527 machine_state m30 w
6 552.706527 machine_state m31 w
5 j28 machine_state "28" "1.000000 0.000000 0.562500"
6 562.000000 machine_state m8 j28
6 573.922085 machine_state m26 w
6 573.922085 machine_state m27 w
5 j29 machine_state "29" "1.000000 0.000000 0.750000"
6 583.000000 machine_state m9 j29
6 583.000000 machine_state m21 j29
6 588.579787 machine_state m12 w
6 588.579787 machine_state m13 w
6 588.579787 machine_state m15 w
6 588.579787 machine_state m16 w
6 593.509997 machine_state m6 w
5 j30 machine_state "30" "0.000000 1.000000 1.000000"
6 603.000000 machine_state m6 j30
6 603.000000 machine_state m12 j30
5 j31 machine_state "31" "0.875000 1.000000 0.000000"
6 618.000000 machine_state m13 j31
6 627.579788 machine_state m17 w
6 627.579788 machine_state m18 w
6 627.579788 machine_state m19 w
6 627.579788 machine_state m20 w
6 629.487274 machine_state m6 w
6 629.487274 machine_state m12 w
5 j32 machine_state "32" "0.968750 0.000000 1.000000"
6 642.000000 machine_state m6 j32
6 642.000000 machine_state m12 j32
5 j33 machine_state "33" "1.000000 0.093750 0.000000"
6 658.000000 machine_state m15 j33
5 j34 machine_state "34" "1.000000 0.000000 0.656250"
6 678.000000 machine_state m16 j34
6 678.000000 machine_state m17 j34
6 686.579788 machine_state m22 w
6 686.579788 machine_state m23 w
6 686.579788 machine_state m24 w
6 686.579788 machine_state m25 w
5 j35 machine_state "35" "0.500000 0.000000 1.000000"
6 698.000000 machine_state m18 j35
5 j36 machine_state "36" "1.000000 0.000000 0.843750"
6 718.000000 machine_state m19 j36
6 718.000000 machine_state m20 j36
6 718.000000 machine_state m22 j36
6 718.000000 machine_state m23 j36
5 j37 machine_state "37" "0.000000 1.000000 0.343750"
6 738.000000 machine_state m24 j37
6 740.048013 machine_state m16 w
6 740.048013 machine_state m17 w
5 j38 machine_state "38" "0.000000 0.531250 1.000000"
6 759.000000 machine_state m16 j38
6 759.000000 machine_state m17 j38
6 775.550693 machine_state m4 w
6 775.550693 machine_state m5 w
5 j39 machine_state "39" "0.125000 0.000000 1.000000"
6 777.000000 machine_state m25 j39
6 777.000000 machine_state m26 j39
6 777.000000 machine_state m27 j39
6 777.000000 machine_state m28 j39
6 780.916733 machine_state m25 w
6 780.916733 machine_state m26 w
6 780.916733 machine_state m27 w
6 780.916733 machine_state m28 w
5 j40 machine_state "40" "1.000000 0.843750 0.000000"
6 799.000000 machine_state m4 j40
6 799.000000 machine_state m5 j40
6 799.000000 machine_state m25 j40
6 799.000000 machine_state m26 j40
6 799.000000 machine_state m27 j40
6 799.000000 machine_state m28 j40
6 799.000000 machine_state m29 j40
6 799.000000 machine_state m30 j40
6 812.550692 machine_state m10 w
6 812.550692 machine_state m11 w
6 812.579787 machine_state m1 w
6 812.579787 machine_state m2 w
6 812.579787 machine_state m3 w
6 812.579787 machine_state m7 w
5 j41 machine_state "41" "0.000000 0.437500 1.000000"
6 817.000000 machine_state m31 j41
6 817.000000 machine_state m33 j41
6 823.600096 machine_state m31 w
6 823.600096 machine_state m33 w
5 j42 machine_state "42" "0.781250 0.000000 1.000000"
6 834.000000 machine_state m1 j42
6 834.000000 machine_state m2 j42
6 834.000000 machine_state m3 j42
6 834.000000 machine_state m7 j42
6 834.000000 machine_state m10 j42
6 834.000000 machine_state m11 j42
6 834.000000 machine_state m31 j42
6 834.000000 machine_state m33 j42
6 836.336822 machine_state m1 w
6 836.336822 machine_state m2 w
6 836.336822 machine_state m3 w
6 836.336822 machine_state m7 w
6 836.336822 machine_state m10 w
6 836.336822 machine_state m11 w
6 836.336822 machine_state m31 w
6 836.336822 machine_state m33 w
6 848.829894 machine_state m9 w
6 848.829894 machine_state m21 w
5 j43 machine_state "43" "0.031250 0.000000 1.000000"
6 858.000000 machine_state m1 j43
6 858.000000 machine_state m2 j43
6 864.600096 machine_state m1 w
6 864.600096 machine_state m2 w
6 869.910473 machine_state m19 w
6 869.910473 machine_state m20 w
6 869.910473 machine_state m22 w
6 869.910473 machine_state m23 w
6 870.483782 machine_state m32 w
5 j44 machine_state "44" "1.000000 0.375000 0.000000"
6 879.000000 machine_state m1 j44
6 879.000000 machine_state m2 j44
6 879.754542 machine_state m4 w
6 879.754542 machine_state m5 w
6 879.754542 machine_state m25 w
6 879.754542 machine_state m26 w
6 879.754542 machine_state m27 w
6 879.754542 machine_state m28 w
6 879.754542 machine_state m29 w
6 879.754542 machine_state m30 w
6 885.600096 machine_state m1 w
6 885.600096 machine_state m2 w
5 j45 machine_state "45" "1.000000 0.187500 0.000000"
6 895.000000 machine_state m1 j45
6 895.000000 machine_state m2 j45
6 897.984475 machine_state m13 w
6 901.600096 machine_state m1 w
6 901.600096 machine_state m2 w
5 j46 machine_state "46" "0.875000 0.000000 1.000000"
6 915.000000 machine_state m1 j46
6 915.000000 machine_state m2 j46
6 915.000000 machine_state m3 j46
6 915.000000 machine_state m4 j46
5 j47 machine_state "47" "1.000000 0.468750 0.000000"
6 933.000000 machine_state m5 j47
6 933.000000 machine_state m7 j47
5 j48 machine_state "48" "0.000000 0.062500 1.000000"
6 951.000000 machine_state m9 j48
5 j49 machine_state "49" "0.125000 1.000000 0.000000"
6 970.000000 machine_state m10 j49
6 970.000000 machine_state m11 j49
6 970.000000 machine_state m13 j49
6 970.000000 machine_state m19 j49
6 973.916733 machine_state m10 w
6 973.916733 machine_state m11 w
6 973.916733 machine_state m13 w
6 973.916733 machine_state m19 w
5 j50 machine_state "50" "0.000000 0.343750 1.000000"
6 991.000000 machine_state m10 j50
6 995.048012 machine_state m5 w
6 995.048012 machine_state m7 w
5 j51 machine_state "51" "1.000000 0.656250 0.000000"
6 1010.000000 machine_state m5 j51
6 1010.000000 machine_state m7 j51
6 1024.829894 machine_state m16 w
6 1024.829894 machine_state m17 w
5 j52 machine_state "52" "1.000000 0.281250 0.000000"
6 1034.000000 machine_state m11 j52
6 1034.000000 machine_state m13 j52
5 j53 machine_state "53" "1.000000 0.000000 0.281250"
6 1050.000000 machine_state m16 j53
6 1050.000000 machine_state m17 j53
5 j54 machine_state "54" "0.000000 0.250000 1.000000"
6 1071.000000 machine_state m19 j54
6 1071.000000 machine_state m20 j54
6 1072.048012 machine_state m5 w
6 1072.048012 machine_state m7 w
5 j55 machine_state "55" "1.000000 0.562500 0.000000"
6 1087.000000 machine_state m5 j55
6 1087.000000 machine_state m7 j55
6 1093.600096 machine_state m5 w
6 1093.600096 machine_state m7 w
6 1096.048012 machine_state m11 w
6 1096.048012 machine_state m13 w
5 j56 machine_state "56" "0.312500 1.000000 0.000000"
6 1108.000000 machine_state m5 j56
6 1108.000000 machine_state m7 j56
5 j57 machine_state "57" "0.500000 1.000000 0.000000"
6 1126.000000 machine_state m11 j57
5 j58 machine_state "58" "1.000000 0.000000 0.375000"
6 1146.000000 machine_state m13 j58
6 1146.000000 machine_state m21 j58
6 1146.000000 machine_state m22 j58
6 1146.000000 machine_state m23 j58
6 1149.916733 machine_state m13 w
6 1149.916733 machine_state m21 w
6 1149.916733 machine_state m22 w
6 1149.916733 machine_state m23 w
5 j59 machine_state "59" "0.406250 1.000000 0.000000"
6 1163.000000 machine_state m13 j59
6 1163.000000 machine_state m21 j59
6 1169.600096 machine_state m13 w
6 1169.600096 machine_state m21 w
5 j60 machine_state "60" "0.000000 1.000000 0.250000"
6 1184.000000 machine_state m13 j60
6 1193.257000 machine_state m13 w
5 j61 machine_state "61" "0.000000 0.625000 1.000000"
6 1204.000000 machine_state m13 j61
6 1204.000000 machine_state m21 j61
6 1205.579788 machine_state m1 w
6 1205.579788 machine_state m2 w
6 1205.579788 machine_state m3 w
6 1205.579788 machine_state m4 w
6 1211.922085 machine_state m19 w
6 1211.922085 machine_state m20 w
6 1214.509996 machine_state m11 w
5 j62 machine_state "62" "0.000000 1.000000 0.156250"
6 1226.000000 machine_state m1 j62
6 1226.000000 machine_state m2 j62
6 1235.550692 machine_state m6 w
6 1235.550692 machine_state m12 w
5 j63 machine_state "63" "0.406250 0.000000 1.000000"
6 1245.000000 machine_state m3 j63
6 1245.000000 machine_state m4 j63
5 j64 machine_state "64" "0.000000 0.812500 1.000000"
6 1265.000000 machine_state m6 j64
6 1266.048013 machine_state m13 w
6 1266.048013 machine_state m21 w
5 j65 machine_state "65" "1.000000 0.000000 0.000000"
6 1283.000000 machine_state m11 j65
5 j66 machine_state "66" "1.000000 0.750000 0.000000"
6 1300.000000 machine_state m12 j66
6 1300.000000 machine_state m13 j66
6 1306.600096 machine_state m12 w
6 1306.600096 machine_state m13 w
6 1315.829894 machine_state m16 w
6 1315.829894 machine_state m17 w
5 j67 machine_state "67" "0.593750 0.000000 1.000000"
6 1325.000000 machine_state m12 j67
5 j68 machine_state "68" "0.000000 1.000000 0.062500"
6 1341.000000 machine_state m13 j68
6 1341.000000 machine_state m16 j68
6 1353.509997 machine_state m6 w
5 j69 machine_state "69" "0.687500 0.000000 1.000000"
6 1357.000000 machine_state m17 j69
6 1366.922085 machine_state m1 w
6 1366.922085 machine_state m2 w
6 1373.829894 machine_state m5 w
6 1373.829894 machine_state m7 w
5 j70 machine_state "70" "0.968750 1.000000 0.000000"
6 1376.000000 machine_state m1 j70
6 1377.483782 machine_state m10 w
5 j71 machine_state "71" "0.000000 1.000000 0.718750"
6 1394.000000 machine_state m2 j71
6 1394.000000 machine_state m5 j71
5 j72 machine_state "72" "0.593750 1.000000 0.000000"
6 1413.000000 machine_state m6 j72
6 1413.000000 machine_state m7 j72
5 j73 machine_state "73" "0.312500 0.000000 1.000000"
6 1433.000000 machine_state m10 j73
6 1433.000000 machine_state m19 j73
5 j74 machine_state "74" "1.000000 0.000000 0.093750"
6 1454.000000 machine_state m20 j74
6 1454.000000 machine_state m21 j74
6 1455.938262 machine_state m14 w
6 1464.509997 machine_state m1 w
5 j75 machine_state "75" "1.000000 0.000000 0.187500"
6 1475.000000 machine_state m1 j75
6 1481.922085 machine_state m13 w
6 1481.922085 machine_state m16 w
6 1484.257000 machine_state m1 w
5 j76 machine_state "76" "1.000000 0.000000 0.937500"
6 1496.000000 machine_state m1 j76
6 1496.000000 machine_state m13 j76
6 1496.000000 machine_state m14 j76
6 1496.000000 machine_state m16 j76
6 1510.829895 machine_state m3 w
6 1510.829895 machine_state m4 w
5 j77 machine_state "77" "0.000000 0.156250 1.000000"
6 1520.000000 machine_state m3 j77
6 1529.257000 machine_state m3 w
5 j78 machine_state "78" "0.000000 0.718750 1.000000"
6 1539.000000 machine_state m3 j78
5 j79 machine_state "79" "1.000000 0.000000 0.468750"
6 1555.000000 machine_state m4 j79
6 1562.984475 machine_state m11 w
5 j80 machine_state "80" "0.000000 1.000000 0.812500"
6 1572.000000 machine_state m11 j80
6 1572.000000 machine_state m22 j80
6 1572.000000 machine_state m23 j80
6 1572.000000 machine_state m25 j80
6 1573.922085 machine_state m10 w
6 1573.922085 machine_state m19 w
6 1588.645958 machine_state m11 w
6 1588.645958 machine_state m22 w
6 1588.645958 machine_state m23 w
6 1588.645958 machine_state m25 w
6 1591.938262 machine_state m0 w
5 j81 machine_state "81" "0.000000 0.906250 1.000000"
6 1592.000000 machine_state m10 j81
6 1592.000000 machine_state m19 j81
6 1594.922085 machine_state m20 w
6 1594.922085 machine_state m21 w
5 j82 machine_state "82" "0.218750 0.000000 1.000000"
6 1611.000000 machine_state m0 j82
6 1611.000000 machine_state m11 j82
6 1611.000000 machine_state m20 j82
6 1611.000000 machine_state m21 j82
5 j83 machine_state "83" "0.031250 1.000000 0.000000"
6 1628.000000 machine_state m22 j83
6 1628.000000 machine_state m23 j83
5 j84 machine_state "84" "0.000000 1.000000 0.906250"
6 1649.000000 machine_state m25 j84
6 1649.000000 machine_state m26 j84
6 1659.829895 machine_state m2 w
6 1659.829895 machine_state m5 w
5 j85 machine_state "85" "0.781250 1.000000 0.000000"
6 1669.000000 machine_state m2 j85
6 1669.000000 machine_state m5 j85
6 1675.600096 machine_state m2 w
6 1675.600096 machine_state m5 w
5 j86 machine_state "86" "0.218750 1.000000 0.000000"
6 1689.000000 machine_state m2 j86
6 1689.000000 machine_state m5 j86
5 j87 machine_state "87" "0.000000 1.000000 0.437500"
6 1707.000000 machine_state m27 j87
6 1707.000000 machine_state m28 j87
6 1707.000000 machine_state m29 j87
6 1707.000000 machine_state m30 j87
6 1710.916733 machine_state m27 w
6 1710.916733 machine_state m28 w
6 1710.916733 machine_state m29 w
6 1710.916733 machine_state m30 w
5 j88 machine_state "88" "0.687500 1.000000 0.000000"
6 1726.000000 machine_state m27 j88
6 1726.000000 machine_state m28 j88
6 1726.000000 machine_state m29 j88
6 1726.000000 machine_state m30 j88
6 1738.938262 machine_state m8 w
6 1743.483781 machine_state m17 w
5 j89 machine_state "89" "0.000000 1.000000 0.625000"
6 1748.000000 machine_state m8 j89
6 1748.000000 machine_state m31 j89
6 1762.910473 machine_state m0 w
6 1762.910473 machine_state m11 w
6 1762.910473 machine_state m20 w
6 1762.910473 machine_state m21 w
5 j90 machine_state "90" "0.000000 1.000000 0.531250"
6 1767.000000 machine_state m17 j90
6 1767.000000 machine_state m32 j90
6 1768.922085 machine_state m22 w
6 1768.922085 machine_state m23 w
6 1773.600096 machine_state m17 w
6 1773.600096 machine_state m32 w
6 1786.579788 machine_state m1 w
6 1786.579788 machine_state m13 w
6 1786.579788 machine_state m14 w
6 1786.579788 machine_state m16 w
5 j91 machine_state "91" "1.000000 0.937500 0.000000"
6 1787.000000 machine_state m0 j91
6 1787.000000 machine_state m11 j91
6 1787.000000 machine_state m17 j91
6 1787.000000 machine_state m20 j91
6 1787.000000 machine_state m21 j91
6 1787.000000 machine_state m22 j91
6 1787.000000 machine_state m23 j91
6 1787.000000 machine_state m32 j91
6 1789.336822 machine_state m0 w
6 1789.336822 machine_state m11 w
6 1789.336822 machine_state m17 w
6 1789.336822 machine_state m20 w
6 1789.336822 machine_state m21 w
6 1789.336822 machine_state m22 w
6 1789.336822 machine_state m23 w
6 1789.336822 machine_state m32 w
5 j92 machine_state "92" "1.000000 0.000000 0.562500"
6 1806.000000 machine_state m0 j92
6 1806.000000 machine_state m1 j92
6 1810.048012 machine_state m8 w
6 1810.048012 machine_state m31 w
5 j93 machine_state "93" "1.000000 0.000000 0.750000"
6 1826.000000 machine_state m8 j93
6 1826.000000 machine_state m11 j93
6 1829.922085 machine_state m2 w
6 1829.922085 machine_state m5 w
6 1832.600096 machine_state m8 w
6 1832.600096 machine_state m11 w
6 1834.938262 machine_state m15 w
6 1834.984476 machine_state m4 w
5 j94 machine_state "94" "0.000000 1.000000 1.000000"
6 1849.000000 machine_state m2 j94
6 1849.000000 machine_state m4 j94
6 1849.000000 machine_state m5 j94
6 1849.000000 machine_state m8 j94
6 1849.000000 machine_state m11 j94
6 1849.000000 machine_state m13 j94
6 1849.000000 machine_state m14 j94
6 1849.000000 machine_state m15 j94
5 j95 machine_state "95" "0.875000 1.000000 0.000000"
6 1865.000000 machine_state m16 j95
6 1865.000000 machine_state m17 j95
6 1874.938261 machine_state m18 w
5 j96 machine_state "96" "0.968750 0.000000 1.000000"
6 1885.000000 machine_state m18 j96
6 1891.487274 machine_state m16 w
6 1891.487274 machine_state m17 w
6 1897.840847 machine_state m2 w
6 1897.840847 machine_state m4 w
6 1897.840847 machine_state m5 w
6 1897.840847 machine_state m8 w
6 1897.840847 machine_state m11 w
6 1897.840847 machine_state m13 w
6 1897.840847 machine_state m14 w
6 1897.840847 machine_state m15 w
5 j97 machine_state "97" "1.000000 0.093750 0.000000"
6 1907.000000 machine_state m2 j97
6 1907.000000 machine_state m4 j97
6 1907.000000 machine_state m5 j97
6 1907.000000 machine_state m8 j97
6 1914.938261 machine_state m24 w
6 1923.645958 machine_state m2 w
6 1923.645958 machine_state m4 w
6 1923.645958 machine_state m5 w
6 1923.645958 machine_state m8 w
5 j98 machine_state "98" "1.000000 0.000000 0.656250"
6 1925.000000 machine_state m11 j98
6 1925.483781 machine_state m3 w
5 j99 machine_state "99" "0.500000 0.000000 1.000000"
6 1944.000000 machine_state m2 j99
6 1944.000000 machine_state m3 j99
5 j100 machine_state "100" "1.000000 0.000000 0.843750"
6 1965.000000 machine_state m4 j100
6 1965.000000 machine_state m5 j100
6 1971.600096 machine_state m4 w
6 1971.600096 machine_state m5 w
5 j101 machine_state "101" "0.000000 1.000000 0.343750"
6 1985.000000 machine_state m4 j101
6 1985.000000 machine_state m5 j101
5 j102 machine_state "102" "0.000000 0.531250 1.000000"
6 2006.000000 machine_state m8 j102
6 2006.000000 machine_state m13 j102
6 2006.550692 machine_state m6 w
6 2006.550692 machine_state m7 w
6 2011.487274 machine_state m4 w
6 2011.487274 machine_state m5 w
6 2012.600096 machine_state m8 w
6 2012.600096 machine_state m13 w
6 2016.579788 machine_state m27 w
6 2016.579788 machine_state m28 w
6 2016.579788 machine_state m29 w
6 2016.579788 machine_state m30 w
5 j103 machine_state "103" "0.125000 0.000000 1.000000"
6 2026.000000 machine_state m4 j103
6 2026.000000 machine_state m5 j103
6 2026.000000 machine_state m6 j103
6 2026.000000 machine_state m7 j103
5 j104 machine_state "104" "1.000000 0.843750 0.000000"
6 2044.000000 machine_state m8 j104
6 2044.000000 machine_state m13 j104
5 j105 machine_state "105" "0.000000 0.437500 1.000000"
6 2064.000000 machine_state m14 j105
6 2064.000000 machine_state m15 j105
6 2071.829894 machine_state m0 w
6 2071.829894 machine_state m1 w
5 j106 machine_state "106" "0.781250 0.000000 1.000000"
6 2083.000000 machine_state m0 j106
6 2083.000000 machine_state m1 j106
5 j107 machine_state "107" "0.031250 0.000000 1.000000"
6 2103.000000 machine_state m16 j107
5 j108 machine_state "108" "1.000000 0.375000 0.000000"
6 2122.000000 machine_state m17 j108
6 2122.000000 machine_state m20 j108
6 2122.000000 machine_state m21 j108
6 2122.000000 machine_state m22 j108
6 2122.000000 machine_state m23 j108
6 2122.000000 machine_state m24 j108
6 2122.000000 machine_state m27 j108
6 2122.000000 machine_state m28 j108
6 2127.938262 machine_state m9 w
5 j109 machine_state "109" "1.000000 0.187500 0.000000"
6 2143.000000 machine_state m9 j109
6 2143.000000 machine_state m29 j109
5 j110 machine_state "110" "0.875000 0.000000 1.000000"
6 2163.000000 machine_state m30 j110
6 2163.000000 machine_state m31 j110
6 2169.487274 machine_state m9 w
6 2169.487274 machine_state m29 w
6 2170.840847 machine_state m17 w
6 2170.840847 machine_state m20 w
6 2170.840847 machine_state m21 w
6 2170.840847 machine_state m22 w
6 2170.840847 machine_state m23 w
6 2170.840847 machine_state m24 w
6 2170.840847 machine_state m27 w
6 2170.840847 machine_state m28 w
5 j111 machine_state "111" "1.000000 0.468750 0.000000"
6 2184.000000 machine_state m9 j111
6 2184.922085 machine_state m8 w
6 2184.922085 machine_state m13 w
6 2185.550693 machine_state m10 w
6 2185.550693 machine_state m19 w
5 j112 machine_state "112" "0.000000 0.062500 1.000000"
6 2203.000000 machine_state m8 j112
6 2203.000000 machine_state m10 j112
6 2209.829895 machine_state m2 w
6 2209.829895 machine_state m3 w
5 j113 machine_state "113" "0.125000 1.000000 0.000000"
6 2223.000000 machine_state m2 j113
6 2223.000000 machine_state m3 j113
6 2223.000000 machine_state m13 j113
6 2223.000000 machine_state m17 j113
6 2239.645958 machine_state m2 w
6 2239.645958 machine_state m3 w
6 2239.645958 machine_state m13 w
6 2239.645958 machine_state m17 w
6 2242.550692 machine_state m25 w
6 2242.550692 machine_state m26 w
5 j114 machine_state "114" "0.000000 0.343750 1.000000"
6 2244.000000 machine_state m2 j114
6 2244.000000 machine_state m3 j114
6 2244.000000 machine_state m13 j114
6 2244.000000 machine_state m17 j114
6 2244.000000 machine_state m19 j114
6 2244.000000 machine_state m20 j114
6 2244.000000 machine_state m21 j114
6 2244.000000 machine_state m22 j114
6 2244.000000 machine_state m23 j114
6 2244.000000 machine_state m24 j114
6 2244.000000 machine_state m27 j114
6 2244.000000 machine_state m28 j114
6 2244.000000 machine_state m29 j114
6 2244.000000 machine_state m32 j114
6 2244.000000 machine_state m33 j114
6 2244.000000 machine_state m34 j114
6 2249.597644 machine_state m2 w
6 2249.597644 machine_state m3 w
6 2249.597644 machine_state m13 w
6 2249.597644 machine_state m17 w
6 2249.597644 machine_state m19 w
6 2249.597644 machine_state m20 w
6 2249.597644 machine_state m21 w
6 2249.597644 machine_state m22 w
6 2249.597644 machine_state m23 w
6 2249.597644 machine_state m24 w
6 2249.597644 machine_state m27 w
6 2249.597644 machine_state m28 w
6 2249.597644 machine_state m29 w
6 2249.597644 machine_state m32 w
6 2249.597644 machine_state m33 w
6 2249.597644 machine_state m34 w
5 j115 machine_state "115" "1.000000 0.656250 0.000000"
6 2259.000000 machine_state m2 j115
6 2259.000000 machine_state m3 j115
6 2259.000000 machine_state m13 j115
6 2259.000000 machine_state m17 j115
5 j116 machine_state "116" "1.000000 0.281250 0.000000"
6 2278.000000 machine_state m19 j116
6 2287.257000 machine_state m19 w
5 j117 machine_state "117" "1.000000 0.000000 0.281250"
6 2298.000000 machine_state m19 j117
6 2298.000000 machine_state m20 j117
6 2311.483781 machine_state m11 w
6 2316.579787 machine_state m4 w
6 2316.579787 machine_state m5 w
6 2316.579787 machine_state m6 w
6 2316.579787 machine_state m7 w
5 j118 machine_state "118" "0.000000 0.250000 1.000000"
6 2321.000000 machine_state m11 j118
5 j119 machine_state "119" "1.000000 0.562500 0.000000"
6 2338.000000 machine_state m4 j119
5 j120 machine_state "120" "0.312500 1.000000 0.000000"
6 2358.000000 machine_state m5 j120
5 j121 machine_state "121" "0.500000 1.000000 0.000000"
6 2377.000000 machine_state m6 j121
6 2377.000000 machine_state m7 j121
6 2382.984476 machine_state m16 w
6 2409.509997 machine_state m11 w
5 j122 machine_state "122" "1.000000 0.000000 0.375000"
6 2414.000000 machine_state m11 j122
6 2414.000000 machine_state m16 j122
6 2414.000000 machine_state m21 j122
6 2414.000000 machine_state m22 j122
6 2414.000000 machine_state m23 j122
6 2414.000000 machine_state m24 j122
6 2414.000000 machine_state m25 j122
6 2414.000000 machine_state m26 j122
6 2414.000000 machine_state m27 j122
6 2414.000000 machine_state m28 j122
6 2414.000000 machine_state m29 j122
6 2414.000000 machine_state m32 j122
6 2414.000000 machine_state m33 j122
6 2414.000000 machine_state m34 j122
6 2414.000000 machine_state m35 j122
6 2414.000000 machine_state m36 j122
6 2415.566722 machine_state m11 w
6 2415.566722 machine_state m16 w
6 2415.566722 machine_state m21 w
6 2415.566722 machine_state m22 w
6 2415.566722 machine_state m23 w
6 2415.566722 machine_state m24 w
6 2415.566722 machine_state m25 w
6 2415.566722 machine_state m26 w
6 2415.566722 machine_state m27 w
6 2415.566722 machine_state m28 w
6 2415.566722 machine_state m29 w
6 2415.566722 machine_state m32 w
6 2415.566722 machine_state m33 w
6 2415.566722 machine_state m34 w
6 2415.566722 machine_state m35 w
6 2415.566722 machine_state m36 w
5 j123 machine_state "123" "0.406250 1.000000 0.000000"
6 2424.000000 machine_state m11 j123
6 2424.000000 machine_state m16 j123
6 2428.829895 machine_state m30 w
6 2428.829895 machine_state m31 w
5 j124 machine_state "124" "0.000000 1.000000 0.250000"
6 2438.000000 machine_state m21 j124
6 2438.000000 machine_state m22 j124
6 2446.509997 machine_state m5 w
5 j125 machine_state "125" "0.000000 0.625000 1.000000"
6 2459.000000 machine_state m5 j125
6 2463.984475 machine_state m9 w
6 2464.487273 machine_state m21 w
6 2464.487273 machine_state m22 w
6 2468.256999 machine_state m5 w
5 j126 machine_state "126" "0.000000 1.000000 0.156250"
6 2483.000000 machine_state m5 j126
6 2483.000000 machine_state m9 j126
6 2483.000000 machine_state m21 j126
6 2483.000000 machine_state m22 j126
6 2483.000000 machine_state m23 j126
6 2483.000000 machine_state m24 j126
6 2483.000000 machine_state m25 j126
6 2483.000000 machine_state m26 j126
6 2483.000000 machine_state m27 j126
6 2483.000000 machine_state m28 j126
6 2483.000000 machine_state m29 j126
6 2483.000000 machine_state m30 j126
6 2483.000000 machine_state m31 j126
6 2483.000000 machine_state m32 j126
6 2483.000000 machine_state m33 j126
6 2483.000000 machine_state m34 j126
6 2493.353304 machine_state m5 w
6 2493.353304 machine_state m9 w
6 2493.353304 machine_state m21 w
6 2493.353304 machine_state m22 w
6 2493.353304 machine_state m23 w
6 2493.353304 machine_state m24 w
6 2493.353304 machine_state m25 w
6 2493.353304 machine_state m26 w
6 2493.353304 machine_state m27 w
6 2493.353304 machine_state m28 w
6 2493.353304 machine_state m29 w
6 2493.353304 machine_state m30 w
6 2493.353304 machine_state m31 w
6 2493.353304 machine_state m32 w
6 2493.353304 machine_state m33 w
6 2493.353304 machine_state m34 w
6 2501.938262 machine_state m12 w
5 j127 machine_state "127" "0.406250 0.000000 1.000000"
6 2503.000000 machine_state m5 j127
6 2503.000000 machine_state m9 j127
6 2503.000000 machine_state m21 j127
6 2503.000000 machine_state m22 j127
6 2506.916733 machine_state m5 w
6 2506.916733 machine_state m9 w
6 2506.916733 machine_state m21 w
6 2506.916733 machine_state m22 w
5 j128 machine_state "128" "0.000000 0.812500 1.000000"
6 2518.000000 machine_state m5 j128
6 2518.000000 machine_state m9 j128
5 j129 machine_state "129" "1.000000 0.000000 0.000000"
6 2537.000000 machine_state m12 j129
6 2537.000000 machine_state m21 j129
6 2549.579788 machine_state m2 w
6 2549.579788 machine_state m3 w
6 2549.579788 machine_state m13 w
6 2549.579788 machine_state m17 w
5 j130 machine_state "130" "1.000000 0.750000 0.000000"
6 2559.000000 machine_state m2 j130
6 2559.000000 machine_state m3 j130
5 j131 machine_state "131" "0.593750 0.000000 1.000000"
6 2576.000000 machine_state m13 j131
6 2576.000000 machine_state m17 j131
5 j132 machine_state "132" "0.000000 1.000000 0.062500"
6 2596.000000 machine_state m22 j132
6 2596.000000 machine_state m23 j132
6 2596.000000 machine_state m24 j132
6 2596.000000 machine_state m25 j132
6 2596.000000 machine_state m26 j132
6 2596.000000 machine_state m27 j132
6 2596.000000 machine_state m28 j132
6 2596.000000 machine_state m29 j132
6 2598.336822 machine_state m22 w
6 2598.336822 machine_state m23 w
6 2598.336822 machine_state m24 w
6 2598.336822 machine_state m25 w
6 2598.336822 machine_state m26 w
6 2598.336822 machine_state m27 w
6 2598.336822 machine_state m28 w
6 2598.336822 machine_state m29 w
6 2602.487273 machine_state m13 w
6 2602.487273 machine_state m17 w
5 j133 machine_state "133" "0.687500 0.000000 1.000000"
6 2616.000000 machine_state m13 j133
6 2616.000000 machine_state m17 j133
6 2621.048012 machine_state m2 w
6 2621.048012 machine_state m3 w
5 j134 machine_state "134" "0.968750 1.000000 0.000000"
6 2636.000000 machine_state m2 j134
6 2642.829894 machine_state m6 w
6 2642.829894 machine_state m7 w
5 j135 machine_state "135" "0.000000 1.000000 0.718750"
6 2654.000000 machine_state m3 j135
6 2654.000000 machine_state m6 j135
6 2657.550692 machine_state m14 w
6 2657.550692 machine_state m15 w
5 j136 machine_state "136" "0.593750 1.000000 0.000000"
6 2675.000000 machine_state m7 j136
6 2675.000000 machine_state m14 j136
6 2676.550693 machine_state m0 w
6 2676.550693 machine_state m1 w
6 2678.048013 machine_state m13 w
6 2678.048013 machine_state m17 w
5 j137 machine_state "137" "0.312500 0.000000 1.000000"
6 2692.000000 machine_state m0 j137
6 2692.000000 machine_state m1 j137
6 2692.000000 machine_state m13 j137
6 2692.000000 machine_state m15 j137
6 2692.000000 machine_state m17 j137
6 2692.000000 machine_state m22 j137
6 2692.000000 machine_state m23 j137
6 2692.000000 machine_state m24 j137
6 2701.487274 machine_state m7 w
6 2701.487274 machine_state m14 w
6 2711.291626 machine_state m0 w
6 2711.291626 machine_state m1 w
6 2711.291626 machine_state m13 w
6 2711.291626 machine_state m15 w
6 2711.291626 machine_state m17 w
6 2711.291626 machine_state m22 w
6 2711.291626 machine_state m23 w
6 2711.291626 machine_state m24 w
5 j138 machine_state "138" "1.000000 0.000000 0.093750"
6 2712.000000 machine_state m7 j138
6 2712.000000 machine_state m14 j138
6 2712.000000 machine_state m25 j138
6 2712.000000 machine_state m26 j138
6 2728.645958 machine_state m7 w
6 2728.645958 machine_state m14 w
6 2728.645958 machine_state m25 w
6 2728.645958 machine_state m26 w
5 j139 machine_state "139" "1.000000 0.000000 0.187500"
6 2731.000000 machine_state m0 j139
6 2731.000000 machine_state m1 j139
5 j140 machine_state "140" "1.000000 0.000000 0.937500"
6 2749.000000 machine_state m7 j140
6 2749.000000 machine_state m13 j140
5 j141 machine_state "141" "0.000000 0.156250 1.000000"
6 2770.000000 machine_state m14 j141
6 2775.487274 machine_state m7 w
6 2775.487274 machine_state m13 w
6 2779.256999 machine_state m14 w
5 j142 machine_state "142" "0.000000 0.718750 1.000000"
6 2790.000000 machine_state m7 j142
6 2796.550692 machine_state m8 w
6 2796.550692 machine_state m10 w
6 2802.829895 machine_state m12 w
6 2802.829895 machine_state m21 w
5 j143 machine_state "143" "1.000000 0.000000 0.468750"
6 2812.000000 machine_state m8 j143
6 2821.257000 machine_state m8 w
5 j144 machine_state "144" "0.000000 1.000000 0.812500"
6 2831.000000 machine_state m8 j144
6 2831.000000 machine_state m10 j144
5 j145 machine_state "145" "0.000000 0.906250 1.000000"
6 2850.000000 machine_state m12 j145
6 2850.000000 machine_state m13 j145
6 2850.000000 machine_state m14 j145
6 2850.000000 machine_state m15 j145
6 2850.000000 machine_state m17 j145
6 2850.000000 machine_state m21 j145
6 2850.000000 machine_state m22 j145
6 2850.000000 machine_state m23 j145
6 2852.336822 machine_state m12 w
6 2852.336822 machine_state m13 w
6 2852.336822 machine_state m14 w
6 2852.336822 machine_state m15 w
6 2852.336822 machine_state m17 w
6 2852.336822 machine_state m21 w
6 2852.336822 machine_state m22 w
6 2852.336822 machine_state m23 w
5 j146 machine_state "146" "0.218750 0.000000 1.000000"
6 2867.000000 machine_state m12 j146
6 2867.000000 machine_state m13 j146
6 2878.509997 machine_state m7 w
5 j147 machine_state "147" "0.031250 1.000000 0.000000"
6 2888.000000 machine_state m7 j147
6 2888.000000 machine_state m14 j147
6 2891.550693 machine_state m19 w
6 2891.550693 machine_state m20 w
5 j148 machine_state "148" "0.000000 1.000000 0.906250"
6 2908.000000 machine_state m15 j148
6 2908.000000 machine_state m17 j148
6 2919.829895 machine_state m3 w
6 2919.829895 machine_state m6 w
5 j149 machine_state "149" "0.781250 1.000000 0.000000"
6 2929.000000 machine_state m3 j149
6 2929.000000 machine_state m6 j149
6 2929.000000 machine_state m19 j149
6 2929.000000 machine_state m20 j149
5 j150 machine_state "150" "0.218750 1.000000 0.000000"
6 2945.000000 machine_state m21 j150
6 2945.000000 machine_state m22 j150
5 j151 machine_state "151" "0.000000 1.000000 0.437500"
6 2965.000000 machine_state m23 j151
5 j152 machine_state "152" "0.687500 1.000000 0.000000"
6 2986.000000 machine_state m24 j152
6 2986.000000 machine_state m25 j152
5 j153 machine_state "153" "0.000000 1.000000 0.625000"
6 3006.000000 machine_state m26 j153
6 3006.000000 machine_state m27 j153
6 3006.000000 machine_state m28 j153
6 3006.000000 machine_state m29 j153
6 3007.048013 machine_state m21 w
6 3007.048013 machine_state m22 w
6 3017.550693 machine_state m11 w
6 3017.550693 machine_state m16 w
6 3022.483781 machine_state m2 w
5 j154 machine_state "154" "0.000000 1.000000 0.531250"
6 3027.000000 machine_state m11 j154
6 3028.922085 machine_state m7 w
6 3028.922085 machine_state m14 w
6 3036.257000 machine_state m11 w
5 j155 machine_state "155" "1.000000 0.937500 0.000000"
6 3042.000000 machine_state m2 j155
5 j156 machine_state "156" "1.000000 0.000000 0.562500"
6 3061.000000 machine_state m7 j156
6 3061.000000 machine_state m11 j156
6 3061.000000 machine_state m14 j156
6 3061.000000 machine_state m16 j156
6 3061.938262 machine_state m18 w
6 3077.645959 machine_state m7 w
6 3077.645959 machine_state m11 w
6 3077.645959 machine_state m14 w
6 3077.645959 machine_state m16 w
5 j157 machine_state "157" "1.000000 0.000000 0.750000"
6 3081.000000 machine_state m18 j157
6 3081.000000 machine_state m21 j157
6 3096.829894 machine_state m8 w
6 3096.829894 machine_state m10 w
5 j158 machine_state "158" "0.000000 1.000000 1.000000"
6 3100.000000 machine_state m7 j158
6 3109.257000 machine_state m7 w
6 3111.550693 machine_state m5 w
6 3111.550693 machine_state m9 w
5 j159 machine_state "159" "0.875000 1.000000 0.000000"
6 3124.000000 machine_state m5 j159
6 3124.000000 machine_state m7 j159
6 3124.000000 machine_state m8 j159
6 3124.000000 machine_state m9 j159
6 3132.829894 machine_state m12 w
6 3132.829894 machine_state m13 w
5 j160 machine_state "160" "0.968750 0.000000 1.000000"
6 3137.000000 machine_state m10 j160
6 3137.000000 machine_state m11 j160
6 3137.000000 machine_state m14 j160
6 3137.000000 machine_state m16 j160
6 3137.000000 machine_state m22 j160
6 3137.000000 machine_state m30 j160
6 3137.000000 machine_state m31 j160
6 3137.000000 machine_state m32 j160
6 3146.595926 machine_state m10 w
6 3146.595926 machine_state m11 w
6 3146.595926 machine_state m14 w
6 3146.595926 machine_state m16 w
6 3146.595926 machine_state m22 w
6 3146.595926 machine_state m30 w
6 3146.595926 machine_state m31 w
6 3146.595926 machine_state m32 w
5 j161 machine_state "161" "1.000000 0.093750 0.000000"
6 3156.000000 machine_state m10 j161
6 3156.000000 machine_state m11 j161
6 3162.600096 machine_state m10 w
6 3162.600096 machine_state m11 w
5 j162 machine_state "162" "1.000000 0.000000 0.656250"
6 3175.000000 machine_state m10 j162
6 3175.000000 machine_state m11 j162
5 j163 machine_state "163" "0.500000 0.000000 1.000000"
6 3195.000000 machine_state m12 j163
6 3195.000000 machine_state m13 j163
5 j164 machine_state "164" "1.000000 0.000000 0.843750"
6 3214.000000 machine_state m14 j164
6 3214.000000 machine_state m16 j164
6 3219.579787 machine_state m3 w
6 3219.579787 machine_state m6 w
6 3219.579787 machine_state m19 w
6 3219.579787 machine_state m20 w
5 j165 machine_state "165" "0.000000 1.000000 0.343750"
6 3236.000000 machine_state m3 j165
6 3236.000000 machine_state m6 j165
6 3251.829895 machine_state m24 w
6 3251.829895 machine_state m25 w
5 j166 machine_state "166" "0.000000 0.531250 1.000000"
6 3255.000000 machine_state m19 j166
6 3255.000000 machine_state m20 j166
6 3255.000000 machine_state m22 j166
6 3255.000000 machine_state m30 j166
6 3275.910473 machine_state m5 w
6 3275.910473 machine_state m7 w
6 3275.910473 machine_state m8 w
6 3275.910473 machine_state m9 w
5 j167 machine_state "167" "0.125000 0.000000 1.000000"
6 3276.000000 machine_state m24 j167
6 3276.000000 machine_state m25 j167
5 j168 machine_state "168" "1.000000 0.843750 0.000000"
6 3295.000000 machine_state m5 j168
6 3295.000000 machine_state m7 j168
6 3296.579787 machine_state m26 w
6 3296.579787 machine_state m27 w
6 3296.579787 machine_state m28 w
6 3296.579787 machine_state m29 w
6 3301.600096 machine_state m5 w
6 3301.600096 machine_state m7 w
5 j169 machine_state "169" "0.000000 0.437500 1.000000"
6 3314.000000 machine_state m5 j169
6 3321.984475 machine_state m2 w
6 3324.550693 machine_state m0 w
6 3324.550693 machine_state m1 w
5 j170 machine_state "170" "0.781250 0.000000 1.000000"
6 3336.000000 machine_state m0 j170
6 3342.706527 machine_state m19 w
6 3342.706527 machine_state m20 w
6 3342.706527 machine_state m22 w
6 3342.706527 machine_state m30 w
6 3346.829894 machine_state m18 w
6 3346.829894 machine_state m21 w
5 j171 machine_state "171" "0.031250 0.000000 1.000000"
6 3357.000000 machine_state m1 j171
5 j172 machine_state "172" "1.000000 0.375000 0.000000"
6 3375.000000 machine_state m2 j172
6 3375.000000 machine_state m7 j172
6 3375.000000 machine_state m8 j172
6 3375.000000 machine_state m9 j172
5 j173 machine_state "173" "1.000000 0.187500 0.000000"
6 3395.000000 machine_state m18 j173
6 3395.000000 machine_state m19 j173
5 j174 machine_state "174" "0.875000 0.000000 1.000000"
6 3415.000000 machine_state m20 j174
6 3416.922085 machine_state m24 w
6 3416.922085 machine_state m25 w
5 j175 machine_state "175" "1.000000 0.468750 0.000000"
6 3435.000000 machine_state m21 j175
6 3435.000000 machine_state m22 j175
6 3435.000000 machine_state m24 j175
6 3435.000000 machine_state m25 j175
6 3435.000000 machine_state m26 j175
6 3435.000000 machine_state m27 j175
6 3435.000000 machine_state m28 j175
6 3435.000000 machine_state m29 j175
6 3437.336822 machine_state m21 w
6 3437.336822 machine_state m22 w
6 3437.336822 machine_state m24 w
6 3437.336822 machine_state m25 w
6 3437.336822 machine_state m26 w
6 3437.336822 machine_state m27 w
6 3437.336822 machine_state m28 w
6 3437.336822 machine_state m29 w
5 j176 machine_state "176" "0.000000 0.062500 1.000000"
6 3456.000000 machine_state m21 j176
6 3456.000000 machine_state m22 j176
6 3456.000000 machine_state m24 j176
6 3456.000000 machine_state m25 j176
6 3456.000000 machine_state m26 j176
6 3456.000000 machine_state m27 j176
6 3456.000000 machine_state m28 j176
6 3456.000000 machine_state m29 j176
6 3457.048013 machine_state m18 w
6 3457.048013 machine_state m19 w
5 j177 machine_state "177" "0.125000 1.000000 0.000000"
6 3476.000000 machine_state m18 j177
6 3501.550693 machine_state m15 w
6 3501.550693 machine_state m17 w
6 3514.938262 machine_state m4 w
5 j179 machine_state "179" "1.000000 0.656250 0.000000"
6 3516.000000 machine_state m30 j179
6 3526.910473 machine_state m2 w
6 3526.910473 machine_state m7 w
6 3526.910473 machine_state m8 w
6 3526.910473 machine_state m9 w
5 j180 machine_state "180" "1.000000 0.281250 0.000000"
6 3536.000000 machine_state m2 j180
6 3536.000000 machine_state m4 j180
5 j181 machine_state "181" "1.000000 0.000000 0.281250"
6 3557.000000 machine_state m7 j181
6 3557.000000 machine_state m8 j181
6 3563.600096 machine_state m7 w
6 3563.600096 machine_state m8 w
5 j182 machine_state "182" "0.000000 0.250000 1.000000"
6 3577.000000 machine_state m7 j182
6 3577.000000 machine_state m8 j182
6 3577.000000 machine_state m9 j182
6 3577.000000 machine_state m15 j182
5 j183 machine_state "183" "1.000000 0.562500 0.000000"
6 3599.000000 machine_state m17 j183
6 3599.000000 machine_state m19 j183
6 3599.000000 machine_state m31 j183
6 3599.000000 machine_state m32 j183
6 3599.000000 machine_state m33 j183
6 3599.000000 machine_state m34 j183
6 3599.000000 machine_state m35 j183
6 3599.000000 machine_state m36 j183
6 3608.595926 machine_state m17 w
6 3608.595926 machine_state m19 w
6 3608.595926 machine_state m31 w
6 3608.595926 machine_state m32 w
6 3608.595926 machine_state m33 w
6 3608.595926 machine_state m34 w
6 3608.595926 machine_state m35 w
6 3608.595926 machine_state m36 w
5 j184 machine_state "184" "0.312500 1.000000 0.000000"
6 3619.000000 machine_state m17 j184
6 3619.000000 machine_state m19 j184
6 3619.000000 machine_state m31 j184
6 3619.000000 machine_state m32 j184
6 3619.000000 machine_state m33 j184
6 3619.000000 machine_state m34 j184
6 3619.000000 machine_state m35 j184
6 3619.000000 machine_state m36 j184
6 3628.595926 machine_state m17 w
6 3628.595926 machine_state m19 w
6 3628.595926 machine_state m31 w
6 3628.595926 machine_state m32 w
6 3628.595926 machine_state m33 w
6 3628.595926 machine_state m34 w
6 3628.595926 machine_state m35 w
6 3628.595926 machine_state m36 w
6 3635.000119 machine_state m21 w
6 3635.000119 machine_state m22 w
6 3635.000119 machine_state m24 w
6 3635.000119 machine_state m25 w
6 3635.000119 machine_state m26 w
6 3635.000119 machine_state m27 w
6 3635.000119 machine_state m28 w
6 3635.000119 machine_state m29 w
6 3636.984475 machine_state m1 w
5 j185 machine_state "185" "0.500000 1.000000 0.000000"
6 3638.000000 machine_state m17 j185
6 3638.000000 machine_state m19 j185
5 j186 machine_state "186" "1.000000 0.000000 0.375000"
6 3657.000000 machine_state m32 j186
6 3657.000000 machine_state m33 j186
6 3664.706527 machine_state m7 w
6 3664.706527 machine_state m8 w
6 3664.706527 machine_state m9 w
6 3664.706527 machine_state m15 w
5 j178 machine_state "178" "0.000000 0.343750 1.000000"
6 3669.000000 machine_state m1 j178
6 3669.000000 machine_state m7 j178
6 3669.000000 machine_state m8 j178
6 3669.000000 machine_state m9 j178
6 3669.000000 machine_state m15 j178
6 3669.000000 machine_state m21 j178
6 3669.000000 machine_state m22 j178
6 3669.000000 machine_state m24 j178
6 3669.000000 machine_state m25 j178
6 3669.000000 machine_state m26 j178
6 3669.000000 machine_state m27 j178
6 3669.000000 machine_state m28 j178
6 3669.000000 machine_state m29 j178
6 3669.000000 machine_state m31 j178
6 3669.000000 machine_state m34 j178
6 3669.000000 machine_state m35 j178
6 3676.922085 machine_state m2 w
6 3676.922085 machine_state m4 w
5 j188 machine_state "188" "0.000000 1.000000 0.250000"
6 3698.000000 machine_state m2 j188
6 3698.000000 machine_state m4 j188
6 3700.483781 machine_state m5 w
6 3704.600096 machine_state m2 w
6 3704.600096 machine_state m4 w
5 j189 machine_state "189" "0.000000 0.625000 1.000000"
6 3718.000000 machine_state m2 j189
6 3718.000000 machine_state m4 j189
6 3718.000000 machine_state m5 j189
6 3718.000000 machine_state m36 j189
6 3722.483781 machine_state m0 w
5 j191 machine_state "191" "0.406250 0.000000 1.000000"
6 3753.000000 machine_state m0 j191
6 3753.929605 machine_state m2 w
6 3753.929605 machine_state m4 w
6 3753.929605 machine_state m5 w
6 3753.929605 machine_state m36 w
6 3755.984476 machine_state m18 w
5 j190 machine_state "190" "0.000000 1.000000 0.156250"
6 3758.000000 machine_state m36 j190
6 3762.257000 machine_state m0 w
6 3768.550692 machine_state m10 w
6 3768.550692 machine_state m11 w
5 j192 machine_state "192" "0.000000 0.812500 1.000000"
6 3778.000000 machine_state m0 j192
6 3778.922085 machine_state m17 w
6 3778.922085 machine_state m19 w
6 3787.257000 machine_state m0 w
6 3788.550693 machine_state m12 w
6 3788.550693 machine_state m13 w
5 j193 machine_state "193" "1.000000 0.000000 0.000000"
6 3797.000000 machine_state m0 j193
6 3797.000000 machine_state m2 j193
6 3797.000000 machine_state m4 j193
6 3797.000000 machine_state m5 j193
6 3801.483782 machine_state m20 w
6 3807.550693 machine_state m14 w
6 3807.550693 machine_state m16 w
6 3813.645959 machine_state m0 w
6 3813.645959 machine_state m2 w
6 3813.645959 machine_state m4 w
6 3813.645959 machine_state m5 w
5 j194 machine_state "194" "1.000000 0.750000 0.000000"
6 3817.000000 machine_state m10 j194
6 3817.000000 machine_state m11 j194
6 3817.000000 machine_state m12 j194
6 3817.000000 machine_state m13 j194
6 3829.550692 machine_state m3 w
6 3829.550692 machine_state m6 w
5 j195 machine_state "195" "0.593750 0.000000 1.000000"
6 3833.000000 machine_state m0 j195
6 3833.000000 machine_state m2 j195
5 j196 machine_state "196" "0.000000 1.000000 0.062500"
6 3853.000000 machine_state m3 j196
6 3853.000000 machine_state m4 j196
5 j197 machine_state "197" "0.687500 0.000000 1.000000"
6 3870.000000 machine_state m5 j197
6 3870.000000 machine_state m6 j197
6 3876.600096 machine_state m5 w
6 3876.600096 machine_state m6 w
5 j198 machine_state "198" "0.968750 1.000000 0.000000"
6 3888.000000 machine_state m5 j198
6 3888.000000 machine_state m6 j198
6 3888.000000 machine_state m14 j198
6 3888.000000 machine_state m16 j198
6 3888.000000 machine_state m17 j198
6 3888.000000 machine_state m18 j198
6 3888.000000 machine_state m19 j198
6 3888.000000 machine_state m20 j198
6 3895.048012 machine_state m0 w
6 3895.048012 machine_state m2 w
5 j199 machine_state "199" "0.000000 1.000000 0.718750"
6 3908.000000 machine_state m0 j199
6 3908.000000 machine_state m2 j199
6 3915.048013 machine_state m3 w
6 3915.048013 machine_state m4 w
6 3936.840847 machine_state m5 w
6 3936.840847 machine_state m6 w
6 3936.840847 machine_state m14 w
6 3936.840847 machine_state m16 w
6 3936.840847 machine_state m17 w
6 3936.840847 machine_state m18 w
6 3936.840847 machine_state m19 w
6 3936.840847 machine_state m20 w
5 j200 machine_state "200" "0.593750 1.000000 0.000000"
6 3941.000000 machine_state m3 j200
6 3941.000000 machine_state m4 j200
6 3941.000000 machine_state m5 j200
6 3941.000000 machine_state m6 j200
5 j201 machine_state "201" "0.312500 0.000000 1.000000"
6 3946.000000 machine_state m14 j201
6 3946.000000 machine_state m16 j201
6 3946.000000 machine_state m17 j201
6 3946.000000 machine_state m18 j201
6 3957.645958 machine_state m3 w
6 3957.645958 machine_state m4 w
6 3957.645958 machine_state m5 w
6 3957.645958 machine_state m6 w
6 3962.645958 machine_state m14 w
6 3962.645958 machine_state m16 w
6 3962.645958 machine_state m17 w
6 3962.645958 machine_state m18 w
5 j202 machine_state "202" "1.000000 0.000000 0.093750"
6 3967.000000 machine_state m3 j202
6 3967.000000 machine_state m4 j202
5 j203 machine_state "203" "1.000000 0.000000 0.187500"
6 3982.000000 machine_state m5 j203
6 3982.000000 machine_state m6 j203
5 j206 machine_state "206" "0.000000 0.718750 1.000000"
6 4042.000000 machine_state m14 j206
6 4042.000000 machine_state m16 j206
5 j207 machine_state "207" "1.000000 0.000000 0.468750"
6 4063.000000 machine_state m17 j207
6 4063.000000 machine_state m18 j207
6 4068.487273 machine_state m14 w
6 4068.487273 machine_state m16 w
6 4069.600096 machine_state m17 w
6 4069.600096 machine_state m18 w
5 j209 machine_state "209" "0.000000 0.906250 1.000000"
6 4102.000000 machine_state m14 j209
6 4102.000000 machine_state m16 j209
6 4107.579787 machine_state m10 w
6 4107.579787 machine_state m11 w
6 4107.579787 machine_state m12 w
6 4107.579787 machine_state m13 w
6 4108.600096 machine_state m14 w
6 4108.600096 machine_state m16 w
5 j204 machine_state "204" "1.000000 0.000000 0.937500"
6 4112.000000 machine_state m10 j204
6 4112.000000 machine_state m11 j204
6 4112.000000 machine_state m12 j204
6 4112.000000 machine_state m13 j204
6 4112.000000 machine_state m17 j204
6 4112.000000 machine_state m18 j204
6 4112.000000 machine_state m19 j204
6 4112.000000 machine_state m20 j204
5 j210 machine_state "210" "0.218750 0.000000 1.000000"
6 4122.000000 machine_state m14 j210
6 4122.000000 machine_state m16 j210
6 4122.922085 machine_state m5 w
6 4122.922085 machine_state m6 w
6 4128.600096 machine_state m14 w
6 4128.600096 machine_state m16 w
6 4141.938262 machine_state m23 w
6 4144.483781 machine_state m36 w
5 j211 machine_state "211" "0.031250 1.000000 0.000000"
6 4146.000000 machine_state m23 j211
5 j212 machine_state "212" "0.000000 1.000000 0.906250"
6 4162.000000 machine_state m36 j212
6 4192.754542 machine_state m10 w
6 4192.754542 machine_state m11 w
6 4192.754542 machine_state m12 w
6 4192.754542 machine_state m13 w
6 4192.754542 machine_state m17 w
6 4192.754542 machine_state m18 w
6 4192.754542 machine_state m19 w
6 4192.754542 machine_state m20 w
5 j208 machine_state "208" "0.000000 1.000000 0.812500"
6 4197.000000 machine_state m17 j208
6 4197.000000 machine_state m18 j208
5 j205 machine_state "205" "0.000000 0.156250 1.000000"
6 4197.000000 machine_state m5 j205
6 4197.000000 machine_state m6 j205
6 4197.000000 machine_state m10 j205
6 4197.000000 machine_state m11 j205
6 4197.000000 machine_state m12 j205
6 4197.000000 machine_state m13 j205
6 4197.000000 machine_state m14 j205
6 4197.000000 machine_state m16 j205
5 j213 machine_state "213" "0.781250 1.000000 0.000000"
6 4197.000000 machine_state m19 j213
6 4197.000000 machine_state m20 j213
6 4250.550693 machine_state m32 w
6 4250.550693 machine_state m33 w
5 j215 machine_state "215" "0.000000 1.000000 0.437500"
6 4255.000000 machine_state m32 j215
6 4264.257000 machine_state m32 w
5 j216 machine_state "216" "0.687500 1.000000 0.000000"
6 4269.000000 machine_state m32 j216
6 4269.000000 machine_state m33 j216
6 4337.922085 machine_state m17 w
6 4337.922085 machine_state m18 w
5 j220 machine_state "220" "1.000000 0.000000 0.562500"
6 4342.000000 machine_state m17 j220
6 4342.000000 machine_state m18 j220
6 4404.048013 machine_state m17 w
6 4404.048013 machine_state m18 w
6 4409.922085 machine_state m32 w
6 4409.922085 machine_state m33 w
5 j225 machine_state "225" "1.000000 0.093750 0.000000"
6 4414.000000 machine_state m17 j225
6 4414.000000 machine_state m18 j225
6 4476.048012 machine_state m17 w
6 4476.048012 machine_state m18 w
5 j214 machine_state "214" "0.218750 1.000000 0.000000"
6 4481.000000 machine_state m17 j214
6 4481.000000 machine_state m18 j214
6 4481.000000 machine_state m32 j214
6 4481.000000 machine_state m33 j214
6 4501.550693 machine_state m0 w
6 4501.550693 machine_state m2 w
6 4516.929605 machine_state m17 w
6 4516.929605 machine_state m18 w
6 4516.929605 machine_state m32 w
6 4516.929605 machine_state m33 w
5 j217 machine_state "217" "0.000000 1.000000 0.625000"
6 4521.000000 machine_state m0 j217
6 4521.000000 machine_state m2 j217
6 4521.000000 machine_state m17 j217
6 4521.000000 machine_state m18 j217
5 j222 machine_state "222" "0.000000 1.000000 1.000000"
6 4521.000000 machine_state m32 j222
6 4521.000000 machine_state m33 j222
6 4532.483781 machine_state m23 w
5 j223 machine_state "223" "0.875000 1.000000 0.000000"
6 4537.000000 machine_state m23 j223
6 4556.929605 machine_state m0 w
6 4556.929605 machine_state m2 w
6 4556.929605 machine_state m17 w
6 4556.929605 machine_state m18 w
6 4560.550693 machine_state m3 w
6 4560.550693 machine_state m4 w
5 j218 machine_state "218" "0.000000 1.000000 0.531250"
6 4561.000000 machine_state m0 j218
6 4561.000000 machine_state m2 j218
6 4561.000000 machine_state m17 j218
6 4561.000000 machine_state m18 j218
5 j233 machine_state "233" "0.000000 0.437500 1.000000"
6 4571.000000 machine_state m3 j233
6 4580.257000 machine_state m3 w
5 j234 machine_state "234" "0.781250 0.000000 1.000000"
6 4590.000000 machine_state m3 j234
6 4661.922085 machine_state m32 w
6 4661.922085 machine_state m33 w
5 j237 machine_state "237" "1.000000 0.187500 0.000000"
6 4666.000000 machine_state m4 j237
6 4666.000000 machine_state m32 j237
5 j238 machine_state "238" "0.875000 0.000000 1.000000"
6 4671.000000 machine_state m33 j238
6 4678.509997 machine_state m3 w
6 4680.257000 machine_state m33 w
6 4692.938262 machine_state m30 w
5 j235 machine_state "235" "0.031250 0.000000 1.000000"
6 4698.000000 machine_state m33 j235
6 4728.048013 machine_state m4 w
6 4728.048013 machine_state m32 w
5 j241 machine_state "241" "0.125000 1.000000 0.000000"
6 4729.000000 machine_state m3 j241
6 4729.000000 machine_state m30 j241
6 4735.600096 machine_state m3 w
6 4735.600096 machine_state m30 w
5 j219 machine_state "219" "1.000000 0.937500 0.000000"
6 4740.000000 machine_state m3 j219
6 4740.000000 machine_state m4 j219
6 4740.000000 machine_state m30 j219
6 4740.000000 machine_state m32 j219
6 4788.256776 machine_state m1 w
6 4788.256776 machine_state m7 w
6 4788.256776 machine_state m8 w
6 4788.256776 machine_state m9 w
6 4788.256776 machine_state m15 w
6 4788.256776 machine_state m21 w
6 4788.256776 machine_state m22 w
6 4788.256776 machine_state m24 w
6 4788.256776 machine_state m25 w
6 4788.256776 machine_state m26 w
6 4788.256776 machine_state m27 w
6 4788.256776 machine_state m28 w
6 4788.256776 machine_state m29 w
6 4788.256776 machine_state m31 w
6 4788.256776 machine_state m34 w
6 4788.256776 machine_state m35 w
6 4790.550693 machine_state m19 w
6 4790.550693 machine_state m20 w
5 j224 machine_state "224" "0.968750 0.000000 1.000000"
6 4793.000000 machine_state m15 j224
6 4793.000000 machine_state m21 j224
6 4793.000000 machine_state m22 j224
6 4793.000000 machine_state m24 j224
5 j226 machine_state "226" "1.000000 0.000000 0.656250"
6 4793.000000 machine_state m25 j226
6 4793.000000 machine_state m26 j226
6 4793.000000 machine_state m27 j226
6 4793.000000 machine_state m28 j226
6 4793.000000 machine_state m29 j226
6 4793.000000 machine_state m31 j226
6 4793.000000 machine_state m34 j226
6 4793.000000 machine_state m35 j226
5 j221 machine_state "221" "1.000000 0.000000 0.750000"
6 4793.000000 machine_state m1 j221
6 4793.000000 machine_state m7 j221
6 4793.000000 machine_state m8 j221
6 4793.000000 machine_state m9 j221
5 j227 machine_state "227" "0.500000 0.000000 1.000000"
6 4798.000000 machine_state m19 j227
6 4798.000000 machine_state m20 j227
6 4802.595926 machine_state m25 w
6 4802.595926 machine_state m26 w
6 4802.595926 machine_state m27 w
6 4802.595926 machine_state m28 w
6 4802.595926 machine_state m29 w
6 4802.595926 machine_state m31 w
6 4802.595926 machine_state m34 w
6 4802.595926 machine_state m35 w
5 j228 machine_state "228" "1.000000 0.000000 0.843750"
6 4807.000000 machine_state m25 j228
6 4807.000000 machine_state m26 j228
5 j229 machine_state "229" "0.000000 1.000000 0.343750"
6 4807.000000 machine_state m27 j229
6 4807.000000 machine_state m28 j229
5 j230 machine_state "230" "0.000000 0.531250 1.000000"
6 4807.000000 machine_state m29 j230
6 4807.000000 machine_state m31 j230
6 4807.000000 machine_state m34 j230
6 4807.000000 machine_state m35 j230
6 4810.916733 machine_state m29 w
6 4810.916733 machine_state m31 w
6 4810.916733 machine_state m34 w
6 4810.916733 machine_state m35 w
5 j231 machine_state "231" "0.125000 0.000000 1.000000"
6 4817.000000 machine_state m29 j231
6 4817.000000 machine_state m31 j231
5 j239 machine_state "239" "1.000000 0.468750 0.000000"
6 4817.000000 machine_state m34 j239
6 4817.000000 machine_state m35 j239
6 4827.706528 machine_state m3 w
6 4827.706528 machine_state m4 w
6 4827.706528 machine_state m30 w
6 4827.706528 machine_state m32 w
6 4828.929605 machine_state m15 w
6 4828.929605 machine_state m21 w
6 4828.929605 machine_state m22 w
6 4828.929605 machine_state m24 w
6 4828.929605 machine_state m1 w
6 4828.929605 machine_state m7 w
6 4828.929605 machine_state m8 w
6 4828.929605 machine_state m9 w
5 j240 machine_state "240" "0.000000 0.062500 1.000000"
6 4834.000000 machine_state m22 j240
6 4834.000000 machine_state m24 j240
5 j242 machine_state "242" "0.000000 0.343750 1.000000"
6 4834.000000 machine_state m30 j242
6 4834.000000 machine_state m32 j242
5 j232 machine_state "232" "1.000000 0.843750 0.000000"
6 4834.000000 machine_state m1 j232
6 4834.000000 machine_state m3 j232
6 4834.000000 machine_state m4 j232
6 4834.000000 machine_state m7 j232
5 j236 machine_state "236" "1.000000 0.375000 0.000000"
6 4834.000000 machine_state m8 j236
6 4834.000000 machine_state m9 j236
6 4834.000000 machine_state m15 j236
6 4834.000000 machine_state m21 j236
6 4837.916733 machine_state m8 w
6 4837.916733 machine_state m9 w
6 4837.916733 machine_state m15 w
6 4837.916733 machine_state m21 w
5 j243 machine_state "243" "1.000000 0.656250 0.000000"
6 4842.000000 machine_state m8 j243
6 4842.000000 machine_state m9 j243
6 4842.000000 machine_state m15 j243
6 4842.000000 machine_state m21 j243
6 4845.916733 machine_state m8 w
6 4845.916733 machine_state m9 w
6 4845.916733 machine_state m15 w
6 4845.916733 machine_state m21 w
6 4851.579787 machine_state m0 w
6 4851.579787 machine_state m2 w
6 4851.579787 machine_state m17 w
6 4851.579787 machine_state m18 w
5 j244 machine_state "244" "1.000000 0.281250 0.000000"
6 4854.000000 machine_state m8 j244
6 4854.000000 machine_state m9 j244
5 j245 machine_state "245" "1.000000 0.000000 0.281250"
6 4854.000000 machine_state m15 j245
6 4854.000000 machine_state m21 j245
5 j246 machine_state "246" "0.000000 0.250000 1.000000"
6 4859.000000 machine_state m0 j246
6 4860.600096 machine_state m15 w
6 4860.600096 machine_state m21 w
5 j247 machine_state "247" "1.000000 0.562500 0.000000"
6 4865.000000 machine_state m2 j247
6 4865.000000 machine_state m15 j247
6 4865.000000 machine_state m17 j247
6 4865.000000 machine_state m18 j247
6 4879.048013 machine_state m34 w
6 4879.048013 machine_state m35 w
6 4896.048013 machine_state m22 w
6 4896.048013 machine_state m24 w
6 4896.048013 machine_state m30 w
6 4896.048013 machine_state m32 w
5 j249 machine_state "249" "0.500000 1.000000 0.000000"
6 4901.000000 machine_state m21 j249
6 4901.000000 machine_state m22 j249
6 4901.000000 machine_state m24 j249
6 4901.000000 machine_state m34 j249
6 4921.706527 machine_state m1 w
6 4921.706527 machine_state m3 w
6 4921.706527 machine_state m4 w
6 4921.706527 machine_state m7 w
6 4923.483782 machine_state m23 w
5 j248 machine_state "248" "0.312500 1.000000 0.000000"
6 4931.000000 machine_state m1 j248
6 4931.000000 machine_state m3 j248
6 4931.000000 machine_state m4 j248
6 4931.000000 machine_state m7 j248
6 4931.000000 machine_state m23 j248
6 4931.000000 machine_state m30 j248
6 4931.000000 machine_state m32 j248
6 4931.000000 machine_state m35 j248
6 4933.336822 machine_state m1 w
6 4933.336822 machine_state m3 w
6 4933.336822 machine_state m4 w
6 4933.336822 machine_state m7 w
6 4933.336822 machine_state m23 w
6 4933.336822 machine_state m30 w
6 4933.336822 machine_state m32 w
6 4933.336822 machine_state m35 w
6 4947.509997 machine_state m0 w
6 5072.829895 machine_state m25 w
6 5072.829895 machine_state m26 w
6 5072.829895 machine_state m27 w
6 5072.829895 machine_state m28 w
6 5084.483781 machine_state m33 w
6 5155.579787 machine_state m2 w
6 5155.579787 machine_state m15 w
6 5155.579787 machine_state m17 w
6 5155.579787 machine_state m18 w
5 j187 machine_state "187" "0.406250 1.000000 0.000000"
6 5160.000000 machine_state m0 j187
6 5160.000000 machine_state m1 j187
6 5160.000000 machine_state m2 j187
6 5160.000000 machine_state m3 j187
6 5160.000000 machine_state m4 j187
6 5160.000000 machine_state m7 j187
6 5160.000000 machine_state m15 j187
6 5160.000000 machine_state m17 j187
6 5160.000000 machine_state m18 j187
6 5160.000000 machine_state m23 j187
6 5160.000000 machine_state m25 j187
6 5160.000000 machine_state m26 j187
6 5160.000000 machine_state m27 j187
6 5160.000000 machine_state m28 j187
6 5160.000000 machine_state m30 j187
6 5160.000000 machine_state m32 j187
6 5170.353304 machine_state m0 w
6 5170.353304 machine_state m1 w
6 5170.353304 machine_state m2 w
6 5170.353304 machine_state m3 w
6 5170.353304 machine_state m4 w
6 5170.353304 machine_state m7 w
6 5170.353304 machine_state m15 w
6 5170.353304 machine_state m17 w
6 5170.353304 machine_state m18 w
6 5170.353304 machine_state m23 w
6 5170.353304 machine_state m25 w
6 5170.353304 machine_state m26 w
6 5170.353304 machine_state m27 w
6 5170.353304 machine_state m28 w
6 5170.353304 machine_state m30 w
6 5170.353304 machine_state m32 w
6 5191.579787 machine_state m21 w
6 5191.579787 machine_state m22 w
6 5191.579787 machine_state m24 w
6 5191.579787 machine_state m34 w
6 5338.938262 machine_state m36 w
6 5391.550693 machine_state m19 w
6 5391.550693 machine_state m20 w
6 5410.550693 machine_state m29 w
6 5410.550693 machine_state m31 w
6 5447.550692 machine_state m8 w
6 5447.550692 machine_state m9 w
6 6387.845201 machine_state m5 w
6 6387.845201 machine_state m6 w
6 6387.845201 machine_state m10 w
6 6387.845201 machine_state m11 w
6 6387.845201 machine_state m12 w
6 6387.845201 machine_state m13 w
6 6387.845201 machine_state m14 w
6 6387.845201 machine_state m16 w

# End of events, containers destruction
3 6392.000000 m0 machine_ct
3 6392.000000 m1 machine_ct
3 6392.000000 m2 machine_ct
3 6392.000000 m3 machine_ct
3 6392.000000 m4 machine_ct
3 6392.000000 m5 machine_ct
3 6392.000000 m6 machine_ct
3 6392.000000 m7 machine_ct
3 6392.000000 m8 machine_ct
3 6392.000000 m9 machine_ct
3 6392.000000 m10 machine_ct
3 6392.000000 m11 machine_ct
3 6392.000000 m12 machine_ct
3 6392.000000 m13 machine_ct
3 6392.000000 m14 machine_ct
3 6392.000000 m15 machine_ct
3 6392.000000 m16 machine_ct
3 6392.000000 m17 machine_ct
3 6392.000000 m18 machine_ct
3 6392.000000 m19 machine_ct
3 6392.000000 m20 machine_ct
3 6392.000000 m21 machine_ct
3 6392.000000 m22 machine_ct
3 6392.000000 m23 machine_ct
3 6392.000000 m24 machine_ct
3 6392.000000 m25 machine_ct
3 6392.000000 m26 machine_ct
3 6392.000000 m27 machine_ct
3 6392.000000 m28 machine_ct
3 6392.000000 m29 machine_ct
3 6392.000000 m30 machine_ct
3 6392.000000 m31 machine_ct
3 6392.000000 m32 machine_ct
3 6392.000000 m33 machine_ct
3 6392.000000 m34 machine_ct
3 6392.000000 m35 machine_ct
3 6392.000000 m36 machine_ct
3 6392.000000 m37 machine_ct
3 6392.000000 m38 machine_ct
3 6392.000000 m39 machine_ct
3 6392.000000 m40 machine_ct
3 6392.000000 m41 machine_ct
3 6392.000000 m42 machine_ct
3 6392.000000 m43 machine_ct
3 6392.000000 m44 machine_ct
3 6392.000000 m45 machine_ct
3 6392.000000 m46 machine_ct
3 6392.000000 m47 machine_ct
3 6392.000000 m48 machine_ct
3 6392.000000 m49 machine_ct
3 6392.000000 m50 machine_ct
3 6392.000000 m51 machine_ct
3 6392.000000 m52 machine_ct
3 6392.000000 m53 machine_ct
3 6392.000000 m54 machine_ct
3 6392.000000 m55 machine_ct
3 6392.000000 m56 machine_ct
3 6392.000000 m57 machine_ct
3 6392.000000 m58 machine_ct
3 6392.000000 m59 machine_ct
3 6392.000000 m60 machine_ct
3 6392.000000 m61 machine_ct
3 6392.000000 m62 machine_ct
3 6392.000000 m63 machine_ct
3 6392.000000 m64 machine_ct
3 6392.000000 m65 machine_ct
3 6392.000000 m66 machine_ct
3 6392.000000 m67 machine_ct
3 6392.000000 m68 machine_ct
3 6392.000000 m69 machine_ct
3 6392.000000 m70 machine_ct
3 6392.000000 m71 machine_ct
3 6392.000000 m72 machine_ct
3 6392.000000 m73 machine_ct
3 6392.000000 m74 machine_ct
3 6392.000000 m75 machine_ct
3 6392.000000 m76 machine_ct
3 6392.000000 m77 machine_ct
3 6392.000000 m78 machine_ct
3 6392.000000 m79 machine_ct
3 6392.000000 m80 machine_ct
3 6392.000000 m81 machine_ct
3 6392.000000 m82 machine_ct
3 6392.000000 m83 machine_ct
3 6392.000000 m84 machine_ct
3 6392.000000 m85 machine_ct
3 6392.000000 m86 machine_ct
3 6392.000000 m87 machine_ct
3 6392.000000 m88 machine_ct
3 6392.000000 m89 machine_ct
3 6392.000000 m90 machine_ct
3 6392.000000 m91 machine_ct
3 6392.000000 m92 machine_ct
3 6392.000000 m93 machine_ct
3 6392.000000 m94 machine_ct
3 6392.000000 m95 machine_ct
3 6392.000000 m96 machine_ct
3 6392.000000 m97 machine_ct
3 6392.000000 m98 machine_ct
3 6392.000000 m99 machine_ct
3 6392.000000 m100 machine_ct
3 6392.000000 m101 machine_ct
3 6392.000000 m102 machine_ct
3 6392.000000 m103 machine_ct
3 6392.000000 m104 machine_ct
3 6392.000000 m105 machine_ct
3 6392.000000 m106 machine_ct
3 6392.000000 m107 machine_ct
3 6392.000000 m108 machine_ct
3 6392.000000 m109 machine_ct
3 6392.000000 m110 machine_ct
3 6392.000000 m111 machine_ct
3 6392.000000 m112 machine_ct
3 6392.000000 m113 machine_ct
3 6392.000000 m114 machine_ct
3 6392.000000 m115 machine_ct
3 6392.000000 m116 machine_ct
3 6392.000000 m117 machine_ct
3 6392.000000 m118 machine_ct
3 6392.000000 m119 machine_ct
3 6392.000000 m120 machine_ct
3 6392.000000 m121 machine_ct
3 6392.000000 m122 machine_ct
3 6392.000000 m123 machine_ct
3 6392.000000 m124 machine_ct
3 6392.000000 m125 machine_ct
3 6392.000000 m126 machine_ct
3 6392.000000 m127 machine_ct
3 6392.000000 m128 machine_ct
3 6392.000000 m129 machine_ct
3 6392.000000 m130 machine_ct
3 6392.000000 m131 machine_ct
3 6392.000000 m132 machine_ct
3 6392.000000 m133 machine_ct
3 6392.000000 m134 machine_ct
3 6392.000000 m135 machine_ct
3 6392.000000 m136 machine_ct
3 6392.000000 m137 machine_ct
3 6392.000000 m138 machine_ct
3 6392.000000 m139 machine_ct
3 6392.000000 m140 machine_ct
3 6392.000000 m141 machine_ct
3 6392.000000 m142 machine_ct
3 6392.000000 root root_ct
