%EventDef PajeDefineContainerType 1
% Type string
% Alias string
% Name string
%EndEventDef

%EventDef PajeCreateContainer 2
% Time date 
% Type string  
% Alias string 
% Name string   
% Container string  
%EndEventDef

%EventDef PajeDestroyContainer 3
% Time date
% Name string 
% Type string
%EndEventDef

%EventDef PajeDefineStateType 4
% Alias string 
% Type string 
% Name string 
%EndEventDef

%EventDef PajeDefineEntityValue 5
% Alias string  
% Type string  
% Name string  
% Color color 
%EndEventDef

%EventDef PajeSetState 6
% Time date  
% Type string  
% Container string  
% Value string  
%EndEventDef 

%EventDef PajeDefineEventType 7
% Type string
% Alias string
% Name string
%EndEventDef

%EventDef PajeNewEvent 8
% Time date
% Type string
% Container string
% Value string
%EndEventDef

%EventDef PajeDefineVariableType 9
% Type string
% Alias string
% Name string
% Color string
%EndEventDef

%EventDef PajeSetVariable 10
% Time date
% Type string
% Container string
% Value double
%EndEventDef

# Container types creation
1 0 root_ct "Machines"
1 root_ct machine_ct "Machine"
1 0 scheduler_ct "Scheduler"
1 scheduler_ct killer_ct "Killer"

# Event types creation
7 killer_ct kk "Job kill"
7 machine_ct km "Job kill"

# Variable types creation
9 scheduler_ct vu_vt "Utilization" "0.0 0.5 0.0"

# Containers creation
2 0.000000 root_ct root "Machines" 0
2 0.000000 machine_ct m0 "graphene-1001.nancy.grid5000.fr" root
2 0.000000 machine_ct m1 "graphene-1002.nancy.grid5000.fr" root
2 0.000000 machine_ct m2 "graphene-1003.nancy.grid5000.fr" root
2 0.000000 machine_ct m3 "graphene-1004.nancy.grid5000.fr" root
2 0.000000 machine_ct m4 "graphene-1005.nancy.grid5000.fr" root
2 0.000000 machine_ct m5 "graphene-1006.nancy.grid5000.fr" root
2 0.000000 machine_ct m6 "graphene-1007.nancy.grid5000.fr" root
2 0.000000 machine_ct m7 "graphene-1008.nancy.grid5000.fr" root
2 0.000000 machine_ct m8 "graphene-1009.nancy.grid5000.fr" root
2 0.000000 machine_ct m9 "graphene-1010.nancy.grid5000.fr" root
2 0.000000 machine_ct m10 "graphene-1011.nancy.grid5000.fr" root
2 0.000000 machine_ct m11 "graphene-1012.nancy.grid5000.fr" root
2 0.000000 machine_ct m12 "graphene-1013.nancy.grid5000.fr" root
2 0.000000 machine_ct m13 "graphene-1014.nancy.grid5000.fr" root
2 0.000000 machine_ct m14 "graphene-1015.nancy.grid5000.fr" root
2 0.000000 machine_ct m15 "graphene-1016.nancy.grid5000.fr" root
2 0.000000 machine_ct m16 "graphene-1017.nancy.grid5000.fr" root
2 0.000000 machine_ct m17 "graphene-1018.nancy.grid5000.fr" root
2 0.000000 machine_ct m18 "graphene-1019.nancy.grid5000.fr" root
2 0.000000 machine_ct m19 "graphene-1020.nancy.grid5000.fr" root
2 0.000000 machine_ct m20 "graphene-1021.nancy.grid5000.fr" root
2 0.000000 machine_ct m21 "graphene-1022.nancy.grid5000.fr" root
2 0.000000 machine_ct m22 "graphene-1023.nancy.grid5000.fr" root
2 0.000000 machine_ct m23 "graphene-1024.nancy.grid5000.fr" root
2 0.000000 machine_ct m24 "graphene-1025.nancy.grid5000.fr" root
2 0.000000 machine_ct m25 "graphene-1026.nancy.grid5000.fr" root
2 0.000000 machine_ct m26 "graphene-1027.nancy.grid5000.fr" root
2 0.000000 machine_ct m27 "graphene-1028.nancy.grid5000.fr" root
2 0.000000 machine_ct m28 "graphene-1029.nancy.grid5000.fr" root
2 0.000000 machine_ct m29 "graphene-1030.nancy.grid5000.fr" root
2 0.000000 machine_ct m30 "graphene-1031.nancy.grid5000.fr" root
2 0.000000 machine_ct m31 "graphene-1032.nancy.grid5000.fr" root
2 0.000000 machine_ct m32 "graphene-1033.nancy.grid5000.fr" root
2 0.000000 machine_ct m33 "graphene-1034.nancy.grid5000.fr" root
2 0.000000 machine_ct m34 "graphene-1035.nancy.grid5000.fr" root
2 0.000000 machine_ct m35 "graphene-1036.nancy.grid5000.fr" root
2 0.000000 machine_ct m36 "graphene-1037.nancy.grid5000.fr" root
2 0.000000 machine_ct m37 "graphene-1038.nancy.grid5000.fr" root
2 0.000000 machine_ct m38 "graphene-1039.nancy.grid5000.fr" root
2 0.000000 machine_ct m39 "graphene-1040.nancy.grid5000.fr" root
2 0.000000 machine_ct m40 "graphene-1041.nancy.grid5000.fr" root
2 0.000000 machine_ct m41 "graphene-1042.nancy.grid5000.fr" root
2 0.000000 machine_ct m42 "graphene-1043.nancy.grid5000.fr" root
2 0.000000 machine_ct m43 "graphene-1044.nancy.grid5000.fr" root
2 0.000000 machine_ct m44 "graphene-1045.nancy.grid5000.fr" root
2 0.000000 machine_ct m45 "graphene-1046.nancy.grid5000.fr" root
2 0.000000 machine_ct m46 "graphene-1047.nancy.grid5000.fr" root
2 0.000000 machine_ct m47 "graphene-1048.nancy.grid5000.fr" root
2 0.000000 machine_ct m48 "graphene-1049.nancy.grid5000.fr" root
2 0.000000 machine_ct m49 "graphene-1050.nancy.grid5000.fr" root
2 0.000000 machine_ct m50 "graphene-1051.nancy.grid5000.fr" root
2 0.000000 machine_ct m51 "graphene-1052.nancy.grid5000.fr" root
2 0.000000 machine_ct m52 "graphene-1053.nancy.grid5000.fr" root
2 0.000000 machine_ct m53 "graphene-1054.nancy.grid5000.fr" root
2 0.000000 machine_ct m54 "graphene-1055.nancy.grid5000.fr" root
2 0.000000 machine_ct m55 "graphene-1056.nancy.grid5000.fr" root
2 0.000000 machine_ct m56 "graphene-1057.nancy.grid5000.fr" root
2 0.000000 machine_ct m57 "graphene-1058.nancy.grid5000.fr" root
2 0.000000 machine_ct m58 "graphene-1059.nancy.grid5000.fr" root
2 0.000000 machine_ct m59 "graphene-1060.nancy.grid5000.fr" root
2 0.000000 machine_ct m60 "graphene-1061.nancy.grid5000.fr" root
2 0.000000 machine_ct m61 "graphene-1062.nancy.grid5000.fr" root
2 0.000000 machine_ct m62 "graphene-1063.nancy.grid5000.fr" root
2 0.000000 machine_ct m63 "graphene-1064.nancy.grid5000.fr" root
2 0.000000 machine_ct m64 "graphene-1065.nancy.grid5000.fr" root
2 0.000000 machine_ct m65 "graphene-1066.nancy.grid5000.fr" root
2 0.000000 machine_ct m66 "graphene-1067.nancy.grid5000.fr" root
2 0.000000 machine_ct m67 "graphene-1068.nancy.grid5000.fr" root
2 0.000000 machine_ct m68 "graphene-1069.nancy.grid5000.fr" root
2 0.000000 machine_ct m69 "graphene-1070.nancy.grid5000.fr" root
2 0.000000 machine_ct m70 "graphene-1071.nancy.grid5000.fr" root
2 0.000000 machine_ct m71 "graphene-1072.nancy.grid5000.fr" root
2 0.000000 machine_ct m72 "graphene-1073.nancy.grid5000.fr" root
2 0.000000 machine_ct m73 "graphene-1074.nancy.grid5000.fr" root
2 0.000000 machine_ct m74 "graphene-1075.nancy.grid5000.fr" root
2 0.000000 machine_ct m75 "graphene-1076.nancy.grid5000.fr" root
2 0.000000 machine_ct m76 "graphene-1077.nancy.grid5000.fr" root
2 0.000000 machine_ct m77 "graphene-1078.nancy.grid5000.fr" root
2 0.000000 machine_ct m78 "graphene-1079.nancy.grid5000.fr" root
2 0.000000 machine_ct m79 "graphene-1080.nancy.grid5000.fr" root
2 0.000000 machine_ct m80 "graphene-1081.nancy.grid5000.fr" root
2 0.000000 machine_ct m81 "graphene-1082.nancy.grid5000.fr" root
2 0.000000 machine_ct m82 "graphene-1083.nancy.grid5000.fr" root
2 0.000000 machine_ct m83 "graphene-1084.nancy.grid5000.fr" root
2 0.000000 machine_ct m84 "graphene-1085.nancy.grid5000.fr" root
2 0.000000 machine_ct m85 "graphene-1086.nancy.grid5000.fr" root
2 0.000000 machine_ct m86 "graphene-1087.nancy.grid5000.fr" root
2 0.000000 machine_ct m87 "graphene-1088.nancy.grid5000.fr" root
2 0.000000 machine_ct m88 "graphene-1089.nancy.grid5000.fr" root
2 0.000000 machine_ct m89 "graphene-1090.nancy.grid5000.fr" root
2 0.000000 machine_ct m90 "graphene-1091.nancy.grid5000.fr" root
2 0.000000 machine_ct m91 "graphene-1092.nancy.grid5000.fr" root
2 0.000000 machine_ct m92 "graphene-1093.nancy.grid5000.fr" root
2 0.000000 machine_ct m93 "graphene-1094.nancy.grid5000.fr" root
2 0.000000 machine_ct m94 "graphene-1095.nancy.grid5000.fr" root
2 0.000000 machine_ct m95 "graphene-1096.nancy.grid5000.fr" root
2 0.000000 machine_ct m96 "graphene-1097.nancy.grid5000.fr" root
2 0.000000 machine_ct m97 "graphene-1098.nancy.grid5000.fr" root
2 0.000000 machine_ct m98 "graphene-1099.nancy.grid5000.fr" root
2 0.000000 machine_ct m99 "graphene-1100.nancy.grid5000.fr" root
2 0.000000 machine_ct m100 "graphene-1101.nancy.grid5000.fr" root
2 0.000000 machine_ct m101 "graphene-1102.nancy.grid5000.fr" root
2 0.000000 machine_ct m102 "graphene-1103.nancy.grid5000.fr" root
2 0.000000 machine_ct m103 "graphene-1104.nancy.grid5000.fr" root
2 0.000000 machine_ct m104 "graphene-1105.nancy.grid5000.fr" root
2 0.000000 machine_ct m105 "graphene-1106.nancy.grid5000.fr" root
2 0.000000 machine_ct m106 "graphene-1107.nancy.grid5000.fr" root
2 0.000000 machine_ct m107 "graphene-1108.nancy.grid5000.fr" root
2 0.000000 machine_ct m108 "graphene-1109.nancy.grid5000.fr" root
2 0.000000 machine_ct m109 "graphene-1110.nancy.grid5000.fr" root
2 0.000000 machine_ct m110 "graphene-1111.nancy.grid5000.fr" root
2 0.000000 machine_ct m111 "graphene-1112.nancy.grid5000.fr" root
2 0.000000 machine_ct m112 "graphene-1113.nancy.grid5000.fr" root
2 0.000000 machine_ct m113 "graphene-1114.nancy.grid5000.fr" root
2 0.000000 machine_ct m114 "graphene-1115.nancy.grid5000.fr" root
2 0.000000 machine_ct m115 "graphene-1116.nancy.grid5000.fr" root
2 0.000000 machine_ct m116 "graphene-1117.nancy.grid5000.fr" root
2 0.000000 machine_ct m117 "graphene-1118.nancy.grid5000.fr" root
2 0.000000 machine_ct m118 "graphene-1119.nancy.grid5000.fr" root
2 0.000000 machine_ct m119 "graphene-1120.nancy.grid5000.fr" root
2 0.000000 machine_ct m120 "graphene-1121.nancy.grid5000.fr" root
2 0.000000 machine_ct m121 "graphene-1122.nancy.grid5000.fr" root
2 0.000000 machine_ct m122 "graphene-1123.nancy.grid5000.fr" root
2 0.000000 machine_ct m123 "graphene-1124.nancy.grid5000.fr" root
2 0.000000 machine_ct m124 "graphene-1125.nancy.grid5000.fr" root
2 0.000000 machine_ct m125 "graphene-1126.nancy.grid5000.fr" root
2 0.000000 machine_ct m126 "graphene-1127.nancy.grid5000.fr" root
2 0.000000 machine_ct m127 "graphene-1128.nancy.grid5000.fr" root
2 0.000000 machine_ct m128 "graphene-1129.nancy.grid5000.fr" root
2 0.000000 machine_ct m129 "graphene-1130.nancy.grid5000.fr" root
2 0.000000 machine_ct m130 "graphene-1131.nancy.grid5000.fr" root
2 0.000000 machine_ct m131 "graphene-1132.nancy.grid5000.fr" root
2 0.000000 machine_ct m132 "graphene-1133.nancy.grid5000.fr" root
2 0.000000 machine_ct m133 "graphene-1134.nancy.grid5000.fr" root
2 0.000000 machine_ct m134 "graphene-1135.nancy.grid5000.fr" root
2 0.000000 machine_ct m135 "graphene-1136.nancy.grid5000.fr" root
2 0.000000 machine_ct m136 "graphene-1137.nancy.grid5000.fr" root
2 0.000000 machine_ct m137 "graphene-1138.nancy.grid5000.fr" root
2 0.000000 machine_ct m138 "graphene-1139.nancy.grid5000.fr" root
2 0.000000 machine_ct m139 "graphene-1140.nancy.grid5000.fr" root
2 0.000000 machine_ct m140 "graphene-1141.nancy.grid5000.fr" root
2 0.000000 machine_ct m141 "graphene-1142.nancy.grid5000.fr" root
2 0.000000 machine_ct m142 "graphene-1143.nancy.grid5000.fr" root
2 0.000000 scheduler_ct sc "Scheduler" 0
2 0.000000 killer_ct k "Killer" sc

# States creation
4 machine_state machine_ct "Machine state"

# Creation of the different values the machine state can be
5 w machine_state "Waiting" "0.0 0.0 0.0"
5 l machine_state "Launching" "0.3 0.3 0.3"

# Begin of events
6 0.000000 machine_state m0 w
6 0.000000 machine_state m1 w
6 0.000000 machine_state m2 w
6 0.000000 machine_state m3 w
6 0.000000 machine_state m4 w
6 0.000000 machine_state m5 w
6 0.000000 machine_state m6 w
6 0.000000 machine_state m7 w
6 0.000000 machine_state m8 w
6 0.000000 machine_state m9 w
6 0.000000 machine_state m10 w
6 0.000000 machine_state m11 w
6 0.000000 machine_state m12 w
6 0.000000 machine_state m13 w
6 0.000000 machine_state m14 w
6 0.000000 machine_state m15 w
6 0.000000 machine_state m16 w
6 0.000000 machine_state m17 w
6 0.000000 machine_state m18 w
6 0.000000 machine_state m19 w
6 0.000000 machine_state m20 w
6 0.000000 machine_state m21 w
6 0.000000 machine_state m22 w
6 0.000000 machine_state m23 w
6 0.000000 machine_state m24 w
6 0.000000 machine_state m25 w
6 0.000000 machine_state m26 w
6 0.000000 machine_state m27 w
6 0.000000 machine_state m28 w
6 0.000000 machine_state m29 w
6 0.000000 machine_state m30 w
6 0.000000 machine_state m31 w
6 0.000000 machine_state m32 w
6 0.000000 machine_state m33 w
6 0.000000 machine_state m34 w
6 0.000000 machine_state m35 w
6 0.000000 machine_state m36 w
6 0.000000 machine_state m37 w
6 0.000000 machine_state m38 w
6 0.000000 machine_state m39 w
6 0.000000 machine_state m40 w
6 0.000000 machine_state m41 w
6 0.000000 machine_state m42 w
6 0.000000 machine_state m43 w
6 0.000000 machine_state m44 w
6 0.000000 machine_state m45 w
6 0.000000 machine_state m46 w
6 0.000000 machine_state m47 w
6 0.000000 machine_state m48 w
6 0.000000 machine_state m49 w
6 0.000000 machine_state m50 w
6 0.000000 machine_state m51 w
6 0.000000 machine_state m52 w
6 0.000000 machine_state m53 w
6 0.000000 machine_state m54 w
6 0.000000 machine_state m55 w
6 0.000000 machine_state m56 w
6 0.000000 machine_state m57 w
6 0.000000 machine_state m58 w
6 0.000000 machine_state m59 w
6 0.000000 machine_state m60 w
6 0.000000 machine_state m61 w
6 0.000000 machine_state m62 w
6 0.000000 machine_state m63 w
6 0.000000 machine_state m64 w
6 0.000000 machine_state m65 w
6 0.000000 machine_state m66 w
6 0.000000 machine_state m67 w
6 0.000000 machine_state m68 w
6 0.000000 machine_state m69 w
6 0.000000 machine_state m70 w
6 0.000000 machine_state m71 w
6 0.000000 machine_state m72 w
6 0.000000 machine_state m73 w
6 0.000000 machine_state m74 w
6 0.000000 machine_state m75 w
6 0.000000 machine_state m76 w
6 0.000000 machine_state m77 w
6 0.000000 machine_state m78 w
6 0.000000 machine_state m79 w
6 0.000000 machine_state m80 w
6 0.000000 machine_state m81 w
6 0.000000 machine_state m82 w
6 0.000000 machine_state m83 w
6 0.000000 machine_state m84 w
6 0.000000 machine_state m85 w
6 0.000000 machine_state m86 w
6 0.000000 machine_state m87 w
6 0.000000 machine_state m88 w
6 0.000000 machine_state m89 w
6 0.000000 machine_state m90 w
6 0.000000 machine_state m91 w
6 0.000000 machine_state m92 w
6 0.000000 machine_state m93 w
6 0.000000 machine_state m94 w
6 0.000000 machine_state m95 w
6 0.000000 machine_state m96 w
6 0.000000 machine_state m97 w
6 0.000000 machine_state m98 w
6 0.000000 machine_state m99 w
6 0.000000 machine_state m100 w
6 0.000000 machine_state m101 w
6 0.000000 machine_state m102 w
6 0.000000 machine_state m103 w
6 0.000000 machine_state m104 w
6 0.000000 machine_state m105 w
6 0.000000 machine_state m106 w
6 0.000000 machine_state m107 w
6 0.000000 machine_state m108 w
6 0.000000 machine_state m109 w
6 0.000000 machine_state m110 w
6 0.000000 machine_state m111 w
6 0.000000 machine_state m112 w
6 0.000000 machine_state m113 w
6 0.000000 machine_state m114 w
6 0.000000 machine_state m115 w
6 0.000000 machine_state m116 w
6 0.000000 machine_state m117 w
6 0.000000 machine_state m118 w
6 0.000000 machine_state m119 w
6 0.000000 machine_state m120 w
6 0.000000 machine_state m121 w
6 0.000000 machine_state m122 w
6 0.000000 machine_state m123 w
6 0.000000 machine_state m124 w
6 0.000000 machine_state m125 w
6 0.000000 machine_state m126 w
6 0.000000 machine_state m127 w
6 0.000000 machine_state m128 w
6 0.000000 machine_state m129 w
6 0.000000 machine_state m130 w
6 0.000000 machine_state m131 w
6 0.000000 machine_state m132 w
6 0.000000 machine_state m133 w
6 0.000000 machine_state m134 w
6 0.000000 machine_state m135 w
6 0.000000 machine_state m136 w
6 0.000000 machine_state m137 w
6 0.000000 machine_state m138 w
6 0.000000 machine_state m139 w
6 0.000000 machine_state m140 w
6 0.000000 machine_state m141 w
6 0.000000 machine_state m142 w
5 j0 machine_state "0" "0.000000 0.812500 1.000000"
6 23.000000 machine_state m0 j0
5 j1 machine_state "1" "1.000000 0.000000 0.000000"
6 39.000000 machine_state m1 j1
6 39.000000 machine_state m2 j1
5 j2 machine_state "2" "1.000000 0.750000 0.000000"
6 58.000000 machine_state m3 j2
6 58.000000 machine_state m4 j2
5 j3 machine_state "3" "0.593750 0.000000 1.000000"
6 77.000000 machine_state m5 j3
6 77.000000 machine_state m6 j3
5 j4 machine_state "4" "0.000000 1.000000 0.062500"
6 96.000000 machine_state m7 j4
5 j5 machine_state "5" "0.687500 0.000000 1.000000"
6 115.000000 machine_state m8 j5
5 j6 machine_state "6" "0.968750 1.000000 0.000000"
6 135.000000 machine_state m9 j6
6 135.000000 machine_state m10 j6
6 135.000000 machine_state m11 j6
6 135.000000 machine_state m12 j6
5 j7 machine_state "7" "0.000000 1.000000 0.718750"
6 156.000000 machine_state m13 j7
6 156.000000 machine_state m14 j7
5 j8 machine_state "8" "0.593750 1.000000 0.000000"
6 174.000000 machine_state m15 j8
6 179.950000 machine_state m1 w
6 179.950000 machine_state m2 w
6 182.481000 machine_state m13 w
6 182.481000 machine_state m14 w
6 183.257000 machine_state m15 w
5 j9 machine_state "9" "0.312500 0.000000 1.000000"
6 194.000000 machine_state m1 j9
6 203.510000 machine_state m8 w
5 j10 machine_state "10" "1.000000 0.000000 0.093750"
6 213.000000 machine_state m2 j10
6 213.000000 machine_state m8 j10
6 222.690000 machine_state m9 w
6 222.690000 machine_state m10 w
6 222.690000 machine_state m11 w
6 222.690000 machine_state m12 w
5 j11 machine_state "11" "1.000000 0.000000 0.187500"
6 233.000000 machine_state m9 j11
6 233.000000 machine_state m10 j11
6 233.000000 machine_state m11 j11
6 233.000000 machine_state m12 j11
6 233.000000 machine_state m13 j11
6 233.000000 machine_state m14 j11
6 233.000000 machine_state m15 j11
6 233.000000 machine_state m16 j11
5 j12 machine_state "12" "1.000000 0.000000 0.937500"
6 254.000000 machine_state m17 j12
6 263.257000 machine_state m17 w
5 j13 machine_state "13" "0.000000 0.156250 1.000000"
6 275.000000 machine_state m17 j13
6 275.000000 machine_state m18 j13
6 275.000000 machine_state m19 j13
6 275.000000 machine_state m20 j13
6 281.800000 machine_state m9 w
6 281.800000 machine_state m10 w
6 281.800000 machine_state m11 w
6 281.800000 machine_state m12 w
6 281.800000 machine_state m13 w
6 281.800000 machine_state m14 w
6 281.800000 machine_state m15 w
6 281.800000 machine_state m16 w
5 j14 machine_state "14" "0.000000 0.718750 1.000000"
6 295.000000 machine_state m9 j14
6 295.000000 machine_state m10 j14
5 j15 machine_state "15" "1.000000 0.000000 0.468750"
6 315.000000 machine_state m11 j15
6 315.000000 machine_state m12 j15
6 321.481000 machine_state m9 w
6 321.481000 machine_state m10 w
6 321.609000 machine_state m11 w
6 321.609000 machine_state m12 w
5 j16 machine_state "16" "0.000000 1.000000 0.812500"
6 336.000000 machine_state m9 j16
6 336.000000 machine_state m10 j16
6 342.800000 machine_state m5 w
6 342.800000 machine_state m6 w
6 353.950000 machine_state m2 w
6 353.950000 machine_state m8 w
5 j17 machine_state "17" "0.000000 0.906250 1.000000"
6 354.000000 machine_state m5 j17
6 354.000000 machine_state m6 j17
6 354.000000 machine_state m11 j17
6 354.000000 machine_state m12 j17
6 357.993000 machine_state m5 w
6 357.993000 machine_state m6 w
6 357.993000 machine_state m11 w
6 357.993000 machine_state m12 w
5 j18 machine_state "18" "0.218750 0.000000 1.000000"
6 373.000000 machine_state m2 j18
6 373.000000 machine_state m5 j18
5 j19 machine_state "19" "0.031250 1.000000 0.000000"
6 392.000000 machine_state m6 j19
6 392.000000 machine_state m8 j19
6 392.000000 machine_state m11 j19
6 392.000000 machine_state m12 j19
6 395.993000 machine_state m6 w
6 395.993000 machine_state m8 w
6 395.993000 machine_state m11 w
6 395.993000 machine_state m12 w
6 398.080000 machine_state m9 w
6 398.080000 machine_state m10 w
5 j20 machine_state "20" "0.000000 1.000000 0.906250"
6 411.000000 machine_state m6 j20
6 420.257000 machine_state m6 w
6 426.940000 machine_state m17 w
6 426.940000 machine_state m18 w
6 426.940000 machine_state m19 w
6 426.940000 machine_state m20 w
5 j21 machine_state "21" "0.781250 1.000000 0.000000"
6 431.000000 machine_state m6 j21
6 431.000000 machine_state m8 j21
6 431.000000 machine_state m9 j21
6 431.000000 machine_state m10 j21
6 447.684000 machine_state m6 w
6 447.684000 machine_state m8 w
6 447.684000 machine_state m9 w
6 447.684000 machine_state m10 w
5 j22 machine_state "22" "0.218750 1.000000 0.000000"
6 451.000000 machine_state m11 j22
6 451.000000 machine_state m12 j22
6 451.000000 machine_state m13 j22
6 451.000000 machine_state m14 j22
6 451.000000 machine_state m15 j22
6 451.000000 machine_state m16 j22
6 451.000000 machine_state m17 j22
6 451.000000 machine_state m18 j22
6 470.294000 machine_state m11 w
6 470.294000 machine_state m12 w
6 470.294000 machine_state m13 w
6 470.294000 machine_state m14 w
6 470.294000 machine_state m15 w
6 470.294000 machine_state m16 w
6 470.294000 machine_state m17 w
6 470.294000 machine_state m18 w
5 j23 machine_state "23" "0.000000 1.000000 0.437500"
6 472.000000 machine_state m6 j23
6 472.000000 machine_state m8 j23
5 j24 machine_state "24" "0.687500 1.000000 0.000000"
6 491.000000 machine_state m9 j24
6 491.000000 machine_state m10 j24
6 497.609000 machine_state m9 w
6 497.609000 machine_state m10 w
5 j25 machine_state "25" "0.000000 1.000000 0.625000"
6 513.000000 machine_state m9 j25
6 513.950000 machine_state m2 w
6 513.950000 machine_state m5 w
5 j26 machine_state "26" "0.000000 1.000000 0.531250"
6 530.000000 machine_state m2 j26
6 530.000000 machine_state m5 j26
5 j27 machine_state "27" "1.000000 0.937500 0.000000"
6 550.000000 machine_state m10 j27
6 550.000000 machine_state m11 j27
6 556.609000 machine_state m10 w
6 556.609000 machine_state m11 w
5 j28 machine_state "28" "1.000000 0.000000 0.562500"
6 567.000000 machine_state m10 j28
6 567.000000 machine_state m11 j28
6 580.480000 machine_state m1 w
5 j29 machine_state "29" "1.000000 0.000000 0.750000"
6 590.000000 machine_state m1 j29
6 590.000000 machine_state m12 j29
6 590.000000 machine_state m13 j29
6 590.000000 machine_state m14 j29
5 j30 machine_state "30" "0.000000 1.000000 1.000000"
6 605.000000 machine_state m15 j30
6 605.000000 machine_state m16 j30
5 j31 machine_state "31" "0.875000 1.000000 0.000000"
6 625.000000 machine_state m17 j31
6 625.000000 machine_state m18 j31
5 j32 machine_state "32" "0.968750 0.000000 1.000000"
6 645.000000 machine_state m19 j32
6 651.590000 machine_state m3 w
6 651.590000 machine_state m4 w
5 j33 machine_state "33" "1.000000 0.093750 0.000000"
6 665.000000 machine_state m3 j33
6 665.000000 machine_state m4 j33
6 671.609000 machine_state m3 w
6 671.609000 machine_state m4 w
6 677.690000 machine_state m1 w
6 677.690000 machine_state m12 w
6 677.690000 machine_state m13 w
6 677.690000 machine_state m14 w
5 j34 machine_state "34" "1.000000 0.000000 0.656250"
6 687.000000 machine_state m1 j34
5 j35 machine_state "35" "0.500000 0.000000 1.000000"
6 702.000000 machine_state m3 j35
6 702.000000 machine_state m4 j35
6 708.609000 machine_state m3 w
6 708.609000 machine_state m4 w
5 j36 machine_state "36" "1.000000 0.000000 0.843750"
6 723.000000 machine_state m3 j36
5 j37 machine_state "37" "0.000000 1.000000 0.343750"
6 742.000000 machine_state m4 j37
6 742.000000 machine_state m12 j37
6 742.000000 machine_state m13 j37
6 742.000000 machine_state m14 j37
6 742.000000 machine_state m20 j37
6 742.000000 machine_state m21 j37
6 742.000000 machine_state m22 j37
6 742.000000 machine_state m23 j37
6 745.950000 machine_state m15 w
6 745.950000 machine_state m16 w
5 j38 machine_state "38" "0.000000 0.531250 1.000000"
6 762.000000 machine_state m15 j38
6 762.000000 machine_state m16 j38
6 762.000000 machine_state m24 j38
6 762.000000 machine_state m25 j38
6 765.993000 machine_state m15 w
6 765.993000 machine_state m16 w
6 765.993000 machine_state m24 w
6 765.993000 machine_state m25 w
5 j39 machine_state "39" "0.125000 0.000000 1.000000"
6 781.000000 machine_state m15 j39
6 781.000000 machine_state m16 j39
6 792.990000 machine_state m9 w
6 795.800000 machine_state m2 w
6 795.800000 machine_state m5 w
5 j40 machine_state "40" "1.000000 0.843750 0.000000"
6 802.000000 machine_state m2 j40
6 802.000000 machine_state m5 j40
6 807.481000 machine_state m15 w
6 807.481000 machine_state m16 w
5 j41 machine_state "41" "0.000000 0.437500 1.000000"
6 821.000000 machine_state m9 j41
6 828.481000 machine_state m2 w
6 828.481000 machine_state m5 w
5 j42 machine_state "42" "0.781250 0.000000 1.000000"
6 841.000000 machine_state m2 j42
6 841.000000 machine_state m5 j42
5 j43 machine_state "43" "0.031250 0.000000 1.000000"
6 862.000000 machine_state m15 j43
6 862.000000 machine_state m16 j43
6 862.000000 machine_state m24 j43
6 862.000000 machine_state m25 j43
5 j44 machine_state "44" "1.000000 0.375000 0.000000"
6 883.000000 machine_state m26 j44
6 883.000000 machine_state m27 j44
6 897.932000 machine_state m15 w
6 897.932000 machine_state m16 w
6 897.932000 machine_state m24 w
6 897.932000 machine_state m25 w
5 j45 machine_state "45" "1.000000 0.187500 0.000000"
6 907.000000 machine_state m15 j45
6 907.000000 machine_state m16 j45
6 907.000000 machine_state m24 j45
6 907.000000 machine_state m25 j45
6 907.000000 machine_state m28 j45
6 907.000000 machine_state m29 j45
6 907.000000 machine_state m30 j45
6 907.000000 machine_state m31 j45
5 j46 machine_state "46" "0.875000 0.000000 1.000000"
6 921.000000 machine_state m32 j46
6 921.080000 machine_state m4 w
6 921.080000 machine_state m12 w
6 921.080000 machine_state m13 w
6 921.080000 machine_state m14 w
6 921.080000 machine_state m20 w
6 921.080000 machine_state m21 w
6 921.080000 machine_state m22 w
6 921.080000 machine_state m23 w
6 926.294000 machine_state m15 w
6 926.294000 machine_state m16 w
6 926.294000 machine_state m24 w
6 926.294000 machine_state m25 w
6 926.294000 machine_state m28 w
6 926.294000 machine_state m29 w
6 926.294000 machine_state m30 w
6 926.294000 machine_state m31 w
5 j47 machine_state "47" "1.000000 0.468750 0.000000"
6 939.000000 machine_state m4 j47
6 939.000000 machine_state m12 j47
6 945.080000 machine_state m26 w
6 945.080000 machine_state m27 w
5 j48 machine_state "48" "0.000000 0.062500 1.000000"
6 959.000000 machine_state m13 j48
5 j49 machine_state "49" "0.125000 1.000000 0.000000"
6 979.000000 machine_state m14 j49
6 979.000000 machine_state m15 j49
5 j50 machine_state "50" "0.000000 0.343750 1.000000"
6 1000.000000 machine_state m16 j50
5 j51 machine_state "51" "1.000000 0.656250 0.000000"
6 1020.000000 machine_state m20 j51
6 1020.000000 machine_state m21 j51
6 1031.480000 machine_state m19 w
5 j52 machine_state "52" "1.000000 0.281250 0.000000"
6 1041.000000 machine_state m19 j52
6 1050.257000 machine_state m19 w
5 j53 machine_state "53" "1.000000 0.000000 0.281250"
6 1060.000000 machine_state m19 j53
6 1065.590000 machine_state m6 w
6 1065.590000 machine_state m8 w
6 1073.480000 machine_state m1 w
5 j54 machine_state "54" "0.000000 0.250000 1.000000"
6 1078.000000 machine_state m6 j54
6 1079.950000 machine_state m4 w
6 1079.950000 machine_state m12 w
5 j55 machine_state "55" "1.000000 0.562500 0.000000"
6 1095.000000 machine_state m1 j55
6 1095.000000 machine_state m4 j55
6 1101.609000 machine_state m1 w
6 1101.609000 machine_state m4 w
5 j56 machine_state "56" "0.312500 1.000000 0.000000"
6 1114.000000 machine_state m1 j56
6 1114.000000 machine_state m4 j56
6 1119.950000 machine_state m14 w
6 1119.950000 machine_state m15 w
6 1120.609000 machine_state m1 w
6 1120.609000 machine_state m4 w
5 j57 machine_state "57" "0.500000 1.000000 0.000000"
6 1134.000000 machine_state m1 j57
6 1134.000000 machine_state m4 j57
6 1148.510000 machine_state m19 w
5 j58 machine_state "58" "1.000000 0.000000 0.375000"
6 1158.000000 machine_state m8 j58
6 1158.000000 machine_state m12 j58
6 1160.590000 machine_state m10 w
6 1160.590000 machine_state m11 w
6 1160.950000 machine_state m20 w
6 1160.950000 machine_state m21 w
6 1166.510000 machine_state m6 w
5 j59 machine_state "59" "0.406250 1.000000 0.000000"
6 1180.000000 machine_state m6 j59
6 1180.000000 machine_state m10 j59
6 1184.481000 machine_state m8 w
6 1184.481000 machine_state m12 w
5 j60 machine_state "60" "0.000000 1.000000 0.250000"
6 1195.000000 machine_state m8 j60
6 1199.930000 machine_state m0 w
5 j61 machine_state "61" "0.000000 0.625000 1.000000"
6 1214.000000 machine_state m0 j61
6 1214.000000 machine_state m11 j61
6 1214.000000 machine_state m12 j61
6 1214.000000 machine_state m14 j61
6 1218.590000 machine_state m17 w
6 1218.590000 machine_state m18 w
5 j62 machine_state "62" "0.000000 1.000000 0.156250"
6 1233.000000 machine_state m15 j62
6 1233.000000 machine_state m17 j62
6 1233.000000 machine_state m18 j62
6 1233.000000 machine_state m19 j62
6 1249.684000 machine_state m15 w
6 1249.684000 machine_state m17 w
6 1249.684000 machine_state m18 w
6 1249.684000 machine_state m19 w
6 1249.932000 machine_state m0 w
6 1249.932000 machine_state m11 w
6 1249.932000 machine_state m12 w
6 1249.932000 machine_state m14 w
5 j63 machine_state "63" "0.406250 0.000000 1.000000"
6 1254.000000 machine_state m20 j63
6 1272.930000 machine_state m7 w
5 j64 machine_state "64" "0.000000 0.812500 1.000000"
6 1275.000000 machine_state m0 j64
6 1275.000000 machine_state m11 j64
5 j65 machine_state "65" "1.000000 0.000000 0.000000"
6 1295.000000 machine_state m7 j65
6 1295.000000 machine_state m12 j65
6 1295.000000 machine_state m14 j65
6 1295.000000 machine_state m15 j65
6 1311.684000 machine_state m7 w
6 1311.684000 machine_state m12 w
6 1311.684000 machine_state m14 w
6 1311.684000 machine_state m15 w
5 j66 machine_state "66" "1.000000 0.750000 0.000000"
6 1315.000000 machine_state m17 j66
6 1315.000000 machine_state m18 j66
6 1320.950000 machine_state m6 w
6 1320.950000 machine_state m10 w
5 j67 machine_state "67" "0.593750 0.000000 1.000000"
6 1333.000000 machine_state m6 j67
6 1333.000000 machine_state m7 j67
6 1337.080000 machine_state m0 w
6 1337.080000 machine_state m11 w
6 1342.510000 machine_state m20 w
5 j68 machine_state "68" "0.000000 1.000000 0.062500"
6 1352.000000 machine_state m0 j68
5 j69 machine_state "69" "0.687500 0.000000 1.000000"
6 1368.000000 machine_state m10 j69
6 1386.480000 machine_state m16 w
5 j70 machine_state "70" "0.968750 1.000000 0.000000"
6 1389.000000 machine_state m11 j70
5 j71 machine_state "71" "0.000000 1.000000 0.718750"
6 1410.000000 machine_state m12 j71
6 1410.000000 machine_state m14 j71
6 1410.000000 machine_state m15 j71
6 1410.000000 machine_state m16 j71
5 j72 machine_state "72" "0.593750 1.000000 0.000000"
6 1431.000000 machine_state m19 j72
6 1431.000000 machine_state m20 j72
6 1434.590000 machine_state m2 w
6 1434.590000 machine_state m5 w
6 1445.932000 machine_state m12 w
6 1445.932000 machine_state m14 w
6 1445.932000 machine_state m15 w
6 1445.932000 machine_state m16 w
5 j73 machine_state "73" "0.312500 0.000000 1.000000"
6 1449.000001 machine_state m2 j73
6 1449.000001 machine_state m5 j73
6 1455.950000 machine_state m17 w
6 1455.950000 machine_state m18 w
6 1456.510000 machine_state m10 w
5 j74 machine_state "74" "1.000000 0.000000 0.093750"
6 1470.000000 machine_state m10 j74
6 1473.950000 machine_state m6 w
6 1473.950000 machine_state m7 w
6 1474.990000 machine_state m8 w
5 j75 machine_state "75" "1.000000 0.000000 0.187500"
6 1489.000000 machine_state m6 j75
6 1489.000000 machine_state m7 j75
6 1495.609000 machine_state m6 w
6 1495.609000 machine_state m7 w
5 j76 machine_state "76" "1.000000 0.000000 0.937500"
6 1510.000000 machine_state m6 j76
6 1510.000000 machine_state m7 j76
5 j77 machine_state "77" "0.000000 0.156250 1.000000"
6 1530.000000 machine_state m8 j77
6 1530.000000 machine_state m12 j77
6 1536.481000 machine_state m6 w
6 1536.481000 machine_state m7 w
5 j78 machine_state "78" "0.000000 0.718750 1.000000"
6 1548.000000 machine_state m6 j78
6 1548.000000 machine_state m7 j78
5 j79 machine_state "79" "1.000000 0.000000 0.468750"
6 1568.000000 machine_state m14 j79
6 1568.000000 machine_state m15 j79
6 1571.950000 machine_state m19 w
6 1571.950000 machine_state m20 w
5 j80 machine_state "80" "0.000000 1.000000 0.812500"
6 1589.000000 machine_state m16 j80
6 1589.000000 machine_state m17 j80
6 1589.950001 machine_state m2 w
6 1589.950001 machine_state m5 w
6 1594.481000 machine_state m14 w
6 1594.481000 machine_state m15 w
5 j81 machine_state "81" "0.000000 0.906250 1.000000"
6 1608.000000 machine_state m2 j81
6 1608.000000 machine_state m5 j81
6 1608.000000 machine_state m14 j81
6 1608.000000 machine_state m15 j81
6 1608.000000 machine_state m18 j81
6 1608.000000 machine_state m19 j81
6 1608.000000 machine_state m20 j81
6 1608.000000 machine_state m21 j81
5 j82 machine_state "82" "0.218750 0.000000 1.000000"
6 1627.000000 machine_state m22 j82
6 1627.000000 machine_state m23 j82
6 1631.990000 machine_state m0 w
5 j83 machine_state "83" "0.031250 1.000000 0.000000"
6 1646.000000 machine_state m0 j83
6 1646.000000 machine_state m24 j83
6 1646.000000 machine_state m25 j83
6 1646.000000 machine_state m26 j83
5 j84 machine_state "84" "0.000000 1.000000 0.906250"
6 1666.000000 machine_state m27 j84
6 1666.000000 machine_state m28 j84
6 1666.000000 machine_state m29 j84
6 1666.000000 machine_state m30 j84
6 1668.990000 machine_state m11 w
6 1670.950000 machine_state m8 w
6 1670.950000 machine_state m12 w
5 j85 machine_state "85" "0.781250 1.000000 0.000000"
6 1686.000000 machine_state m8 j85
6 1686.000000 machine_state m11 j85
6 1727.590000 machine_state m1 w
6 1727.590000 machine_state m4 w
6 1733.690000 machine_state m0 w
6 1733.690000 machine_state m24 w
6 1733.690000 machine_state m25 w
6 1733.690000 machine_state m26 w
5 j87 machine_state "87" "0.000000 1.000000 0.437500"
6 1738.000000 machine_state m0 j87
6 1738.000000 machine_state m1 j87
6 1738.000000 machine_state m4 j87
6 1738.000000 machine_state m12 j87
6 1738.000000 machine_state m24 j87
6 1738.000000 machine_state m25 j87
6 1738.000000 machine_state m26 j87
6 1738.000000 machine_state m31 j87
5 j89 machine_state "89" "0.000000 1.000000 0.625000"
6 1767.000000 machine_state m33 j89
6 1787.080000 machine_state m2 w
6 1787.080000 machine_state m5 w
6 1787.080000 machine_state m14 w
6 1787.080000 machine_state m15 w
6 1787.080000 machine_state m18 w
6 1787.080000 machine_state m19 w
6 1787.080000 machine_state m20 w
6 1787.080000 machine_state m21 w
5 j88 machine_state "88" "0.687500 1.000000 0.000000"
6 1792.000000 machine_state m2 j88
6 1792.000000 machine_state m5 j88
6 1792.000000 machine_state m14 j88
6 1792.000000 machine_state m15 j88
5 j90 machine_state "90" "0.000000 1.000000 0.531250"
6 1792.000000 machine_state m18 j90
6 1792.000000 machine_state m19 j90
6 1792.000000 machine_state m20 j90
6 1792.000000 machine_state m21 j90
6 1813.800000 machine_state m6 w
6 1813.800000 machine_state m7 w
6 1827.932000 machine_state m18 w
6 1827.932000 machine_state m19 w
6 1827.932000 machine_state m20 w
6 1827.932000 machine_state m21 w
5 j91 machine_state "91" "1.000000 0.937500 0.000000"
6 1832.000000 machine_state m6 j91
6 1832.000000 machine_state m7 j91
6 1832.000000 machine_state m18 j91
6 1832.000000 machine_state m19 j91
5 j92 machine_state "92" "1.000000 0.000000 0.562500"
6 1832.000000 machine_state m20 j92
6 1832.000000 machine_state m21 j92
6 1854.800000 machine_state m16 w
6 1854.800000 machine_state m17 w
6 1856.480000 machine_state m10 w
5 j93 machine_state "93" "1.000000 0.000000 0.750000"
6 1859.000000 machine_state m16 j93
6 1867.932000 machine_state m6 w
6 1867.932000 machine_state m7 w
6 1867.932000 machine_state m18 w
6 1867.932000 machine_state m19 w
6 1868.257000 machine_state m16 w
5 j94 machine_state "94" "0.000000 1.000000 1.000000"
6 1874.000000 machine_state m6 j94
6 1874.000000 machine_state m7 j94
6 1874.000000 machine_state m10 j94
6 1874.000000 machine_state m16 j94
5 j95 machine_state "95" "0.875000 1.000000 0.000000"
6 1881.000000 machine_state m17 j95
6 1890.257000 machine_state m17 w
6 1892.800000 machine_state m22 w
6 1892.800000 machine_state m23 w
6 1899.930000 machine_state m3 w
5 j96 machine_state "96" "0.968750 0.000000 1.000000"
6 1900.000000 machine_state m17 j96
6 1900.000000 machine_state m18 j96
6 1906.609000 machine_state m17 w
6 1906.609000 machine_state m18 w
6 1917.080000 machine_state m0 w
6 1917.080000 machine_state m1 w
6 1917.080000 machine_state m4 w
6 1917.080000 machine_state m12 w
6 1917.080000 machine_state m24 w
6 1917.080000 machine_state m25 w
6 1917.080000 machine_state m26 w
6 1917.080000 machine_state m31 w
5 j97 machine_state "97" "1.000000 0.093750 0.000000"
6 1918.000000 machine_state m3 j97
6 1918.000000 machine_state m17 j97
5 j98 machine_state "98" "1.000000 0.000000 0.656250"
6 1936.000000 machine_state m0 j98
6 1936.000000 machine_state m1 j98
6 1936.000000 machine_state m4 j98
6 1936.000000 machine_state m12 j98
6 1936.000000 machine_state m18 j98
6 1936.000000 machine_state m19 j98
6 1936.000000 machine_state m22 j98
6 1936.000000 machine_state m23 j98
6 1943.940000 machine_state m2 w
6 1943.940000 machine_state m5 w
6 1943.940000 machine_state m14 w
6 1943.940000 machine_state m15 w
6 1944.481000 machine_state m3 w
6 1944.481000 machine_state m17 w
6 1956.530000 machine_state m27 w
6 1956.530000 machine_state m28 w
6 1956.530000 machine_state m29 w
6 1956.530000 machine_state m30 w
5 j99 machine_state "99" "0.500000 0.000000 1.000000"
6 1958.000000 machine_state m2 j99
6 1958.000000 machine_state m3 j99
5 j100 machine_state "100" "1.000000 0.000000 0.843750"
6 1974.000000 machine_state m5 j100
6 1974.000000 machine_state m14 j100
5 j101 machine_state "101" "0.000000 1.000000 0.343750"
6 1993.000000 machine_state m15 j101
6 1993.000000 machine_state m17 j101
6 1993.000000 machine_state m24 j101
6 1993.000000 machine_state m25 j101
6 1997.930000 machine_state m9 w
5 j102 machine_state "102" "0.000000 0.531250 1.000000"
6 2011.000000 machine_state m9 j102
6 2011.000000 machine_state m26 j102
6 2025.940000 machine_state m6 w
6 2025.940000 machine_state m7 w
6 2025.940000 machine_state m10 w
6 2025.940000 machine_state m16 w
5 j103 machine_state "103" "0.125000 0.000000 1.000000"
6 2030.000000 machine_state m27 j103
6 2030.000000 machine_state m28 j103
6 2030.000000 machine_state m29 j103
6 2030.000000 machine_state m30 j103
5 j104 machine_state "104" "1.000000 0.843750 0.000000"
6 2049.000000 machine_state m6 j104
5 j105 machine_state "105" "0.000000 0.437500 1.000000"
6 2067.000000 machine_state m7 j105
5 j106 machine_state "106" "0.781250 0.000000 1.000000"
6 2087.000000 machine_state m10 j106
6 2097.930000 machine_state m32 w
6 2098.950000 machine_state m2 w
6 2098.950000 machine_state m3 w
5 j107 machine_state "107" "0.031250 0.000000 1.000000"
6 2107.000000 machine_state m2 j107
6 2107.000000 machine_state m3 j107
6 2117.690000 machine_state m27 w
6 2117.690000 machine_state m28 w
6 2117.690000 machine_state m29 w
6 2117.690000 machine_state m30 w
5 j108 machine_state "108" "1.000000 0.375000 0.000000"
6 2127.000000 machine_state m16 j108
6 2133.481000 machine_state m2 w
6 2133.481000 machine_state m3 w
6 2135.930000 machine_state m13 w
6 2144.940000 machine_state m15 w
6 2144.940000 machine_state m17 w
6 2144.940000 machine_state m24 w
6 2144.940000 machine_state m25 w
5 j109 machine_state "109" "1.000000 0.187500 0.000000"
6 2148.000000 machine_state m2 j109
6 2151.950000 machine_state m9 w
6 2151.950000 machine_state m26 w
6 2155.510000 machine_state m7 w
5 j110 machine_state "110" "0.875000 0.000000 1.000000"
6 2163.000000 machine_state m3 j110
6 2163.000000 machine_state m7 j110
5 j111 machine_state "111" "1.000000 0.468750 0.000000"
6 2182.000000 machine_state m9 j111
6 2182.000000 machine_state m13 j111
5 j112 machine_state "112" "0.000000 0.062500 1.000000"
6 2203.000000 machine_state m15 j112
6 2203.000000 machine_state m17 j112
6 2203.000000 machine_state m24 j112
6 2203.000000 machine_state m25 j112
5 j113 machine_state "113" "0.125000 1.000000 0.000000"
6 2223.000000 machine_state m26 j113
6 2223.000000 machine_state m27 j113
6 2223.000000 machine_state m28 j113
6 2223.000000 machine_state m29 j113
6 2225.080000 machine_state m3 w
6 2225.080000 machine_state m7 w
5 j114 machine_state "114" "0.000000 0.343750 1.000000"
6 2242.000000 machine_state m3 j114
6 2242.000000 machine_state m7 j114
6 2244.080000 machine_state m9 w
6 2244.080000 machine_state m13 w
5 j115 machine_state "115" "1.000000 0.656250 0.000000"
6 2263.000000 machine_state m9 j115
6 2263.000000 machine_state m13 j115
6 2263.000000 machine_state m30 j115
6 2263.000000 machine_state m31 j115
6 2279.590000 machine_state m8 w
6 2279.590000 machine_state m11 w
5 j116 machine_state "116" "1.000000 0.281250 0.000000"
6 2287.000000 machine_state m8 j116
6 2287.000000 machine_state m11 j116
5 j118 machine_state "118" "0.000000 0.250000 1.000000"
6 2321.000000 machine_state m32 j118
6 2328.990000 machine_state m6 w
6 2350.690000 machine_state m9 w
6 2350.690000 machine_state m13 w
6 2350.690000 machine_state m30 w
6 2350.690000 machine_state m31 w
5 j117 machine_state "117" "1.000000 0.000000 0.281250"
6 2355.000000 machine_state m6 j117
6 2355.000000 machine_state m9 j117
5 j119 machine_state "119" "1.000000 0.562500 0.000000"
6 2355.000000 machine_state m13 j119
6 2355.000000 machine_state m30 j119
6 2374.940000 machine_state m26 w
6 2374.940000 machine_state m27 w
6 2374.940000 machine_state m28 w
6 2374.940000 machine_state m29 w
5 j120 machine_state "120" "0.312500 1.000000 0.000000"
6 2379.000000 machine_state m26 j120
6 2379.000000 machine_state m27 j120
5 j121 machine_state "121" "0.500000 1.000000 0.000000"
6 2384.000000 machine_state m28 j121
5 j122 machine_state "122" "1.000000 0.000000 0.375000"
6 2401.000000 machine_state m29 j122
6 2406.990000 machine_state m16 w
6 2410.257000 machine_state m29 w
5 j123 machine_state "123" "0.406250 1.000000 0.000000"
6 2421.000000 machine_state m16 j123
6 2421.000000 machine_state m29 j123
6 2425.590000 machine_state m20 w
6 2425.590000 machine_state m21 w
6 2427.609000 machine_state m16 w
6 2427.609000 machine_state m29 w
5 j124 machine_state "124" "0.000000 1.000000 0.250000"
6 2440.000000 machine_state m16 j124
6 2440.000000 machine_state m20 j124
6 2440.000000 machine_state m21 j124
6 2440.000000 machine_state m29 j124
5 j125 machine_state "125" "0.000000 0.625000 1.000000"
6 2460.000000 machine_state m31 j125
6 2472.510000 machine_state m28 w
6 2493.530000 machine_state m15 w
6 2493.530000 machine_state m17 w
6 2493.530000 machine_state m24 w
6 2493.530000 machine_state m25 w
6 2495.950000 machine_state m13 w
6 2495.950000 machine_state m30 w
5 j126 machine_state "126" "0.000000 1.000000 0.156250"
6 2498.000000 machine_state m15 j126
6 2498.000000 machine_state m17 j126
6 2498.000000 machine_state m24 j126
6 2498.000000 machine_state m25 j126
5 j127 machine_state "127" "0.406250 0.000000 1.000000"
6 2503.000000 machine_state m13 j127
6 2507.800000 machine_state m3 w
6 2507.800000 machine_state m7 w
5 j128 machine_state "128" "0.000000 0.812500 1.000000"
6 2520.000000 machine_state m3 j128
6 2520.000000 machine_state m7 j128
6 2520.000000 machine_state m28 j128
6 2520.000000 machine_state m30 j128
6 2527.690000 machine_state m16 w
6 2527.690000 machine_state m20 w
6 2527.690000 machine_state m21 w
6 2527.690000 machine_state m29 w
6 2536.684000 machine_state m3 w
6 2536.684000 machine_state m7 w
6 2536.684000 machine_state m28 w
6 2536.684000 machine_state m30 w
5 j129 machine_state "129" "1.000000 0.000000 0.000000"
6 2537.000000 machine_state m16 j129
6 2537.000000 machine_state m20 j129
6 2543.609000 machine_state m16 w
6 2543.609000 machine_state m20 w
6 2548.510000 machine_state m31 w
5 j130 machine_state "130" "1.000000 0.750000 0.000000"
6 2558.000000 machine_state m3 j130
6 2558.000000 machine_state m7 j130
6 2558.000000 machine_state m16 j130
6 2558.000000 machine_state m20 j130
6 2567.590000 machine_state m5 w
6 2567.590000 machine_state m14 w
6 2574.684000 machine_state m3 w
6 2574.684000 machine_state m7 w
6 2574.684000 machine_state m16 w
6 2574.684000 machine_state m20 w
5 j131 machine_state "131" "0.593750 0.000000 1.000000"
6 2577.000000 machine_state m5 j131
6 2577.000000 machine_state m14 j131
6 2591.510000 machine_state m13 w
5 j132 machine_state "132" "0.000000 1.000000 0.062500"
6 2596.000000 machine_state m3 j132
6 2596.000000 machine_state m7 j132
5 j133 machine_state "133" "0.687500 0.000000 1.000000"
6 2614.000000 machine_state m13 j133
6 2622.481000 machine_state m3 w
6 2622.481000 machine_state m7 w
5 j134 machine_state "134" "0.968750 1.000000 0.000000"
6 2633.000000 machine_state m3 j134
6 2633.000000 machine_state m7 j134
6 2649.940000 machine_state m15 w
6 2649.940000 machine_state m17 w
6 2649.940000 machine_state m24 w
6 2649.940000 machine_state m25 w
5 j135 machine_state "135" "0.000000 1.000000 0.718750"
6 2653.000000 machine_state m16 j135
6 2653.000000 machine_state m20 j135
6 2659.481000 machine_state m3 w
6 2659.481000 machine_state m7 w
5 j136 machine_state "136" "0.593750 1.000000 0.000000"
6 2670.000000 machine_state m3 j136
5 j137 machine_state "137" "0.312500 0.000000 1.000000"
6 2688.000000 machine_state m7 j137
6 2688.000000 machine_state m15 j137
6 2702.510000 machine_state m13 w
6 2707.480000 machine_state m32 w
5 j138 machine_state "138" "1.000000 0.000000 0.093750"
6 2712.000000 machine_state m13 j138
6 2712.000000 machine_state m17 j138
6 2715.080000 machine_state m16 w
6 2715.080000 machine_state m20 w
6 2717.950000 machine_state m5 w
6 2717.950000 machine_state m14 w
5 j139 machine_state "139" "1.000000 0.000000 0.187500"
6 2732.000000 machine_state m5 j139
6 2732.000000 machine_state m14 j139
5 j140 machine_state "140" "1.000000 0.000000 0.937500"
6 2749.000000 machine_state m16 j140
6 2749.000000 machine_state m20 j140
5 j141 machine_state "141" "0.000000 0.156250 1.000000"
6 2764.000000 machine_state m21 j141
6 2774.080000 machine_state m13 w
6 2774.080000 machine_state m17 w
5 j142 machine_state "142" "0.000000 0.718750 1.000000"
6 2784.000000 machine_state m13 j142
6 2794.080000 machine_state m5 w
6 2794.080000 machine_state m14 w
5 j143 machine_state "143" "1.000000 0.000000 0.468750"
6 2804.000000 machine_state m5 j143
6 2804.000000 machine_state m14 j143
5 j144 machine_state "144" "0.000000 1.000000 0.812500"
6 2820.000000 machine_state m17 j144
5 j145 machine_state "145" "0.000000 0.906250 1.000000"
6 2839.000000 machine_state m24 j145
6 2839.000000 machine_state m25 j145
5 j146 machine_state "146" "0.218750 0.000000 1.000000"
6 2859.000000 machine_state m28 j146
6 2859.000000 machine_state m29 j146
6 2865.481000 machine_state m24 w
6 2865.481000 machine_state m25 w
6 2865.609000 machine_state m28 w
6 2865.609000 machine_state m29 w
6 2872.510000 machine_state m13 w
5 j147 machine_state "147" "0.031250 1.000000 0.000000"
6 2880.000000 machine_state m13 j147
6 2880.000000 machine_state m24 j147
6 2880.590000 machine_state m8 w
6 2880.590000 machine_state m11 w
5 j148 machine_state "148" "0.000000 1.000000 0.906250"
6 2898.000000 machine_state m8 j148
6 2898.000000 machine_state m11 j148
5 j149 machine_state "149" "0.781250 1.000000 0.000000"
6 2918.000000 machine_state m25 j149
6 2918.000000 machine_state m28 j149
6 2918.000000 machine_state m29 j149
6 2918.000000 machine_state m30 j149
6 2924.481000 machine_state m8 w
6 2924.481000 machine_state m11 w
5 j150 machine_state "150" "0.218750 1.000000 0.000000"
6 2938.000000 machine_state m8 j150
6 2938.000000 machine_state m11 j150
6 2938.000000 machine_state m31 j150
6 2938.000000 machine_state m32 j150
6 2943.930000 machine_state m33 w
6 2944.950000 machine_state m5 w
6 2944.950000 machine_state m14 w
6 2948.590000 machine_state m6 w
6 2948.590000 machine_state m9 w
6 2949.990000 machine_state m3 w
6 2953.800000 machine_state m7 w
6 2953.800000 machine_state m15 w
5 j151 machine_state "151" "0.000000 1.000000 0.437500"
6 2963.000000 machine_state m3 j151
6 2972.590000 machine_state m26 w
6 2972.590000 machine_state m27 w
5 j152 machine_state "152" "0.687500 1.000000 0.000000"
6 2982.000000 machine_state m5 j152
6 2982.000000 machine_state m6 j152
5 j153 machine_state "153" "0.000000 1.000000 0.625000"
6 2995.000000 machine_state m7 j153
6 2995.000000 machine_state m9 j153
5 j154 machine_state "154" "0.000000 1.000000 0.531250"
6 3017.000000 machine_state m14 j154
6 3017.000000 machine_state m15 j154
6 3021.481000 machine_state m7 w
6 3021.481000 machine_state m9 w
5 j155 machine_state "155" "1.000000 0.937500 0.000000"
6 3038.000000 machine_state m7 j155
6 3047.257000 machine_state m7 w
5 j156 machine_state "156" "1.000000 0.000000 0.562500"
6 3058.000000 machine_state m7 j156
6 3069.940000 machine_state m25 w
6 3069.940000 machine_state m28 w
6 3069.940000 machine_state m29 w
6 3069.940000 machine_state m30 w
5 j157 machine_state "157" "1.000000 0.000000 0.750000"
6 3079.000000 machine_state m9 j157
6 3079.000000 machine_state m25 j157
6 3079.000000 machine_state m26 j157
6 3079.000000 machine_state m27 j157
5 j158 machine_state "158" "0.000000 1.000000 1.000000"
6 3098.000000 machine_state m28 j158
6 3098.000000 machine_state m29 j158
6 3099.990000 machine_state m17 w
5 j159 machine_state "159" "0.875000 1.000000 0.000000"
6 3117.000000 machine_state m17 j159
6 3117.000000 machine_state m30 j159
6 3143.481000 machine_state m17 w
6 3143.481000 machine_state m30 w
6 3157.950000 machine_state m14 w
6 3157.950000 machine_state m15 w
6 3160.080000 machine_state m28 w
6 3160.080000 machine_state m29 w
5 j160 machine_state "160" "0.968750 0.000000 1.000000"
6 3162.000000 machine_state m14 j160
6 3162.000000 machine_state m15 j160
6 3162.000000 machine_state m17 j160
6 3162.000000 machine_state m30 j160
6 3166.690000 machine_state m9 w
6 3166.690000 machine_state m25 w
6 3166.690000 machine_state m26 w
6 3166.690000 machine_state m27 w
5 j161 machine_state "161" "1.000000 0.093750 0.000000"
6 3172.000000 machine_state m9 j161
6 3172.000000 machine_state m25 j161
6 3172.000000 machine_state m26 j161
6 3172.000000 machine_state m27 j161
5 j162 machine_state "162" "1.000000 0.000000 0.656250"
6 3177.000000 machine_state m28 j162
6 3177.000000 machine_state m29 j162
6 3207.932000 machine_state m9 w
6 3207.932000 machine_state m25 w
6 3207.932000 machine_state m26 w
6 3207.932000 machine_state m27 w
5 j163 machine_state "163" "0.500000 0.000000 1.000000"
6 3212.000000 machine_state m9 j163
6 3212.000000 machine_state m25 j163
6 3212.000000 machine_state m26 j163
6 3212.000000 machine_state m27 j163
6 3215.993000 machine_state m9 w
6 3215.993000 machine_state m25 w
6 3215.993000 machine_state m26 w
6 3215.993000 machine_state m27 w
5 j164 machine_state "164" "1.000000 0.000000 0.843750"
6 3222.000000 machine_state m9 j164
6 3222.000000 machine_state m25 j164
6 3228.530000 machine_state m8 w
6 3228.530000 machine_state m11 w
6 3228.530000 machine_state m31 w
6 3228.530000 machine_state m32 w
5 j165 machine_state "165" "0.000000 1.000000 0.343750"
6 3238.000000 machine_state m8 j165
6 3239.080000 machine_state m28 w
6 3239.080000 machine_state m29 w
6 3247.257000 machine_state m8 w
5 j166 machine_state "166" "0.000000 0.531250 1.000000"
6 3257.000000 machine_state m8 j166
6 3263.930000 machine_state m10 w
5 j167 machine_state "167" "0.125000 0.000000 1.000000"
6 3274.000000 machine_state m10 j167
6 3284.080000 machine_state m9 w
6 3284.080000 machine_state m25 w
5 j168 machine_state "168" "1.000000 0.843750 0.000000"
6 3294.000000 machine_state m9 j168
6 3294.000000 machine_state m11 j168
5 j169 machine_state "169" "0.000000 0.437500 1.000000"
6 3315.000000 machine_state m25 j169
6 3315.000000 machine_state m26 j169
6 3324.930000 machine_state m2 w
5 j170 machine_state "170" "0.781250 0.000000 1.000000"
6 3334.000000 machine_state m2 j170
6 3334.000000 machine_state m27 j170
6 3342.590000 machine_state m16 w
6 3342.590000 machine_state m20 w
6 3349.480000 machine_state m3 w
5 j171 machine_state "171" "0.031250 0.000000 1.000000"
6 3352.000000 machine_state m16 j171
6 3352.000000 machine_state m20 j171
6 3360.481000 machine_state m2 w
6 3360.481000 machine_state m27 w
5 j172 machine_state "172" "1.000000 0.375000 0.000000"
6 3371.000000 machine_state m2 j172
6 3371.000000 machine_state m3 j172
6 3377.609000 machine_state m2 w
6 3377.609000 machine_state m3 w
6 3378.481000 machine_state m16 w
6 3378.481000 machine_state m20 w
5 j173 machine_state "173" "1.000000 0.187500 0.000000"
6 3392.000000 machine_state m2 j173
6 3401.257000 machine_state m2 w
5 j174 machine_state "174" "0.875000 0.000000 1.000000"
6 3411.000000 machine_state m2 j174
6 3411.000000 machine_state m3 j174
6 3411.000000 machine_state m16 j174
6 3411.000000 machine_state m20 j174
5 j175 machine_state "175" "1.000000 0.468750 0.000000"
6 3428.000000 machine_state m27 j175
6 3428.000000 machine_state m28 j175
6 3434.609000 machine_state m27 w
6 3434.609000 machine_state m28 w
5 j176 machine_state "176" "0.000000 0.062500 1.000000"
6 3448.000000 machine_state m27 j176
6 3448.000000 machine_state m28 j176
6 3448.000000 machine_state m29 j176
6 3448.000000 machine_state m31 j176
6 3452.530000 machine_state m14 w
6 3452.530000 machine_state m15 w
6 3452.530000 machine_state m17 w
6 3452.530000 machine_state m30 w
5 j177 machine_state "177" "0.125000 1.000000 0.000000"
6 3469.000000 machine_state m14 j177
6 3469.000000 machine_state m15 j177
6 3469.000000 machine_state m17 j177
6 3469.000000 machine_state m30 j177
6 3473.590000 machine_state m13 w
6 3473.590000 machine_state m24 w
6 3483.932000 machine_state m27 w
6 3483.932000 machine_state m28 w
6 3483.932000 machine_state m29 w
6 3483.932000 machine_state m31 w
5 j178 machine_state "178" "0.000000 0.343750 1.000000"
6 3487.000000 machine_state m13 j178
6 3487.000000 machine_state m24 j178
5 j179 machine_state "179" "1.000000 0.656250 0.000000"
6 3508.000000 machine_state m27 j179
6 3513.481000 machine_state m13 w
6 3513.481000 machine_state m24 w
5 j180 machine_state "180" "1.000000 0.281250 0.000000"
6 3527.000000 machine_state m13 j180
6 3527.000000 machine_state m24 j180
6 3527.000000 machine_state m28 j180
6 3527.000000 machine_state m29 j180
6 3543.684000 machine_state m13 w
6 3543.684000 machine_state m24 w
6 3543.684000 machine_state m28 w
6 3543.684000 machine_state m29 w
5 j181 machine_state "181" "1.000000 0.000000 0.281250"
6 3547.000000 machine_state m31 j181
6 3562.940000 machine_state m2 w
6 3562.940000 machine_state m3 w
6 3562.940000 machine_state m16 w
6 3562.940000 machine_state m20 w
5 j182 machine_state "182" "0.000000 0.250000 1.000000"
6 3572.000000 machine_state m2 j182
6 3572.000000 machine_state m3 j182
6 3575.590000 machine_state m5 w
6 3575.590000 machine_state m6 w
6 3580.800000 machine_state m25 w
6 3580.800000 machine_state m26 w
5 j183 machine_state "183" "1.000000 0.562500 0.000000"
6 3590.000000 machine_state m5 j183
5 j184 machine_state "184" "0.312500 1.000000 0.000000"
6 3607.000000 machine_state m6 j184
6 3620.940000 machine_state m14 w
6 3620.940000 machine_state m15 w
6 3620.940000 machine_state m17 w
6 3620.940000 machine_state m30 w
5 j185 machine_state "185" "0.500000 1.000000 0.000000"
6 3624.000000 machine_state m13 j185
6 3624.000000 machine_state m16 j185
6 3643.480000 machine_state m8 w
5 j186 machine_state "186" "1.000000 0.000000 0.375000"
6 3644.000000 machine_state m14 j186
6 3644.000000 machine_state m15 j186
6 3660.480000 machine_state m10 w
5 j187 machine_state "187" "0.406250 1.000000 0.000000"
6 3664.000000 machine_state m8 j187
6 3664.000000 machine_state m17 j187
6 3664.000000 machine_state m20 j187
6 3664.000000 machine_state m24 j187
5 j188 machine_state "188" "0.000000 1.000000 0.250000"
6 3683.000000 machine_state m10 j188
6 3683.000000 machine_state m25 j188
6 3689.609000 machine_state m10 w
6 3689.609000 machine_state m25 w
6 3699.932000 machine_state m8 w
6 3699.932000 machine_state m17 w
6 3699.932000 machine_state m20 w
6 3699.932000 machine_state m24 w
5 j189 machine_state "189" "0.000000 0.625000 1.000000"
6 3702.000000 machine_state m10 j189
6 3702.000000 machine_state m25 j189
5 j190 machine_state "190" "0.000000 1.000000 0.156250"
6 3722.000000 machine_state m8 j190
6 3722.000000 machine_state m17 j190
5 j191 machine_state "191" "0.406250 0.000000 1.000000"
6 3742.000000 machine_state m20 j191
6 3742.000000 machine_state m24 j191
5 j192 machine_state "192" "0.000000 0.812500 1.000000"
6 3761.000000 machine_state m26 j192
5 j193 machine_state "193" "1.000000 0.000000 0.000000"
6 3781.000000 machine_state m28 j193
6 3781.000000 machine_state m29 j193
6 3781.000000 machine_state m30 j193
6 3781.000000 machine_state m32 j193
6 3784.950000 machine_state m14 w
6 3784.950000 machine_state m15 w
6 3787.990000 machine_state m27 w
5 j194 machine_state "194" "1.000000 0.750000 0.000000"
6 3802.000000 machine_state m14 j194
6 3802.000000 machine_state m15 j194
6 3802.000000 machine_state m27 j194
6 3802.000000 machine_state m33 j194
6 3805.993000 machine_state m14 w
6 3805.993000 machine_state m15 w
6 3805.993000 machine_state m27 w
6 3805.993000 machine_state m33 w
5 j195 machine_state "195" "0.593750 0.000000 1.000000"
6 3823.000000 machine_state m14 j195
6 3826.990000 machine_state m31 w
5 j196 machine_state "196" "0.000000 1.000000 0.062500"
6 3842.000000 machine_state m15 j196
6 3842.000000 machine_state m27 j196
6 3842.950000 machine_state m10 w
6 3842.950000 machine_state m25 w
5 j197 machine_state "197" "0.687500 0.000000 1.000000"
6 3862.000000 machine_state m10 j197
6 3862.000000 machine_state m25 j197
6 3868.690000 machine_state m28 w
6 3868.690000 machine_state m29 w
6 3868.690000 machine_state m30 w
6 3868.690000 machine_state m32 w
6 3882.950000 machine_state m20 w
6 3882.950000 machine_state m24 w
6 3886.990000 machine_state m6 w
5 j198 machine_state "198" "0.968750 1.000000 0.000000"
6 3887.000000 machine_state m20 j198
6 3887.000000 machine_state m24 j198
6 3887.000000 machine_state m28 j198
6 3887.000000 machine_state m29 j198
6 3887.000000 machine_state m30 j198
6 3887.000000 machine_state m31 j198
6 3887.000000 machine_state m32 j198
6 3887.000000 machine_state m33 j198
6 3887.590000 machine_state m9 w
6 3887.590000 machine_state m11 w
6 3889.800000 machine_state m13 w
6 3889.800000 machine_state m16 w
5 j199 machine_state "199" "0.000000 1.000000 0.718750"
6 3903.000000 machine_state m6 j199
6 3903.000000 machine_state m9 j199
6 3903.000000 machine_state m11 j199
6 3903.000000 machine_state m13 j199
6 3906.294000 machine_state m20 w
6 3906.294000 machine_state m24 w
6 3906.294000 machine_state m28 w
6 3906.294000 machine_state m29 w
6 3906.294000 machine_state m30 w
6 3906.294000 machine_state m31 w
6 3906.294000 machine_state m32 w
6 3906.294000 machine_state m33 w
5 j200 machine_state "200" "0.593750 1.000000 0.000000"
6 3922.000000 machine_state m16 j200
6 3922.000000 machine_state m20 j200
6 3922.000000 machine_state m24 j200
6 3922.000000 machine_state m28 j200
6 3924.080000 machine_state m10 w
6 3924.080000 machine_state m25 w
6 3938.684000 machine_state m16 w
6 3938.684000 machine_state m20 w
6 3938.684000 machine_state m24 w
6 3938.684000 machine_state m28 w
6 3938.932000 machine_state m6 w
6 3938.932000 machine_state m9 w
6 3938.932000 machine_state m11 w
6 3938.932000 machine_state m13 w
6 3940.930000 machine_state m21 w
5 j201 machine_state "201" "0.312500 0.000000 1.000000"
6 3948.000000 machine_state m6 j201
6 3948.000000 machine_state m9 j201
5 j202 machine_state "202" "1.000000 0.000000 0.093750"
6 3964.000000 machine_state m10 j202
6 3974.481000 machine_state m6 w
6 3974.481000 machine_state m9 w
6 3982.950000 machine_state m15 w
6 3982.950000 machine_state m27 w
5 j203 machine_state "203" "1.000000 0.000000 0.187500"
6 3984.000000 machine_state m6 j203
6 3984.000000 machine_state m9 j203
6 3987.800000 machine_state m8 w
6 3987.800000 machine_state m17 w
5 j204 machine_state "204" "1.000000 0.000000 0.937500"
6 4002.000000 machine_state m8 j204
6 4002.000000 machine_state m11 j204
6 4010.481000 machine_state m6 w
6 4010.481000 machine_state m9 w
5 j205 machine_state "205" "0.000000 0.156250 1.000000"
6 4022.000000 machine_state m6 j205
5 j206 machine_state "206" "0.000000 0.718750 1.000000"
6 4041.000000 machine_state m9 j206
6 4041.000000 machine_state m13 j206
5 j207 machine_state "207" "1.000000 0.000000 0.468750"
6 4059.000000 machine_state m15 j207
5 j208 machine_state "208" "0.000000 1.000000 0.812500"
6 4075.000000 machine_state m16 j208
6 4075.000000 machine_state m17 j208
6 4075.000000 machine_state m20 j208
6 4075.000000 machine_state m21 j208
6 4075.000000 machine_state m24 j208
6 4075.000000 machine_state m25 j208
6 4075.000000 machine_state m27 j208
6 4075.000000 machine_state m28 j208
5 j209 machine_state "209" "0.000000 0.906250 1.000000"
6 4094.000000 machine_state m29 j209
6 4094.000000 machine_state m30 j209
6 4102.990000 machine_state m14 w
6 4103.080000 machine_state m9 w
6 4103.080000 machine_state m13 w
5 j210 machine_state "210" "0.218750 0.000000 1.000000"
6 4117.000000 machine_state m9 j210
6 4117.000000 machine_state m13 j210
6 4123.609000 machine_state m9 w
6 4123.609000 machine_state m13 w
6 4126.820000 machine_state m0 w
6 4126.820000 machine_state m1 w
6 4126.820000 machine_state m4 w
6 4126.820000 machine_state m12 w
6 4126.820000 machine_state m18 w
6 4126.820000 machine_state m19 w
6 4126.820000 machine_state m22 w
6 4126.820000 machine_state m23 w
5 j211 machine_state "211" "0.031250 1.000000 0.000000"
6 4138.000000 machine_state m0 j211
6 4138.000000 machine_state m1 j211
6 4138.000000 machine_state m4 j211
6 4138.000000 machine_state m9 j211
6 4147.480000 machine_state m26 w
6 4154.684000 machine_state m0 w
6 4154.684000 machine_state m1 w
6 4154.684000 machine_state m4 w
6 4154.684000 machine_state m9 w
6 4155.710000 machine_state m16 w
6 4155.710000 machine_state m17 w
6 4155.710000 machine_state m20 w
6 4155.710000 machine_state m21 w
6 4155.710000 machine_state m24 w
6 4155.710000 machine_state m25 w
6 4155.710000 machine_state m27 w
6 4155.710000 machine_state m28 w
6 4156.080000 machine_state m29 w
6 4156.080000 machine_state m30 w
5 j212 machine_state "212" "0.000000 1.000000 0.906250"
6 4157.000000 machine_state m12 j212
6 4157.000000 machine_state m13 j212
6 4165.590000 machine_state m2 w
6 4165.590000 machine_state m3 w
5 j213 machine_state "213" "0.781250 1.000000 0.000000"
6 4175.000000 machine_state m0 j213
6 4175.000000 machine_state m1 j213
6 4175.000000 machine_state m2 j213
6 4175.000000 machine_state m3 j213
5 j215 machine_state "215" "0.000000 1.000000 0.437500"
6 4212.000000 machine_state m4 j215
6 4212.000000 machine_state m9 j215
5 j216 machine_state "216" "0.687500 1.000000 0.000000"
6 4232.000000 machine_state m14 j216
6 4232.000000 machine_state m16 j216
6 4234.930000 machine_state m7 w
5 j217 machine_state "217" "0.000000 1.000000 0.625000"
6 4251.000000 machine_state m7 j217
6 4251.000000 machine_state m17 j217
6 4267.800000 machine_state m8 w
6 4267.800000 machine_state m11 w
5 j218 machine_state "218" "0.000000 1.000000 0.531250"
6 4271.000000 machine_state m18 j218
6 4271.000000 machine_state m19 j218
6 4274.080000 machine_state m4 w
6 4274.080000 machine_state m9 w
6 4277.609000 machine_state m18 w
6 4277.609000 machine_state m19 w
5 j219 machine_state "219" "1.000000 0.937500 0.000000"
6 4292.000000 machine_state m4 j219
6 4292.000000 machine_state m8 j219
6 4292.000000 machine_state m9 j219
6 4292.000000 machine_state m11 j219
6 4294.080000 machine_state m14 w
6 4294.080000 machine_state m16 w
6 4297.950000 machine_state m12 w
6 4297.950000 machine_state m13 w
5 j220 machine_state "220" "1.000000 0.000000 0.562500"
6 4312.000000 machine_state m12 j220
6 4312.000000 machine_state m13 j220
6 4312.000000 machine_state m14 j220
6 4312.000000 machine_state m16 j220
5 j221 machine_state "221" "1.000000 0.000000 0.750000"
6 4332.000000 machine_state m18 j221
6 4341.257000 machine_state m18 w
6 4347.932000 machine_state m12 w
6 4347.932000 machine_state m13 w
6 4347.932000 machine_state m14 w
6 4347.932000 machine_state m16 w
6 4350.480000 machine_state m10 w
5 j222 machine_state "222" "0.000000 1.000000 1.000000"
6 4357.000000 machine_state m10 j222
5 j223 machine_state "223" "0.875000 1.000000 0.000000"
6 4375.000000 machine_state m12 j223
6 4375.000000 machine_state m13 j223
5 j224 machine_state "224" "0.968750 0.000000 1.000000"
6 4394.000000 machine_state m14 j224
6 4394.000000 machine_state m16 j224
6 4408.480000 machine_state m6 w
5 j225 machine_state "225" "1.000000 0.093750 0.000000"
6 4418.000000 machine_state m6 j225
6 4418.000000 machine_state m18 j225
5 j226 machine_state "226" "1.000000 0.000000 0.656250"
6 4432.000000 machine_state m19 j226
6 4432.000000 machine_state m20 j226
6 4432.000000 machine_state m21 j226
6 4432.000000 machine_state m22 j226
6 4445.480000 machine_state m15 w
5 j214 machine_state "214" "0.218750 1.000000 0.000000"
6 4450.000000 machine_state m33 j214
5 j227 machine_state "227" "0.500000 0.000000 1.000000"
6 4455.000000 machine_state m15 j227
6 4455.000000 machine_state m23 j227
6 4456.080000 machine_state m14 w
6 4456.080000 machine_state m16 w
6 4465.530000 machine_state m0 w
6 4465.530000 machine_state m1 w
6 4465.530000 machine_state m2 w
6 4465.530000 machine_state m3 w
5 j228 machine_state "228" "1.000000 0.000000 0.843750"
6 4475.000000 machine_state m0 j228
6 4475.000000 machine_state m1 j228
5 j229 machine_state "229" "0.000000 1.000000 0.343750"
6 4489.000000 machine_state m2 j229
5 j230 machine_state "230" "0.000000 0.531250 1.000000"
6 4507.000000 machine_state m3 j230
6 4516.257000 machine_state m3 w
6 4516.800000 machine_state m7 w
6 4516.800000 machine_state m17 w
6 4517.080000 machine_state m15 w
6 4517.080000 machine_state m23 w
5 j231 machine_state "231" "0.125000 0.000000 1.000000"
6 4531.000000 machine_state m3 j231
5 j232 machine_state "232" "1.000000 0.843750 0.000000"
6 4546.000000 machine_state m7 j232
6 4546.000000 machine_state m14 j232
6 4546.000000 machine_state m15 j232
6 4546.000000 machine_state m16 j232
6 4562.684000 machine_state m7 w
6 4562.684000 machine_state m14 w
6 4562.684000 machine_state m15 w
6 4562.684000 machine_state m16 w
5 j233 machine_state "233" "0.000000 0.437500 1.000000"
6 4565.000000 machine_state m17 j233
6 4565.000000 machine_state m23 j233
6 4582.530000 machine_state m4 w
6 4582.530000 machine_state m8 w
6 4582.530000 machine_state m9 w
6 4582.530000 machine_state m11 w
6 4583.940000 machine_state m19 w
6 4583.940000 machine_state m20 w
6 4583.940000 machine_state m21 w
6 4583.940000 machine_state m22 w
5 j234 machine_state "234" "0.781250 0.000000 1.000000"
6 4584.000000 machine_state m7 j234
6 4584.000000 machine_state m14 j234
6 4590.609000 machine_state m7 w
6 4590.609000 machine_state m14 w
5 j235 machine_state "235" "0.031250 0.000000 1.000000"
6 4604.000000 machine_state m4 j235
6 4619.510000 machine_state m3 w
6 4627.080000 machine_state m17 w
6 4627.080000 machine_state m23 w
5 j236 machine_state "236" "1.000000 0.375000 0.000000"
6 4629.000000 machine_state m3 j236
6 4636.990000 machine_state m10 w
6 4640.800000 machine_state m12 w
6 4640.800000 machine_state m13 w
5 j237 machine_state "237" "1.000000 0.187500 0.000000"
6 4646.000000 machine_state m7 j237
6 4646.000000 machine_state m8 j237
6 4672.481000 machine_state m7 w
6 4672.481000 machine_state m8 w
6 4683.800000 machine_state m6 w
6 4683.800000 machine_state m18 w
5 j240 machine_state "240" "0.000000 0.062500 1.000000"
6 4706.000000 machine_state m6 j240
6 4717.510000 machine_state m3 w
5 j241 machine_state "241" "0.125000 1.000000 0.000000"
6 4727.000000 machine_state m3 j241
6 4727.000000 machine_state m7 j241
5 j238 machine_state "238" "0.875000 0.000000 1.000000"
6 4727.000000 machine_state m8 j238
6 4727.000000 machine_state m9 j238
5 j239 machine_state "239" "1.000000 0.468750 0.000000"
6 4727.000000 machine_state m10 j239
6 4727.000000 machine_state m11 j239
5 j242 machine_state "242" "0.000000 0.343750 1.000000"
6 4745.000000 machine_state m12 j242
6 4745.000000 machine_state m13 j242
6 4745.000000 machine_state m14 j242
6 4745.000000 machine_state m15 j242
5 j243 machine_state "243" "1.000000 0.656250 0.000000"
6 4765.000000 machine_state m16 j243
6 4765.000000 machine_state m17 j243
6 4766.930000 machine_state m5 w
6 4768.990000 machine_state m2 w
5 j244 machine_state "244" "1.000000 0.281250 0.000000"
6 4785.000000 machine_state m2 j244
6 4785.000000 machine_state m5 j244
5 j245 machine_state "245" "1.000000 0.000000 0.281250"
6 4805.000000 machine_state m18 j245
6 4805.000000 machine_state m19 j245
6 4811.481000 machine_state m2 w
6 4811.481000 machine_state m5 w
5 j246 machine_state "246" "0.000000 0.250000 1.000000"
6 4823.000000 machine_state m2 j246
6 4823.000000 machine_state m5 j246
6 4831.481000 machine_state m18 w
6 4831.481000 machine_state m19 w
6 4836.480000 machine_state m33 w
5 j247 machine_state "247" "1.000000 0.562500 0.000000"
6 4846.000000 machine_state m18 j247
6 4846.000000 machine_state m19 j247
6 4846.000000 machine_state m20 j247
6 4846.000000 machine_state m21 j247
5 j248 machine_state "248" "0.312500 1.000000 0.000000"
6 4864.000000 machine_state m22 j248
6 4864.000000 machine_state m23 j248
5 j249 machine_state "249" "0.500000 1.000000 0.000000"
6 4882.000000 machine_state m24 j249
6 4882.000000 machine_state m25 j249
6 4896.940000 machine_state m12 w
6 4896.940000 machine_state m13 w
6 4896.940000 machine_state m14 w
6 4896.940000 machine_state m15 w
6 4905.950000 machine_state m16 w
6 4905.950000 machine_state m17 w
6 4908.481000 machine_state m24 w
6 4908.481000 machine_state m25 w
6 4933.690000 machine_state m18 w
6 4933.690000 machine_state m19 w
6 4933.690000 machine_state m20 w
6 4933.690000 machine_state m21 w
6 4963.950000 machine_state m2 w
6 4963.950000 machine_state m5 w
6 4985.990000 machine_state m6 w
6 4990.480000 machine_state m4 w
6 5068.590000 machine_state m0 w
6 5068.590000 machine_state m1 w
6 5129.800000 machine_state m22 w
6 5129.800000 machine_state m23 w
6 5320.590000 machine_state m3 w
6 5320.590000 machine_state m7 w
6 5320.590000 machine_state m8 w
6 5320.590000 machine_state m9 w
6 5320.590000 machine_state m10 w
6 5320.590000 machine_state m11 w
5 j86 machine_state "86" "0.218750 1.000000 0.000000"
6 5330.000000 machine_state m0 j86
6 5330.000000 machine_state m1 j86
6 5330.000000 machine_state m2 j86
6 5330.000000 machine_state m3 j86
6 5330.000000 machine_state m4 j86
6 5330.000000 machine_state m5 j86
6 5330.000000 machine_state m6 j86
6 5330.000000 machine_state m7 j86
6 5330.000000 machine_state m8 j86
6 5330.000000 machine_state m9 j86
6 5330.000000 machine_state m10 j86
6 5330.000000 machine_state m11 j86
6 5330.000000 machine_state m12 j86
6 5330.000000 machine_state m13 j86
6 5330.000000 machine_state m14 j86
6 5330.000000 machine_state m15 j86
6 5330.000000 machine_state m16 j86
6 5330.000000 machine_state m17 j86
6 5330.000000 machine_state m18 j86
6 5330.000000 machine_state m19 j86
6 5330.000000 machine_state m20 j86
6 5330.000000 machine_state m21 j86
6 5330.000000 machine_state m22 j86
6 5330.000000 machine_state m23 j86
6 5330.000000 machine_state m24 j86
6 5330.000000 machine_state m25 j86
6 5330.000000 machine_state m26 j86
6 5330.000000 machine_state m27 j86
6 5330.000000 machine_state m28 j86
6 5330.000000 machine_state m29 j86
6 5330.000000 machine_state m30 j86
6 5330.000000 machine_state m31 j86
6 5343.385000 machine_state m0 w
6 5343.385000 machine_state m1 w
6 5343.385000 machine_state m2 w
6 5343.385000 machine_state m3 w
6 5343.385000 machine_state m4 w
6 5343.385000 machine_state m5 w
6 5343.385000 machine_state m6 w
6 5343.385000 machine_state m7 w
6 5343.385000 machine_state m8 w
6 5343.385000 machine_state m9 w
6 5343.385000 machine_state m10 w
6 5343.385000 machine_state m11 w
6 5343.385000 machine_state m12 w
6 5343.385000 machine_state m13 w
6 5343.385000 machine_state m14 w
6 5343.385000 machine_state m15 w
6 5343.385000 machine_state m16 w
6 5343.385000 machine_state m17 w
6 5343.385000 machine_state m18 w
6 5343.385000 machine_state m19 w
6 5343.385000 machine_state m20 w
6 5343.385000 machine_state m21 w
6 5343.385000 machine_state m22 w
6 5343.385000 machine_state m23 w
6 5343.385000 machine_state m24 w
6 5343.385000 machine_state m25 w
6 5343.385000 machine_state m26 w
6 5343.385000 machine_state m27 w
6 5343.385000 machine_state m28 w
6 5343.385000 machine_state m29 w
6 5343.385000 machine_state m30 w
6 5343.385000 machine_state m31 w

# End of events, containers destruction
3 5348.000000 m0 machine_ct
3 5348.000000 m1 machine_ct
3 5348.000000 m2 machine_ct
3 5348.000000 m3 machine_ct
3 5348.000000 m4 machine_ct
3 5348.000000 m5 machine_ct
3 5348.000000 m6 machine_ct
3 5348.000000 m7 machine_ct
3 5348.000000 m8 machine_ct
3 5348.000000 m9 machine_ct
3 5348.000000 m10 machine_ct
3 5348.000000 m11 machine_ct
3 5348.000000 m12 machine_ct
3 5348.000000 m13 machine_ct
3 5348.000000 m14 machine_ct
3 5348.000000 m15 machine_ct
3 5348.000000 m16 machine_ct
3 5348.000000 m17 machine_ct
3 5348.000000 m18 machine_ct
3 5348.000000 m19 machine_ct
3 5348.000000 m20 machine_ct
3 5348.000000 m21 machine_ct
3 5348.000000 m22 machine_ct
3 5348.000000 m23 machine_ct
3 5348.000000 m24 machine_ct
3 5348.000000 m25 machine_ct
3 5348.000000 m26 machine_ct
3 5348.000000 m27 machine_ct
3 5348.000000 m28 machine_ct
3 5348.000000 m29 machine_ct
3 5348.000000 m30 machine_ct
3 5348.000000 m31 machine_ct
3 5348.000000 m32 machine_ct
3 5348.000000 m33 machine_ct
3 5348.000000 m34 machine_ct
3 5348.000000 m35 machine_ct
3 5348.000000 m36 machine_ct
3 5348.000000 m37 machine_ct
3 5348.000000 m38 machine_ct
3 5348.000000 m39 machine_ct
3 5348.000000 m40 machine_ct
3 5348.000000 m41 machine_ct
3 5348.000000 m42 machine_ct
3 5348.000000 m43 machine_ct
3 5348.000000 m44 machine_ct
3 5348.000000 m45 machine_ct
3 5348.000000 m46 machine_ct
3 5348.000000 m47 machine_ct
3 5348.000000 m48 machine_ct
3 5348.000000 m49 machine_ct
3 5348.000000 m50 machine_ct
3 5348.000000 m51 machine_ct
3 5348.000000 m52 machine_ct
3 5348.000000 m53 machine_ct
3 5348.000000 m54 machine_ct
3 5348.000000 m55 machine_ct
3 5348.000000 m56 machine_ct
3 5348.000000 m57 machine_ct
3 5348.000000 m58 machine_ct
3 5348.000000 m59 machine_ct
3 5348.000000 m60 machine_ct
3 5348.000000 m61 machine_ct
3 5348.000000 m62 machine_ct
3 5348.000000 m63 machine_ct
3 5348.000000 m64 machine_ct
3 5348.000000 m65 machine_ct
3 5348.000000 m66 machine_ct
3 5348.000000 m67 machine_ct
3 5348.000000 m68 machine_ct
3 5348.000000 m69 machine_ct
3 5348.000000 m70 machine_ct
3 5348.000000 m71 machine_ct
3 5348.000000 m72 machine_ct
3 5348.000000 m73 machine_ct
3 5348.000000 m74 machine_ct
3 5348.000000 m75 machine_ct
3 5348.000000 m76 machine_ct
3 5348.000000 m77 machine_ct
3 5348.000000 m78 machine_ct
3 5348.000000 m79 machine_ct
3 5348.000000 m80 machine_ct
3 5348.000000 m81 machine_ct
3 5348.000000 m82 machine_ct
3 5348.000000 m83 machine_ct
3 5348.000000 m84 machine_ct
3 5348.000000 m85 machine_ct
3 5348.000000 m86 machine_ct
3 5348.000000 m87 machine_ct
3 5348.000000 m88 machine_ct
3 5348.000000 m89 machine_ct
3 5348.000000 m90 machine_ct
3 5348.000000 m91 machine_ct
3 5348.000000 m92 machine_ct
3 5348.000000 m93 machine_ct
3 5348.000000 m94 machine_ct
3 5348.000000 m95 machine_ct
3 5348.000000 m96 machine_ct
3 5348.000000 m97 machine_ct
3 5348.000000 m98 machine_ct
3 5348.000000 m99 machine_ct
3 5348.000000 m100 machine_ct
3 5348.000000 m101 machine_ct
3 5348.000000 m102 machine_ct
3 5348.000000 m103 machine_ct
3 5348.000000 m104 machine_ct
3 5348.000000 m105 machine_ct
3 5348.000000 m106 machine_ct
3 5348.000000 m107 machine_ct
3 5348.000000 m108 machine_ct
3 5348.000000 m109 machine_ct
3 5348.000000 m110 machine_ct
3 5348.000000 m111 machine_ct
3 5348.000000 m112 machine_ct
3 5348.000000 m113 machine_ct
3 5348.000000 m114 machine_ct
3 5348.000000 m115 machine_ct
3 5348.000000 m116 machine_ct
3 5348.000000 m117 machine_ct
3 5348.000000 m118 machine_ct
3 5348.000000 m119 machine_ct
3 5348.000000 m120 machine_ct
3 5348.000000 m121 machine_ct
3 5348.000000 m122 machine_ct
3 5348.000000 m123 machine_ct
3 5348.000000 m124 machine_ct
3 5348.000000 m125 machine_ct
3 5348.000000 m126 machine_ct
3 5348.000000 m127 machine_ct
3 5348.000000 m128 machine_ct
3 5348.000000 m129 machine_ct
3 5348.000000 m130 machine_ct
3 5348.000000 m131 machine_ct
3 5348.000000 m132 machine_ct
3 5348.000000 m133 machine_ct
3 5348.000000 m134 machine_ct
3 5348.000000 m135 machine_ct
3 5348.000000 m136 machine_ct
3 5348.000000 m137 machine_ct
3 5348.000000 m138 machine_ct
3 5348.000000 m139 machine_ct
3 5348.000000 m140 machine_ct
3 5348.000000 m141 machine_ct
3 5348.000000 m142 machine_ct
3 5348.000000 root root_ct
