%EventDef PajeDefineContainerType 1
% Type string
% Alias string
% Name string
%EndEventDef

%EventDef PajeCreateContainer 2
% Time date 
% Type string  
% Alias string 
% Name string   
% Container string  
%EndEventDef

%EventDef PajeDestroyContainer 3
% Time date
% Name string 
% Type string
%EndEventDef

%EventDef PajeDefineStateType 4
% Alias string 
% Type string 
% Name string 
%EndEventDef

%EventDef PajeDefineEntityValue 5
% Alias string  
% Type string  
% Name string  
% Color color 
%EndEventDef

%EventDef PajeSetState 6
% Time date  
% Type string  
% Container string  
% Value string  
%EndEventDef 

%EventDef PajeDefineEventType 7
% Type string
% Alias string
% Name string
%EndEventDef

%EventDef PajeNewEvent 8
% Time date
% Type string
% Container string
% Value string
%EndEventDef

%EventDef PajeDefineVariableType 9
% Type string
% Alias string
% Name string
% Color string
%EndEventDef

%EventDef PajeSetVariable 10
% Time date
% Type string
% Container string
% Value double
%EndEventDef

# Container types creation
1 0 root_ct "Machines"
1 root_ct machine_ct "Machine"
1 0 scheduler_ct "Scheduler"
1 scheduler_ct killer_ct "Killer"

# Event types creation
7 killer_ct kk "Job kill"
7 machine_ct km "Job kill"

# Variable types creation
9 scheduler_ct vu_vt "Utilization" "0.0 0.5 0.0"

# Containers creation
2 0.000000 root_ct root "Machines" 0
2 0.000000 machine_ct m0 "graphene-1001.nancy.grid5000.fr" root
2 0.000000 machine_ct m1 "graphene-1002.nancy.grid5000.fr" root
2 0.000000 machine_ct m2 "graphene-1003.nancy.grid5000.fr" root
2 0.000000 machine_ct m3 "graphene-1004.nancy.grid5000.fr" root
2 0.000000 machine_ct m4 "graphene-1005.nancy.grid5000.fr" root
2 0.000000 machine_ct m5 "graphene-1006.nancy.grid5000.fr" root
2 0.000000 machine_ct m6 "graphene-1007.nancy.grid5000.fr" root
2 0.000000 machine_ct m7 "graphene-1008.nancy.grid5000.fr" root
2 0.000000 machine_ct m8 "graphene-1009.nancy.grid5000.fr" root
2 0.000000 machine_ct m9 "graphene-1010.nancy.grid5000.fr" root
2 0.000000 machine_ct m10 "graphene-1011.nancy.grid5000.fr" root
2 0.000000 machine_ct m11 "graphene-1012.nancy.grid5000.fr" root
2 0.000000 machine_ct m12 "graphene-1013.nancy.grid5000.fr" root
2 0.000000 machine_ct m13 "graphene-1014.nancy.grid5000.fr" root
2 0.000000 machine_ct m14 "graphene-1015.nancy.grid5000.fr" root
2 0.000000 machine_ct m15 "graphene-1016.nancy.grid5000.fr" root
2 0.000000 machine_ct m16 "graphene-1017.nancy.grid5000.fr" root
2 0.000000 machine_ct m17 "graphene-1018.nancy.grid5000.fr" root
2 0.000000 machine_ct m18 "graphene-1019.nancy.grid5000.fr" root
2 0.000000 machine_ct m19 "graphene-1020.nancy.grid5000.fr" root
2 0.000000 machine_ct m20 "graphene-1021.nancy.grid5000.fr" root
2 0.000000 machine_ct m21 "graphene-1022.nancy.grid5000.fr" root
2 0.000000 machine_ct m22 "graphene-1023.nancy.grid5000.fr" root
2 0.000000 machine_ct m23 "graphene-1024.nancy.grid5000.fr" root
2 0.000000 machine_ct m24 "graphene-1025.nancy.grid5000.fr" root
2 0.000000 machine_ct m25 "graphene-1026.nancy.grid5000.fr" root
2 0.000000 machine_ct m26 "graphene-1027.nancy.grid5000.fr" root
2 0.000000 machine_ct m27 "graphene-1028.nancy.grid5000.fr" root
2 0.000000 machine_ct m28 "graphene-1029.nancy.grid5000.fr" root
2 0.000000 machine_ct m29 "graphene-1030.nancy.grid5000.fr" root
2 0.000000 machine_ct m30 "graphene-1031.nancy.grid5000.fr" root
2 0.000000 machine_ct m31 "graphene-1032.nancy.grid5000.fr" root
2 0.000000 machine_ct m32 "graphene-1033.nancy.grid5000.fr" root
2 0.000000 machine_ct m33 "graphene-1034.nancy.grid5000.fr" root
2 0.000000 machine_ct m34 "graphene-1035.nancy.grid5000.fr" root
2 0.000000 machine_ct m35 "graphene-1036.nancy.grid5000.fr" root
2 0.000000 machine_ct m36 "graphene-1037.nancy.grid5000.fr" root
2 0.000000 machine_ct m37 "graphene-1038.nancy.grid5000.fr" root
2 0.000000 machine_ct m38 "graphene-1039.nancy.grid5000.fr" root
2 0.000000 machine_ct m39 "graphene-1040.nancy.grid5000.fr" root
2 0.000000 machine_ct m40 "graphene-1041.nancy.grid5000.fr" root
2 0.000000 machine_ct m41 "graphene-1042.nancy.grid5000.fr" root
2 0.000000 machine_ct m42 "graphene-1043.nancy.grid5000.fr" root
2 0.000000 machine_ct m43 "graphene-1044.nancy.grid5000.fr" root
2 0.000000 machine_ct m44 "graphene-1045.nancy.grid5000.fr" root
2 0.000000 machine_ct m45 "graphene-1046.nancy.grid5000.fr" root
2 0.000000 machine_ct m46 "graphene-1047.nancy.grid5000.fr" root
2 0.000000 machine_ct m47 "graphene-1048.nancy.grid5000.fr" root
2 0.000000 machine_ct m48 "graphene-1049.nancy.grid5000.fr" root
2 0.000000 machine_ct m49 "graphene-1050.nancy.grid5000.fr" root
2 0.000000 machine_ct m50 "graphene-1051.nancy.grid5000.fr" root
2 0.000000 machine_ct m51 "graphene-1052.nancy.grid5000.fr" root
2 0.000000 machine_ct m52 "graphene-1053.nancy.grid5000.fr" root
2 0.000000 machine_ct m53 "graphene-1054.nancy.grid5000.fr" root
2 0.000000 machine_ct m54 "graphene-1055.nancy.grid5000.fr" root
2 0.000000 machine_ct m55 "graphene-1056.nancy.grid5000.fr" root
2 0.000000 machine_ct m56 "graphene-1057.nancy.grid5000.fr" root
2 0.000000 machine_ct m57 "graphene-1058.nancy.grid5000.fr" root
2 0.000000 machine_ct m58 "graphene-1059.nancy.grid5000.fr" root
2 0.000000 machine_ct m59 "graphene-1060.nancy.grid5000.fr" root
2 0.000000 machine_ct m60 "graphene-1061.nancy.grid5000.fr" root
2 0.000000 machine_ct m61 "graphene-1062.nancy.grid5000.fr" root
2 0.000000 machine_ct m62 "graphene-1063.nancy.grid5000.fr" root
2 0.000000 machine_ct m63 "graphene-1064.nancy.grid5000.fr" root
2 0.000000 machine_ct m64 "graphene-1065.nancy.grid5000.fr" root
2 0.000000 machine_ct m65 "graphene-1066.nancy.grid5000.fr" root
2 0.000000 machine_ct m66 "graphene-1067.nancy.grid5000.fr" root
2 0.000000 machine_ct m67 "graphene-1068.nancy.grid5000.fr" root
2 0.000000 machine_ct m68 "graphene-1069.nancy.grid5000.fr" root
2 0.000000 machine_ct m69 "graphene-1070.nancy.grid5000.fr" root
2 0.000000 machine_ct m70 "graphene-1071.nancy.grid5000.fr" root
2 0.000000 machine_ct m71 "graphene-1072.nancy.grid5000.fr" root
2 0.000000 machine_ct m72 "graphene-1073.nancy.grid5000.fr" root
2 0.000000 machine_ct m73 "graphene-1074.nancy.grid5000.fr" root
2 0.000000 machine_ct m74 "graphene-1075.nancy.grid5000.fr" root
2 0.000000 machine_ct m75 "graphene-1076.nancy.grid5000.fr" root
2 0.000000 machine_ct m76 "graphene-1077.nancy.grid5000.fr" root
2 0.000000 machine_ct m77 "graphene-1078.nancy.grid5000.fr" root
2 0.000000 machine_ct m78 "graphene-1079.nancy.grid5000.fr" root
2 0.000000 machine_ct m79 "graphene-1080.nancy.grid5000.fr" root
2 0.000000 machine_ct m80 "graphene-1081.nancy.grid5000.fr" root
2 0.000000 machine_ct m81 "graphene-1082.nancy.grid5000.fr" root
2 0.000000 machine_ct m82 "graphene-1083.nancy.grid5000.fr" root
2 0.000000 machine_ct m83 "graphene-1084.nancy.grid5000.fr" root
2 0.000000 machine_ct m84 "graphene-1085.nancy.grid5000.fr" root
2 0.000000 machine_ct m85 "graphene-1086.nancy.grid5000.fr" root
2 0.000000 machine_ct m86 "graphene-1087.nancy.grid5000.fr" root
2 0.000000 machine_ct m87 "graphene-1088.nancy.grid5000.fr" root
2 0.000000 machine_ct m88 "graphene-1089.nancy.grid5000.fr" root
2 0.000000 machine_ct m89 "graphene-1090.nancy.grid5000.fr" root
2 0.000000 machine_ct m90 "graphene-1091.nancy.grid5000.fr" root
2 0.000000 machine_ct m91 "graphene-1092.nancy.grid5000.fr" root
2 0.000000 machine_ct m92 "graphene-1093.nancy.grid5000.fr" root
2 0.000000 machine_ct m93 "graphene-1094.nancy.grid5000.fr" root
2 0.000000 machine_ct m94 "graphene-1095.nancy.grid5000.fr" root
2 0.000000 machine_ct m95 "graphene-1096.nancy.grid5000.fr" root
2 0.000000 machine_ct m96 "graphene-1097.nancy.grid5000.fr" root
2 0.000000 machine_ct m97 "graphene-1098.nancy.grid5000.fr" root
2 0.000000 machine_ct m98 "graphene-1099.nancy.grid5000.fr" root
2 0.000000 machine_ct m99 "graphene-1100.nancy.grid5000.fr" root
2 0.000000 machine_ct m100 "graphene-1101.nancy.grid5000.fr" root
2 0.000000 machine_ct m101 "graphene-1102.nancy.grid5000.fr" root
2 0.000000 machine_ct m102 "graphene-1103.nancy.grid5000.fr" root
2 0.000000 machine_ct m103 "graphene-1104.nancy.grid5000.fr" root
2 0.000000 machine_ct m104 "graphene-1105.nancy.grid5000.fr" root
2 0.000000 machine_ct m105 "graphene-1106.nancy.grid5000.fr" root
2 0.000000 machine_ct m106 "graphene-1107.nancy.grid5000.fr" root
2 0.000000 machine_ct m107 "graphene-1108.nancy.grid5000.fr" root
2 0.000000 machine_ct m108 "graphene-1109.nancy.grid5000.fr" root
2 0.000000 machine_ct m109 "graphene-1110.nancy.grid5000.fr" root
2 0.000000 machine_ct m110 "graphene-1111.nancy.grid5000.fr" root
2 0.000000 machine_ct m111 "graphene-1112.nancy.grid5000.fr" root
2 0.000000 machine_ct m112 "graphene-1113.nancy.grid5000.fr" root
2 0.000000 machine_ct m113 "graphene-1114.nancy.grid5000.fr" root
2 0.000000 machine_ct m114 "graphene-1115.nancy.grid5000.fr" root
2 0.000000 machine_ct m115 "graphene-1116.nancy.grid5000.fr" root
2 0.000000 machine_ct m116 "graphene-1117.nancy.grid5000.fr" root
2 0.000000 machine_ct m117 "graphene-1118.nancy.grid5000.fr" root
2 0.000000 machine_ct m118 "graphene-1119.nancy.grid5000.fr" root
2 0.000000 machine_ct m119 "graphene-1120.nancy.grid5000.fr" root
2 0.000000 machine_ct m120 "graphene-1121.nancy.grid5000.fr" root
2 0.000000 machine_ct m121 "graphene-1122.nancy.grid5000.fr" root
2 0.000000 machine_ct m122 "graphene-1123.nancy.grid5000.fr" root
2 0.000000 machine_ct m123 "graphene-1124.nancy.grid5000.fr" root
2 0.000000 machine_ct m124 "graphene-1125.nancy.grid5000.fr" root
2 0.000000 machine_ct m125 "graphene-1126.nancy.grid5000.fr" root
2 0.000000 machine_ct m126 "graphene-1127.nancy.grid5000.fr" root
2 0.000000 machine_ct m127 "graphene-1128.nancy.grid5000.fr" root
2 0.000000 machine_ct m128 "graphene-1129.nancy.grid5000.fr" root
2 0.000000 machine_ct m129 "graphene-1130.nancy.grid5000.fr" root
2 0.000000 machine_ct m130 "graphene-1131.nancy.grid5000.fr" root
2 0.000000 machine_ct m131 "graphene-1132.nancy.grid5000.fr" root
2 0.000000 machine_ct m132 "graphene-1133.nancy.grid5000.fr" root
2 0.000000 machine_ct m133 "graphene-1134.nancy.grid5000.fr" root
2 0.000000 machine_ct m134 "graphene-1135.nancy.grid5000.fr" root
2 0.000000 machine_ct m135 "graphene-1136.nancy.grid5000.fr" root
2 0.000000 machine_ct m136 "graphene-1137.nancy.grid5000.fr" root
2 0.000000 machine_ct m137 "graphene-1138.nancy.grid5000.fr" root
2 0.000000 machine_ct m138 "graphene-1139.nancy.grid5000.fr" root
2 0.000000 machine_ct m139 "graphene-1140.nancy.grid5000.fr" root
2 0.000000 machine_ct m140 "graphene-1141.nancy.grid5000.fr" root
2 0.000000 machine_ct m141 "graphene-1142.nancy.grid5000.fr" root
2 0.000000 machine_ct m142 "graphene-1143.nancy.grid5000.fr" root
2 0.000000 scheduler_ct sc "Scheduler" 0
2 0.000000 killer_ct k "Killer" sc

# States creation
4 machine_state machine_ct "Machine state"

# Creation of the different values the machine state can be
5 w machine_state "Waiting" "0.0 0.0 0.0"
5 l machine_state "Launching" "0.3 0.3 0.3"

# Begin of events
6 0.000000 machine_state m0 w
6 0.000000 machine_state m1 w
6 0.000000 machine_state m2 w
6 0.000000 machine_state m3 w
6 0.000000 machine_state m4 w
6 0.000000 machine_state m5 w
6 0.000000 machine_state m6 w
6 0.000000 machine_state m7 w
6 0.000000 machine_state m8 w
6 0.000000 machine_state m9 w
6 0.000000 machine_state m10 w
6 0.000000 machine_state m11 w
6 0.000000 machine_state m12 w
6 0.000000 machine_state m13 w
6 0.000000 machine_state m14 w
6 0.000000 machine_state m15 w
6 0.000000 machine_state m16 w
6 0.000000 machine_state m17 w
6 0.000000 machine_state m18 w
6 0.000000 machine_state m19 w
6 0.000000 machine_state m20 w
6 0.000000 machine_state m21 w
6 0.000000 machine_state m22 w
6 0.000000 machine_state m23 w
6 0.000000 machine_state m24 w
6 0.000000 machine_state m25 w
6 0.000000 machine_state m26 w
6 0.000000 machine_state m27 w
6 0.000000 machine_state m28 w
6 0.000000 machine_state m29 w
6 0.000000 machine_state m30 w
6 0.000000 machine_state m31 w
6 0.000000 machine_state m32 w
6 0.000000 machine_state m33 w
6 0.000000 machine_state m34 w
6 0.000000 machine_state m35 w
6 0.000000 machine_state m36 w
6 0.000000 machine_state m37 w
6 0.000000 machine_state m38 w
6 0.000000 machine_state m39 w
6 0.000000 machine_state m40 w
6 0.000000 machine_state m41 w
6 0.000000 machine_state m42 w
6 0.000000 machine_state m43 w
6 0.000000 machine_state m44 w
6 0.000000 machine_state m45 w
6 0.000000 machine_state m46 w
6 0.000000 machine_state m47 w
6 0.000000 machine_state m48 w
6 0.000000 machine_state m49 w
6 0.000000 machine_state m50 w
6 0.000000 machine_state m51 w
6 0.000000 machine_state m52 w
6 0.000000 machine_state m53 w
6 0.000000 machine_state m54 w
6 0.000000 machine_state m55 w
6 0.000000 machine_state m56 w
6 0.000000 machine_state m57 w
6 0.000000 machine_state m58 w
6 0.000000 machine_state m59 w
6 0.000000 machine_state m60 w
6 0.000000 machine_state m61 w
6 0.000000 machine_state m62 w
6 0.000000 machine_state m63 w
6 0.000000 machine_state m64 w
6 0.000000 machine_state m65 w
6 0.000000 machine_state m66 w
6 0.000000 machine_state m67 w
6 0.000000 machine_state m68 w
6 0.000000 machine_state m69 w
6 0.000000 machine_state m70 w
6 0.000000 machine_state m71 w
6 0.000000 machine_state m72 w
6 0.000000 machine_state m73 w
6 0.000000 machine_state m74 w
6 0.000000 machine_state m75 w
6 0.000000 machine_state m76 w
6 0.000000 machine_state m77 w
6 0.000000 machine_state m78 w
6 0.000000 machine_state m79 w
6 0.000000 machine_state m80 w
6 0.000000 machine_state m81 w
6 0.000000 machine_state m82 w
6 0.000000 machine_state m83 w
6 0.000000 machine_state m84 w
6 0.000000 machine_state m85 w
6 0.000000 machine_state m86 w
6 0.000000 machine_state m87 w
6 0.000000 machine_state m88 w
6 0.000000 machine_state m89 w
6 0.000000 machine_state m90 w
6 0.000000 machine_state m91 w
6 0.000000 machine_state m92 w
6 0.000000 machine_state m93 w
6 0.000000 machine_state m94 w
6 0.000000 machine_state m95 w
6 0.000000 machine_state m96 w
6 0.000000 machine_state m97 w
6 0.000000 machine_state m98 w
6 0.000000 machine_state m99 w
6 0.000000 machine_state m100 w
6 0.000000 machine_state m101 w
6 0.000000 machine_state m102 w
6 0.000000 machine_state m103 w
6 0.000000 machine_state m104 w
6 0.000000 machine_state m105 w
6 0.000000 machine_state m106 w
6 0.000000 machine_state m107 w
6 0.000000 machine_state m108 w
6 0.000000 machine_state m109 w
6 0.000000 machine_state m110 w
6 0.000000 machine_state m111 w
6 0.000000 machine_state m112 w
6 0.000000 machine_state m113 w
6 0.000000 machine_state m114 w
6 0.000000 machine_state m115 w
6 0.000000 machine_state m116 w
6 0.000000 machine_state m117 w
6 0.000000 machine_state m118 w
6 0.000000 machine_state m119 w
6 0.000000 machine_state m120 w
6 0.000000 machine_state m121 w
6 0.000000 machine_state m122 w
6 0.000000 machine_state m123 w
6 0.000000 machine_state m124 w
6 0.000000 machine_state m125 w
6 0.000000 machine_state m126 w
6 0.000000 machine_state m127 w
6 0.000000 machine_state m128 w
6 0.000000 machine_state m129 w
6 0.000000 machine_state m130 w
6 0.000000 machine_state m131 w
6 0.000000 machine_state m132 w
6 0.000000 machine_state m133 w
6 0.000000 machine_state m134 w
6 0.000000 machine_state m135 w
6 0.000000 machine_state m136 w
6 0.000000 machine_state m137 w
6 0.000000 machine_state m138 w
6 0.000000 machine_state m139 w
6 0.000000 machine_state m140 w
6 0.000000 machine_state m141 w
6 0.000000 machine_state m142 w
5 j0 machine_state "0" "0.000000 0.812500 1.000000"
6 23.000000 machine_state m0 j0
6 23.000000 machine_state m1 j0
6 23.000000 machine_state m2 j0
6 23.000000 machine_state m3 j0
6 26.993000 machine_state m0 w
6 26.993000 machine_state m1 w
6 26.993000 machine_state m2 w
6 26.993000 machine_state m3 w
5 j1 machine_state "1" "1.000000 0.000000 0.000000"
6 43.000000 machine_state m0 j1
5 j2 machine_state "2" "1.000000 0.750000 0.000000"
6 63.000000 machine_state m1 j2
5 j3 machine_state "3" "0.593750 0.000000 1.000000"
6 83.000000 machine_state m2 j3
6 83.000000 machine_state m3 j3
6 83.000000 machine_state m4 j3
6 83.000000 machine_state m5 j3
6 86.993000 machine_state m2 w
6 86.993000 machine_state m3 w
6 86.993000 machine_state m4 w
6 86.993000 machine_state m5 w
5 j4 machine_state "4" "0.000000 1.000000 0.062500"
6 104.000000 machine_state m2 j4
6 104.000000 machine_state m3 j4
6 110.609000 machine_state m2 w
6 110.609000 machine_state m3 w
5 j5 machine_state "5" "0.687500 0.000000 1.000000"
6 123.000000 machine_state m2 j5
6 123.000000 machine_state m3 j5
6 123.000000 machine_state m4 j5
6 123.000000 machine_state m5 j5
6 131.510000 machine_state m0 w
5 j6 machine_state "6" "0.968750 1.000000 0.000000"
6 141.000000 machine_state m0 j6
6 150.257000 machine_state m0 w
5 j7 machine_state "7" "0.000000 1.000000 0.718750"
6 160.000000 machine_state m0 j7
6 160.000000 machine_state m6 j7
5 j8 machine_state "8" "0.593750 1.000000 0.000000"
6 179.000000 machine_state m7 j8
6 179.000000 machine_state m8 j8
6 179.000000 machine_state m9 j8
6 179.000000 machine_state m10 j8
6 179.000000 machine_state m11 j8
6 179.000000 machine_state m12 j8
6 179.000000 machine_state m13 j8
6 179.000000 machine_state m14 j8
5 j9 machine_state "9" "0.312500 0.000000 1.000000"
6 197.000000 machine_state m15 j9
6 197.000000 machine_state m16 j9
5 j10 machine_state "10" "1.000000 0.000000 0.093750"
6 216.000000 machine_state m17 j10
6 216.000000 machine_state m18 j10
6 216.000000 machine_state m19 j10
6 216.000000 machine_state m20 j10
6 223.481000 machine_state m15 w
6 223.481000 machine_state m16 w
5 j11 machine_state "11" "1.000000 0.000000 0.187500"
6 236.000000 machine_state m15 j11
6 236.000000 machine_state m16 j11
6 242.609000 machine_state m15 w
6 242.609000 machine_state m16 w
5 j12 machine_state "12" "1.000000 0.000000 0.937500"
6 257.000000 machine_state m15 j12
6 257.000000 machine_state m16 j12
6 257.000000 machine_state m21 j12
6 257.000000 machine_state m22 j12
6 274.940000 machine_state m2 w
6 274.940000 machine_state m3 w
6 274.940000 machine_state m4 w
6 274.940000 machine_state m5 w
5 j13 machine_state "13" "0.000000 0.156250 1.000000"
6 277.000000 machine_state m23 j13
6 277.000000 machine_state m24 j13
6 283.609000 machine_state m23 w
6 283.609000 machine_state m24 w
5 j14 machine_state "14" "0.000000 0.718750 1.000000"
6 298.000000 machine_state m2 j14
6 298.000000 machine_state m3 j14
6 298.000000 machine_state m4 j14
6 298.000000 machine_state m5 j14
6 298.000000 machine_state m23 j14
6 298.000000 machine_state m24 j14
6 298.000000 machine_state m25 j14
6 298.000000 machine_state m26 j14
6 300.950000 machine_state m0 w
6 300.950000 machine_state m6 w
6 303.690000 machine_state m17 w
6 303.690000 machine_state m18 w
6 303.690000 machine_state m19 w
6 303.690000 machine_state m20 w
5 j15 machine_state "15" "1.000000 0.000000 0.468750"
6 318.000000 machine_state m0 j15
6 318.000000 machine_state m6 j15
5 j16 machine_state "16" "0.000000 1.000000 0.812500"
6 339.000000 machine_state m17 j16
6 339.000000 machine_state m18 j16
6 339.000000 machine_state m19 j16
6 339.000000 machine_state m20 j16
6 342.990000 machine_state m1 w
6 342.993000 machine_state m17 w
6 342.993000 machine_state m18 w
6 342.993000 machine_state m19 w
6 342.993000 machine_state m20 w
6 358.080000 machine_state m7 w
6 358.080000 machine_state m8 w
6 358.080000 machine_state m9 w
6 358.080000 machine_state m10 w
6 358.080000 machine_state m11 w
6 358.080000 machine_state m12 w
6 358.080000 machine_state m13 w
6 358.080000 machine_state m14 w
5 j17 machine_state "17" "0.000000 0.906250 1.000000"
6 360.000000 machine_state m1 j17
6 360.000000 machine_state m17 j17
5 j18 machine_state "18" "0.218750 0.000000 1.000000"
6 378.000000 machine_state m7 j18
6 387.257000 machine_state m7 w
5 j19 machine_state "19" "0.031250 1.000000 0.000000"
6 398.000000 machine_state m7 j19
5 j20 machine_state "20" "0.000000 1.000000 0.906250"
6 417.000000 machine_state m8 j20
6 417.000000 machine_state m9 j20
6 422.080000 machine_state m1 w
6 422.080000 machine_state m17 w
5 j21 machine_state "21" "0.781250 1.000000 0.000000"
6 438.000000 machine_state m1 j21
5 j22 machine_state "22" "0.218750 1.000000 0.000000"
6 457.000000 machine_state m10 j22
5 j23 machine_state "23" "0.000000 1.000000 0.437500"
6 477.000000 machine_state m11 j23
6 477.080000 machine_state m2 w
6 477.080000 machine_state m3 w
6 477.080000 machine_state m4 w
6 477.080000 machine_state m5 w
6 477.080000 machine_state m23 w
6 477.080000 machine_state m24 w
6 477.080000 machine_state m25 w
6 477.080000 machine_state m26 w
6 486.510000 machine_state m7 w
5 j24 machine_state "24" "0.687500 1.000000 0.000000"
6 496.000000 machine_state m2 j24
6 496.000000 machine_state m3 j24
6 496.000000 machine_state m4 j24
6 496.000000 machine_state m5 j24
5 j25 machine_state "25" "0.000000 1.000000 0.625000"
6 512.000000 machine_state m7 j25
6 512.000000 machine_state m12 j25
6 512.000000 machine_state m13 j25
6 512.000000 machine_state m14 j25
6 515.993000 machine_state m7 w
6 515.993000 machine_state m12 w
6 515.993000 machine_state m13 w
6 515.993000 machine_state m14 w
6 526.510000 machine_state m1 w
6 531.932000 machine_state m2 w
6 531.932000 machine_state m3 w
6 531.932000 machine_state m4 w
6 531.932000 machine_state m5 w
5 j26 machine_state "26" "0.000000 1.000000 0.531250"
6 536.000000 machine_state m1 j26
6 545.510000 machine_state m10 w
6 547.530000 machine_state m15 w
6 547.530000 machine_state m16 w
6 547.530000 machine_state m21 w
6 547.530000 machine_state m22 w
5 j27 machine_state "27" "1.000000 0.937500 0.000000"
6 555.000000 machine_state m2 j27
6 555.000000 machine_state m3 j27
5 j28 machine_state "28" "1.000000 0.000000 0.562500"
6 572.000000 machine_state m4 j28
6 572.000000 machine_state m5 j28
6 581.481000 machine_state m2 w
6 581.481000 machine_state m3 w
5 j29 machine_state "29" "1.000000 0.000000 0.750000"
6 592.000000 machine_state m2 j29
6 592.000000 machine_state m3 j29
6 592.000000 machine_state m7 j29
6 592.000000 machine_state m10 j29
6 592.000000 machine_state m12 j29
6 592.000000 machine_state m13 j29
6 592.000000 machine_state m14 j29
6 592.000000 machine_state m15 j29
5 j30 machine_state "30" "0.000000 1.000000 1.000000"
6 612.000000 machine_state m16 j30
6 612.000000 machine_state m17 j30
5 j31 machine_state "31" "0.875000 1.000000 0.000000"
6 629.000000 machine_state m18 j31
6 629.000000 machine_state m19 j31
6 638.481000 machine_state m16 w
6 638.481000 machine_state m17 w
5 j32 machine_state "32" "0.968750 0.000000 1.000000"
6 651.000000 machine_state m16 j32
6 651.000000 machine_state m17 j32
6 651.000000 machine_state m20 j32
6 651.000000 machine_state m21 j32
5 j33 machine_state "33" "1.000000 0.093750 0.000000"
6 669.000000 machine_state m22 j33
6 682.800000 machine_state m8 w
6 682.800000 machine_state m9 w
6 686.932000 machine_state m16 w
6 686.932000 machine_state m17 w
6 686.932000 machine_state m20 w
6 686.932000 machine_state m21 w
5 j34 machine_state "34" "1.000000 0.000000 0.656250"
6 692.000000 machine_state m8 j34
5 j35 machine_state "35" "0.500000 0.000000 1.000000"
6 708.000000 machine_state m9 j35
6 708.000000 machine_state m16 j35
6 708.000000 machine_state m17 j35
6 708.000000 machine_state m20 j35
6 724.684000 machine_state m9 w
6 724.684000 machine_state m16 w
6 724.684000 machine_state m17 w
6 724.684000 machine_state m20 w
5 j36 machine_state "36" "1.000000 0.000000 0.843750"
6 726.000000 machine_state m21 j36
6 726.000000 machine_state m23 j36
5 j37 machine_state "37" "0.000000 1.000000 0.343750"
6 746.000000 machine_state m9 j37
6 746.000000 machine_state m16 j37
5 j38 machine_state "38" "0.000000 0.531250 1.000000"
6 766.000000 machine_state m17 j38
6 771.080000 machine_state m2 w
6 771.080000 machine_state m3 w
6 771.080000 machine_state m7 w
6 771.080000 machine_state m10 w
6 771.080000 machine_state m12 w
6 771.080000 machine_state m13 w
6 771.080000 machine_state m14 w
6 771.080000 machine_state m15 w
5 j39 machine_state "39" "0.125000 0.000000 1.000000"
6 786.000000 machine_state m2 j39
6 786.000000 machine_state m3 j39
5 j40 machine_state "40" "1.000000 0.843750 0.000000"
6 803.000000 machine_state m7 j40
6 803.000000 machine_state m10 j40
6 815.990000 machine_state m1 w
5 j41 machine_state "41" "0.000000 0.437500 1.000000"
6 825.000000 machine_state m1 j41
6 825.000000 machine_state m12 j41
5 j42 machine_state "42" "0.781250 0.000000 1.000000"
6 845.000000 machine_state m13 j42
6 845.000000 machine_state m14 j42
6 854.510000 machine_state m17 w
6 863.480000 machine_state m11 w
5 j43 machine_state "43" "0.031250 0.000000 1.000000"
6 865.000000 machine_state m15 j43
6 865.000000 machine_state m17 j43
5 j44 machine_state "44" "1.000000 0.375000 0.000000"
6 883.000000 machine_state m11 j44
6 883.000000 machine_state m20 j44
6 887.080000 machine_state m1 w
6 887.080000 machine_state m12 w
6 894.800000 machine_state m18 w
6 894.800000 machine_state m19 w
5 j45 machine_state "45" "1.000000 0.187500 0.000000"
6 904.000000 machine_state m1 j45
6 904.000000 machine_state m12 j45
6 911.590000 machine_state m0 w
6 911.590000 machine_state m6 w
5 j46 machine_state "46" "0.875000 0.000000 1.000000"
6 922.000000 machine_state m0 j46
6 930.481000 machine_state m1 w
6 930.481000 machine_state m12 w
6 931.257000 machine_state m0 w
6 943.950000 machine_state m7 w
6 943.950000 machine_state m10 w
5 j47 machine_state "47" "1.000000 0.468750 0.000000"
6 945.000000 machine_state m0 j47
6 948.990000 machine_state m22 w
5 j48 machine_state "48" "0.000000 0.062500 1.000000"
6 961.000000 machine_state m1 j48
6 961.000000 machine_state m6 j48
5 j49 machine_state "49" "0.125000 1.000000 0.000000"
6 981.000000 machine_state m7 j49
6 991.800000 machine_state m21 w
6 991.800000 machine_state m23 w
5 j50 machine_state "50" "0.000000 0.343750 1.000000"
6 1001.000000 machine_state m10 j50
6 1001.000000 machine_state m12 j50
6 1011.800000 machine_state m9 w
6 1011.800000 machine_state m16 w
5 j51 machine_state "51" "1.000000 0.656250 0.000000"
6 1021.000000 machine_state m9 j51
6 1021.000000 machine_state m16 j51
6 1023.950000 machine_state m11 w
6 1023.950000 machine_state m20 w
6 1027.481000 machine_state m10 w
6 1027.481000 machine_state m12 w
6 1033.510000 machine_state m0 w
5 j52 machine_state "52" "1.000000 0.281250 0.000000"
6 1043.000000 machine_state m0 j52
6 1043.000000 machine_state m10 j52
6 1051.800000 machine_state m2 w
6 1051.800000 machine_state m3 w
5 j53 machine_state "53" "1.000000 0.000000 0.281250"
6 1061.000000 machine_state m2 j53
6 1061.000000 machine_state m3 j53
6 1061.000000 machine_state m11 j53
6 1061.000000 machine_state m12 j53
6 1069.481000 machine_state m0 w
6 1069.481000 machine_state m10 w
6 1078.480000 machine_state m8 w
5 j54 machine_state "54" "0.000000 0.250000 1.000000"
6 1079.000000 machine_state m0 j54
6 1079.000000 machine_state m10 j54
6 1096.932000 machine_state m2 w
6 1096.932000 machine_state m3 w
6 1096.932000 machine_state m11 w
6 1096.932000 machine_state m12 w
5 j55 machine_state "55" "1.000000 0.562500 0.000000"
6 1098.000000 machine_state m8 j55
6 1098.000000 machine_state m18 j55
6 1104.609000 machine_state m8 w
6 1104.609000 machine_state m18 w
5 j56 machine_state "56" "0.312500 1.000000 0.000000"
6 1117.000000 machine_state m2 j56
6 1117.000000 machine_state m3 j56
6 1117.000000 machine_state m8 j56
6 1117.000000 machine_state m11 j56
5 j57 machine_state "57" "0.500000 1.000000 0.000000"
6 1139.000000 machine_state m12 j57
5 j58 machine_state "58" "1.000000 0.000000 0.375000"
6 1159.000000 machine_state m18 j58
6 1159.000000 machine_state m19 j58
6 1165.590000 machine_state m4 w
6 1165.590000 machine_state m5 w
5 j59 machine_state "59" "0.406250 1.000000 0.000000"
6 1178.000000 machine_state m4 j59
6 1178.000000 machine_state m5 j59
6 1178.000000 machine_state m20 j59
6 1178.000000 machine_state m21 j59
5 j60 machine_state "60" "0.000000 1.000000 0.250000"
6 1196.000000 machine_state m22 j60
6 1196.000000 machine_state m23 j60
5 j61 machine_state "61" "0.000000 0.625000 1.000000"
6 1213.000000 machine_state m24 j61
6 1213.000000 machine_state m25 j61
6 1213.000000 machine_state m26 j61
6 1213.000000 machine_state m27 j61
6 1219.950000 machine_state m0 w
6 1219.950000 machine_state m10 w
6 1226.800000 machine_state m1 w
6 1226.800000 machine_state m6 w
5 j62 machine_state "62" "0.000000 1.000000 0.156250"
6 1236.000000 machine_state m0 j62
6 1236.000000 machine_state m1 j62
5 j63 machine_state "63" "0.406250 0.000000 1.000000"
6 1254.000000 machine_state m6 j63
6 1254.000000 machine_state m10 j63
6 1254.000000 machine_state m28 j63
6 1254.000000 machine_state m29 j63
6 1260.990000 machine_state m7 w
6 1262.481000 machine_state m0 w
6 1262.481000 machine_state m1 w
6 1268.940000 machine_state m2 w
6 1268.940000 machine_state m3 w
6 1268.940000 machine_state m8 w
6 1268.940000 machine_state m11 w
5 j64 machine_state "64" "0.000000 0.812500 1.000000"
6 1275.000000 machine_state m0 j64
5 j65 machine_state "65" "1.000000 0.000000 0.000000"
6 1296.000000 machine_state m1 j65
6 1300.690000 machine_state m24 w
6 1300.690000 machine_state m25 w
6 1300.690000 machine_state m26 w
6 1300.690000 machine_state m27 w
5 j66 machine_state "66" "1.000000 0.750000 0.000000"
6 1316.000000 machine_state m2 j66
6 1316.000000 machine_state m3 j66
5 j67 machine_state "67" "0.593750 0.000000 1.000000"
6 1337.000000 machine_state m7 j67
6 1337.000000 machine_state m8 j67
5 j68 machine_state "68" "0.000000 1.000000 0.062500"
6 1357.000000 machine_state m11 j68
6 1357.000000 machine_state m24 j68
6 1357.000000 machine_state m25 j68
6 1357.000000 machine_state m26 j68
6 1357.000000 machine_state m27 j68
6 1357.000000 machine_state m30 j68
6 1357.000000 machine_state m31 j68
6 1357.000000 machine_state m32 j68
6 1363.481000 machine_state m7 w
6 1363.481000 machine_state m8 w
6 1376.294000 machine_state m11 w
6 1376.294000 machine_state m24 w
6 1376.294000 machine_state m25 w
6 1376.294000 machine_state m26 w
6 1376.294000 machine_state m27 w
6 1376.294000 machine_state m30 w
6 1376.294000 machine_state m31 w
6 1376.294000 machine_state m32 w
5 j69 machine_state "69" "0.687500 0.000000 1.000000"
6 1382.000000 machine_state m7 j69
6 1382.000000 machine_state m8 j69
6 1382.000000 machine_state m11 j69
6 1382.000000 machine_state m24 j69
5 j70 machine_state "70" "0.968750 1.000000 0.000000"
6 1396.000000 machine_state m25 j70
6 1396.000000 machine_state m26 j70
6 1396.000000 machine_state m27 j70
6 1396.000000 machine_state m30 j70
5 j71 machine_state "71" "0.000000 1.000000 0.718750"
6 1414.000000 machine_state m31 j71
6 1414.000000 machine_state m32 j71
6 1424.800000 machine_state m18 w
6 1424.800000 machine_state m19 w
5 j72 machine_state "72" "0.593750 1.000000 0.000000"
6 1434.000000 machine_state m18 j72
6 1434.000000 machine_state m19 j72
6 1438.590000 machine_state m13 w
6 1438.590000 machine_state m14 w
5 j73 machine_state "73" "0.312500 0.000000 1.000000"
6 1449.000000 machine_state m13 j73
6 1458.257000 machine_state m13 w
6 1458.590000 machine_state m15 w
6 1458.590000 machine_state m17 w
6 1460.481000 machine_state m18 w
6 1460.481000 machine_state m19 w
6 1468.530000 machine_state m4 w
6 1468.530000 machine_state m5 w
6 1468.530000 machine_state m20 w
6 1468.530000 machine_state m21 w
6 1469.690000 machine_state m7 w
6 1469.690000 machine_state m8 w
6 1469.690000 machine_state m11 w
6 1469.690000 machine_state m24 w
5 j74 machine_state "74" "1.000000 0.000000 0.093750"
6 1473.000000 machine_state m13 j74
6 1473.000000 machine_state m14 j74
6 1473.000000 machine_state m15 j74
6 1473.000000 machine_state m17 j74
6 1483.690000 machine_state m25 w
6 1483.690000 machine_state m26 w
6 1483.690000 machine_state m27 w
6 1483.690000 machine_state m30 w
5 j75 machine_state "75" "1.000000 0.000000 0.187500"
6 1493.000000 machine_state m4 j75
6 1493.000000 machine_state m5 j75
6 1493.000000 machine_state m7 j75
6 1493.000000 machine_state m8 j75
5 j76 machine_state "76" "1.000000 0.000000 0.937500"
6 1508.000000 machine_state m11 j76
6 1508.000000 machine_state m18 j76
6 1509.684000 machine_state m4 w
6 1509.684000 machine_state m5 w
6 1509.684000 machine_state m7 w
6 1509.684000 machine_state m8 w
5 j77 machine_state "77" "0.000000 0.156250 1.000000"
6 1528.000000 machine_state m4 j77
6 1534.481000 machine_state m11 w
6 1534.481000 machine_state m18 w
6 1537.257000 machine_state m4 w
6 1544.530000 machine_state m6 w
6 1544.530000 machine_state m10 w
6 1544.530000 machine_state m28 w
6 1544.530000 machine_state m29 w
5 j78 machine_state "78" "0.000000 0.718750 1.000000"
6 1549.000000 machine_state m4 j78
5 j79 machine_state "79" "1.000000 0.000000 0.468750"
6 1568.000000 machine_state m5 j79
6 1568.000000 machine_state m6 j79
6 1574.609000 machine_state m5 w
6 1574.609000 machine_state m6 w
6 1575.990000 machine_state m1 w
5 j80 machine_state "80" "0.000000 1.000000 0.812500"
6 1589.000000 machine_state m1 j80
6 1589.000000 machine_state m5 j80
6 1589.000000 machine_state m6 j80
6 1589.000000 machine_state m7 j80
5 j81 machine_state "81" "0.000000 0.906250 1.000000"
6 1607.000000 machine_state m8 j81
6 1614.590000 machine_state m9 w
6 1614.590000 machine_state m16 w
6 1624.932000 machine_state m1 w
6 1624.932000 machine_state m5 w
6 1624.932000 machine_state m6 w
6 1624.932000 machine_state m7 w
5 j82 machine_state "82" "0.218750 0.000000 1.000000"
6 1625.000000 machine_state m9 j82
6 1625.000000 machine_state m10 j82
6 1625.000000 machine_state m11 j82
6 1625.000000 machine_state m16 j82
6 1625.000000 machine_state m18 j82
6 1625.000000 machine_state m19 j82
6 1625.000000 machine_state m20 j82
6 1625.000000 machine_state m21 j82
5 j83 machine_state "83" "0.031250 1.000000 0.000000"
6 1646.000000 machine_state m1 j83
6 1646.000000 machine_state m5 j83
6 1661.480000 machine_state m0 w
5 j84 machine_state "84" "0.000000 1.000000 0.906250"
6 1671.000000 machine_state m0 j84
5 j85 machine_state "85" "0.781250 1.000000 0.000000"
6 1684.000000 machine_state m6 j85
6 1693.257000 machine_state m6 w
5 j86 machine_state "86" "0.218750 1.000000 0.000000"
6 1704.000000 machine_state m6 j86
6 1704.000000 machine_state m7 j86
6 1708.080000 machine_state m1 w
6 1708.080000 machine_state m5 w
6 1710.609000 machine_state m6 w
6 1710.609000 machine_state m7 w
5 j87 machine_state "87" "0.000000 1.000000 0.437500"
6 1725.000000 machine_state m1 j87
5 j88 machine_state "88" "0.687500 1.000000 0.000000"
6 1744.000000 machine_state m5 j88
6 1753.257000 machine_state m5 w
6 1763.530000 machine_state m13 w
6 1763.530000 machine_state m14 w
6 1763.530000 machine_state m15 w
6 1763.530000 machine_state m17 w
5 j89 machine_state "89" "0.000000 1.000000 0.625000"
6 1764.000000 machine_state m5 j89
5 j90 machine_state "90" "0.000000 1.000000 0.531250"
6 1784.000000 machine_state m6 j90
6 1784.000000 machine_state m7 j90
6 1784.000000 machine_state m13 j90
6 1784.000000 machine_state m14 j90
6 1789.590000 machine_state m22 w
6 1789.590000 machine_state m23 w
5 j91 machine_state "91" "1.000000 0.937500 0.000000"
6 1804.000000 machine_state m15 j91
5 j92 machine_state "92" "1.000000 0.000000 0.562500"
6 1825.000000 machine_state m17 j92
6 1825.000000 machine_state m22 j92
6 1825.000000 machine_state m23 j92
6 1825.000000 machine_state m24 j92
5 j94 machine_state "94" "0.000000 1.000000 1.000000"
6 1865.000000 machine_state m25 j94
6 1865.000000 machine_state m26 j94
5 j95 machine_state "95" "0.875000 1.000000 0.000000"
6 1884.000000 machine_state m27 j95
6 1884.000000 machine_state m28 j95
5 j96 machine_state "96" "0.968750 0.000000 1.000000"
6 1903.000000 machine_state m29 j96
6 1903.000000 machine_state m30 j96
6 1909.590000 machine_state m2 w
6 1909.590000 machine_state m3 w
5 j97 machine_state "97" "1.000000 0.093750 0.000000"
6 1922.000000 machine_state m2 j97
6 1922.000000 machine_state m3 j97
6 1927.080000 machine_state m25 w
6 1927.080000 machine_state m26 w
6 1928.609000 machine_state m2 w
6 1928.609000 machine_state m3 w
6 1935.940000 machine_state m6 w
6 1935.940000 machine_state m7 w
6 1935.940000 machine_state m13 w
6 1935.940000 machine_state m14 w
5 j98 machine_state "98" "1.000000 0.000000 0.656250"
6 1942.000000 machine_state m2 j98
6 1942.000000 machine_state m3 j98
6 1948.609000 machine_state m2 w
6 1948.609000 machine_state m3 w
6 1950.990000 machine_state m0 w
5 j93 machine_state "93" "1.000000 0.000000 0.750000"
6 1953.000000 machine_state m2 j93
6 1953.000000 machine_state m3 j93
6 1953.000000 machine_state m6 j93
6 1953.000000 machine_state m7 j93
6 1953.000000 machine_state m13 j93
6 1953.000000 machine_state m14 j93
6 1953.000000 machine_state m25 j93
6 1953.000000 machine_state m26 j93
5 j99 machine_state "99" "0.500000 0.000000 1.000000"
6 1963.000000 machine_state m0 j99
6 1963.000000 machine_state m33 j99
6 2004.990000 machine_state m1 w
6 2007.590000 machine_state m31 w
6 2007.590000 machine_state m32 w
5 j101 machine_state "101" "0.000000 1.000000 0.343750"
6 2014.000000 machine_state m31 j101
5 j102 machine_state "102" "0.000000 0.531250 1.000000"
6 2019.000000 machine_state m32 j102
6 2043.950000 machine_state m29 w
6 2043.950000 machine_state m30 w
5 j104 machine_state "104" "1.000000 0.843750 0.000000"
6 2057.000000 machine_state m1 j104
6 2103.950000 machine_state m0 w
6 2103.950000 machine_state m33 w
5 j100 machine_state "100" "1.000000 0.000000 0.843750"
6 2108.000000 machine_state m0 j100
6 2108.000000 machine_state m29 j100
6 2108.000000 machine_state m30 j100
6 2108.000000 machine_state m33 j100
6 2115.530000 machine_state m17 w
6 2115.530000 machine_state m22 w
6 2115.530000 machine_state m23 w
6 2115.530000 machine_state m24 w
5 j105 machine_state "105" "0.000000 0.437500 1.000000"
6 2122.000000 machine_state m22 j105
6 2122.000000 machine_state m23 j105
5 j103 machine_state "103" "0.125000 0.000000 1.000000"
6 2122.000000 machine_state m17 j103
6 2132.080000 machine_state m2 w
6 2132.080000 machine_state m3 w
6 2132.080000 machine_state m6 w
6 2132.080000 machine_state m7 w
6 2132.080000 machine_state m13 w
6 2132.080000 machine_state m14 w
6 2132.080000 machine_state m25 w
6 2132.080000 machine_state m26 w
5 j106 machine_state "106" "0.781250 0.000000 1.000000"
6 2141.000000 machine_state m2 j106
6 2141.000000 machine_state m3 j106
5 j107 machine_state "107" "0.031250 0.000000 1.000000"
6 2141.000000 machine_state m6 j107
6 2141.000000 machine_state m7 j107
5 j108 machine_state "108" "1.000000 0.375000 0.000000"
6 2141.000000 machine_state m13 j108
6 2141.000000 machine_state m14 j108
6 2145.510000 machine_state m1 w
6 2149.800000 machine_state m27 w
6 2149.800000 machine_state m28 w
6 2150.480000 machine_state m5 w
5 j109 machine_state "109" "1.000000 0.187500 0.000000"
6 2155.000000 machine_state m1 j109
6 2155.000000 machine_state m24 j109
5 j110 machine_state "110" "0.875000 0.000000 1.000000"
6 2170.000000 machine_state m5 j110
6 2170.000000 machine_state m25 j110
6 2181.481000 machine_state m1 w
6 2181.481000 machine_state m24 w
5 j111 machine_state "111" "1.000000 0.468750 0.000000"
6 2191.000000 machine_state m1 j111
6 2191.000000 machine_state m24 j111
6 2203.080000 machine_state m6 w
6 2203.080000 machine_state m7 w
6 2203.080000 machine_state m13 w
6 2203.080000 machine_state m14 w
5 j112 machine_state "112" "0.000000 0.062500 1.000000"
6 2213.000000 machine_state m6 j112
6 2213.000000 machine_state m7 j112
5 j113 machine_state "113" "0.125000 1.000000 0.000000"
6 2229.000000 machine_state m13 j113
6 2229.000000 machine_state m14 j113
5 j114 machine_state "114" "0.000000 0.343750 1.000000"
6 2250.000000 machine_state m26 j114
6 2250.000000 machine_state m27 j114
6 2259.940000 machine_state m0 w
6 2259.940000 machine_state m29 w
6 2259.940000 machine_state m30 w
6 2259.940000 machine_state m33 w
6 2262.950000 machine_state m22 w
6 2262.950000 machine_state m23 w
5 j115 machine_state "115" "1.000000 0.656250 0.000000"
6 2274.000000 machine_state m0 j115
6 2274.000000 machine_state m22 j115
6 2276.481000 machine_state m26 w
6 2276.481000 machine_state m27 w
6 2281.950000 machine_state m2 w
6 2281.950000 machine_state m3 w
5 j116 machine_state "116" "1.000000 0.281250 0.000000"
6 2291.000000 machine_state m2 j116
6 2291.000000 machine_state m3 j116
6 2291.080000 machine_state m13 w
6 2291.080000 machine_state m14 w
6 2293.990000 machine_state m31 w
6 2297.609000 machine_state m2 w
6 2297.609000 machine_state m3 w
6 2310.950000 machine_state m5 w
6 2310.950000 machine_state m25 w
5 j117 machine_state "117" "1.000000 0.000000 0.281250"
6 2311.000000 machine_state m2 j117
6 2311.000000 machine_state m3 j117
6 2315.930000 machine_state m12 w
5 j118 machine_state "118" "0.000000 0.250000 1.000000"
6 2328.000000 machine_state m5 j118
6 2328.000000 machine_state m12 j118
6 2331.950000 machine_state m1 w
6 2331.950000 machine_state m24 w
6 2334.609000 machine_state m5 w
6 2334.609000 machine_state m12 w
5 j119 machine_state "119" "1.000000 0.562500 0.000000"
6 2348.000000 machine_state m1 j119
6 2348.000000 machine_state m5 j119
6 2348.000000 machine_state m12 j119
6 2348.000000 machine_state m13 j119
5 j120 machine_state "120" "0.312500 1.000000 0.000000"
6 2368.000000 machine_state m14 j120
6 2368.000000 machine_state m23 j120
6 2373.080000 machine_state m2 w
6 2373.080000 machine_state m3 w
6 2383.932000 machine_state m1 w
6 2383.932000 machine_state m5 w
6 2383.932000 machine_state m12 w
6 2383.932000 machine_state m13 w
5 j121 machine_state "121" "0.500000 1.000000 0.000000"
6 2387.000000 machine_state m2 j121
6 2387.000000 machine_state m3 j121
6 2387.000000 machine_state m24 j121
6 2387.000000 machine_state m25 j121
6 2387.000000 machine_state m26 j121
6 2387.000000 machine_state m27 j121
6 2387.000000 machine_state m28 j121
6 2387.000000 machine_state m29 j121
6 2389.330000 machine_state m2 w
6 2389.330000 machine_state m3 w
6 2389.330000 machine_state m24 w
6 2389.330000 machine_state m25 w
6 2389.330000 machine_state m26 w
6 2389.330000 machine_state m27 w
6 2389.330000 machine_state m28 w
6 2389.330000 machine_state m29 w
5 j122 machine_state "122" "1.000000 0.000000 0.375000"
6 2407.000000 machine_state m1 j122
6 2407.000000 machine_state m2 j122
6 2407.000000 machine_state m3 j122
6 2407.000000 machine_state m5 j122
5 j123 machine_state "123" "0.406250 1.000000 0.000000"
6 2429.000000 machine_state m12 j123
6 2430.080000 machine_state m14 w
6 2430.080000 machine_state m23 w
5 j124 machine_state "124" "0.000000 1.000000 0.250000"
6 2450.000000 machine_state m13 j124
5 j125 machine_state "125" "0.000000 0.625000 1.000000"
6 2468.000000 machine_state m14 j125
6 2468.000000 machine_state m23 j125
6 2468.000000 machine_state m24 j125
6 2468.000000 machine_state m25 j125
6 2468.000000 machine_state m26 j125
6 2468.000000 machine_state m27 j125
6 2468.000000 machine_state m28 j125
6 2468.000000 machine_state m29 j125
6 2478.800000 machine_state m6 w
6 2478.800000 machine_state m7 w
5 j126 machine_state "126" "0.000000 1.000000 0.156250"
6 2488.000000 machine_state m6 j126
6 2488.000000 machine_state m7 j126
5 j127 machine_state "127" "0.406250 0.000000 1.000000"
6 2508.000000 machine_state m30 j127
6 2514.481000 machine_state m6 w
6 2514.481000 machine_state m7 w
6 2517.257000 machine_state m30 w
5 j128 machine_state "128" "0.000000 0.812500 1.000000"
6 2530.000000 machine_state m6 j128
6 2539.257000 machine_state m6 w
6 2539.800000 machine_state m0 w
6 2539.800000 machine_state m22 w
6 2548.710000 machine_state m14 w
6 2548.710000 machine_state m23 w
6 2548.710000 machine_state m24 w
6 2548.710000 machine_state m25 w
6 2548.710000 machine_state m26 w
6 2548.710000 machine_state m27 w
6 2548.710000 machine_state m28 w
6 2548.710000 machine_state m29 w
5 j129 machine_state "129" "1.000000 0.000000 0.000000"
6 2554.000000 machine_state m0 j129
6 2558.940000 machine_state m1 w
6 2558.940000 machine_state m2 w
6 2558.940000 machine_state m3 w
6 2558.940000 machine_state m5 w
5 j130 machine_state "130" "1.000000 0.750000 0.000000"
6 2568.000000 machine_state m1 j130
6 2568.000000 machine_state m2 j130
5 j131 machine_state "131" "0.593750 0.000000 1.000000"
6 2589.000000 machine_state m3 j131
5 j132 machine_state "132" "0.000000 1.000000 0.062500"
6 2609.000000 machine_state m5 j132
6 2609.000000 machine_state m6 j132
5 j133 machine_state "133" "0.687500 0.000000 1.000000"
6 2629.000000 machine_state m7 j133
6 2629.000000 machine_state m14 j133
6 2635.481000 machine_state m5 w
6 2635.481000 machine_state m6 w
5 j134 machine_state "134" "0.968750 1.000000 0.000000"
6 2650.000000 machine_state m5 j134
6 2650.000000 machine_state m6 j134
6 2655.481000 machine_state m7 w
6 2655.481000 machine_state m14 w
5 j135 machine_state "135" "0.000000 1.000000 0.718750"
6 2670.000000 machine_state m7 j135
5 j136 machine_state "136" "0.593750 1.000000 0.000000"
6 2689.000000 machine_state m14 j136
6 2689.000000 machine_state m22 j136
6 2689.000000 machine_state m23 j136
6 2689.000000 machine_state m24 j136
6 2689.000000 machine_state m25 j136
6 2689.000000 machine_state m26 j136
6 2689.000000 machine_state m27 j136
6 2689.000000 machine_state m28 j136
5 j137 machine_state "137" "0.312500 0.000000 1.000000"
6 2707.000000 machine_state m29 j137
6 2725.930000 machine_state m4 w
5 j138 machine_state "138" "1.000000 0.000000 0.093750"
6 2728.000000 machine_state m30 j138
6 2728.000000 machine_state m31 j138
5 j139 machine_state "139" "1.000000 0.000000 0.187500"
6 2744.000000 machine_state m4 j139
6 2744.000000 machine_state m33 j139
6 2783.930000 machine_state m8 w
6 2795.510000 machine_state m29 w
5 j140 machine_state "140" "1.000000 0.000000 0.937500"
6 2800.000000 machine_state m8 j140
6 2800.000000 machine_state m29 j140
6 2815.480000 machine_state m12 w
6 2833.800000 machine_state m1 w
6 2833.800000 machine_state m2 w
6 2833.990000 machine_state m0 w
5 j144 machine_state "144" "0.000000 1.000000 0.812500"
6 2843.000000 machine_state m0 j144
6 2843.000000 machine_state m1 j144
6 2843.000000 machine_state m2 j144
6 2843.000000 machine_state m12 j144
6 2846.993000 machine_state m0 w
6 2846.993000 machine_state m1 w
6 2846.993000 machine_state m2 w
6 2846.993000 machine_state m12 w
5 j141 machine_state "141" "0.000000 0.156250 1.000000"
6 2851.000000 machine_state m0 j141
6 2851.000000 machine_state m1 j141
6 2851.000000 machine_state m2 j141
6 2851.000000 machine_state m12 j141
6 2854.993000 machine_state m0 w
6 2854.993000 machine_state m1 w
6 2854.993000 machine_state m2 w
6 2854.993000 machine_state m12 w
5 j142 machine_state "142" "0.000000 0.718750 1.000000"
6 2859.000000 machine_state m0 j142
6 2859.000000 machine_state m1 j142
5 j145 machine_state "145" "0.000000 0.906250 1.000000"
6 2864.000000 machine_state m2 j145
6 2868.080000 machine_state m14 w
6 2868.080000 machine_state m22 w
6 2868.080000 machine_state m23 w
6 2868.080000 machine_state m24 w
6 2868.080000 machine_state m25 w
6 2868.080000 machine_state m26 w
6 2868.080000 machine_state m27 w
6 2868.080000 machine_state m28 w
5 j143 machine_state "143" "1.000000 0.000000 0.468750"
6 2873.000000 machine_state m12 j143
6 2873.000000 machine_state m14 j143
6 2873.000000 machine_state m22 j143
6 2873.000000 machine_state m23 j143
6 2873.000000 machine_state m24 j143
6 2873.000000 machine_state m25 j143
6 2873.000000 machine_state m26 j143
6 2873.000000 machine_state m27 j143
6 2921.800000 machine_state m12 w
6 2921.800000 machine_state m14 w
6 2921.800000 machine_state m22 w
6 2921.800000 machine_state m23 w
6 2921.800000 machine_state m24 w
6 2921.800000 machine_state m25 w
6 2921.800000 machine_state m26 w
6 2921.800000 machine_state m27 w
5 j146 machine_state "146" "0.218750 0.000000 1.000000"
6 2926.000000 machine_state m12 j146
6 2926.000000 machine_state m14 j146
5 j147 machine_state "147" "0.031250 1.000000 0.000000"
6 2926.000000 machine_state m22 j147
6 2926.000000 machine_state m23 j147
5 j148 machine_state "148" "0.000000 1.000000 0.906250"
6 2926.000000 machine_state m24 j148
6 2926.000000 machine_state m25 j148
6 2926.000000 machine_state m26 j148
6 2926.000000 machine_state m27 j148
6 2940.950000 machine_state m8 w
6 2940.950000 machine_state m29 w
5 j149 machine_state "149" "0.781250 1.000000 0.000000"
6 2945.000000 machine_state m8 j149
6 2945.000000 machine_state m28 j149
6 2952.481000 machine_state m12 w
6 2952.481000 machine_state m14 w
6 2961.932000 machine_state m24 w
6 2961.932000 machine_state m25 w
6 2961.932000 machine_state m26 w
6 2961.932000 machine_state m27 w
6 2975.480000 machine_state m3 w
6 2980.930000 machine_state m15 w
5 j150 machine_state "150" "0.218750 1.000000 0.000000"
6 2982.000000 machine_state m3 j150
6 2982.000000 machine_state m12 j150
6 2982.000000 machine_state m14 j150
6 2982.000000 machine_state m24 j150
6 2982.000000 machine_state m25 j150
6 2982.000000 machine_state m26 j150
6 2982.000000 machine_state m27 j150
6 2982.000000 machine_state m29 j150
5 j152 machine_state "152" "0.687500 1.000000 0.000000"
6 2997.000000 machine_state m15 j152
6 3001.294000 machine_state m3 w
6 3001.294000 machine_state m12 w
6 3001.294000 machine_state m14 w
6 3001.294000 machine_state m24 w
6 3001.294000 machine_state m25 w
6 3001.294000 machine_state m26 w
6 3001.294000 machine_state m27 w
6 3001.294000 machine_state m29 w
5 j151 machine_state "151" "0.000000 1.000000 0.437500"
6 3006.000000 machine_state m3 j151
6 3006.000000 machine_state m12 j151
6 3007.080000 machine_state m8 w
6 3007.080000 machine_state m28 w
5 j153 machine_state "153" "0.000000 1.000000 0.625000"
6 3017.000000 machine_state m8 j153
6 3017.000000 machine_state m14 j153
5 j154 machine_state "154" "0.000000 1.000000 0.531250"
6 3035.000000 machine_state m24 j154
6 3035.000000 machine_state m25 j154
6 3041.609000 machine_state m24 w
6 3041.609000 machine_state m25 w
5 j155 machine_state "155" "1.000000 0.937500 0.000000"
6 3055.000000 machine_state m24 j155
6 3055.000000 machine_state m25 j155
6 3066.950000 machine_state m22 w
6 3066.950000 machine_state m23 w
5 j156 machine_state "156" "1.000000 0.000000 0.562500"
6 3076.000000 machine_state m22 j156
6 3085.257000 machine_state m22 w
6 3085.510000 machine_state m15 w
5 j157 machine_state "157" "1.000000 0.000000 0.750000"
6 3095.000000 machine_state m15 j157
6 3095.000000 machine_state m22 j157
6 3095.000000 machine_state m23 j157
6 3095.000000 machine_state m26 j157
6 3098.993000 machine_state m15 w
6 3098.993000 machine_state m22 w
6 3098.993000 machine_state m23 w
6 3098.993000 machine_state m26 w
5 j158 machine_state "158" "0.000000 1.000000 1.000000"
6 3109.000000 machine_state m15 j158
6 3109.000000 machine_state m22 j158
6 3117.080000 machine_state m24 w
6 3117.080000 machine_state m25 w
6 3124.800000 machine_state m0 w
6 3124.800000 machine_state m1 w
5 j159 machine_state "159" "0.875000 1.000000 0.000000"
6 3129.000000 machine_state m23 j159
6 3129.000000 machine_state m24 j159
5 j160 machine_state "160" "0.968750 0.000000 1.000000"
6 3147.000000 machine_state m0 j160
6 3155.481000 machine_state m23 w
6 3155.481000 machine_state m24 w
5 j161 machine_state "161" "1.000000 0.093750 0.000000"
6 3168.000000 machine_state m1 j161
5 j162 machine_state "162" "1.000000 0.000000 0.656250"
6 3188.000000 machine_state m23 j162
6 3188.000000 machine_state m24 j162
6 3195.930000 machine_state m32 w
5 j163 machine_state "163" "0.500000 0.000000 1.000000"
6 3208.000000 machine_state m25 j163
5 j164 machine_state "164" "1.000000 0.000000 0.843750"
6 3227.000000 machine_state m26 j164
6 3227.000000 machine_state m27 j164
6 3227.000000 machine_state m28 j164
6 3227.000000 machine_state m29 j164
6 3243.590000 machine_state m5 w
6 3243.590000 machine_state m6 w
5 j165 machine_state "165" "0.000000 1.000000 0.343750"
6 3244.000000 machine_state m32 j165
6 3250.080000 machine_state m23 w
6 3250.080000 machine_state m24 w
5 j166 machine_state "166" "0.000000 0.531250 1.000000"
6 3264.000000 machine_state m5 j166
6 3264.000000 machine_state m6 j166
6 3271.800000 machine_state m3 w
6 3271.800000 machine_state m12 w
5 j167 machine_state "167" "0.125000 0.000000 1.000000"
6 3284.000000 machine_state m3 j167
6 3284.000000 machine_state m12 j167
6 3298.930000 machine_state m17 w
5 j168 machine_state "168" "1.000000 0.843750 0.000000"
6 3303.000000 machine_state m23 j168
6 3310.481000 machine_state m3 w
6 3310.481000 machine_state m12 w
6 3314.690000 machine_state m26 w
6 3314.690000 machine_state m27 w
6 3314.690000 machine_state m28 w
6 3314.690000 machine_state m29 w
6 3321.590000 machine_state m30 w
6 3321.590000 machine_state m31 w
5 j169 machine_state "169" "0.000000 0.437500 1.000000"
6 3325.000000 machine_state m3 j169
6 3325.000000 machine_state m12 j169
6 3325.000000 machine_state m17 j169
6 3325.000000 machine_state m24 j169
6 3325.000000 machine_state m26 j169
6 3325.000000 machine_state m27 j169
6 3325.000000 machine_state m28 j169
6 3325.000000 machine_state m29 j169
6 3337.590000 machine_state m4 w
6 3337.590000 machine_state m33 w
5 j170 machine_state "170" "0.781250 0.000000 1.000000"
6 3347.000000 machine_state m4 j170
6 3347.000000 machine_state m30 j170
5 j171 machine_state "171" "0.031250 0.000000 1.000000"
6 3364.000000 machine_state m31 j171
6 3373.257000 machine_state m31 w
6 3404.950000 machine_state m5 w
6 3404.950000 machine_state m6 w
5 j173 machine_state "173" "1.000000 0.187500 0.000000"
6 3405.000000 machine_state m31 j173
6 3405.000000 machine_state m33 j173
5 j174 machine_state "174" "0.875000 0.000000 1.000000"
6 3424.000000 machine_state m5 j174
6 3424.000000 machine_state m6 j174
6 3486.080000 machine_state m5 w
6 3486.080000 machine_state m6 w
5 j176 machine_state "176" "0.000000 0.062500 1.000000"
6 3491.000000 machine_state m5 j176
6 3491.000000 machine_state m6 j176
6 3504.080000 machine_state m3 w
6 3504.080000 machine_state m12 w
6 3504.080000 machine_state m17 w
6 3504.080000 machine_state m24 w
6 3504.080000 machine_state m26 w
6 3504.080000 machine_state m27 w
6 3504.080000 machine_state m28 w
6 3504.080000 machine_state m29 w
5 j177 machine_state "177" "0.125000 1.000000 0.000000"
6 3509.000000 machine_state m3 j177
5 j178 machine_state "178" "0.000000 0.343750 1.000000"
6 3509.000000 machine_state m12 j178
6 3509.000000 machine_state m17 j178
6 3509.000000 machine_state m24 j178
6 3509.000000 machine_state m26 j178
5 j175 machine_state "175" "1.000000 0.468750 0.000000"
6 3509.000000 machine_state m27 j175
6 3509.000000 machine_state m28 j175
6 3515.609000 machine_state m27 w
6 3515.609000 machine_state m28 w
6 3517.481000 machine_state m5 w
6 3517.481000 machine_state m6 w
6 3523.990000 machine_state m32 w
5 j179 machine_state "179" "1.000000 0.656250 0.000000"
6 3525.000000 machine_state m5 j179
6 3525.000000 machine_state m6 j179
6 3525.000000 machine_state m27 j179
6 3525.000000 machine_state m28 j179
6 3533.480000 machine_state m0 w
6 3541.684000 machine_state m5 w
6 3541.684000 machine_state m6 w
6 3541.684000 machine_state m27 w
6 3541.684000 machine_state m28 w
6 3544.932000 machine_state m12 w
6 3544.932000 machine_state m17 w
6 3544.932000 machine_state m24 w
6 3544.932000 machine_state m26 w
5 j180 machine_state "180" "1.000000 0.281250 0.000000"
6 3548.000000 machine_state m0 j180
6 3548.000000 machine_state m5 j180
6 3548.000000 machine_state m6 j180
6 3548.000000 machine_state m27 j180
5 j172 machine_state "172" "1.000000 0.375000 0.000000"
6 3553.000000 machine_state m12 j172
6 3553.000000 machine_state m17 j172
6 3553.000000 machine_state m24 j172
6 3553.000000 machine_state m26 j172
6 3556.993000 machine_state m12 w
6 3556.993000 machine_state m17 w
6 3556.993000 machine_state m24 w
6 3556.993000 machine_state m26 w
5 j181 machine_state "181" "1.000000 0.000000 0.281250"
6 3566.000000 machine_state m12 j181
6 3566.000000 machine_state m17 j181
6 3566.000000 machine_state m24 j181
6 3566.000000 machine_state m26 j181
5 j182 machine_state "182" "0.000000 0.250000 1.000000"
6 3582.000000 machine_state m28 j182
6 3582.000000 machine_state m29 j182
6 3594.480000 machine_state m25 w
5 j183 machine_state "183" "1.000000 0.562500 0.000000"
6 3604.000000 machine_state m25 j183
6 3604.000000 machine_state m32 j183
6 3610.590000 machine_state m8 w
6 3610.590000 machine_state m14 w
6 3612.800000 machine_state m4 w
6 3612.800000 machine_state m30 w
6 3626.930000 machine_state m13 w
5 j185 machine_state "185" "0.500000 1.000000 0.000000"
6 3641.000000 machine_state m4 j185
6 3641.000000 machine_state m8 j185
6 3641.000000 machine_state m13 j185
6 3641.000000 machine_state m14 j185
6 3644.993000 machine_state m4 w
6 3644.993000 machine_state m8 w
6 3644.993000 machine_state m13 w
6 3644.993000 machine_state m14 w
5 j186 machine_state "186" "1.000000 0.000000 0.375000"
6 3657.000000 machine_state m4 j186
6 3657.000000 machine_state m8 j186
6 3670.800000 machine_state m31 w
6 3670.800000 machine_state m33 w
5 j187 machine_state "187" "0.406250 1.000000 0.000000"
6 3680.000000 machine_state m13 j187
6 3680.000000 machine_state m14 j187
5 j188 machine_state "188" "0.000000 1.000000 0.250000"
6 3695.000000 machine_state m30 j188
6 3695.000000 machine_state m31 j188
6 3702.590000 machine_state m15 w
6 3702.590000 machine_state m22 w
6 3706.481000 machine_state m13 w
6 3706.481000 machine_state m14 w
5 j189 machine_state "189" "0.000000 0.625000 1.000000"
6 3717.000000 machine_state m13 j189
6 3717.000000 machine_state m14 j189
6 3719.080000 machine_state m4 w
6 3719.080000 machine_state m8 w
6 3723.609000 machine_state m13 w
6 3723.609000 machine_state m14 w
5 j190 machine_state "190" "0.000000 1.000000 0.156250"
6 3735.000000 machine_state m4 j190
6 3735.000000 machine_state m8 j190
6 3761.481000 machine_state m4 w
6 3761.481000 machine_state m8 w
5 j192 machine_state "192" "0.000000 0.812500 1.000000"
6 3775.000000 machine_state m4 j192
6 3784.257000 machine_state m4 w
5 j193 machine_state "193" "1.000000 0.000000 0.000000"
6 3794.000000 machine_state m4 j193
6 3794.000000 machine_state m8 j193
6 3794.000000 machine_state m13 j193
6 3794.000000 machine_state m14 j193
6 3797.993000 machine_state m4 w
6 3797.993000 machine_state m8 w
6 3797.993000 machine_state m13 w
6 3797.993000 machine_state m14 w
5 j194 machine_state "194" "1.000000 0.750000 0.000000"
6 3812.000000 machine_state m4 j194
6 3815.820000 machine_state m9 w
6 3815.820000 machine_state m10 w
6 3815.820000 machine_state m11 w
6 3815.820000 machine_state m16 w
6 3815.820000 machine_state m18 w
6 3815.820000 machine_state m19 w
6 3815.820000 machine_state m20 w
6 3815.820000 machine_state m21 w
5 j184 machine_state "184" "0.312500 1.000000 0.000000"
6 3820.000000 machine_state m8 j184
6 3820.000000 machine_state m9 j184
6 3820.000000 machine_state m10 j184
6 3820.000000 machine_state m11 j184
6 3820.000000 machine_state m13 j184
6 3820.000000 machine_state m14 j184
6 3820.000000 machine_state m15 j184
6 3820.000000 machine_state m16 j184
5 j191 machine_state "191" "0.406250 0.000000 1.000000"
6 3820.000000 machine_state m18 j191
6 3820.000000 machine_state m19 j191
6 3820.000000 machine_state m20 j191
6 3820.000000 machine_state m21 j191
6 3821.257000 machine_state m4 w
6 3822.330000 machine_state m8 w
6 3822.330000 machine_state m9 w
6 3822.330000 machine_state m10 w
6 3822.330000 machine_state m11 w
6 3822.330000 machine_state m13 w
6 3822.330000 machine_state m14 w
6 3822.330000 machine_state m15 w
6 3822.330000 machine_state m16 w
6 3835.950000 machine_state m30 w
6 3835.950000 machine_state m31 w
5 j195 machine_state "195" "0.593750 0.000000 1.000000"
6 3836.000000 machine_state m4 j195
6 3836.000000 machine_state m8 j195
6 3836.000000 machine_state m9 j195
6 3836.000000 machine_state m10 j195
6 3838.530000 machine_state m0 w
6 3838.530000 machine_state m5 w
6 3838.530000 machine_state m6 w
6 3838.530000 machine_state m27 w
6 3846.930000 machine_state m7 w
6 3847.800000 machine_state m28 w
6 3847.800000 machine_state m29 w
5 j196 machine_state "196" "0.000000 1.000000 0.062500"
6 3851.000000 machine_state m0 j196
6 3851.000000 machine_state m5 j196
6 3856.530000 machine_state m12 w
6 3856.530000 machine_state m17 w
6 3856.530000 machine_state m24 w
6 3856.530000 machine_state m26 w
5 j197 machine_state "197" "0.687500 0.000000 1.000000"
6 3866.000000 machine_state m6 j197
6 3866.000000 machine_state m7 j197
6 3866.000000 machine_state m11 j197
6 3866.000000 machine_state m12 j197
5 j198 machine_state "198" "0.968750 1.000000 0.000000"
6 3885.000000 machine_state m13 j198
6 3885.000000 machine_state m14 j198
6 3885.000000 machine_state m15 j198
6 3885.000000 machine_state m16 j198
5 j199 machine_state "199" "0.000000 1.000000 0.718750"
6 3906.000000 machine_state m17 j199
6 3906.000000 machine_state m22 j199
6 3923.690000 machine_state m4 w
6 3923.690000 machine_state m8 w
6 3923.690000 machine_state m9 w
6 3923.690000 machine_state m10 w
5 j200 machine_state "200" "0.593750 1.000000 0.000000"
6 3924.000000 machine_state m24 j200
6 3932.481000 machine_state m17 w
6 3932.481000 machine_state m22 w
5 j201 machine_state "201" "0.312500 0.000000 1.000000"
6 3943.000000 machine_state m4 j201
6 3943.000000 machine_state m8 j201
5 j202 machine_state "202" "1.000000 0.000000 0.093750"
6 3962.000000 machine_state m9 j202
6 3962.000000 machine_state m10 j202
5 j203 machine_state "203" "1.000000 0.000000 0.187500"
6 3979.000000 machine_state m17 j203
6 3979.000000 machine_state m22 j203
6 3979.000000 machine_state m26 j203
6 3979.000000 machine_state m27 j203
6 3988.481000 machine_state m9 w
6 3988.481000 machine_state m10 w
5 j204 machine_state "204" "1.000000 0.000000 0.937500"
6 3999.000000 machine_state m9 j204
6 4005.080000 machine_state m4 w
6 4005.080000 machine_state m8 w
5 j205 machine_state "205" "0.000000 0.156250 1.000000"
6 4018.000000 machine_state m4 j205
6 4018.000000 machine_state m8 j205
6 4036.940000 machine_state m13 w
6 4036.940000 machine_state m14 w
6 4036.940000 machine_state m15 w
6 4036.940000 machine_state m16 w
5 j206 machine_state "206" "0.000000 0.718750 1.000000"
6 4037.000000 machine_state m10 j206
6 4040.930000 machine_state m2 w
5 j208 machine_state "208" "0.000000 1.000000 0.812500"
6 4079.000000 machine_state m2 j208
6 4080.080000 machine_state m4 w
6 4080.080000 machine_state m8 w
5 j209 machine_state "209" "0.000000 0.906250 1.000000"
6 4099.000000 machine_state m4 j209
6 4099.000000 machine_state m8 j209
6 4110.530000 machine_state m18 w
6 4110.530000 machine_state m19 w
6 4110.530000 machine_state m20 w
6 4110.530000 machine_state m21 w
6 4116.800000 machine_state m0 w
6 4116.800000 machine_state m5 w
5 j210 machine_state "210" "0.218750 0.000000 1.000000"
6 4120.000000 machine_state m13 j210
5 j211 machine_state "211" "0.031250 1.000000 0.000000"
6 4135.000000 machine_state m0 j211
5 j212 machine_state "212" "0.000000 1.000000 0.906250"
6 4153.000000 machine_state m5 j212
6 4156.530000 machine_state m6 w
6 4156.530000 machine_state m7 w
6 4156.530000 machine_state m11 w
6 4156.530000 machine_state m12 w
5 j207 machine_state "207" "1.000000 0.000000 0.468750"
6 4161.000000 machine_state m6 j207
6 4161.000000 machine_state m7 j207
6 4161.000000 machine_state m11 j207
6 4161.000000 machine_state m12 j207
6 4161.000000 machine_state m14 j207
6 4161.000000 machine_state m15 j207
6 4161.000000 machine_state m16 j207
6 4161.000000 machine_state m18 j207
6 4161.000000 machine_state m19 j207
6 4161.000000 machine_state m20 j207
6 4161.000000 machine_state m21 j207
6 4161.000000 machine_state m28 j207
6 4161.000000 machine_state m29 j207
6 4161.000000 machine_state m30 j207
6 4161.000000 machine_state m31 j207
6 4161.000000 machine_state m33 j207
6 4161.080000 machine_state m4 w
6 4161.080000 machine_state m8 w
6 4162.561000 machine_state m6 w
6 4162.561000 machine_state m7 w
6 4162.561000 machine_state m11 w
6 4162.561000 machine_state m12 w
6 4162.561000 machine_state m14 w
6 4162.561000 machine_state m15 w
6 4162.561000 machine_state m16 w
6 4162.561000 machine_state m18 w
6 4162.561000 machine_state m19 w
6 4162.561000 machine_state m20 w
6 4162.561000 machine_state m21 w
6 4162.561000 machine_state m28 w
6 4162.561000 machine_state m29 w
6 4162.561000 machine_state m30 w
6 4162.561000 machine_state m31 w
6 4162.561000 machine_state m33 w
5 j213 machine_state "213" "0.781250 1.000000 0.000000"
6 4176.000000 machine_state m4 j213
5 j214 machine_state "214" "0.218750 1.000000 0.000000"
6 4194.000000 machine_state m6 j214
6 4197.590000 machine_state m25 w
6 4197.590000 machine_state m32 w
5 j215 machine_state "215" "0.000000 1.000000 0.437500"
6 4215.000000 machine_state m7 j215
6 4215.000000 machine_state m8 j215
6 4223.510000 machine_state m0 w
5 j216 machine_state "216" "0.687500 1.000000 0.000000"
6 4236.000000 machine_state m0 j216
6 4236.000000 machine_state m11 j216
5 j217 machine_state "217" "0.000000 1.000000 0.625000"
6 4251.000000 machine_state m12 j217
6 4269.530000 machine_state m17 w
6 4269.530000 machine_state m22 w
6 4269.530000 machine_state m26 w
6 4269.530000 machine_state m27 w
5 j218 machine_state "218" "0.000000 1.000000 0.531250"
6 4270.000000 machine_state m14 j218
6 4277.080000 machine_state m7 w
6 4277.080000 machine_state m8 w
6 4278.990000 machine_state m9 w
5 j219 machine_state "219" "1.000000 0.937500 0.000000"
6 4292.000000 machine_state m7 j219
6 4292.000000 machine_state m8 j219
6 4298.080000 machine_state m0 w
6 4298.080000 machine_state m11 w
5 j220 machine_state "220" "1.000000 0.000000 0.562500"
6 4309.000000 machine_state m0 j220
6 4309.000000 machine_state m9 j220
6 4310.480000 machine_state m24 w
5 j221 machine_state "221" "1.000000 0.000000 0.750000"
6 4328.000000 machine_state m11 j221
6 4328.000000 machine_state m15 j221
6 4339.510000 machine_state m12 w
6 4344.930000 machine_state m1 w
5 j222 machine_state "222" "0.000000 1.000000 1.000000"
6 4349.000000 machine_state m12 j222
6 4349.000000 machine_state m16 j222
6 4354.481000 machine_state m11 w
6 4354.481000 machine_state m15 w
5 j223 machine_state "223" "0.875000 1.000000 0.000000"
6 4367.000000 machine_state m1 j223
5 j224 machine_state "224" "0.968750 0.000000 1.000000"
6 4385.000000 machine_state m11 j224
5 j225 machine_state "225" "1.000000 0.093750 0.000000"
6 4405.000000 machine_state m15 j225
6 4405.000000 machine_state m17 j225
6 4405.000000 machine_state m18 j225
6 4405.000000 machine_state m19 j225
5 j226 machine_state "226" "1.000000 0.000000 0.656250"
6 4426.000000 machine_state m20 j226
6 4426.000000 machine_state m21 j226
6 4426.000000 machine_state m22 j226
6 4426.000000 machine_state m24 j226
6 4432.950000 machine_state m7 w
6 4432.950000 machine_state m8 w
5 j227 machine_state "227" "0.500000 0.000000 1.000000"
6 4446.000000 machine_state m7 j227
6 4446.000000 machine_state m8 j227
6 4455.510000 machine_state m1 w
6 4455.990000 machine_state m4 w
5 j228 machine_state "228" "1.000000 0.000000 0.843750"
6 4465.000000 machine_state m1 j228
6 4465.000000 machine_state m4 j228
6 4465.480000 machine_state m2 w
6 4471.609000 machine_state m1 w
6 4471.609000 machine_state m4 w
6 4479.930000 machine_state m23 w
5 j229 machine_state "229" "0.000000 1.000000 0.343750"
6 4484.000000 machine_state m1 j229
6 4489.950000 machine_state m12 w
6 4489.950000 machine_state m16 w
6 4492.690000 machine_state m15 w
6 4492.690000 machine_state m17 w
6 4492.690000 machine_state m18 w
6 4492.690000 machine_state m19 w
5 j230 machine_state "230" "0.000000 0.531250 1.000000"
6 4504.000000 machine_state m2 j230
6 4504.000000 machine_state m4 j230
6 4506.480000 machine_state m13 w
5 j231 machine_state "231" "0.125000 0.000000 1.000000"
6 4522.000000 machine_state m12 j231
5 j232 machine_state "232" "1.000000 0.843750 0.000000"
6 4542.000000 machine_state m13 j232
6 4542.000000 machine_state m15 j232
5 j233 machine_state "233" "0.000000 0.437500 1.000000"
6 4562.000000 machine_state m16 j233
6 4562.000000 machine_state m17 j233
6 4572.510000 machine_state m1 w
5 j234 machine_state "234" "0.781250 0.000000 1.000000"
6 4583.000000 machine_state m1 j234
6 4583.000000 machine_state m18 j234
6 4583.000000 machine_state m19 j234
6 4583.000000 machine_state m23 j234
6 4586.993000 machine_state m1 w
6 4586.993000 machine_state m18 w
6 4586.993000 machine_state m19 w
6 4586.993000 machine_state m23 w
5 j235 machine_state "235" "0.031250 0.000000 1.000000"
6 4604.000000 machine_state m1 j235
6 4604.080000 machine_state m13 w
6 4604.080000 machine_state m15 w
6 4613.257000 machine_state m1 w
5 j236 machine_state "236" "1.000000 0.375000 0.000000"
6 4623.000000 machine_state m1 j236
6 4623.000000 machine_state m13 j236
6 4624.080000 machine_state m16 w
6 4624.080000 machine_state m17 w
5 j237 machine_state "237" "1.000000 0.187500 0.000000"
6 4643.000000 machine_state m15 j237
6 4643.000000 machine_state m16 j237
6 4649.481000 machine_state m1 w
6 4649.481000 machine_state m13 w
6 4656.480000 machine_state m14 w
6 4664.990000 machine_state m11 w
5 j238 machine_state "238" "0.875000 0.000000 1.000000"
6 4666.000000 machine_state m1 j238
6 4666.000000 machine_state m13 j238
6 4672.609000 machine_state m1 w
6 4672.609000 machine_state m13 w
5 j239 machine_state "239" "1.000000 0.468750 0.000000"
6 4683.000000 machine_state m1 j239
6 4683.000000 machine_state m11 j239
6 4685.930000 machine_state m3 w
5 j240 machine_state "240" "0.000000 0.062500 1.000000"
6 4705.000000 machine_state m3 j240
6 4705.000000 machine_state m13 j240
6 4716.530000 machine_state m20 w
6 4716.530000 machine_state m21 w
6 4716.530000 machine_state m22 w
6 4716.530000 machine_state m24 w
5 j241 machine_state "241" "0.125000 1.000000 0.000000"
6 4726.000000 machine_state m14 j241
6 4726.000000 machine_state m17 j241
5 j242 machine_state "242" "0.000000 0.343750 1.000000"
6 4746.000000 machine_state m18 j242
6 4746.000000 machine_state m19 j242
5 j243 machine_state "243" "1.000000 0.656250 0.000000"
6 4766.000000 machine_state m20 j243
6 4766.000000 machine_state m21 j243
6 4769.800000 machine_state m2 w
6 4769.800000 machine_state m4 w
6 4783.950000 machine_state m15 w
6 4783.950000 machine_state m16 w
5 j244 machine_state "244" "1.000000 0.281250 0.000000"
6 4784.000000 machine_state m2 j244
6 4784.000000 machine_state m4 j244
6 4784.000000 machine_state m22 j244
6 4784.000000 machine_state m23 j244
6 4784.000000 machine_state m24 j244
6 4784.000000 machine_state m25 j244
6 4784.000000 machine_state m26 j244
6 4784.000000 machine_state m27 j244
6 4792.481000 machine_state m20 w
6 4792.481000 machine_state m21 w
5 j245 machine_state "245" "1.000000 0.000000 0.281250"
6 4802.000000 machine_state m15 j245
6 4802.000000 machine_state m16 j245
6 4808.080000 machine_state m18 w
6 4808.080000 machine_state m19 w
5 j246 machine_state "246" "0.000000 0.250000 1.000000"
6 4821.000000 machine_state m18 j246
6 4821.000000 machine_state m19 j246
6 4823.950000 machine_state m1 w
6 4823.950000 machine_state m11 w
6 4827.609000 machine_state m18 w
6 4827.609000 machine_state m19 w
5 j247 machine_state "247" "1.000000 0.562500 0.000000"
6 4838.000000 machine_state m1 j247
6 4838.000000 machine_state m11 j247
5 j248 machine_state "248" "0.312500 1.000000 0.000000"
6 4858.000000 machine_state m18 j248
6 4858.000000 machine_state m19 j248
6 4858.000000 machine_state m20 j248
6 4858.000000 machine_state m21 j248
6 4858.000000 machine_state m28 j248
6 4858.000000 machine_state m29 j248
6 4858.000000 machine_state m30 j248
6 4858.000000 machine_state m31 j248
6 4864.481000 machine_state m1 w
6 4864.481000 machine_state m11 w
5 j249 machine_state "249" "0.500000 1.000000 0.000000"
6 4878.000000 machine_state m1 j249
6 4878.000000 machine_state m11 j249
6 4878.000000 machine_state m32 j249
6 4878.000000 machine_state m33 j249
6 4902.590000 machine_state m0 w
6 4902.590000 machine_state m9 w
6 4906.800000 machine_state m18 w
6 4906.800000 machine_state m19 w
6 4906.800000 machine_state m20 w
6 4906.800000 machine_state m21 w
6 4906.800000 machine_state m28 w
6 4906.800000 machine_state m29 w
6 4906.800000 machine_state m30 w
6 4906.800000 machine_state m31 w
6 4908.480000 machine_state m12 w
6 4963.080000 machine_state m2 w
6 4963.080000 machine_state m4 w
6 4963.080000 machine_state m22 w
6 4963.080000 machine_state m23 w
6 4963.080000 machine_state m24 w
6 4963.080000 machine_state m25 w
6 4963.080000 machine_state m26 w
6 4963.080000 machine_state m27 w
6 4970.800000 machine_state m3 w
6 4970.800000 machine_state m13 w
6 4991.800000 machine_state m14 w
6 4991.800000 machine_state m17 w
6 5039.590000 machine_state m7 w
6 5039.590000 machine_state m8 w
6 5067.800000 machine_state m15 w
6 5067.800000 machine_state m16 w
6 5168.530000 machine_state m1 w
6 5168.530000 machine_state m11 w
6 5168.530000 machine_state m32 w
6 5168.530000 machine_state m33 w
6 5213.930000 machine_state m10 w
6 5329.930000 machine_state m5 w
6 5370.930000 machine_state m6 w

# End of events, containers destruction
3 5375.000000 m0 machine_ct
3 5375.000000 m1 machine_ct
3 5375.000000 m2 machine_ct
3 5375.000000 m3 machine_ct
3 5375.000000 m4 machine_ct
3 5375.000000 m5 machine_ct
3 5375.000000 m6 machine_ct
3 5375.000000 m7 machine_ct
3 5375.000000 m8 machine_ct
3 5375.000000 m9 machine_ct
3 5375.000000 m10 machine_ct
3 5375.000000 m11 machine_ct
3 5375.000000 m12 machine_ct
3 5375.000000 m13 machine_ct
3 5375.000000 m14 machine_ct
3 5375.000000 m15 machine_ct
3 5375.000000 m16 machine_ct
3 5375.000000 m17 machine_ct
3 5375.000000 m18 machine_ct
3 5375.000000 m19 machine_ct
3 5375.000000 m20 machine_ct
3 5375.000000 m21 machine_ct
3 5375.000000 m22 machine_ct
3 5375.000000 m23 machine_ct
3 5375.000000 m24 machine_ct
3 5375.000000 m25 machine_ct
3 5375.000000 m26 machine_ct
3 5375.000000 m27 machine_ct
3 5375.000000 m28 machine_ct
3 5375.000000 m29 machine_ct
3 5375.000000 m30 machine_ct
3 5375.000000 m31 machine_ct
3 5375.000000 m32 machine_ct
3 5375.000000 m33 machine_ct
3 5375.000000 m34 machine_ct
3 5375.000000 m35 machine_ct
3 5375.000000 m36 machine_ct
3 5375.000000 m37 machine_ct
3 5375.000000 m38 machine_ct
3 5375.000000 m39 machine_ct
3 5375.000000 m40 machine_ct
3 5375.000000 m41 machine_ct
3 5375.000000 m42 machine_ct
3 5375.000000 m43 machine_ct
3 5375.000000 m44 machine_ct
3 5375.000000 m45 machine_ct
3 5375.000000 m46 machine_ct
3 5375.000000 m47 machine_ct
3 5375.000000 m48 machine_ct
3 5375.000000 m49 machine_ct
3 5375.000000 m50 machine_ct
3 5375.000000 m51 machine_ct
3 5375.000000 m52 machine_ct
3 5375.000000 m53 machine_ct
3 5375.000000 m54 machine_ct
3 5375.000000 m55 machine_ct
3 5375.000000 m56 machine_ct
3 5375.000000 m57 machine_ct
3 5375.000000 m58 machine_ct
3 5375.000000 m59 machine_ct
3 5375.000000 m60 machine_ct
3 5375.000000 m61 machine_ct
3 5375.000000 m62 machine_ct
3 5375.000000 m63 machine_ct
3 5375.000000 m64 machine_ct
3 5375.000000 m65 machine_ct
3 5375.000000 m66 machine_ct
3 5375.000000 m67 machine_ct
3 5375.000000 m68 machine_ct
3 5375.000000 m69 machine_ct
3 5375.000000 m70 machine_ct
3 5375.000000 m71 machine_ct
3 5375.000000 m72 machine_ct
3 5375.000000 m73 machine_ct
3 5375.000000 m74 machine_ct
3 5375.000000 m75 machine_ct
3 5375.000000 m76 machine_ct
3 5375.000000 m77 machine_ct
3 5375.000000 m78 machine_ct
3 5375.000000 m79 machine_ct
3 5375.000000 m80 machine_ct
3 5375.000000 m81 machine_ct
3 5375.000000 m82 machine_ct
3 5375.000000 m83 machine_ct
3 5375.000000 m84 machine_ct
3 5375.000000 m85 machine_ct
3 5375.000000 m86 machine_ct
3 5375.000000 m87 machine_ct
3 5375.000000 m88 machine_ct
3 5375.000000 m89 machine_ct
3 5375.000000 m90 machine_ct
3 5375.000000 m91 machine_ct
3 5375.000000 m92 machine_ct
3 5375.000000 m93 machine_ct
3 5375.000000 m94 machine_ct
3 5375.000000 m95 machine_ct
3 5375.000000 m96 machine_ct
3 5375.000000 m97 machine_ct
3 5375.000000 m98 machine_ct
3 5375.000000 m99 machine_ct
3 5375.000000 m100 machine_ct
3 5375.000000 m101 machine_ct
3 5375.000000 m102 machine_ct
3 5375.000000 m103 machine_ct
3 5375.000000 m104 machine_ct
3 5375.000000 m105 machine_ct
3 5375.000000 m106 machine_ct
3 5375.000000 m107 machine_ct
3 5375.000000 m108 machine_ct
3 5375.000000 m109 machine_ct
3 5375.000000 m110 machine_ct
3 5375.000000 m111 machine_ct
3 5375.000000 m112 machine_ct
3 5375.000000 m113 machine_ct
3 5375.000000 m114 machine_ct
3 5375.000000 m115 machine_ct
3 5375.000000 m116 machine_ct
3 5375.000000 m117 machine_ct
3 5375.000000 m118 machine_ct
3 5375.000000 m119 machine_ct
3 5375.000000 m120 machine_ct
3 5375.000000 m121 machine_ct
3 5375.000000 m122 machine_ct
3 5375.000000 m123 machine_ct
3 5375.000000 m124 machine_ct
3 5375.000000 m125 machine_ct
3 5375.000000 m126 machine_ct
3 5375.000000 m127 machine_ct
3 5375.000000 m128 machine_ct
3 5375.000000 m129 machine_ct
3 5375.000000 m130 machine_ct
3 5375.000000 m131 machine_ct
3 5375.000000 m132 machine_ct
3 5375.000000 m133 machine_ct
3 5375.000000 m134 machine_ct
3 5375.000000 m135 machine_ct
3 5375.000000 m136 machine_ct
3 5375.000000 m137 machine_ct
3 5375.000000 m138 machine_ct
3 5375.000000 m139 machine_ct
3 5375.000000 m140 machine_ct
3 5375.000000 m141 machine_ct
3 5375.000000 m142 machine_ct
3 5375.000000 root root_ct
