

 NAS Parallel Benchmarks 3.3 -- IS Benchmark

 Size:  33554432  (class B)
 Iterations:   10
 Number of processes:     1

   iteration
        1
        2
        3
        4
        5
        6
        7
        8
        9
        10


 IS Benchmark Completed
 Class           =                        B
 Size            =                 33554432
 Iterations      =                       10
 Time in seconds =                     4.19
 Total processes =                        1
 Compiled procs  =                        1
 Mop/s total     =                    80.12
 Mop/s/process   =                    80.12
 Operation type  =              keys ranked
 Verification    =               SUCCESSFUL
 Version         =                    3.3.1
 Compile date    =              28 Jan 2016

 Compile options:
    MPICC        = mpicc
    CLINK        = $(MPICC)
    CMPI_LIB     = -L/usr/local/lib -lmpi
    CMPI_INC     = -I/usr/local/include
    CFLAGS       = -O
    CLINKFLAGS   = -O


 Please send feedbacks and/or the results of this run to:

 NPB Development Team
 npb@nas.nasa.gov


