%EventDef PajeDefineContainerType 1
% Type string
% Alias string
% Name string
%EndEventDef

%EventDef PajeCreateContainer 2
% Time date 
% Type string  
% Alias string 
% Name string   
% Container string  
%EndEventDef

%EventDef PajeDestroyContainer 3
% Time date
% Name string 
% Type string
%EndEventDef

%EventDef PajeDefineStateType 4
% Alias string 
% Type string 
% Name string 
%EndEventDef

%EventDef PajeDefineEntityValue 5
% Alias string  
% Type string  
% Name string  
% Color color 
%EndEventDef

%EventDef PajeSetState 6
% Time date  
% Type string  
% Container string  
% Value string  
%EndEventDef 

%EventDef PajeDefineEventType 7
% Type string
% Alias string
% Name string
%EndEventDef

%EventDef PajeNewEvent 8
% Time date
% Type string
% Container string
% Value string
%EndEventDef

%EventDef PajeDefineVariableType 9
% Type string
% Alias string
% Name string
% Color string
%EndEventDef

%EventDef PajeSetVariable 10
% Time date
% Type string
% Container string
% Value double
%EndEventDef

# Container types creation
1 0 root_ct "Machines"
1 root_ct machine_ct "Machine"
1 0 scheduler_ct "Scheduler"
1 scheduler_ct killer_ct "Killer"

# Event types creation
7 killer_ct kk "Job kill"
7 machine_ct km "Job kill"

# Variable types creation
9 scheduler_ct vu_vt "Utilization" "0.0 0.5 0.0"

# Containers creation
2 0.000000 root_ct root "Machines" 0
2 0.000000 machine_ct m0 "graphene-1001.nancy.grid5000.fr" root
2 0.000000 machine_ct m1 "graphene-1002.nancy.grid5000.fr" root
2 0.000000 machine_ct m2 "graphene-1003.nancy.grid5000.fr" root
2 0.000000 machine_ct m3 "graphene-1004.nancy.grid5000.fr" root
2 0.000000 machine_ct m4 "graphene-1005.nancy.grid5000.fr" root
2 0.000000 machine_ct m5 "graphene-1006.nancy.grid5000.fr" root
2 0.000000 machine_ct m6 "graphene-1007.nancy.grid5000.fr" root
2 0.000000 machine_ct m7 "graphene-1008.nancy.grid5000.fr" root
2 0.000000 machine_ct m8 "graphene-1009.nancy.grid5000.fr" root
2 0.000000 machine_ct m9 "graphene-1010.nancy.grid5000.fr" root
2 0.000000 machine_ct m10 "graphene-1011.nancy.grid5000.fr" root
2 0.000000 machine_ct m11 "graphene-1012.nancy.grid5000.fr" root
2 0.000000 machine_ct m12 "graphene-1013.nancy.grid5000.fr" root
2 0.000000 machine_ct m13 "graphene-1014.nancy.grid5000.fr" root
2 0.000000 machine_ct m14 "graphene-1015.nancy.grid5000.fr" root
2 0.000000 machine_ct m15 "graphene-1016.nancy.grid5000.fr" root
2 0.000000 machine_ct m16 "graphene-1017.nancy.grid5000.fr" root
2 0.000000 machine_ct m17 "graphene-1018.nancy.grid5000.fr" root
2 0.000000 machine_ct m18 "graphene-1019.nancy.grid5000.fr" root
2 0.000000 machine_ct m19 "graphene-1020.nancy.grid5000.fr" root
2 0.000000 machine_ct m20 "graphene-1021.nancy.grid5000.fr" root
2 0.000000 machine_ct m21 "graphene-1022.nancy.grid5000.fr" root
2 0.000000 machine_ct m22 "graphene-1023.nancy.grid5000.fr" root
2 0.000000 machine_ct m23 "graphene-1024.nancy.grid5000.fr" root
2 0.000000 machine_ct m24 "graphene-1025.nancy.grid5000.fr" root
2 0.000000 machine_ct m25 "graphene-1026.nancy.grid5000.fr" root
2 0.000000 machine_ct m26 "graphene-1027.nancy.grid5000.fr" root
2 0.000000 machine_ct m27 "graphene-1028.nancy.grid5000.fr" root
2 0.000000 machine_ct m28 "graphene-1029.nancy.grid5000.fr" root
2 0.000000 machine_ct m29 "graphene-1030.nancy.grid5000.fr" root
2 0.000000 machine_ct m30 "graphene-1031.nancy.grid5000.fr" root
2 0.000000 machine_ct m31 "graphene-1032.nancy.grid5000.fr" root
2 0.000000 machine_ct m32 "graphene-1033.nancy.grid5000.fr" root
2 0.000000 machine_ct m33 "graphene-1034.nancy.grid5000.fr" root
2 0.000000 machine_ct m34 "graphene-1035.nancy.grid5000.fr" root
2 0.000000 machine_ct m35 "graphene-1036.nancy.grid5000.fr" root
2 0.000000 machine_ct m36 "graphene-1037.nancy.grid5000.fr" root
2 0.000000 machine_ct m37 "graphene-1038.nancy.grid5000.fr" root
2 0.000000 machine_ct m38 "graphene-1039.nancy.grid5000.fr" root
2 0.000000 machine_ct m39 "graphene-1040.nancy.grid5000.fr" root
2 0.000000 machine_ct m40 "graphene-1041.nancy.grid5000.fr" root
2 0.000000 machine_ct m41 "graphene-1042.nancy.grid5000.fr" root
2 0.000000 machine_ct m42 "graphene-1043.nancy.grid5000.fr" root
2 0.000000 machine_ct m43 "graphene-1044.nancy.grid5000.fr" root
2 0.000000 machine_ct m44 "graphene-1045.nancy.grid5000.fr" root
2 0.000000 machine_ct m45 "graphene-1046.nancy.grid5000.fr" root
2 0.000000 machine_ct m46 "graphene-1047.nancy.grid5000.fr" root
2 0.000000 machine_ct m47 "graphene-1048.nancy.grid5000.fr" root
2 0.000000 machine_ct m48 "graphene-1049.nancy.grid5000.fr" root
2 0.000000 machine_ct m49 "graphene-1050.nancy.grid5000.fr" root
2 0.000000 machine_ct m50 "graphene-1051.nancy.grid5000.fr" root
2 0.000000 machine_ct m51 "graphene-1052.nancy.grid5000.fr" root
2 0.000000 machine_ct m52 "graphene-1053.nancy.grid5000.fr" root
2 0.000000 machine_ct m53 "graphene-1054.nancy.grid5000.fr" root
2 0.000000 machine_ct m54 "graphene-1055.nancy.grid5000.fr" root
2 0.000000 machine_ct m55 "graphene-1056.nancy.grid5000.fr" root
2 0.000000 machine_ct m56 "graphene-1057.nancy.grid5000.fr" root
2 0.000000 machine_ct m57 "graphene-1058.nancy.grid5000.fr" root
2 0.000000 machine_ct m58 "graphene-1059.nancy.grid5000.fr" root
2 0.000000 machine_ct m59 "graphene-1060.nancy.grid5000.fr" root
2 0.000000 machine_ct m60 "graphene-1061.nancy.grid5000.fr" root
2 0.000000 machine_ct m61 "graphene-1062.nancy.grid5000.fr" root
2 0.000000 machine_ct m62 "graphene-1063.nancy.grid5000.fr" root
2 0.000000 machine_ct m63 "graphene-1064.nancy.grid5000.fr" root
2 0.000000 machine_ct m64 "graphene-1065.nancy.grid5000.fr" root
2 0.000000 machine_ct m65 "graphene-1066.nancy.grid5000.fr" root
2 0.000000 machine_ct m66 "graphene-1067.nancy.grid5000.fr" root
2 0.000000 machine_ct m67 "graphene-1068.nancy.grid5000.fr" root
2 0.000000 machine_ct m68 "graphene-1069.nancy.grid5000.fr" root
2 0.000000 machine_ct m69 "graphene-1070.nancy.grid5000.fr" root
2 0.000000 machine_ct m70 "graphene-1071.nancy.grid5000.fr" root
2 0.000000 machine_ct m71 "graphene-1072.nancy.grid5000.fr" root
2 0.000000 machine_ct m72 "graphene-1073.nancy.grid5000.fr" root
2 0.000000 machine_ct m73 "graphene-1074.nancy.grid5000.fr" root
2 0.000000 machine_ct m74 "graphene-1075.nancy.grid5000.fr" root
2 0.000000 machine_ct m75 "graphene-1076.nancy.grid5000.fr" root
2 0.000000 machine_ct m76 "graphene-1077.nancy.grid5000.fr" root
2 0.000000 machine_ct m77 "graphene-1078.nancy.grid5000.fr" root
2 0.000000 machine_ct m78 "graphene-1079.nancy.grid5000.fr" root
2 0.000000 machine_ct m79 "graphene-1080.nancy.grid5000.fr" root
2 0.000000 machine_ct m80 "graphene-1081.nancy.grid5000.fr" root
2 0.000000 machine_ct m81 "graphene-1082.nancy.grid5000.fr" root
2 0.000000 machine_ct m82 "graphene-1083.nancy.grid5000.fr" root
2 0.000000 machine_ct m83 "graphene-1084.nancy.grid5000.fr" root
2 0.000000 machine_ct m84 "graphene-1085.nancy.grid5000.fr" root
2 0.000000 machine_ct m85 "graphene-1086.nancy.grid5000.fr" root
2 0.000000 machine_ct m86 "graphene-1087.nancy.grid5000.fr" root
2 0.000000 machine_ct m87 "graphene-1088.nancy.grid5000.fr" root
2 0.000000 machine_ct m88 "graphene-1089.nancy.grid5000.fr" root
2 0.000000 machine_ct m89 "graphene-1090.nancy.grid5000.fr" root
2 0.000000 machine_ct m90 "graphene-1091.nancy.grid5000.fr" root
2 0.000000 machine_ct m91 "graphene-1092.nancy.grid5000.fr" root
2 0.000000 machine_ct m92 "graphene-1093.nancy.grid5000.fr" root
2 0.000000 machine_ct m93 "graphene-1094.nancy.grid5000.fr" root
2 0.000000 machine_ct m94 "graphene-1095.nancy.grid5000.fr" root
2 0.000000 machine_ct m95 "graphene-1096.nancy.grid5000.fr" root
2 0.000000 machine_ct m96 "graphene-1097.nancy.grid5000.fr" root
2 0.000000 machine_ct m97 "graphene-1098.nancy.grid5000.fr" root
2 0.000000 machine_ct m98 "graphene-1099.nancy.grid5000.fr" root
2 0.000000 machine_ct m99 "graphene-1100.nancy.grid5000.fr" root
2 0.000000 machine_ct m100 "graphene-1101.nancy.grid5000.fr" root
2 0.000000 machine_ct m101 "graphene-1102.nancy.grid5000.fr" root
2 0.000000 machine_ct m102 "graphene-1103.nancy.grid5000.fr" root
2 0.000000 machine_ct m103 "graphene-1104.nancy.grid5000.fr" root
2 0.000000 machine_ct m104 "graphene-1105.nancy.grid5000.fr" root
2 0.000000 machine_ct m105 "graphene-1106.nancy.grid5000.fr" root
2 0.000000 machine_ct m106 "graphene-1107.nancy.grid5000.fr" root
2 0.000000 machine_ct m107 "graphene-1108.nancy.grid5000.fr" root
2 0.000000 machine_ct m108 "graphene-1109.nancy.grid5000.fr" root
2 0.000000 machine_ct m109 "graphene-1110.nancy.grid5000.fr" root
2 0.000000 machine_ct m110 "graphene-1111.nancy.grid5000.fr" root
2 0.000000 machine_ct m111 "graphene-1112.nancy.grid5000.fr" root
2 0.000000 machine_ct m112 "graphene-1113.nancy.grid5000.fr" root
2 0.000000 machine_ct m113 "graphene-1114.nancy.grid5000.fr" root
2 0.000000 machine_ct m114 "graphene-1115.nancy.grid5000.fr" root
2 0.000000 machine_ct m115 "graphene-1116.nancy.grid5000.fr" root
2 0.000000 machine_ct m116 "graphene-1117.nancy.grid5000.fr" root
2 0.000000 machine_ct m117 "graphene-1118.nancy.grid5000.fr" root
2 0.000000 machine_ct m118 "graphene-1119.nancy.grid5000.fr" root
2 0.000000 machine_ct m119 "graphene-1120.nancy.grid5000.fr" root
2 0.000000 machine_ct m120 "graphene-1121.nancy.grid5000.fr" root
2 0.000000 machine_ct m121 "graphene-1122.nancy.grid5000.fr" root
2 0.000000 machine_ct m122 "graphene-1123.nancy.grid5000.fr" root
2 0.000000 machine_ct m123 "graphene-1124.nancy.grid5000.fr" root
2 0.000000 machine_ct m124 "graphene-1125.nancy.grid5000.fr" root
2 0.000000 machine_ct m125 "graphene-1126.nancy.grid5000.fr" root
2 0.000000 machine_ct m126 "graphene-1127.nancy.grid5000.fr" root
2 0.000000 machine_ct m127 "graphene-1128.nancy.grid5000.fr" root
2 0.000000 machine_ct m128 "graphene-1129.nancy.grid5000.fr" root
2 0.000000 machine_ct m129 "graphene-1130.nancy.grid5000.fr" root
2 0.000000 machine_ct m130 "graphene-1131.nancy.grid5000.fr" root
2 0.000000 machine_ct m131 "graphene-1132.nancy.grid5000.fr" root
2 0.000000 machine_ct m132 "graphene-1133.nancy.grid5000.fr" root
2 0.000000 machine_ct m133 "graphene-1134.nancy.grid5000.fr" root
2 0.000000 machine_ct m134 "graphene-1135.nancy.grid5000.fr" root
2 0.000000 machine_ct m135 "graphene-1136.nancy.grid5000.fr" root
2 0.000000 machine_ct m136 "graphene-1137.nancy.grid5000.fr" root
2 0.000000 machine_ct m137 "graphene-1138.nancy.grid5000.fr" root
2 0.000000 machine_ct m138 "graphene-1139.nancy.grid5000.fr" root
2 0.000000 machine_ct m139 "graphene-1140.nancy.grid5000.fr" root
2 0.000000 machine_ct m140 "graphene-1141.nancy.grid5000.fr" root
2 0.000000 machine_ct m141 "graphene-1142.nancy.grid5000.fr" root
2 0.000000 machine_ct m142 "graphene-1143.nancy.grid5000.fr" root
2 0.000000 scheduler_ct sc "Scheduler" 0
2 0.000000 killer_ct k "Killer" sc

# States creation
4 machine_state machine_ct "Machine state"

# Creation of the different values the machine state can be
5 w machine_state "Waiting" "0.0 0.0 0.0"
5 l machine_state "Launching" "0.3 0.3 0.3"

# Begin of events
6 0.000000 machine_state m0 w
6 0.000000 machine_state m1 w
6 0.000000 machine_state m2 w
6 0.000000 machine_state m3 w
6 0.000000 machine_state m4 w
6 0.000000 machine_state m5 w
6 0.000000 machine_state m6 w
6 0.000000 machine_state m7 w
6 0.000000 machine_state m8 w
6 0.000000 machine_state m9 w
6 0.000000 machine_state m10 w
6 0.000000 machine_state m11 w
6 0.000000 machine_state m12 w
6 0.000000 machine_state m13 w
6 0.000000 machine_state m14 w
6 0.000000 machine_state m15 w
6 0.000000 machine_state m16 w
6 0.000000 machine_state m17 w
6 0.000000 machine_state m18 w
6 0.000000 machine_state m19 w
6 0.000000 machine_state m20 w
6 0.000000 machine_state m21 w
6 0.000000 machine_state m22 w
6 0.000000 machine_state m23 w
6 0.000000 machine_state m24 w
6 0.000000 machine_state m25 w
6 0.000000 machine_state m26 w
6 0.000000 machine_state m27 w
6 0.000000 machine_state m28 w
6 0.000000 machine_state m29 w
6 0.000000 machine_state m30 w
6 0.000000 machine_state m31 w
6 0.000000 machine_state m32 w
6 0.000000 machine_state m33 w
6 0.000000 machine_state m34 w
6 0.000000 machine_state m35 w
6 0.000000 machine_state m36 w
6 0.000000 machine_state m37 w
6 0.000000 machine_state m38 w
6 0.000000 machine_state m39 w
6 0.000000 machine_state m40 w
6 0.000000 machine_state m41 w
6 0.000000 machine_state m42 w
6 0.000000 machine_state m43 w
6 0.000000 machine_state m44 w
6 0.000000 machine_state m45 w
6 0.000000 machine_state m46 w
6 0.000000 machine_state m47 w
6 0.000000 machine_state m48 w
6 0.000000 machine_state m49 w
6 0.000000 machine_state m50 w
6 0.000000 machine_state m51 w
6 0.000000 machine_state m52 w
6 0.000000 machine_state m53 w
6 0.000000 machine_state m54 w
6 0.000000 machine_state m55 w
6 0.000000 machine_state m56 w
6 0.000000 machine_state m57 w
6 0.000000 machine_state m58 w
6 0.000000 machine_state m59 w
6 0.000000 machine_state m60 w
6 0.000000 machine_state m61 w
6 0.000000 machine_state m62 w
6 0.000000 machine_state m63 w
6 0.000000 machine_state m64 w
6 0.000000 machine_state m65 w
6 0.000000 machine_state m66 w
6 0.000000 machine_state m67 w
6 0.000000 machine_state m68 w
6 0.000000 machine_state m69 w
6 0.000000 machine_state m70 w
6 0.000000 machine_state m71 w
6 0.000000 machine_state m72 w
6 0.000000 machine_state m73 w
6 0.000000 machine_state m74 w
6 0.000000 machine_state m75 w
6 0.000000 machine_state m76 w
6 0.000000 machine_state m77 w
6 0.000000 machine_state m78 w
6 0.000000 machine_state m79 w
6 0.000000 machine_state m80 w
6 0.000000 machine_state m81 w
6 0.000000 machine_state m82 w
6 0.000000 machine_state m83 w
6 0.000000 machine_state m84 w
6 0.000000 machine_state m85 w
6 0.000000 machine_state m86 w
6 0.000000 machine_state m87 w
6 0.000000 machine_state m88 w
6 0.000000 machine_state m89 w
6 0.000000 machine_state m90 w
6 0.000000 machine_state m91 w
6 0.000000 machine_state m92 w
6 0.000000 machine_state m93 w
6 0.000000 machine_state m94 w
6 0.000000 machine_state m95 w
6 0.000000 machine_state m96 w
6 0.000000 machine_state m97 w
6 0.000000 machine_state m98 w
6 0.000000 machine_state m99 w
6 0.000000 machine_state m100 w
6 0.000000 machine_state m101 w
6 0.000000 machine_state m102 w
6 0.000000 machine_state m103 w
6 0.000000 machine_state m104 w
6 0.000000 machine_state m105 w
6 0.000000 machine_state m106 w
6 0.000000 machine_state m107 w
6 0.000000 machine_state m108 w
6 0.000000 machine_state m109 w
6 0.000000 machine_state m110 w
6 0.000000 machine_state m111 w
6 0.000000 machine_state m112 w
6 0.000000 machine_state m113 w
6 0.000000 machine_state m114 w
6 0.000000 machine_state m115 w
6 0.000000 machine_state m116 w
6 0.000000 machine_state m117 w
6 0.000000 machine_state m118 w
6 0.000000 machine_state m119 w
6 0.000000 machine_state m120 w
6 0.000000 machine_state m121 w
6 0.000000 machine_state m122 w
6 0.000000 machine_state m123 w
6 0.000000 machine_state m124 w
6 0.000000 machine_state m125 w
6 0.000000 machine_state m126 w
6 0.000000 machine_state m127 w
6 0.000000 machine_state m128 w
6 0.000000 machine_state m129 w
6 0.000000 machine_state m130 w
6 0.000000 machine_state m131 w
6 0.000000 machine_state m132 w
6 0.000000 machine_state m133 w
6 0.000000 machine_state m134 w
6 0.000000 machine_state m135 w
6 0.000000 machine_state m136 w
6 0.000000 machine_state m137 w
6 0.000000 machine_state m138 w
6 0.000000 machine_state m139 w
6 0.000000 machine_state m140 w
6 0.000000 machine_state m141 w
6 0.000000 machine_state m142 w
5 j0 machine_state "0" "0.000000 0.812500 1.000000"
6 25.000000 machine_state m0 j0
5 j1 machine_state "1" "1.000000 0.000000 0.000000"
6 43.000000 machine_state m1 j1
6 43.000000 machine_state m2 j1
5 j2 machine_state "2" "1.000000 0.750000 0.000000"
6 62.000000 machine_state m3 j2
6 62.000000 machine_state m4 j2
5 j3 machine_state "3" "0.593750 0.000000 1.000000"
6 81.000000 machine_state m5 j3
6 81.000000 machine_state m6 j3
6 105.048012 machine_state m1 w
6 105.048012 machine_state m2 w
6 113.509997 machine_state m0 w
6 124.048013 machine_state m3 w
6 124.048013 machine_state m4 w
5 j4 machine_state "4" "0.000000 1.000000 0.062500"
6 129.000000 machine_state m0 j4
6 129.000000 machine_state m1 j4
6 129.000000 machine_state m2 j4
6 129.000000 machine_state m3 j4
6 129.000000 machine_state m4 j4
6 129.000000 machine_state m7 j4
6 129.000000 machine_state m8 j4
6 129.000000 machine_state m9 j4
6 129.000000 machine_state m10 j4
6 129.000000 machine_state m11 j4
6 129.000000 machine_state m12 j4
6 129.000000 machine_state m13 j4
6 129.000000 machine_state m14 j4
6 129.000000 machine_state m15 j4
6 129.000000 machine_state m16 j4
6 129.000000 machine_state m17 j4
6 129.000000 machine_state m18 j4
6 129.000000 machine_state m19 j4
6 129.000000 machine_state m20 j4
6 129.000000 machine_state m21 j4
6 129.000000 machine_state m22 j4
6 129.000000 machine_state m23 j4
6 129.000000 machine_state m24 j4
6 129.000000 machine_state m25 j4
6 129.000000 machine_state m26 j4
6 129.000000 machine_state m27 j4
6 129.000000 machine_state m28 j4
6 129.000000 machine_state m29 j4
6 129.000000 machine_state m30 j4
6 129.000000 machine_state m31 j4
6 129.000000 machine_state m32 j4
6 129.000000 machine_state m33 j4
6 175.003687 machine_state m0 w
6 175.003687 machine_state m1 w
6 175.003687 machine_state m2 w
6 175.003687 machine_state m3 w
6 175.003687 machine_state m4 w
6 175.003687 machine_state m7 w
6 175.003687 machine_state m8 w
6 175.003687 machine_state m9 w
6 175.003687 machine_state m10 w
6 175.003687 machine_state m11 w
6 175.003687 machine_state m12 w
6 175.003687 machine_state m13 w
6 175.003687 machine_state m14 w
6 175.003687 machine_state m15 w
6 175.003687 machine_state m16 w
6 175.003687 machine_state m17 w
6 175.003687 machine_state m18 w
6 175.003687 machine_state m19 w
6 175.003687 machine_state m20 w
6 175.003687 machine_state m21 w
6 175.003687 machine_state m22 w
6 175.003687 machine_state m23 w
6 175.003687 machine_state m24 w
6 175.003687 machine_state m25 w
6 175.003687 machine_state m26 w
6 175.003687 machine_state m27 w
6 175.003687 machine_state m28 w
6 175.003687 machine_state m29 w
6 175.003687 machine_state m30 w
6 175.003687 machine_state m31 w
6 175.003687 machine_state m32 w
6 175.003687 machine_state m33 w
5 j8 machine_state "8" "0.593750 1.000000 0.000000"
6 180.000000 machine_state m12 j8
6 180.000000 machine_state m13 j8
5 j5 machine_state "5" "0.687500 0.000000 1.000000"
6 180.000000 machine_state m0 j5
6 180.000000 machine_state m1 j5
6 180.000000 machine_state m2 j5
6 180.000000 machine_state m3 j5
5 j6 machine_state "6" "0.968750 1.000000 0.000000"
6 180.000000 machine_state m4 j6
6 180.000000 machine_state m7 j6
6 180.000000 machine_state m8 j6
6 180.000000 machine_state m9 j6
5 j7 machine_state "7" "0.000000 1.000000 0.718750"
6 180.000000 machine_state m10 j7
6 180.000000 machine_state m11 j7
5 j9 machine_state "9" "0.312500 0.000000 1.000000"
6 195.000000 machine_state m14 j9
6 195.000000 machine_state m15 j9
5 j10 machine_state "10" "1.000000 0.000000 0.093750"
6 214.000000 machine_state m16 j10
5 j11 machine_state "11" "1.000000 0.000000 0.187500"
6 232.000000 machine_state m17 j11
6 232.000000 machine_state m18 j11
6 232.000000 machine_state m19 j11
6 232.000000 machine_state m20 j11
5 j12 machine_state "12" "1.000000 0.000000 0.937500"
6 253.000000 machine_state m21 j12
6 253.000000 machine_state m22 j12
6 253.000000 machine_state m23 j12
6 253.000000 machine_state m24 j12
6 253.000000 machine_state m25 j12
6 253.000000 machine_state m26 j12
6 253.000000 machine_state m27 j12
6 253.000000 machine_state m28 j12
6 257.048012 machine_state m14 w
6 257.048012 machine_state m15 w
6 267.706527 machine_state m4 w
6 267.706527 machine_state m7 w
6 267.706527 machine_state m8 w
6 267.706527 machine_state m9 w
5 j13 machine_state "13" "0.000000 0.156250 1.000000"
6 272.000000 machine_state m14 j13
6 272.000000 machine_state m15 j13
5 j14 machine_state "14" "0.000000 0.718750 1.000000"
6 292.000000 machine_state m4 j14
6 301.257000 machine_state m4 w
5 j15 machine_state "15" "1.000000 0.000000 0.468750"
6 312.000000 machine_state m4 j15
6 312.000000 machine_state m7 j15
6 312.000000 machine_state m8 j15
6 312.000000 machine_state m9 j15
6 319.706527 machine_state m17 w
6 319.706527 machine_state m18 w
6 319.706527 machine_state m19 w
6 319.706527 machine_state m20 w
6 320.922085 machine_state m12 w
6 320.922085 machine_state m13 w
6 331.910472 machine_state m0 w
6 331.910472 machine_state m1 w
6 331.910472 machine_state m2 w
6 331.910472 machine_state m3 w
5 j16 machine_state "16" "0.000000 1.000000 0.812500"
6 334.000000 machine_state m12 j16
6 346.829894 machine_state m5 w
6 346.829894 machine_state m6 w
5 j17 machine_state "17" "0.000000 0.906250 1.000000"
6 349.000000 machine_state m0 j17
6 349.000000 machine_state m1 j17
5 j18 machine_state "18" "0.218750 0.000000 1.000000"
6 369.000000 machine_state m2 j18
5 j19 machine_state "19" "0.031250 1.000000 0.000000"
6 388.000000 machine_state m3 j19
6 388.000000 machine_state m5 j19
6 399.706528 machine_state m4 w
6 399.706528 machine_state m7 w
6 399.706528 machine_state m8 w
6 399.706528 machine_state m9 w
5 j20 machine_state "20" "0.000000 1.000000 0.906250"
6 409.000000 machine_state m4 j20
5 j21 machine_state "21" "0.781250 1.000000 0.000000"
6 425.000000 machine_state m6 j21
6 425.000000 machine_state m7 j21
6 425.000000 machine_state m8 j21
6 425.000000 machine_state m9 j21
5 j22 machine_state "22" "0.218750 1.000000 0.000000"
6 445.000000 machine_state m13 j22
6 445.000000 machine_state m17 j22
6 445.829894 machine_state m10 w
6 445.829894 machine_state m11 w
6 457.509997 machine_state m2 w
5 j23 machine_state "23" "0.000000 1.000000 0.437500"
6 467.000000 machine_state m2 j23
6 471.487274 machine_state m13 w
6 471.487274 machine_state m17 w
5 j24 machine_state "24" "0.687500 1.000000 0.000000"
6 483.000000 machine_state m10 j24
6 483.000000 machine_state m11 j24
6 493.984475 machine_state m16 w
6 497.509997 machine_state m4 w
5 j25 machine_state "25" "0.000000 1.000000 0.625000"
6 503.000000 machine_state m4 j25
6 503.000000 machine_state m13 j25
6 512.706527 machine_state m6 w
6 512.706527 machine_state m7 w
6 512.706527 machine_state m8 w
6 512.706527 machine_state m9 w
5 j26 machine_state "26" "0.000000 1.000000 0.531250"
6 523.000000 machine_state m6 j26
6 537.829894 machine_state m14 w
6 537.829894 machine_state m15 w
5 j27 machine_state "27" "1.000000 0.937500 0.000000"
6 547.000000 machine_state m7 j27
6 547.000000 machine_state m8 j27
6 553.600096 machine_state m7 w
6 553.600096 machine_state m8 w
5 j28 machine_state "28" "1.000000 0.000000 0.562500"
6 563.000000 machine_state m7 j28
6 563.000000 machine_state m8 j28
6 565.048013 machine_state m4 w
6 565.048013 machine_state m13 w
5 j29 machine_state "29" "1.000000 0.000000 0.750000"
6 582.000000 machine_state m4 j29
6 582.000000 machine_state m9 j29
5 j30 machine_state "30" "0.000000 1.000000 1.000000"
6 601.000000 machine_state m13 j30
6 601.000000 machine_state m14 j30
6 608.487274 machine_state m4 w
6 608.487274 machine_state m9 w
6 614.829894 machine_state m0 w
6 614.829894 machine_state m1 w
5 j31 machine_state "31" "0.875000 1.000000 0.000000"
6 624.000000 machine_state m0 j31
6 624.000000 machine_state m1 j31
6 624.000000 machine_state m4 j31
6 624.000000 machine_state m9 j31
6 640.645959 machine_state m0 w
6 640.645959 machine_state m1 w
6 640.645959 machine_state m4 w
6 640.645959 machine_state m9 w
5 j32 machine_state "32" "0.968750 0.000000 1.000000"
6 643.000000 machine_state m15 j32
6 652.257000 machine_state m15 w
6 653.829894 machine_state m3 w
6 653.829894 machine_state m5 w
5 j33 machine_state "33" "1.000000 0.093750 0.000000"
6 667.000000 machine_state m0 j33
6 667.000000 machine_state m1 j33
5 j34 machine_state "34" "1.000000 0.000000 0.656250"
6 682.000000 machine_state m3 j34
6 682.000000 machine_state m4 j34
5 j35 machine_state "35" "0.500000 0.000000 1.000000"
6 698.000000 machine_state m5 j35
6 708.487274 machine_state m3 w
6 708.487274 machine_state m4 w
5 j36 machine_state "36" "1.000000 0.000000 0.843750"
6 718.000000 machine_state m3 j36
6 718.000000 machine_state m4 j36
6 718.000000 machine_state m9 j36
6 718.000000 machine_state m15 j36
5 j37 machine_state "37" "0.000000 1.000000 0.343750"
6 737.000000 machine_state m16 j37
6 737.000000 machine_state m17 j37
6 737.000000 machine_state m18 j37
6 737.000000 machine_state m19 j37
6 748.829894 machine_state m10 w
6 748.829894 machine_state m11 w
6 753.645959 machine_state m16 w
6 753.645959 machine_state m17 w
6 753.645959 machine_state m18 w
6 753.645959 machine_state m19 w
5 j38 machine_state "38" "0.000000 0.531250 1.000000"
6 758.000000 machine_state m10 j38
6 758.000000 machine_state m11 j38
6 764.600096 machine_state m10 w
6 764.600096 machine_state m11 w
5 j39 machine_state "39" "0.125000 0.000000 1.000000"
6 775.000000 machine_state m10 j39
6 784.257000 machine_state m10 w
5 j40 machine_state "40" "1.000000 0.843750 0.000000"
6 796.000000 machine_state m10 j40
6 796.000000 machine_state m11 j40
6 796.000000 machine_state m16 j40
6 796.000000 machine_state m17 j40
6 799.916733 machine_state m10 w
6 799.916733 machine_state m11 w
6 799.916733 machine_state m16 w
6 799.916733 machine_state m17 w
5 j41 machine_state "41" "0.000000 0.437500 1.000000"
6 815.000000 machine_state m10 j41
5 j42 machine_state "42" "0.781250 0.000000 1.000000"
6 834.000000 machine_state m11 j42
6 843.257000 machine_state m11 w
5 j43 machine_state "43" "0.031250 0.000000 1.000000"
6 853.000000 machine_state m11 j43
6 853.000000 machine_state m16 j43
6 853.000000 machine_state m17 j43
6 853.000000 machine_state m18 j43
6 853.483781 machine_state m2 w
6 869.910473 machine_state m3 w
6 869.910473 machine_state m4 w
6 869.910473 machine_state m9 w
6 869.910473 machine_state m15 w
5 j44 machine_state "44" "1.000000 0.375000 0.000000"
6 872.000000 machine_state m2 j44
6 872.000000 machine_state m19 j44
6 872.000000 machine_state m20 j44
6 872.000000 machine_state m29 j44
6 872.000000 machine_state m30 j44
6 872.000000 machine_state m31 j44
6 872.000000 machine_state m32 j44
6 872.000000 machine_state m33 j44
6 874.336822 machine_state m2 w
6 874.336822 machine_state m19 w
6 874.336822 machine_state m20 w
6 874.336822 machine_state m29 w
6 874.336822 machine_state m30 w
6 874.336822 machine_state m31 w
6 874.336822 machine_state m32 w
6 874.336822 machine_state m33 w
6 888.929605 machine_state m11 w
6 888.929605 machine_state m16 w
6 888.929605 machine_state m17 w
6 888.929605 machine_state m18 w
5 j45 machine_state "45" "1.000000 0.187500 0.000000"
6 892.000000 machine_state m2 j45
6 892.000000 machine_state m3 j45
6 909.483781 machine_state m6 w
5 j46 machine_state "46" "0.875000 0.000000 1.000000"
6 910.000000 machine_state m4 j46
6 910.000000 machine_state m9 j46
5 j47 machine_state "47" "1.000000 0.468750 0.000000"
6 931.000000 machine_state m6 j47
6 931.000000 machine_state m11 j47
6 932.829895 machine_state m0 w
6 932.829895 machine_state m1 w
5 j48 machine_state "48" "0.000000 0.062500 1.000000"
6 951.000000 machine_state m0 j48
6 951.000000 machine_state m1 j48
6 957.487274 machine_state m6 w
6 957.487274 machine_state m11 w
5 j49 machine_state "49" "0.125000 1.000000 0.000000"
6 970.000000 machine_state m6 j49
6 970.000000 machine_state m11 j49
6 970.000000 machine_state m15 j49
6 970.000000 machine_state m16 j49
5 j50 machine_state "50" "0.000000 0.343750 1.000000"
6 992.000000 machine_state m17 j50
6 992.000000 machine_state m18 j50
6 1005.929605 machine_state m6 w
6 1005.929605 machine_state m11 w
6 1005.929605 machine_state m15 w
6 1005.929605 machine_state m16 w
6 1013.048013 machine_state m0 w
6 1013.048013 machine_state m1 w
5 j51 machine_state "51" "1.000000 0.656250 0.000000"
6 1015.000000 machine_state m6 j51
6 1015.000000 machine_state m11 j51
6 1015.000000 machine_state m15 j51
6 1015.000000 machine_state m16 j51
6 1018.916733 machine_state m6 w
6 1018.916733 machine_state m11 w
6 1018.916733 machine_state m15 w
6 1018.916733 machine_state m16 w
5 j52 machine_state "52" "1.000000 0.281250 0.000000"
6 1032.000000 machine_state m0 j52
6 1032.000000 machine_state m1 j52
6 1032.000000 machine_state m6 j52
6 1032.000000 machine_state m11 j52
6 1050.922085 machine_state m4 w
6 1050.922085 machine_state m9 w
5 j53 machine_state "53" "1.000000 0.000000 0.281250"
6 1051.000000 machine_state m15 j53
6 1051.000000 machine_state m16 j53
5 j54 machine_state "54" "0.000000 0.250000 1.000000"
6 1071.000000 machine_state m4 j54
6 1071.000000 machine_state m9 j54
6 1077.600096 machine_state m4 w
6 1077.600096 machine_state m9 w
6 1084.483781 machine_state m5 w
5 j55 machine_state "55" "1.000000 0.562500 0.000000"
6 1094.000000 machine_state m4 j55
6 1094.000000 machine_state m5 j55
6 1094.000000 machine_state m9 j55
6 1094.000000 machine_state m19 j55
6 1097.916733 machine_state m4 w
6 1097.916733 machine_state m5 w
6 1097.916733 machine_state m9 w
6 1097.916733 machine_state m19 w
5 j56 machine_state "56" "0.312500 1.000000 0.000000"
6 1112.000000 machine_state m4 j56
6 1112.000000 machine_state m5 j56
6 1119.706527 machine_state m0 w
6 1119.706527 machine_state m1 w
6 1119.706527 machine_state m6 w
6 1119.706527 machine_state m11 w
5 j57 machine_state "57" "0.500000 1.000000 0.000000"
6 1131.000000 machine_state m0 j57
5 j58 machine_state "58" "1.000000 0.000000 0.375000"
6 1150.000000 machine_state m1 j58
6 1150.000000 machine_state m6 j58
6 1150.000000 machine_state m9 j58
6 1150.000000 machine_state m11 j58
6 1156.550692 machine_state m7 w
6 1156.550692 machine_state m8 w
6 1157.829895 machine_state m2 w
6 1157.829895 machine_state m3 w
5 j59 machine_state "59" "0.406250 1.000000 0.000000"
6 1171.000000 machine_state m2 j59
6 1171.000000 machine_state m3 j59
5 j60 machine_state "60" "0.000000 1.000000 0.250000"
6 1189.000000 machine_state m7 j60
6 1189.000000 machine_state m8 j60
6 1191.922085 machine_state m15 w
6 1191.922085 machine_state m16 w
6 1194.550692 machine_state m13 w
6 1194.550692 machine_state m14 w
6 1197.487274 machine_state m2 w
6 1197.487274 machine_state m3 w
5 j61 machine_state "61" "0.000000 0.625000 1.000000"
6 1211.000000 machine_state m2 j61
6 1211.000000 machine_state m3 j61
6 1211.000000 machine_state m13 j61
6 1211.000000 machine_state m14 j61
6 1214.916733 machine_state m2 w
6 1214.916733 machine_state m3 w
6 1214.916733 machine_state m13 w
6 1214.916733 machine_state m14 w
6 1219.509997 machine_state m0 w
5 j62 machine_state "62" "0.000000 1.000000 0.156250"
6 1229.000000 machine_state m0 j62
6 1229.000000 machine_state m2 j62
5 j63 machine_state "63" "0.406250 0.000000 1.000000"
6 1246.000000 machine_state m3 j63
6 1246.000000 machine_state m13 j63
6 1252.922085 machine_state m4 w
6 1252.922085 machine_state m5 w
6 1257.829895 machine_state m17 w
6 1257.829895 machine_state m18 w
5 j64 machine_state "64" "0.000000 0.812500 1.000000"
6 1267.000000 machine_state m4 j64
6 1267.000000 machine_state m5 j64
5 j65 machine_state "65" "1.000000 0.000000 0.000000"
6 1287.000000 machine_state m14 j65
6 1287.000000 machine_state m15 j65
6 1287.000000 machine_state m16 j65
6 1287.000000 machine_state m17 j65
5 j66 machine_state "66" "1.000000 0.750000 0.000000"
6 1305.000000 machine_state m18 j66
5 j67 machine_state "67" "0.593750 0.000000 1.000000"
6 1323.000000 machine_state m19 j67
6 1329.048012 machine_state m4 w
6 1329.048012 machine_state m5 w
5 j68 machine_state "68" "0.000000 1.000000 0.062500"
6 1342.000000 machine_state m4 j68
6 1342.000000 machine_state m5 j68
6 1342.000000 machine_state m20 j68
6 1342.000000 machine_state m29 j68
5 j69 machine_state "69" "0.687500 0.000000 1.000000"
6 1361.000000 machine_state m30 j69
6 1361.000000 machine_state m31 j69
6 1369.922085 machine_state m0 w
6 1369.922085 machine_state m2 w
6 1374.706527 machine_state m14 w
6 1374.706527 machine_state m15 w
6 1374.706527 machine_state m16 w
6 1374.706527 machine_state m17 w
5 j70 machine_state "70" "0.968750 1.000000 0.000000"
6 1384.000000 machine_state m0 j70
6 1384.000000 machine_state m2 j70
6 1384.000000 machine_state m14 j70
6 1384.000000 machine_state m15 j70
6 1386.922085 machine_state m3 w
6 1386.922085 machine_state m13 w
5 j71 machine_state "71" "0.000000 1.000000 0.718750"
6 1402.000000 machine_state m3 j71
6 1402.000000 machine_state m13 j71
6 1402.000000 machine_state m16 j71
6 1402.000000 machine_state m17 j71
6 1411.509997 machine_state m19 w
5 j72 machine_state "72" "0.593750 1.000000 0.000000"
6 1421.000000 machine_state m19 j72
6 1423.048012 machine_state m30 w
6 1423.048012 machine_state m31 w
6 1429.706527 machine_state m4 w
6 1429.706527 machine_state m5 w
6 1429.706527 machine_state m20 w
6 1429.706527 machine_state m29 w
5 j73 machine_state "73" "0.312500 0.000000 1.000000"
6 1439.000000 machine_state m4 j73
6 1439.000000 machine_state m5 j73
6 1440.579787 machine_state m1 w
6 1440.579787 machine_state m6 w
6 1440.579787 machine_state m9 w
6 1440.579787 machine_state m11 w
5 j74 machine_state "74" "1.000000 0.000000 0.093750"
6 1459.000000 machine_state m1 j74
6 1459.000000 machine_state m6 j74
6 1465.600096 machine_state m1 w
6 1465.600096 machine_state m6 w
5 j75 machine_state "75" "1.000000 0.000000 0.187500"
6 1478.000000 machine_state m1 j75
6 1478.000000 machine_state m6 j75
5 j76 machine_state "76" "1.000000 0.000000 0.937500"
6 1496.000000 machine_state m9 j76
6 1496.000000 machine_state m11 j76
6 1510.938262 machine_state m12 w
5 j77 machine_state "77" "0.000000 0.156250 1.000000"
6 1512.000000 machine_state m20 j77
6 1512.000000 machine_state m29 j77
6 1512.000000 machine_state m30 j77
6 1512.000000 machine_state m31 j77
6 1540.048012 machine_state m1 w
6 1540.048012 machine_state m6 w
5 j78 machine_state "78" "0.000000 0.718750 1.000000"
6 1545.000000 machine_state m1 j78
6 1545.000000 machine_state m6 j78
6 1545.000000 machine_state m12 j78
6 1545.000000 machine_state m32 j78
6 1558.048012 machine_state m9 w
6 1558.048012 machine_state m11 w
6 1561.645958 machine_state m1 w
6 1561.645958 machine_state m6 w
6 1561.645958 machine_state m12 w
6 1561.645958 machine_state m32 w
5 j79 machine_state "79" "1.000000 0.000000 0.468750"
6 1563.000000 machine_state m9 j79
6 1563.000000 machine_state m11 j79
5 j80 machine_state "80" "0.000000 1.000000 0.812500"
6 1575.000000 machine_state m1 j80
5 j81 machine_state "81" "0.000000 0.906250 1.000000"
6 1593.000000 machine_state m6 j81
6 1593.000000 machine_state m12 j81
6 1599.706528 machine_state m20 w
6 1599.706528 machine_state m29 w
6 1599.706528 machine_state m30 w
6 1599.706528 machine_state m31 w
5 j82 machine_state "82" "0.218750 0.000000 1.000000"
6 1613.000000 machine_state m20 j82
6 1613.000000 machine_state m29 j82
6 1613.000000 machine_state m30 j82
6 1613.000000 machine_state m31 j82
6 1629.645958 machine_state m20 w
6 1629.645958 machine_state m29 w
6 1629.645958 machine_state m30 w
6 1629.645958 machine_state m31 w
5 j83 machine_state "83" "0.031250 1.000000 0.000000"
6 1637.000000 machine_state m20 j83
6 1637.000000 machine_state m29 j83
6 1637.000000 machine_state m30 j83
6 1637.000000 machine_state m31 j83
5 j84 machine_state "84" "0.000000 1.000000 0.906250"
6 1651.000000 machine_state m32 j84
6 1651.000000 machine_state m33 j84
6 1674.579787 machine_state m0 w
6 1674.579787 machine_state m2 w
6 1674.579787 machine_state m14 w
6 1674.579787 machine_state m15 w
5 j85 machine_state "85" "0.781250 1.000000 0.000000"
6 1679.000000 machine_state m0 j85
6 1691.483781 machine_state m18 w
5 j86 machine_state "86" "0.218750 1.000000 0.000000"
6 1692.000000 machine_state m2 j86
6 1692.000000 machine_state m14 j86
6 1692.579787 machine_state m3 w
6 1692.579787 machine_state m13 w
6 1692.579787 machine_state m16 w
6 1692.579787 machine_state m17 w
6 1700.984475 machine_state m19 w
6 1703.922085 machine_state m9 w
6 1703.922085 machine_state m11 w
6 1704.829895 machine_state m4 w
6 1704.829895 machine_state m5 w
5 j87 machine_state "87" "0.000000 1.000000 0.437500"
6 1717.000000 machine_state m3 j87
6 1717.000000 machine_state m4 j87
6 1724.706527 machine_state m20 w
6 1724.706527 machine_state m29 w
6 1724.706527 machine_state m30 w
6 1724.706527 machine_state m31 w
5 j88 machine_state "88" "0.687500 1.000000 0.000000"
6 1734.000000 machine_state m5 j88
6 1734.000000 machine_state m9 j88
5 j89 machine_state "89" "0.000000 1.000000 0.625000"
6 1751.000000 machine_state m11 j89
6 1760.257000 machine_state m11 w
6 1767.509997 machine_state m0 w
5 j90 machine_state "90" "0.000000 1.000000 0.531250"
6 1770.000000 machine_state m11 j90
6 1770.000000 machine_state m13 j90
6 1782.550692 machine_state m7 w
6 1782.550692 machine_state m8 w
5 j91 machine_state "91" "1.000000 0.937500 0.000000"
6 1792.000000 machine_state m0 j91
6 1792.000000 machine_state m7 j91
5 j92 machine_state "92" "1.000000 0.000000 0.562500"
6 1807.000000 machine_state m8 j92
6 1807.000000 machine_state m15 j92
6 1807.000000 machine_state m16 j92
6 1807.000000 machine_state m17 j92
6 1807.000000 machine_state m18 j92
6 1807.000000 machine_state m19 j92
6 1807.000000 machine_state m20 j92
6 1807.000000 machine_state m29 j92
6 1809.336822 machine_state m8 w
6 1809.336822 machine_state m15 w
6 1809.336822 machine_state m16 w
6 1809.336822 machine_state m17 w
6 1809.336822 machine_state m18 w
6 1809.336822 machine_state m19 w
6 1809.336822 machine_state m20 w
6 1809.336822 machine_state m29 w
5 j93 machine_state "93" "1.000000 0.000000 0.750000"
6 1828.000000 machine_state m8 j93
6 1832.048013 machine_state m11 w
6 1832.048013 machine_state m13 w
6 1832.922085 machine_state m2 w
6 1832.922085 machine_state m14 w
5 j94 machine_state "94" "0.000000 1.000000 1.000000"
6 1849.000000 machine_state m2 j94
6 1849.000000 machine_state m11 j94
5 j95 machine_state "95" "0.875000 1.000000 0.000000"
6 1868.000000 machine_state m13 j95
6 1868.000000 machine_state m14 j95
6 1875.487274 machine_state m2 w
6 1875.487274 machine_state m11 w
5 j96 machine_state "96" "0.968750 0.000000 1.000000"
6 1888.000000 machine_state m2 j96
6 1888.000000 machine_state m11 j96
6 1894.600096 machine_state m2 w
6 1894.600096 machine_state m11 w
5 j97 machine_state "97" "1.000000 0.093750 0.000000"
6 1908.000000 machine_state m2 j97
6 1908.000000 machine_state m11 j97
5 j98 machine_state "98" "1.000000 0.000000 0.656250"
6 1929.000000 machine_state m15 j98
6 1929.000000 machine_state m16 j98
6 1929.000000 machine_state m17 j98
6 1929.000000 machine_state m18 j98
6 1932.922085 machine_state m0 w
6 1932.922085 machine_state m7 w
5 j99 machine_state "99" "0.500000 0.000000 1.000000"
6 1949.000000 machine_state m0 j99
6 1949.000000 machine_state m7 j99
5 j100 machine_state "100" "1.000000 0.000000 0.843750"
6 1967.000000 machine_state m19 j100
6 1975.487273 machine_state m0 w
6 1975.487273 machine_state m7 w
6 1982.829895 machine_state m3 w
6 1982.829895 machine_state m4 w
5 j101 machine_state "101" "0.000000 1.000000 0.343750"
6 1986.000000 machine_state m0 j101
6 1986.000000 machine_state m7 j101
6 1991.938262 machine_state m10 w
6 1999.829895 machine_state m5 w
6 1999.829895 machine_state m9 w
5 j103 machine_state "103" "0.125000 0.000000 1.000000"
6 2024.000000 machine_state m3 j103
6 2033.257000 machine_state m3 w
6 2055.509997 machine_state m19 w
5 j105 machine_state "105" "0.000000 0.437500 1.000000"
6 2065.000000 machine_state m3 j105
6 2065.000000 machine_state m4 j105
6 2080.910473 machine_state m15 w
6 2080.910473 machine_state m16 w
6 2080.910473 machine_state m17 w
6 2080.910473 machine_state m18 w
6 2091.487274 machine_state m3 w
6 2091.487274 machine_state m4 w
5 j107 machine_state "107" "0.031250 0.000000 1.000000"
6 2104.000000 machine_state m30 j107
6 2104.000000 machine_state m31 j107
6 2107.984475 machine_state m8 w
5 j108 machine_state "108" "1.000000 0.375000 0.000000"
6 2125.000000 machine_state m3 j108
6 2125.000000 machine_state m4 j108
6 2133.829894 machine_state m13 w
6 2133.829894 machine_state m14 w
5 j109 machine_state "109" "1.000000 0.187500 0.000000"
6 2143.000000 machine_state m5 j109
6 2152.257000 machine_state m5 w
5 j110 machine_state "110" "0.875000 0.000000 1.000000"
6 2164.000000 machine_state m5 j110
6 2164.000000 machine_state m8 j110
6 2170.600096 machine_state m5 w
6 2170.600096 machine_state m8 w
6 2173.829894 machine_state m2 w
6 2173.829894 machine_state m11 w
6 2186.550692 machine_state m6 w
6 2186.550692 machine_state m12 w
6 2187.048012 machine_state m3 w
6 2187.048012 machine_state m4 w
5 j102 machine_state "102" "0.000000 0.531250 1.000000"
6 2191.000000 machine_state m2 j102
6 2191.000000 machine_state m5 j102
6 2191.000000 machine_state m6 j102
6 2191.000000 machine_state m8 j102
6 2191.000000 machine_state m9 j102
6 2191.000000 machine_state m10 j102
6 2191.000000 machine_state m11 j102
6 2191.000000 machine_state m12 j102
6 2191.000000 machine_state m13 j102
6 2191.000000 machine_state m14 j102
6 2191.000000 machine_state m15 j102
6 2191.000000 machine_state m16 j102
6 2191.000000 machine_state m17 j102
6 2191.000000 machine_state m18 j102
6 2191.000000 machine_state m19 j102
6 2191.000000 machine_state m20 j102
5 j112 machine_state "112" "0.000000 0.062500 1.000000"
6 2205.000000 machine_state m3 j112
6 2216.957573 machine_state m2 w
6 2216.957573 machine_state m5 w
6 2216.957573 machine_state m6 w
6 2216.957573 machine_state m8 w
6 2216.957573 machine_state m9 w
6 2216.957573 machine_state m10 w
6 2216.957573 machine_state m11 w
6 2216.957573 machine_state m12 w
6 2216.957573 machine_state m13 w
6 2216.957573 machine_state m14 w
6 2216.957573 machine_state m15 w
6 2216.957573 machine_state m16 w
6 2216.957573 machine_state m17 w
6 2216.957573 machine_state m18 w
6 2216.957573 machine_state m19 w
6 2216.957573 machine_state m20 w
5 j104 machine_state "104" "1.000000 0.843750 0.000000"
6 2221.000000 machine_state m2 j104
6 2221.000000 machine_state m4 j104
6 2221.000000 machine_state m5 j104
6 2221.000000 machine_state m6 j104
5 j111 machine_state "111" "1.000000 0.468750 0.000000"
6 2221.000000 machine_state m8 j111
6 2221.000000 machine_state m9 j111
5 j113 machine_state "113" "0.125000 1.000000 0.000000"
6 2226.000000 machine_state m10 j113
6 2226.000000 machine_state m11 j113
5 j114 machine_state "114" "0.000000 0.343750 1.000000"
6 2244.000000 machine_state m12 j114
6 2244.550693 machine_state m32 w
6 2244.550693 machine_state m33 w
6 2253.257000 machine_state m12 w
5 j115 machine_state "115" "1.000000 0.656250 0.000000"
6 2264.000000 machine_state m12 j115
6 2264.000000 machine_state m13 j115
6 2264.000000 machine_state m14 j115
6 2264.000000 machine_state m15 j115
5 j116 machine_state "116" "1.000000 0.281250 0.000000"
6 2282.000000 machine_state m16 j116
5 j117 machine_state "117" "1.000000 0.000000 0.281250"
6 2301.000000 machine_state m17 j117
6 2301.000000 machine_state m18 j117
5 j118 machine_state "118" "0.000000 0.250000 1.000000"
6 2321.000000 machine_state m19 j118
5 j119 machine_state "119" "1.000000 0.562500 0.000000"
6 2340.000000 machine_state m20 j119
6 2349.257000 machine_state m20 w
6 2369.829894 machine_state m30 w
6 2369.829894 machine_state m31 w
5 j122 machine_state "122" "1.000000 0.000000 0.375000"
6 2397.000000 machine_state m20 j122
6 2397.000000 machine_state m29 j122
6 2397.000000 machine_state m30 j122
6 2397.000000 machine_state m31 j122
6 2432.929605 machine_state m20 w
6 2432.929605 machine_state m29 w
6 2432.929605 machine_state m30 w
6 2432.929605 machine_state m31 w
6 2441.922085 machine_state m17 w
6 2441.922085 machine_state m18 w
5 j124 machine_state "124" "0.000000 1.000000 0.250000"
6 2442.000000 machine_state m20 j124
6 2442.000000 machine_state m29 j124
6 2442.000000 machine_state m30 j124
6 2442.000000 machine_state m31 j124
6 2443.845201 machine_state m21 w
6 2443.845201 machine_state m22 w
6 2443.845201 machine_state m23 w
6 2443.845201 machine_state m24 w
6 2443.845201 machine_state m25 w
6 2443.845201 machine_state m26 w
6 2443.845201 machine_state m27 w
6 2443.845201 machine_state m28 w
6 2445.916733 machine_state m20 w
6 2445.916733 machine_state m29 w
6 2445.916733 machine_state m30 w
6 2445.916733 machine_state m31 w
5 j120 machine_state "120" "0.312500 1.000000 0.000000"
6 2452.000000 machine_state m17 j120
6 2452.000000 machine_state m18 j120
6 2452.000000 machine_state m20 j120
6 2452.000000 machine_state m21 j120
6 2452.000000 machine_state m22 j120
6 2452.000000 machine_state m23 j120
6 2452.000000 machine_state m24 j120
6 2452.000000 machine_state m25 j120
5 j121 machine_state "121" "0.500000 1.000000 0.000000"
6 2452.000000 machine_state m26 j121
6 2452.000000 machine_state m27 j121
5 j123 machine_state "123" "0.406250 1.000000 0.000000"
6 2452.000000 machine_state m28 j123
6 2452.000000 machine_state m29 j123
5 j125 machine_state "125" "0.000000 0.625000 1.000000"
6 2457.000000 machine_state m30 j125
6 2457.000000 machine_state m31 j125
6 2457.000000 machine_state m32 j125
6 2457.000000 machine_state m33 j125
6 2461.595926 machine_state m17 w
6 2461.595926 machine_state m18 w
6 2461.595926 machine_state m20 w
6 2461.595926 machine_state m21 w
6 2461.595926 machine_state m22 w
6 2461.595926 machine_state m23 w
6 2461.595926 machine_state m24 w
6 2461.595926 machine_state m25 w
5 j126 machine_state "126" "0.000000 1.000000 0.156250"
6 2474.000000 machine_state m17 j126
6 2474.000000 machine_state m18 j126
6 2474.000000 machine_state m20 j126
6 2474.000000 machine_state m21 j126
6 2484.984475 machine_state m3 w
6 2490.645958 machine_state m17 w
6 2490.645958 machine_state m18 w
6 2490.645958 machine_state m20 w
6 2490.645958 machine_state m21 w
5 j128 machine_state "128" "0.000000 0.812500 1.000000"
6 2511.000000 machine_state m3 j128
6 2511.000000 machine_state m17 j128
6 2511.579787 machine_state m2 w
6 2511.579787 machine_state m4 w
6 2511.579787 machine_state m5 w
6 2511.579787 machine_state m6 w
5 j129 machine_state "129" "1.000000 0.000000 0.000000"
6 2528.000000 machine_state m2 j129
6 2528.000000 machine_state m4 j129
5 j130 machine_state "130" "1.000000 0.750000 0.000000"
6 2548.000000 machine_state m5 j130
6 2548.000000 machine_state m6 j130
6 2554.487273 machine_state m2 w
6 2554.487273 machine_state m4 w
6 2554.579788 machine_state m12 w
6 2554.579788 machine_state m13 w
6 2554.579788 machine_state m14 w
6 2554.579788 machine_state m15 w
5 j131 machine_state "131" "0.593750 0.000000 1.000000"
6 2569.000000 machine_state m2 j131
6 2569.000000 machine_state m4 j131
6 2569.000000 machine_state m12 j131
6 2569.000000 machine_state m13 j131
6 2573.048013 machine_state m3 w
6 2573.048013 machine_state m17 w
6 2579.550693 machine_state m0 w
6 2579.550693 machine_state m7 w
6 2585.645959 machine_state m2 w
6 2585.645959 machine_state m4 w
6 2585.645959 machine_state m12 w
6 2585.645959 machine_state m13 w
5 j132 machine_state "132" "0.000000 1.000000 0.062500"
6 2589.000000 machine_state m0 j132
6 2589.000000 machine_state m3 j132
6 2589.000000 machine_state m7 j132
6 2589.000000 machine_state m14 j132
6 2589.000000 machine_state m15 j132
6 2589.000000 machine_state m17 j132
6 2589.000000 machine_state m18 j132
6 2589.000000 machine_state m20 j132
6 2592.922085 machine_state m26 w
6 2592.922085 machine_state m27 w
6 2592.922085 machine_state m28 w
6 2592.922085 machine_state m29 w
6 2598.595926 machine_state m0 w
6 2598.595926 machine_state m3 w
6 2598.595926 machine_state m7 w
6 2598.595926 machine_state m14 w
6 2598.595926 machine_state m15 w
6 2598.595926 machine_state m17 w
6 2598.595926 machine_state m18 w
6 2598.595926 machine_state m20 w
5 j133 machine_state "133" "0.687500 0.000000 1.000000"
6 2609.000000 machine_state m0 j133
6 2609.000000 machine_state m2 j133
5 j134 machine_state "134" "0.968750 1.000000 0.000000"
6 2628.000000 machine_state m3 j134
6 2628.000000 machine_state m4 j134
6 2634.600096 machine_state m3 w
6 2634.600096 machine_state m4 w
5 j135 machine_state "135" "0.000000 1.000000 0.718750"
6 2647.000000 machine_state m3 j135
6 2647.000000 machine_state m4 j135
5 j136 machine_state "136" "0.593750 1.000000 0.000000"
6 2667.000000 machine_state m7 j136
6 2667.000000 machine_state m12 j136
6 2673.487274 machine_state m3 w
6 2673.487274 machine_state m4 w
5 j137 machine_state "137" "0.312500 0.000000 1.000000"
6 2686.000000 machine_state m3 j137
6 2707.483781 machine_state m19 w
5 j140 machine_state "140" "1.000000 0.000000 0.937500"
6 2746.000000 machine_state m4 j140
6 2747.579787 machine_state m30 w
6 2747.579787 machine_state m31 w
6 2747.579787 machine_state m32 w
6 2747.579787 machine_state m33 w
6 2751.938262 machine_state m1 w
6 2755.257000 machine_state m4 w
5 j141 machine_state "141" "0.000000 0.156250 1.000000"
6 2767.000000 machine_state m1 j141
6 2767.000000 machine_state m4 j141
6 2773.600096 machine_state m1 w
6 2773.600096 machine_state m4 w
5 j142 machine_state "142" "0.000000 0.718750 1.000000"
6 2783.000000 machine_state m1 j142
6 2783.000000 machine_state m4 j142
6 2783.000000 machine_state m13 j142
6 2783.000000 machine_state m14 j142
5 j143 machine_state "143" "1.000000 0.000000 0.468750"
6 2800.000000 machine_state m15 j143
6 2809.257000 machine_state m15 w
6 2813.829894 machine_state m5 w
6 2813.829894 machine_state m6 w
6 2814.550692 machine_state m8 w
6 2814.550692 machine_state m9 w
6 2819.550692 machine_state m10 w
6 2819.550692 machine_state m11 w
5 j144 machine_state "144" "0.000000 1.000000 0.812500"
6 2824.000000 machine_state m5 j144
5 j145 machine_state "145" "0.000000 0.906250 1.000000"
6 2840.000000 machine_state m6 j145
6 2840.000000 machine_state m8 j145
5 j146 machine_state "146" "0.218750 0.000000 1.000000"
6 2859.000000 machine_state m9 j146
6 2859.000000 machine_state m10 j146
6 2859.000000 machine_state m11 j146
6 2859.000000 machine_state m15 j146
6 2866.487274 machine_state m6 w
6 2866.487274 machine_state m8 w
5 j147 machine_state "147" "0.031250 1.000000 0.000000"
6 2876.000000 machine_state m6 j147
6 2894.929605 machine_state m9 w
6 2894.929605 machine_state m10 w
6 2894.929605 machine_state m11 w
6 2894.929605 machine_state m15 w
5 j148 machine_state "148" "0.000000 1.000000 0.906250"
6 2896.000000 machine_state m8 j148
6 2912.509997 machine_state m5 w
5 j150 machine_state "150" "0.218750 1.000000 0.000000"
6 2933.000000 machine_state m5 j150
6 2933.000000 machine_state m9 j150
6 2934.910473 machine_state m1 w
6 2934.910473 machine_state m4 w
6 2934.910473 machine_state m13 w
6 2934.910473 machine_state m14 w
5 j151 machine_state "151" "0.000000 1.000000 0.437500"
6 2952.000000 machine_state m1 j151
6 2952.000000 machine_state m4 j151
5 j152 machine_state "152" "0.687500 1.000000 0.000000"
6 2971.000000 machine_state m10 j152
6 2971.000000 machine_state m11 j152
6 2978.487274 machine_state m1 w
6 2978.487274 machine_state m4 w
5 j153 machine_state "153" "0.000000 1.000000 0.625000"
6 2990.000000 machine_state m1 j153
5 j154 machine_state "154" "0.000000 1.000000 0.531250"
6 3010.000000 machine_state m4 j154
6 3010.000000 machine_state m13 j154
6 3010.000000 machine_state m14 j154
6 3010.000000 machine_state m15 j154
6 3026.645958 machine_state m4 w
6 3026.645958 machine_state m13 w
6 3026.645958 machine_state m14 w
6 3026.645958 machine_state m15 w
6 3033.048012 machine_state m10 w
6 3033.048012 machine_state m11 w
5 j155 machine_state "155" "1.000000 0.937500 0.000000"
6 3036.000000 machine_state m4 j155
6 3036.000000 machine_state m13 j155
6 3036.000000 machine_state m14 j155
6 3036.000000 machine_state m15 j155
6 3036.000000 machine_state m17 j155
6 3036.000000 machine_state m18 j155
6 3036.000000 machine_state m19 j155
6 3036.000000 machine_state m20 j155
6 3038.336822 machine_state m4 w
6 3038.336822 machine_state m13 w
6 3038.336822 machine_state m14 w
6 3038.336822 machine_state m15 w
6 3038.336822 machine_state m17 w
6 3038.336822 machine_state m18 w
6 3038.336822 machine_state m19 w
6 3038.336822 machine_state m20 w
5 j156 machine_state "156" "1.000000 0.000000 0.562500"
6 3051.000000 machine_state m4 j156
6 3051.000000 machine_state m10 j156
5 j157 machine_state "157" "1.000000 0.000000 0.750000"
6 3071.000000 machine_state m11 j157
5 j158 machine_state "158" "0.000000 1.000000 1.000000"
6 3090.000000 machine_state m13 j158
6 3090.000000 machine_state m14 j158
5 j159 machine_state "159" "0.875000 1.000000 0.000000"
6 3111.000000 machine_state m15 j159
6 3111.000000 machine_state m17 j159
6 3111.000000 machine_state m18 j159
6 3111.000000 machine_state m19 j159
6 3113.048013 machine_state m4 w
6 3113.048013 machine_state m10 w
6 3116.487274 machine_state m13 w
6 3116.487274 machine_state m14 w
5 j160 machine_state "160" "0.968750 0.000000 1.000000"
6 3130.000000 machine_state m4 j160
6 3130.000000 machine_state m10 j160
6 3130.000000 machine_state m13 j160
6 3130.000000 machine_state m14 j160
6 3133.916733 machine_state m4 w
6 3133.916733 machine_state m10 w
6 3133.916733 machine_state m13 w
6 3133.916733 machine_state m14 w
6 3146.929604 machine_state m15 w
6 3146.929604 machine_state m17 w
6 3146.929604 machine_state m18 w
6 3146.929604 machine_state m19 w
5 j161 machine_state "161" "1.000000 0.093750 0.000000"
6 3151.000000 machine_state m4 j161
6 3151.000000 machine_state m10 j161
6 3151.000000 machine_state m13 j161
6 3151.000000 machine_state m14 j161
5 j162 machine_state "162" "1.000000 0.000000 0.656250"
6 3172.000000 machine_state m15 j162
6 3172.000000 machine_state m17 j162
5 j163 machine_state "163" "0.500000 0.000000 1.000000"
6 3193.000000 machine_state m18 j163
6 3193.000000 machine_state m19 j163
6 3198.487273 machine_state m15 w
6 3198.487273 machine_state m17 w
6 3198.829894 machine_state m5 w
6 3198.829894 machine_state m9 w
6 3202.550693 machine_state m0 w
6 3202.550693 machine_state m2 w
5 j164 machine_state "164" "1.000000 0.000000 0.843750"
6 3213.000000 machine_state m0 j164
6 3213.000000 machine_state m2 j164
5 j165 machine_state "165" "0.000000 1.000000 0.343750"
6 3234.000000 machine_state m5 j165
6 3234.000000 machine_state m9 j165
6 3234.000000 machine_state m15 j165
6 3234.000000 machine_state m17 j165
5 j166 machine_state "166" "0.000000 0.531250 1.000000"
6 3255.000000 machine_state m20 j166
6 3255.000000 machine_state m21 j166
6 3255.000000 machine_state m22 j166
6 3255.000000 machine_state m23 j166
6 3255.048012 machine_state m18 w
6 3255.048012 machine_state m19 w
6 3258.916733 machine_state m20 w
6 3258.916733 machine_state m21 w
6 3258.916733 machine_state m22 w
6 3258.916733 machine_state m23 w
6 3260.550692 machine_state m7 w
6 3260.550692 machine_state m12 w
6 3262.483781 machine_state m6 w
6 3269.984475 machine_state m1 w
5 j167 machine_state "167" "0.125000 0.000000 1.000000"
6 3275.000000 machine_state m1 j167
6 3275.000000 machine_state m6 j167
6 3282.483782 machine_state m8 w
5 j168 machine_state "168" "1.000000 0.843750 0.000000"
6 3292.000000 machine_state m7 j168
5 j169 machine_state "169" "0.000000 0.437500 1.000000"
6 3310.000000 machine_state m8 j169
6 3310.000000 machine_state m12 j169
5 j170 machine_state "170" "0.781250 0.000000 1.000000"
6 3330.000000 machine_state m18 j170
6 3337.048012 machine_state m1 w
6 3337.048012 machine_state m6 w
6 3339.257000 machine_state m18 w
5 j171 machine_state "171" "0.031250 0.000000 1.000000"
6 3352.000000 machine_state m1 j171
6 3352.000000 machine_state m6 j171
5 j172 machine_state "172" "1.000000 0.375000 0.000000"
6 3368.000000 machine_state m18 j172
6 3368.000000 machine_state m19 j172
5 j173 machine_state "173" "1.000000 0.187500 0.000000"
6 3388.000000 machine_state m20 j173
6 3388.000000 machine_state m21 j173
6 3388.000000 machine_state m22 j173
6 3388.000000 machine_state m23 j173
6 3388.000000 machine_state m24 j173
6 3388.000000 machine_state m25 j173
6 3388.000000 machine_state m26 j173
6 3388.000000 machine_state m27 j173
6 3407.291626 machine_state m20 w
6 3407.291626 machine_state m21 w
6 3407.291626 machine_state m22 w
6 3407.291626 machine_state m23 w
6 3407.291626 machine_state m24 w
6 3407.291626 machine_state m25 w
6 3407.291626 machine_state m26 w
6 3407.291626 machine_state m27 w
5 j174 machine_state "174" "0.875000 0.000000 1.000000"
6 3413.000000 machine_state m20 j174
6 3413.000000 machine_state m21 j174
6 3413.000000 machine_state m22 j174
6 3413.000000 machine_state m23 j174
6 3413.000000 machine_state m24 j174
6 3413.000000 machine_state m25 j174
6 3413.000000 machine_state m26 j174
6 3413.000000 machine_state m27 j174
6 3414.048013 machine_state m1 w
6 3414.048013 machine_state m6 w
6 3415.336822 machine_state m20 w
6 3415.336822 machine_state m21 w
6 3415.336822 machine_state m22 w
6 3415.336822 machine_state m23 w
6 3415.336822 machine_state m24 w
6 3415.336822 machine_state m25 w
6 3415.336822 machine_state m26 w
6 3415.336822 machine_state m27 w
5 j175 machine_state "175" "1.000000 0.468750 0.000000"
6 3429.000000 machine_state m1 j175
6 3429.000000 machine_state m6 j175
6 3429.000000 machine_state m20 j175
6 3429.000000 machine_state m21 j175
6 3441.579787 machine_state m4 w
6 3441.579787 machine_state m10 w
6 3441.579787 machine_state m13 w
6 3441.579787 machine_state m14 w
5 j176 machine_state "176" "0.000000 0.062500 1.000000"
6 3446.000000 machine_state m22 j176
6 3446.000000 machine_state m23 j176
6 3446.000000 machine_state m24 j176
6 3446.000000 machine_state m25 j176
6 3450.922085 machine_state m8 w
6 3450.922085 machine_state m12 w
6 3457.483781 machine_state m11 w
6 3458.938261 machine_state m16 w
6 3462.645958 machine_state m22 w
6 3462.645958 machine_state m23 w
6 3462.645958 machine_state m24 w
6 3462.645958 machine_state m25 w
6 3464.929605 machine_state m1 w
6 3464.929605 machine_state m6 w
6 3464.929605 machine_state m20 w
6 3464.929605 machine_state m21 w
5 j177 machine_state "177" "0.125000 1.000000 0.000000"
6 3467.000000 machine_state m4 j177
6 3467.000000 machine_state m8 j177
6 3473.600096 machine_state m4 w
6 3473.600096 machine_state m8 w
6 3478.829894 machine_state m0 w
6 3478.829894 machine_state m2 w
5 j179 machine_state "179" "1.000000 0.656250 0.000000"
6 3505.000000 machine_state m0 j179
6 3505.000000 machine_state m1 j179
6 3505.000000 machine_state m2 j179
6 3505.000000 machine_state m4 j179
5 j180 machine_state "180" "1.000000 0.281250 0.000000"
6 3524.000000 machine_state m6 j180
6 3524.000000 machine_state m8 j180
6 3524.000000 machine_state m10 j180
6 3524.000000 machine_state m11 j180
6 3524.579787 machine_state m5 w
6 3524.579787 machine_state m9 w
6 3524.579787 machine_state m15 w
6 3524.579787 machine_state m17 w
5 j182 machine_state "182" "0.000000 0.250000 1.000000"
6 3564.000000 machine_state m5 j182
6 3611.706527 machine_state m6 w
6 3611.706527 machine_state m8 w
6 3611.706527 machine_state m10 w
6 3611.706527 machine_state m11 w
5 j185 machine_state "185" "0.500000 1.000000 0.000000"
6 3621.000000 machine_state m6 j185
6 3621.000000 machine_state m8 j185
6 3633.829894 machine_state m18 w
6 3633.829894 machine_state m19 w
6 3647.487273 machine_state m6 w
6 3647.487273 machine_state m8 w
6 3652.509997 machine_state m5 w
6 3656.910473 machine_state m0 w
6 3656.910473 machine_state m1 w
6 3656.910473 machine_state m2 w
6 3656.910473 machine_state m4 w
5 j106 machine_state "106" "0.781250 0.000000 1.000000"
6 3662.000000 machine_state m0 j106
6 3662.000000 machine_state m1 j106
6 3662.000000 machine_state m2 j106
6 3662.000000 machine_state m4 j106
6 3662.000000 machine_state m5 j106
6 3662.000000 machine_state m6 j106
6 3662.000000 machine_state m8 j106
6 3662.000000 machine_state m9 j106
6 3662.000000 machine_state m10 j106
6 3662.000000 machine_state m11 j106
6 3662.000000 machine_state m12 j106
6 3662.000000 machine_state m13 j106
6 3662.000000 machine_state m14 j106
6 3662.000000 machine_state m15 j106
6 3662.000000 machine_state m16 j106
6 3662.000000 machine_state m17 j106
6 3662.000000 machine_state m18 j106
6 3662.000000 machine_state m19 j106
6 3662.000000 machine_state m20 j106
6 3662.000000 machine_state m21 j106
6 3662.000000 machine_state m22 j106
6 3662.000000 machine_state m23 j106
6 3662.000000 machine_state m24 j106
6 3662.000000 machine_state m25 j106
6 3662.000000 machine_state m26 j106
6 3662.000000 machine_state m27 j106
6 3662.000000 machine_state m28 j106
6 3662.000000 machine_state m29 j106
6 3662.000000 machine_state m30 j106
6 3662.000000 machine_state m31 j106
6 3662.000000 machine_state m32 j106
6 3662.000000 machine_state m33 j106
6 3668.384807 machine_state m0 w
6 3668.384807 machine_state m1 w
6 3668.384807 machine_state m2 w
6 3668.384807 machine_state m4 w
6 3668.384807 machine_state m5 w
6 3668.384807 machine_state m6 w
6 3668.384807 machine_state m8 w
6 3668.384807 machine_state m9 w
6 3668.384807 machine_state m10 w
6 3668.384807 machine_state m11 w
6 3668.384807 machine_state m12 w
6 3668.384807 machine_state m13 w
6 3668.384807 machine_state m14 w
6 3668.384807 machine_state m15 w
6 3668.384807 machine_state m16 w
6 3668.384807 machine_state m17 w
6 3668.384807 machine_state m18 w
6 3668.384807 machine_state m19 w
6 3668.384807 machine_state m20 w
6 3668.384807 machine_state m21 w
6 3668.384807 machine_state m22 w
6 3668.384807 machine_state m23 w
6 3668.384807 machine_state m24 w
6 3668.384807 machine_state m25 w
6 3668.384807 machine_state m26 w
6 3668.384807 machine_state m27 w
6 3668.384807 machine_state m28 w
6 3668.384807 machine_state m29 w
6 3668.384807 machine_state m30 w
6 3668.384807 machine_state m31 w
6 3668.384807 machine_state m32 w
6 3668.384807 machine_state m33 w
5 j178 machine_state "178" "0.000000 0.343750 1.000000"
6 3673.000000 machine_state m11 j178
6 3673.000000 machine_state m12 j178
6 3673.000000 machine_state m13 j178
6 3673.000000 machine_state m14 j178
5 j187 machine_state "187" "0.406250 1.000000 0.000000"
6 3673.000000 machine_state m22 j187
6 3673.000000 machine_state m23 j187
6 3673.000000 machine_state m24 j187
6 3673.000000 machine_state m25 j187
5 j181 machine_state "181" "1.000000 0.000000 0.281250"
6 3673.000000 machine_state m17 j181
5 j183 machine_state "183" "1.000000 0.562500 0.000000"
6 3673.000000 machine_state m18 j183
5 j184 machine_state "184" "0.312500 1.000000 0.000000"
6 3673.000000 machine_state m19 j184
5 j138 machine_state "138" "1.000000 0.000000 0.093750"
6 3673.000000 machine_state m0 j138
5 j139 machine_state "139" "1.000000 0.000000 0.187500"
6 3673.000000 machine_state m1 j139
6 3673.000000 machine_state m2 j139
6 3673.000000 machine_state m4 j139
6 3673.000000 machine_state m5 j139
6 3673.000000 machine_state m6 j139
6 3673.000000 machine_state m8 j139
6 3673.000000 machine_state m9 j139
6 3673.000000 machine_state m10 j139
5 j186 machine_state "186" "1.000000 0.000000 0.375000"
6 3673.000000 machine_state m20 j186
6 3673.000000 machine_state m21 j186
5 j149 machine_state "149" "0.781250 1.000000 0.000000"
6 3673.000000 machine_state m15 j149
6 3673.000000 machine_state m16 j149
5 j188 machine_state "188" "0.000000 1.000000 0.250000"
6 3678.000000 machine_state m26 j188
6 3678.000000 machine_state m27 j188
6 3678.483781 machine_state m7 w
5 j189 machine_state "189" "0.000000 0.625000 1.000000"
6 3696.000000 machine_state m7 j189
5 j190 machine_state "190" "0.000000 1.000000 0.156250"
6 3715.000000 machine_state m28 j190
6 3715.000000 machine_state m29 j190
6 3715.000000 machine_state m30 j190
6 3715.000000 machine_state m31 j190
5 j191 machine_state "191" "0.406250 0.000000 1.000000"
6 3734.000000 machine_state m32 j191
6 3734.000000 machine_state m33 j191
6 3760.487274 machine_state m32 w
6 3760.487274 machine_state m33 w
5 j192 machine_state "192" "0.000000 0.812500 1.000000"
6 3765.000000 machine_state m32 j192
6 3765.000000 machine_state m33 j192
6 3771.600096 machine_state m32 w
6 3771.600096 machine_state m33 w
5 j193 machine_state "193" "1.000000 0.000000 0.000000"
6 3778.000000 machine_state m32 j193
6 3787.257000 machine_state m32 w
6 3802.706527 machine_state m28 w
6 3802.706527 machine_state m29 w
6 3802.706527 machine_state m30 w
6 3802.706527 machine_state m31 w
5 j195 machine_state "195" "0.593750 0.000000 1.000000"
6 3813.000000 machine_state m28 j195
6 3813.000000 machine_state m29 j195
6 3813.922085 machine_state m20 w
6 3813.922085 machine_state m21 w
6 3862.938262 machine_state m3 w
5 j198 machine_state "198" "0.968750 1.000000 0.000000"
6 3872.000000 machine_state m3 j198
6 3872.000000 machine_state m20 j198
6 3875.048012 machine_state m28 w
6 3875.048012 machine_state m29 w
6 3898.487274 machine_state m3 w
6 3898.487274 machine_state m20 w
5 j194 machine_state "194" "1.000000 0.750000 0.000000"
6 3903.000000 machine_state m3 j194
6 3903.000000 machine_state m20 j194
6 3903.000000 machine_state m21 j194
6 3903.000000 machine_state m28 j194
6 3903.000000 machine_state m29 j194
6 3903.000000 machine_state m30 j194
6 3903.000000 machine_state m31 j194
6 3903.000000 machine_state m32 j194
6 3905.336822 machine_state m3 w
6 3905.336822 machine_state m20 w
6 3905.336822 machine_state m21 w
6 3905.336822 machine_state m28 w
6 3905.336822 machine_state m29 w
6 3905.336822 machine_state m30 w
6 3905.336822 machine_state m31 w
6 3905.336822 machine_state m32 w
5 j196 machine_state "196" "0.000000 1.000000 0.062500"
6 3910.000000 machine_state m3 j196
6 3910.000000 machine_state m20 j196
5 j197 machine_state "197" "0.687500 0.000000 1.000000"
6 3910.000000 machine_state m21 j197
6 3910.000000 machine_state m28 j197
5 j199 machine_state "199" "0.000000 1.000000 0.718750"
6 3910.000000 machine_state m29 j199
6 3910.000000 machine_state m30 j199
6 3910.000000 machine_state m31 j199
6 3910.000000 machine_state m32 j199
6 3943.829894 machine_state m26 w
6 3943.829894 machine_state m27 w
5 j200 machine_state "200" "0.593750 1.000000 0.000000"
6 3948.000000 machine_state m26 j200
6 3948.000000 machine_state m27 j200
6 3954.600096 machine_state m26 w
6 3954.600096 machine_state m27 w
5 j201 machine_state "201" "0.312500 0.000000 1.000000"
6 3959.000000 machine_state m26 j201
6 3959.000000 machine_state m27 j201
6 3963.579787 machine_state m11 w
6 3963.579787 machine_state m12 w
6 3963.579787 machine_state m13 w
6 3963.579787 machine_state m14 w
6 3963.579787 machine_state m22 w
6 3963.579787 machine_state m23 w
6 3963.579787 machine_state m24 w
6 3963.579787 machine_state m25 w
5 j202 machine_state "202" "1.000000 0.000000 0.093750"
6 3968.000000 machine_state m11 j202
6 3968.000000 machine_state m12 j202
5 j203 machine_state "203" "1.000000 0.000000 0.187500"
6 3973.000000 machine_state m13 j203
6 3974.600096 machine_state m11 w
6 3974.600096 machine_state m12 w
5 j204 machine_state "204" "1.000000 0.000000 0.937500"
6 3989.000000 machine_state m11 j204
6 3989.000000 machine_state m12 j204
6 3997.706527 machine_state m29 w
6 3997.706527 machine_state m30 w
6 3997.706527 machine_state m31 w
6 3997.706527 machine_state m32 w
5 j205 machine_state "205" "0.000000 0.156250 1.000000"
6 4010.000000 machine_state m14 j205
6 4010.000000 machine_state m22 j205
5 j206 machine_state "206" "0.000000 0.718750 1.000000"
6 4030.000000 machine_state m23 j206
6 4039.257000 machine_state m23 w
5 j207 machine_state "207" "1.000000 0.000000 0.468750"
6 4050.000000 machine_state m23 j207
6 4050.000000 machine_state m24 j207
6 4050.000000 machine_state m25 j207
6 4050.000000 machine_state m29 j207
6 4059.483781 machine_state m17 w
5 j208 machine_state "208" "0.000000 1.000000 0.812500"
6 4069.000000 machine_state m17 j208
6 4069.000000 machine_state m30 j208
6 4072.048012 machine_state m14 w
6 4072.048012 machine_state m22 w
6 4082.483781 machine_state m7 w
5 j209 machine_state "209" "0.000000 0.906250 1.000000"
6 4092.000000 machine_state m7 j209
6 4092.000000 machine_state m14 j209
6 4092.000000 machine_state m22 j209
6 4092.000000 machine_state m31 j209
6 4108.645959 machine_state m7 w
6 4108.645959 machine_state m14 w
6 4108.645959 machine_state m22 w
6 4108.645959 machine_state m31 w
5 j211 machine_state "211" "0.031250 1.000000 0.000000"
6 4131.000000 machine_state m7 j211
6 4131.000000 machine_state m14 j211
6 4131.000000 machine_state m22 j211
6 4131.000000 machine_state m31 j211
6 4131.048013 machine_state m17 w
6 4131.048013 machine_state m30 w
6 4166.929605 machine_state m7 w
6 4166.929605 machine_state m14 w
6 4166.929605 machine_state m22 w
6 4166.929605 machine_state m31 w
5 j210 machine_state "210" "0.218750 0.000000 1.000000"
6 4174.000000 machine_state m7 j210
6 4174.000000 machine_state m14 j210
6 4174.000000 machine_state m17 j210
6 4174.000000 machine_state m22 j210
6 4174.000000 machine_state m30 j210
6 4174.000000 machine_state m31 j210
6 4174.000000 machine_state m32 j210
6 4174.000000 machine_state m33 j210
6 4175.829894 machine_state m3 w
6 4175.829894 machine_state m20 w
6 4175.829894 machine_state m21 w
6 4175.829894 machine_state m28 w
5 j212 machine_state "212" "0.000000 1.000000 0.906250"
6 4180.000000 machine_state m3 j212
6 4180.000000 machine_state m20 j212
5 j213 machine_state "213" "0.781250 1.000000 0.000000"
6 4185.000000 machine_state m21 j213
6 4185.000000 machine_state m28 j213
6 4266.550692 machine_state m15 w
6 4266.550692 machine_state m16 w
5 j214 machine_state "214" "0.218750 1.000000 0.000000"
6 4271.000000 machine_state m15 j214
6 4271.000000 machine_state m16 j214
6 4320.922085 machine_state m3 w
6 4320.922085 machine_state m20 w
6 4325.922085 machine_state m21 w
6 4325.922085 machine_state m28 w
5 j217 machine_state "217" "0.000000 1.000000 0.625000"
6 4327.000000 machine_state m3 j217
6 4327.000000 machine_state m20 j217
5 j221 machine_state "221" "1.000000 0.000000 0.750000"
6 4332.000000 machine_state m21 j221
6 4340.579787 machine_state m23 w
6 4340.579787 machine_state m24 w
6 4340.579787 machine_state m25 w
6 4340.579787 machine_state m29 w
6 4341.257000 machine_state m21 w
5 j215 machine_state "215" "0.000000 1.000000 0.437500"
6 4346.000000 machine_state m23 j215
6 4346.000000 machine_state m24 j215
6 4346.000000 machine_state m25 j215
6 4346.000000 machine_state m28 j215
6 4353.487273 machine_state m3 w
6 4353.487273 machine_state m20 w
5 j216 machine_state "216" "0.687500 1.000000 0.000000"
6 4358.000000 machine_state m3 j216
6 4358.000000 machine_state m20 j216
6 4358.000000 machine_state m21 j216
6 4358.000000 machine_state m29 j216
6 4359.483781 machine_state m13 w
6 4362.645958 machine_state m23 w
6 4362.645958 machine_state m24 w
6 4362.645958 machine_state m25 w
6 4362.645958 machine_state m28 w
5 j218 machine_state "218" "0.000000 1.000000 0.531250"
6 4368.000000 machine_state m13 j218
6 4368.000000 machine_state m23 j218
6 4368.000000 machine_state m24 j218
6 4368.000000 machine_state m25 j218
5 j225 machine_state "225" "1.000000 0.093750 0.000000"
6 4400.000000 machine_state m28 j225
6 4509.910473 machine_state m3 w
6 4509.910473 machine_state m20 w
6 4509.910473 machine_state m21 w
6 4509.910473 machine_state m29 w
5 j224 machine_state "224" "0.968750 0.000000 1.000000"
6 4518.000000 machine_state m3 j224
6 4518.000000 machine_state m20 j224
6 4518.000000 machine_state m21 j224
6 4518.000000 machine_state m29 j224
6 4519.910473 machine_state m13 w
6 4519.910473 machine_state m23 w
6 4519.910473 machine_state m24 w
6 4519.910473 machine_state m25 w
5 j226 machine_state "226" "1.000000 0.000000 0.656250"
6 4524.000000 machine_state m13 j226
5 j227 machine_state "227" "0.500000 0.000000 1.000000"
6 4524.000000 machine_state m23 j227
6 4524.000000 machine_state m24 j227
5 j229 machine_state "229" "0.000000 1.000000 0.343750"
6 4524.000000 machine_state m25 j229
6 4552.550693 machine_state m26 w
6 4552.550693 machine_state m27 w
5 j228 machine_state "228" "1.000000 0.000000 0.843750"
6 4559.000000 machine_state m26 j228
6 4559.000000 machine_state m27 j228
6 4565.600096 machine_state m26 w
6 4565.600096 machine_state m27 w
5 j230 machine_state "230" "0.000000 0.531250 1.000000"
6 4570.000000 machine_state m26 j230
6 4570.000000 machine_state m27 j230
6 4582.550692 machine_state m11 w
6 4582.550692 machine_state m12 w
5 j231 machine_state "231" "0.125000 0.000000 1.000000"
6 4587.000000 machine_state m11 j231
6 4596.257000 machine_state m11 w
5 j232 machine_state "232" "1.000000 0.843750 0.000000"
6 4601.000000 machine_state m11 j232
6 4601.000000 machine_state m12 j232
6 4607.600096 machine_state m11 w
6 4607.600096 machine_state m12 w
5 j234 machine_state "234" "0.781250 0.000000 1.000000"
6 4612.000000 machine_state m11 j234
6 4669.910472 machine_state m3 w
6 4669.910472 machine_state m20 w
6 4669.910472 machine_state m21 w
6 4669.910472 machine_state m29 w
5 j219 machine_state "219" "1.000000 0.937500 0.000000"
6 4675.000000 machine_state m3 j219
6 4675.000000 machine_state m12 j219
5 j223 machine_state "223" "0.875000 1.000000 0.000000"
6 4675.000000 machine_state m20 j223
6 4675.000000 machine_state m21 j223
6 4679.984475 machine_state m28 w
6 4681.600096 machine_state m20 w
6 4681.600096 machine_state m21 w
5 j220 machine_state "220" "1.000000 0.000000 0.562500"
6 4689.000000 machine_state m20 j220
6 4689.000000 machine_state m21 j220
6 4689.000000 machine_state m28 j220
6 4689.000000 machine_state m29 j220
6 4692.916733 machine_state m20 w
6 4692.916733 machine_state m21 w
6 4692.916733 machine_state m28 w
6 4692.916733 machine_state m29 w
5 j222 machine_state "222" "0.000000 1.000000 1.000000"
6 4699.000000 machine_state m20 j222
6 4699.000000 machine_state m21 j222
6 4699.000000 machine_state m28 j222
6 4699.000000 machine_state m29 j222
6 4710.922085 machine_state m26 w
6 4710.922085 machine_state m27 w
5 j235 machine_state "235" "0.031250 0.000000 1.000000"
6 4715.000000 machine_state m26 j235
6 4715.000000 machine_state m27 j235
6 4715.645958 machine_state m20 w
6 4715.645958 machine_state m21 w
6 4715.645958 machine_state m28 w
6 4715.645958 machine_state m29 w
5 j236 machine_state "236" "1.000000 0.375000 0.000000"
6 4720.000000 machine_state m20 j236
6 4720.000000 machine_state m21 j236
5 j237 machine_state "237" "1.000000 0.187500 0.000000"
6 4720.000000 machine_state m28 j237
6 4720.000000 machine_state m29 j237
6 4746.487274 machine_state m28 w
6 4746.487274 machine_state m29 w
5 j241 machine_state "241" "0.125000 1.000000 0.000000"
6 4754.000000 machine_state m28 j241
6 4763.257000 machine_state m28 w
5 j242 machine_state "242" "0.000000 0.343750 1.000000"
6 4768.000000 machine_state m28 j242
6 4768.000000 machine_state m29 j242
6 4789.829894 machine_state m23 w
6 4789.829894 machine_state m24 w
5 j244 machine_state "244" "1.000000 0.281250 0.000000"
6 4795.000000 machine_state m23 j244
6 4795.000000 machine_state m24 j244
6 4801.600096 machine_state m23 w
6 4801.600096 machine_state m24 w
5 j246 machine_state "246" "0.000000 0.250000 1.000000"
6 4811.000000 machine_state m23 j246
6 4811.000000 machine_state m24 j246
6 4815.922085 machine_state m3 w
6 4815.922085 machine_state m12 w
6 4830.048013 machine_state m28 w
6 4830.048013 machine_state m29 w
5 j240 machine_state "240" "0.000000 0.062500 1.000000"
6 4835.000000 machine_state m3 j240
6 4835.000000 machine_state m12 j240
6 4835.000000 machine_state m28 j240
6 4835.000000 machine_state m29 j240
6 4837.487274 machine_state m23 w
6 4837.487274 machine_state m24 w
6 4838.916732 machine_state m3 w
6 4838.916732 machine_state m12 w
6 4838.916732 machine_state m28 w
6 4838.916732 machine_state m29 w
5 j243 machine_state "243" "1.000000 0.656250 0.000000"
6 4842.000000 machine_state m23 j243
6 4842.000000 machine_state m24 j243
5 j247 machine_state "247" "1.000000 0.562500 0.000000"
6 4847.000000 machine_state m3 j247
6 4847.000000 machine_state m12 j247
6 4847.000000 machine_state m28 j247
6 4847.000000 machine_state m29 j247
6 4849.938261 machine_state m18 w
6 4849.938261 machine_state m19 w
6 4849.938261 machine_state m0 w
6 4855.922085 machine_state m26 w
6 4855.922085 machine_state m27 w
6 4863.645958 machine_state m3 w
6 4863.645958 machine_state m12 w
6 4863.645958 machine_state m28 w
6 4863.645958 machine_state m29 w
6 4864.550693 machine_state m15 w
6 4864.550693 machine_state m16 w
5 j249 machine_state "249" "0.500000 1.000000 0.000000"
6 4872.000000 machine_state m27 j249
6 4872.000000 machine_state m28 j249
5 j238 machine_state "238" "0.875000 0.000000 1.000000"
6 4872.000000 machine_state m0 j238
6 4872.000000 machine_state m3 j238
6 4872.000000 machine_state m12 j238
6 4872.000000 machine_state m15 j238
6 4872.000000 machine_state m16 j238
6 4872.000000 machine_state m18 j238
6 4872.000000 machine_state m19 j238
6 4872.000000 machine_state m26 j238
6 4881.595926 machine_state m0 w
6 4881.595926 machine_state m3 w
6 4881.595926 machine_state m12 w
6 4881.595926 machine_state m15 w
6 4881.595926 machine_state m16 w
6 4881.595926 machine_state m18 w
6 4881.595926 machine_state m19 w
6 4881.595926 machine_state m26 w
5 j239 machine_state "239" "1.000000 0.468750 0.000000"
6 4886.000000 machine_state m0 j239
6 4886.000000 machine_state m3 j239
6 4886.000000 machine_state m12 j239
6 4886.000000 machine_state m15 j239
6 4891.984476 machine_state m11 w
6 4904.048012 machine_state m23 w
6 4904.048012 machine_state m24 w
6 4985.829895 machine_state m20 w
6 4985.829895 machine_state m21 w
6 5012.922085 machine_state m27 w
6 5012.922085 machine_state m28 w
6 5037.910472 machine_state m0 w
6 5037.910472 machine_state m3 w
6 5037.910472 machine_state m12 w
6 5037.910472 machine_state m15 w
5 j233 machine_state "233" "0.000000 0.437500 1.000000"
6 5042.000000 machine_state m0 j233
6 5042.000000 machine_state m3 j233
6 5042.000000 machine_state m11 j233
6 5042.000000 machine_state m12 j233
6 5042.000000 machine_state m15 j233
6 5042.000000 machine_state m16 j233
6 5042.000000 machine_state m18 j233
6 5042.000000 machine_state m19 j233
6 5042.000000 machine_state m20 j233
6 5042.000000 machine_state m21 j233
6 5042.000000 machine_state m23 j233
6 5042.000000 machine_state m24 j233
6 5042.000000 machine_state m26 j233
6 5042.000000 machine_state m27 j233
6 5042.000000 machine_state m28 j233
6 5042.000000 machine_state m29 j233
6 5083.988759 machine_state m0 w
6 5083.988759 machine_state m3 w
6 5083.988759 machine_state m11 w
6 5083.988759 machine_state m12 w
6 5083.988759 machine_state m15 w
6 5083.988759 machine_state m16 w
6 5083.988759 machine_state m18 w
6 5083.988759 machine_state m19 w
6 5083.988759 machine_state m20 w
6 5083.988759 machine_state m21 w
6 5083.988759 machine_state m23 w
6 5083.988759 machine_state m24 w
6 5083.988759 machine_state m26 w
6 5083.988759 machine_state m27 w
6 5083.988759 machine_state m28 w
6 5083.988759 machine_state m29 w
5 j248 machine_state "248" "0.312500 1.000000 0.000000"
6 5088.000000 machine_state m3 j248
5 j245 machine_state "245" "1.000000 0.000000 0.281250"
6 5088.000000 machine_state m0 j245
6 5474.483782 machine_state m3 w
6 5700.938262 machine_state m13 w
6 5700.938262 machine_state m25 w
5 j127 machine_state "127" "0.406250 0.000000 1.000000"
6 5705.000000 machine_state m3 j127
6 5705.000000 machine_state m11 j127
6 5705.000000 machine_state m12 j127
6 5705.000000 machine_state m13 j127
6 5705.000000 machine_state m15 j127
6 5705.000000 machine_state m16 j127
6 5705.000000 machine_state m18 j127
6 5705.000000 machine_state m19 j127
6 5705.000000 machine_state m20 j127
6 5705.000000 machine_state m21 j127
6 5705.000000 machine_state m23 j127
6 5705.000000 machine_state m24 j127
6 5705.000000 machine_state m26 j127
6 5705.000000 machine_state m27 j127
6 5705.000000 machine_state m28 j127
6 5705.000000 machine_state m29 j127
6 5863.845200 machine_state m1 w
6 5863.845200 machine_state m2 w
6 5863.845200 machine_state m4 w
6 5863.845200 machine_state m5 w
6 5863.845200 machine_state m6 w
6 5863.845200 machine_state m8 w
6 5863.845200 machine_state m9 w
6 5863.845200 machine_state m10 w
6 6264.938262 machine_state m0 w
6 6364.845201 machine_state m7 w
6 6364.845201 machine_state m14 w
6 6364.845201 machine_state m17 w
6 6364.845201 machine_state m22 w
6 6364.845201 machine_state m30 w
6 6364.845201 machine_state m31 w
6 6364.845201 machine_state m32 w
6 6364.845201 machine_state m33 w
6 6824.256776 machine_state m3 w
6 6824.256776 machine_state m11 w
6 6824.256776 machine_state m12 w
6 6824.256776 machine_state m13 w
6 6824.256776 machine_state m15 w
6 6824.256776 machine_state m16 w
6 6824.256776 machine_state m18 w
6 6824.256776 machine_state m19 w
6 6824.256776 machine_state m20 w
6 6824.256776 machine_state m21 w
6 6824.256776 machine_state m23 w
6 6824.256776 machine_state m24 w
6 6824.256776 machine_state m26 w
6 6824.256776 machine_state m27 w
6 6824.256776 machine_state m28 w
6 6824.256776 machine_state m29 w

# End of events, containers destruction
3 6829.000000 m0 machine_ct
3 6829.000000 m1 machine_ct
3 6829.000000 m2 machine_ct
3 6829.000000 m3 machine_ct
3 6829.000000 m4 machine_ct
3 6829.000000 m5 machine_ct
3 6829.000000 m6 machine_ct
3 6829.000000 m7 machine_ct
3 6829.000000 m8 machine_ct
3 6829.000000 m9 machine_ct
3 6829.000000 m10 machine_ct
3 6829.000000 m11 machine_ct
3 6829.000000 m12 machine_ct
3 6829.000000 m13 machine_ct
3 6829.000000 m14 machine_ct
3 6829.000000 m15 machine_ct
3 6829.000000 m16 machine_ct
3 6829.000000 m17 machine_ct
3 6829.000000 m18 machine_ct
3 6829.000000 m19 machine_ct
3 6829.000000 m20 machine_ct
3 6829.000000 m21 machine_ct
3 6829.000000 m22 machine_ct
3 6829.000000 m23 machine_ct
3 6829.000000 m24 machine_ct
3 6829.000000 m25 machine_ct
3 6829.000000 m26 machine_ct
3 6829.000000 m27 machine_ct
3 6829.000000 m28 machine_ct
3 6829.000000 m29 machine_ct
3 6829.000000 m30 machine_ct
3 6829.000000 m31 machine_ct
3 6829.000000 m32 machine_ct
3 6829.000000 m33 machine_ct
3 6829.000000 m34 machine_ct
3 6829.000000 m35 machine_ct
3 6829.000000 m36 machine_ct
3 6829.000000 m37 machine_ct
3 6829.000000 m38 machine_ct
3 6829.000000 m39 machine_ct
3 6829.000000 m40 machine_ct
3 6829.000000 m41 machine_ct
3 6829.000000 m42 machine_ct
3 6829.000000 m43 machine_ct
3 6829.000000 m44 machine_ct
3 6829.000000 m45 machine_ct
3 6829.000000 m46 machine_ct
3 6829.000000 m47 machine_ct
3 6829.000000 m48 machine_ct
3 6829.000000 m49 machine_ct
3 6829.000000 m50 machine_ct
3 6829.000000 m51 machine_ct
3 6829.000000 m52 machine_ct
3 6829.000000 m53 machine_ct
3 6829.000000 m54 machine_ct
3 6829.000000 m55 machine_ct
3 6829.000000 m56 machine_ct
3 6829.000000 m57 machine_ct
3 6829.000000 m58 machine_ct
3 6829.000000 m59 machine_ct
3 6829.000000 m60 machine_ct
3 6829.000000 m61 machine_ct
3 6829.000000 m62 machine_ct
3 6829.000000 m63 machine_ct
3 6829.000000 m64 machine_ct
3 6829.000000 m65 machine_ct
3 6829.000000 m66 machine_ct
3 6829.000000 m67 machine_ct
3 6829.000000 m68 machine_ct
3 6829.000000 m69 machine_ct
3 6829.000000 m70 machine_ct
3 6829.000000 m71 machine_ct
3 6829.000000 m72 machine_ct
3 6829.000000 m73 machine_ct
3 6829.000000 m74 machine_ct
3 6829.000000 m75 machine_ct
3 6829.000000 m76 machine_ct
3 6829.000000 m77 machine_ct
3 6829.000000 m78 machine_ct
3 6829.000000 m79 machine_ct
3 6829.000000 m80 machine_ct
3 6829.000000 m81 machine_ct
3 6829.000000 m82 machine_ct
3 6829.000000 m83 machine_ct
3 6829.000000 m84 machine_ct
3 6829.000000 m85 machine_ct
3 6829.000000 m86 machine_ct
3 6829.000000 m87 machine_ct
3 6829.000000 m88 machine_ct
3 6829.000000 m89 machine_ct
3 6829.000000 m90 machine_ct
3 6829.000000 m91 machine_ct
3 6829.000000 m92 machine_ct
3 6829.000000 m93 machine_ct
3 6829.000000 m94 machine_ct
3 6829.000000 m95 machine_ct
3 6829.000000 m96 machine_ct
3 6829.000000 m97 machine_ct
3 6829.000000 m98 machine_ct
3 6829.000000 m99 machine_ct
3 6829.000000 m100 machine_ct
3 6829.000000 m101 machine_ct
3 6829.000000 m102 machine_ct
3 6829.000000 m103 machine_ct
3 6829.000000 m104 machine_ct
3 6829.000000 m105 machine_ct
3 6829.000000 m106 machine_ct
3 6829.000000 m107 machine_ct
3 6829.000000 m108 machine_ct
3 6829.000000 m109 machine_ct
3 6829.000000 m110 machine_ct
3 6829.000000 m111 machine_ct
3 6829.000000 m112 machine_ct
3 6829.000000 m113 machine_ct
3 6829.000000 m114 machine_ct
3 6829.000000 m115 machine_ct
3 6829.000000 m116 machine_ct
3 6829.000000 m117 machine_ct
3 6829.000000 m118 machine_ct
3 6829.000000 m119 machine_ct
3 6829.000000 m120 machine_ct
3 6829.000000 m121 machine_ct
3 6829.000000 m122 machine_ct
3 6829.000000 m123 machine_ct
3 6829.000000 m124 machine_ct
3 6829.000000 m125 machine_ct
3 6829.000000 m126 machine_ct
3 6829.000000 m127 machine_ct
3 6829.000000 m128 machine_ct
3 6829.000000 m129 machine_ct
3 6829.000000 m130 machine_ct
3 6829.000000 m131 machine_ct
3 6829.000000 m132 machine_ct
3 6829.000000 m133 machine_ct
3 6829.000000 m134 machine_ct
3 6829.000000 m135 machine_ct
3 6829.000000 m136 machine_ct
3 6829.000000 m137 machine_ct
3 6829.000000 m138 machine_ct
3 6829.000000 m139 machine_ct
3 6829.000000 m140 machine_ct
3 6829.000000 m141 machine_ct
3 6829.000000 m142 machine_ct
3 6829.000000 root root_ct
