export PATH=$PATH:/home/mmercier/expe-batsim/workload_generation/NPB_bin/; export HOSTDIR=/home/mmercier/expe-batsim/replay_workload/results_2016-02-16--12-59-03;oarsub --stdout=/home/mmercier/expe-batsim/replay_workload/results_2016-02-16--12-59-03/OAR%jobid%.stdout --stderr=/home/mmercier/expe-batsim/replay_workload/results_2016-02-16--12-59-03/OAR%jobid%.stderr  -l \nodes=1,walltime=0:39:13 "mpirun --mca btl self,sm,tcp -hostfile ${HOSTDIR}/hostfile-1 --path $PATH lu.C.1"
[ADMISSION RULE] Modify resource description with type constraints
OAR_JOB_ID=664
export PATH=$PATH:/home/mmercier/expe-batsim/workload_generation/NPB_bin/; export HOSTDIR=/home/mmercier/expe-batsim/replay_workload/results_2016-02-16--12-59-03;oarsub --stdout=/home/mmercier/expe-batsim/replay_workload/results_2016-02-16--12-59-03/OAR%jobid%.stdout --stderr=/home/mmercier/expe-batsim/replay_workload/results_2016-02-16--12-59-03/OAR%jobid%.stderr  -l \nodes=2,walltime=0:04:41 "mpirun --mca btl self,sm,tcp -hostfile ${HOSTDIR}/hostfile-2 --path $PATH lu.B.2"
[ADMISSION RULE] Modify resource description with type constraints
OAR_JOB_ID=665
export PATH=$PATH:/home/mmercier/expe-batsim/workload_generation/NPB_bin/; export HOSTDIR=/home/mmercier/expe-batsim/replay_workload/results_2016-02-16--12-59-03;oarsub --stdout=/home/mmercier/expe-batsim/replay_workload/results_2016-02-16--12-59-03/OAR%jobid%.stdout --stderr=/home/mmercier/expe-batsim/replay_workload/results_2016-02-16--12-59-03/OAR%jobid%.stderr  -l \nodes=2,walltime=0:19:47 "mpirun --mca btl self,sm,tcp -hostfile ${HOSTDIR}/hostfile-2 --path $PATH lu.C.2"
[ADMISSION RULE] Modify resource description with type constraints
OAR_JOB_ID=666
export PATH=$PATH:/home/mmercier/expe-batsim/workload_generation/NPB_bin/; export HOSTDIR=/home/mmercier/expe-batsim/replay_workload/results_2016-02-16--12-59-03;oarsub --stdout=/home/mmercier/expe-batsim/replay_workload/results_2016-02-16--12-59-03/OAR%jobid%.stdout --stderr=/home/mmercier/expe-batsim/replay_workload/results_2016-02-16--12-59-03/OAR%jobid%.stderr  -l \nodes=2,walltime=0:08:51 "mpirun --mca btl self,sm,tcp -hostfile ${HOSTDIR}/hostfile-2 --path $PATH ft.C.2"
[ADMISSION RULE] Modify resource description with type constraints
OAR_JOB_ID=667
export PATH=$PATH:/home/mmercier/expe-batsim/workload_generation/NPB_bin/; export HOSTDIR=/home/mmercier/expe-batsim/replay_workload/results_2016-02-16--12-59-03;oarsub --stdout=/home/mmercier/expe-batsim/replay_workload/results_2016-02-16--12-59-03/OAR%jobid%.stdout --stderr=/home/mmercier/expe-batsim/replay_workload/results_2016-02-16--12-59-03/OAR%jobid%.stderr  -l \nodes=1,walltime=0:39:13 "mpirun --mca btl self,sm,tcp -hostfile ${HOSTDIR}/hostfile-1 --path $PATH lu.C.1"
[ADMISSION RULE] Modify resource description with type constraints
OAR_JOB_ID=668
export PATH=$PATH:/home/mmercier/expe-batsim/workload_generation/NPB_bin/; export HOSTDIR=/home/mmercier/expe-batsim/replay_workload/results_2016-02-16--12-59-03;oarsub --stdout=/home/mmercier/expe-batsim/replay_workload/results_2016-02-16--12-59-03/OAR%jobid%.stdout --stderr=/home/mmercier/expe-batsim/replay_workload/results_2016-02-16--12-59-03/OAR%jobid%.stderr  -l \nodes=1,walltime=0:02:57 "mpirun --mca btl self,sm,tcp -hostfile ${HOSTDIR}/hostfile-1 --path $PATH ft.B.1"
[ADMISSION RULE] Modify resource description with type constraints
OAR_JOB_ID=669
export PATH=$PATH:/home/mmercier/expe-batsim/workload_generation/NPB_bin/; export HOSTDIR=/home/mmercier/expe-batsim/replay_workload/results_2016-02-16--12-59-03;oarsub --stdout=/home/mmercier/expe-batsim/replay_workload/results_2016-02-16--12-59-03/OAR%jobid%.stdout --stderr=/home/mmercier/expe-batsim/replay_workload/results_2016-02-16--12-59-03/OAR%jobid%.stderr  -l \nodes=4,walltime=0:02:55 "mpirun --mca btl self,sm,tcp -hostfile ${HOSTDIR}/hostfile-4 --path $PATH lu.B.4"
[ADMISSION RULE] Modify resource description with type constraints
OAR_JOB_ID=670
export PATH=$PATH:/home/mmercier/expe-batsim/workload_generation/NPB_bin/; export HOSTDIR=/home/mmercier/expe-batsim/replay_workload/results_2016-02-16--12-59-03;oarsub --stdout=/home/mmercier/expe-batsim/replay_workload/results_2016-02-16--12-59-03/OAR%jobid%.stdout --stderr=/home/mmercier/expe-batsim/replay_workload/results_2016-02-16--12-59-03/OAR%jobid%.stderr  -l \nodes=2,walltime=0:01:00 "mpirun --mca btl self,sm,tcp -hostfile ${HOSTDIR}/hostfile-2 --path $PATH is.C.2"
[ADMISSION RULE] Modify resource description with type constraints
OAR_JOB_ID=671
export PATH=$PATH:/home/mmercier/expe-batsim/workload_generation/NPB_bin/; export HOSTDIR=/home/mmercier/expe-batsim/replay_workload/results_2016-02-16--12-59-03;oarsub --stdout=/home/mmercier/expe-batsim/replay_workload/results_2016-02-16--12-59-03/OAR%jobid%.stdout --stderr=/home/mmercier/expe-batsim/replay_workload/results_2016-02-16--12-59-03/OAR%jobid%.stderr  -l \nodes=1,walltime=0:01:00 "mpirun --mca btl self,sm,tcp -hostfile ${HOSTDIR}/hostfile-1 --path $PATH is.B.1"
[ADMISSION RULE] Modify resource description with type constraints
OAR_JOB_ID=672
export PATH=$PATH:/home/mmercier/expe-batsim/workload_generation/NPB_bin/; export HOSTDIR=/home/mmercier/expe-batsim/replay_workload/results_2016-02-16--12-59-03;oarsub --stdout=/home/mmercier/expe-batsim/replay_workload/results_2016-02-16--12-59-03/OAR%jobid%.stdout --stderr=/home/mmercier/expe-batsim/replay_workload/results_2016-02-16--12-59-03/OAR%jobid%.stderr  -l \nodes=1,walltime=0:12:52 "mpirun --mca btl self,sm,tcp -hostfile ${HOSTDIR}/hostfile-1 --path $PATH ft.C.1"
[ADMISSION RULE] Modify resource description with type constraints
OAR_JOB_ID=673
export PATH=$PATH:/home/mmercier/expe-batsim/workload_generation/NPB_bin/; export HOSTDIR=/home/mmercier/expe-batsim/replay_workload/results_2016-02-16--12-59-03;oarsub --stdout=/home/mmercier/expe-batsim/replay_workload/results_2016-02-16--12-59-03/OAR%jobid%.stdout --stderr=/home/mmercier/expe-batsim/replay_workload/results_2016-02-16--12-59-03/OAR%jobid%.stderr  -l \nodes=2,walltime=0:04:41 "mpirun --mca btl self,sm,tcp -hostfile ${HOSTDIR}/hostfile-2 --path $PATH lu.B.2"
[ADMISSION RULE] Modify resource description with type constraints
OAR_JOB_ID=674
export PATH=$PATH:/home/mmercier/expe-batsim/workload_generation/NPB_bin/; export HOSTDIR=/home/mmercier/expe-batsim/replay_workload/results_2016-02-16--12-59-03;oarsub --stdout=/home/mmercier/expe-batsim/replay_workload/results_2016-02-16--12-59-03/OAR%jobid%.stdout --stderr=/home/mmercier/expe-batsim/replay_workload/results_2016-02-16--12-59-03/OAR%jobid%.stderr  -l \nodes=8,walltime=0:01:37 "mpirun --mca btl self,sm,tcp -hostfile ${HOSTDIR}/hostfile-8 --path $PATH lu.B.8"
[ADMISSION RULE] Modify resource description with type constraints
OAR_JOB_ID=675
export PATH=$PATH:/home/mmercier/expe-batsim/workload_generation/NPB_bin/; export HOSTDIR=/home/mmercier/expe-batsim/replay_workload/results_2016-02-16--12-59-03;oarsub --stdout=/home/mmercier/expe-batsim/replay_workload/results_2016-02-16--12-59-03/OAR%jobid%.stdout --stderr=/home/mmercier/expe-batsim/replay_workload/results_2016-02-16--12-59-03/OAR%jobid%.stderr  -l \nodes=1,walltime=0:01:00 "mpirun --mca btl self,sm,tcp -hostfile ${HOSTDIR}/hostfile-1 --path $PATH is.B.1"
[ADMISSION RULE] Modify resource description with type constraints
OAR_JOB_ID=676
export PATH=$PATH:/home/mmercier/expe-batsim/workload_generation/NPB_bin/; export HOSTDIR=/home/mmercier/expe-batsim/replay_workload/results_2016-02-16--12-59-03;oarsub --stdout=/home/mmercier/expe-batsim/replay_workload/results_2016-02-16--12-59-03/OAR%jobid%.stdout --stderr=/home/mmercier/expe-batsim/replay_workload/results_2016-02-16--12-59-03/OAR%jobid%.stderr  -l \nodes=4,walltime=0:05:03 "mpirun --mca btl self,sm,tcp -hostfile ${HOSTDIR}/hostfile-4 --path $PATH ft.C.4"
[ADMISSION RULE] Modify resource description with type constraints
OAR_JOB_ID=677
export PATH=$PATH:/home/mmercier/expe-batsim/workload_generation/NPB_bin/; export HOSTDIR=/home/mmercier/expe-batsim/replay_workload/results_2016-02-16--12-59-03;oarsub --stdout=/home/mmercier/expe-batsim/replay_workload/results_2016-02-16--12-59-03/OAR%jobid%.stdout --stderr=/home/mmercier/expe-batsim/replay_workload/results_2016-02-16--12-59-03/OAR%jobid%.stderr  -l \nodes=2,walltime=0:01:00 "mpirun --mca btl self,sm,tcp -hostfile ${HOSTDIR}/hostfile-2 --path $PATH is.C.2"
[ADMISSION RULE] Modify resource description with type constraints
OAR_JOB_ID=678
export PATH=$PATH:/home/mmercier/expe-batsim/workload_generation/NPB_bin/; export HOSTDIR=/home/mmercier/expe-batsim/replay_workload/results_2016-02-16--12-59-03;oarsub --stdout=/home/mmercier/expe-batsim/replay_workload/results_2016-02-16--12-59-03/OAR%jobid%.stdout --stderr=/home/mmercier/expe-batsim/replay_workload/results_2016-02-16--12-59-03/OAR%jobid%.stderr  -l \nodes=2,walltime=0:01:00 "mpirun --mca btl self,sm,tcp -hostfile ${HOSTDIR}/hostfile-2 --path $PATH is.B.2"
[ADMISSION RULE] Modify resource description with type constraints
OAR_JOB_ID=679
export PATH=$PATH:/home/mmercier/expe-batsim/workload_generation/NPB_bin/; export HOSTDIR=/home/mmercier/expe-batsim/replay_workload/results_2016-02-16--12-59-03;oarsub --stdout=/home/mmercier/expe-batsim/replay_workload/results_2016-02-16--12-59-03/OAR%jobid%.stdout --stderr=/home/mmercier/expe-batsim/replay_workload/results_2016-02-16--12-59-03/OAR%jobid%.stderr  -l \nodes=2,walltime=0:02:04 "mpirun --mca btl self,sm,tcp -hostfile ${HOSTDIR}/hostfile-2 --path $PATH ft.B.2"
[ADMISSION RULE] Modify resource description with type constraints
OAR_JOB_ID=680
export PATH=$PATH:/home/mmercier/expe-batsim/workload_generation/NPB_bin/; export HOSTDIR=/home/mmercier/expe-batsim/replay_workload/results_2016-02-16--12-59-03;oarsub --stdout=/home/mmercier/expe-batsim/replay_workload/results_2016-02-16--12-59-03/OAR%jobid%.stdout --stderr=/home/mmercier/expe-batsim/replay_workload/results_2016-02-16--12-59-03/OAR%jobid%.stderr  -l \nodes=4,walltime=0:01:00 "mpirun --mca btl self,sm,tcp -hostfile ${HOSTDIR}/hostfile-4 --path $PATH is.B.4"
[ADMISSION RULE] Modify resource description with type constraints
OAR_JOB_ID=681
export PATH=$PATH:/home/mmercier/expe-batsim/workload_generation/NPB_bin/; export HOSTDIR=/home/mmercier/expe-batsim/replay_workload/results_2016-02-16--12-59-03;oarsub --stdout=/home/mmercier/expe-batsim/replay_workload/results_2016-02-16--12-59-03/OAR%jobid%.stdout --stderr=/home/mmercier/expe-batsim/replay_workload/results_2016-02-16--12-59-03/OAR%jobid%.stderr  -l \nodes=2,walltime=0:04:41 "mpirun --mca btl self,sm,tcp -hostfile ${HOSTDIR}/hostfile-2 --path $PATH lu.B.2"
[ADMISSION RULE] Modify resource description with type constraints
OAR_JOB_ID=682
export PATH=$PATH:/home/mmercier/expe-batsim/workload_generation/NPB_bin/; export HOSTDIR=/home/mmercier/expe-batsim/replay_workload/results_2016-02-16--12-59-03;oarsub --stdout=/home/mmercier/expe-batsim/replay_workload/results_2016-02-16--12-59-03/OAR%jobid%.stdout --stderr=/home/mmercier/expe-batsim/replay_workload/results_2016-02-16--12-59-03/OAR%jobid%.stderr  -l \nodes=4,walltime=0:01:00 "mpirun --mca btl self,sm,tcp -hostfile ${HOSTDIR}/hostfile-4 --path $PATH is.B.4"
[ADMISSION RULE] Modify resource description with type constraints
OAR_JOB_ID=683
export PATH=$PATH:/home/mmercier/expe-batsim/workload_generation/NPB_bin/; export HOSTDIR=/home/mmercier/expe-batsim/replay_workload/results_2016-02-16--12-59-03;oarsub --stdout=/home/mmercier/expe-batsim/replay_workload/results_2016-02-16--12-59-03/OAR%jobid%.stdout --stderr=/home/mmercier/expe-batsim/replay_workload/results_2016-02-16--12-59-03/OAR%jobid%.stderr  -l \nodes=1,walltime=0:01:00 "mpirun --mca btl self,sm,tcp -hostfile ${HOSTDIR}/hostfile-1 --path $PATH is.B.1"
[ADMISSION RULE] Modify resource description with type constraints
OAR_JOB_ID=684
export PATH=$PATH:/home/mmercier/expe-batsim/workload_generation/NPB_bin/; export HOSTDIR=/home/mmercier/expe-batsim/replay_workload/results_2016-02-16--12-59-03;oarsub --stdout=/home/mmercier/expe-batsim/replay_workload/results_2016-02-16--12-59-03/OAR%jobid%.stdout --stderr=/home/mmercier/expe-batsim/replay_workload/results_2016-02-16--12-59-03/OAR%jobid%.stderr  -l \nodes=4,walltime=0:01:00 "mpirun --mca btl self,sm,tcp -hostfile ${HOSTDIR}/hostfile-4 --path $PATH is.C.4"
[ADMISSION RULE] Modify resource description with type constraints
OAR_JOB_ID=685
export PATH=$PATH:/home/mmercier/expe-batsim/workload_generation/NPB_bin/; export HOSTDIR=/home/mmercier/expe-batsim/replay_workload/results_2016-02-16--12-59-03;oarsub --stdout=/home/mmercier/expe-batsim/replay_workload/results_2016-02-16--12-59-03/OAR%jobid%.stdout --stderr=/home/mmercier/expe-batsim/replay_workload/results_2016-02-16--12-59-03/OAR%jobid%.stderr  -l \nodes=8,walltime=0:01:00 "mpirun --mca btl self,sm,tcp -hostfile ${HOSTDIR}/hostfile-8 --path $PATH ft.B.8"
[ADMISSION RULE] Modify resource description with type constraints
OAR_JOB_ID=686
export PATH=$PATH:/home/mmercier/expe-batsim/workload_generation/NPB_bin/; export HOSTDIR=/home/mmercier/expe-batsim/replay_workload/results_2016-02-16--12-59-03;oarsub --stdout=/home/mmercier/expe-batsim/replay_workload/results_2016-02-16--12-59-03/OAR%jobid%.stdout --stderr=/home/mmercier/expe-batsim/replay_workload/results_2016-02-16--12-59-03/OAR%jobid%.stderr  -l \nodes=2,walltime=0:19:47 "mpirun --mca btl self,sm,tcp -hostfile ${HOSTDIR}/hostfile-2 --path $PATH lu.C.2"
[ADMISSION RULE] Modify resource description with type constraints
OAR_JOB_ID=687
export PATH=$PATH:/home/mmercier/expe-batsim/workload_generation/NPB_bin/; export HOSTDIR=/home/mmercier/expe-batsim/replay_workload/results_2016-02-16--12-59-03;oarsub --stdout=/home/mmercier/expe-batsim/replay_workload/results_2016-02-16--12-59-03/OAR%jobid%.stdout --stderr=/home/mmercier/expe-batsim/replay_workload/results_2016-02-16--12-59-03/OAR%jobid%.stderr  -l \nodes=2,walltime=0:01:00 "mpirun --mca btl self,sm,tcp -hostfile ${HOSTDIR}/hostfile-2 --path $PATH is.B.2"
[ADMISSION RULE] Modify resource description with type constraints
OAR_JOB_ID=688
export PATH=$PATH:/home/mmercier/expe-batsim/workload_generation/NPB_bin/; export HOSTDIR=/home/mmercier/expe-batsim/replay_workload/results_2016-02-16--12-59-03;oarsub --stdout=/home/mmercier/expe-batsim/replay_workload/results_2016-02-16--12-59-03/OAR%jobid%.stdout --stderr=/home/mmercier/expe-batsim/replay_workload/results_2016-02-16--12-59-03/OAR%jobid%.stderr  -l \nodes=1,walltime=0:09:19 "mpirun --mca btl self,sm,tcp -hostfile ${HOSTDIR}/hostfile-1 --path $PATH lu.B.1"
[ADMISSION RULE] Modify resource description with type constraints
OAR_JOB_ID=689
export PATH=$PATH:/home/mmercier/expe-batsim/workload_generation/NPB_bin/; export HOSTDIR=/home/mmercier/expe-batsim/replay_workload/results_2016-02-16--12-59-03;oarsub --stdout=/home/mmercier/expe-batsim/replay_workload/results_2016-02-16--12-59-03/OAR%jobid%.stdout --stderr=/home/mmercier/expe-batsim/replay_workload/results_2016-02-16--12-59-03/OAR%jobid%.stderr  -l \nodes=2,walltime=0:08:51 "mpirun --mca btl self,sm,tcp -hostfile ${HOSTDIR}/hostfile-2 --path $PATH ft.C.2"
[ADMISSION RULE] Modify resource description with type constraints
OAR_JOB_ID=690
export PATH=$PATH:/home/mmercier/expe-batsim/workload_generation/NPB_bin/; export HOSTDIR=/home/mmercier/expe-batsim/replay_workload/results_2016-02-16--12-59-03;oarsub --stdout=/home/mmercier/expe-batsim/replay_workload/results_2016-02-16--12-59-03/OAR%jobid%.stdout --stderr=/home/mmercier/expe-batsim/replay_workload/results_2016-02-16--12-59-03/OAR%jobid%.stderr  -l \nodes=2,walltime=0:01:00 "mpirun --mca btl self,sm,tcp -hostfile ${HOSTDIR}/hostfile-2 --path $PATH is.B.2"
[ADMISSION RULE] Modify resource description with type constraints
OAR_JOB_ID=691
export PATH=$PATH:/home/mmercier/expe-batsim/workload_generation/NPB_bin/; export HOSTDIR=/home/mmercier/expe-batsim/replay_workload/results_2016-02-16--12-59-03;oarsub --stdout=/home/mmercier/expe-batsim/replay_workload/results_2016-02-16--12-59-03/OAR%jobid%.stdout --stderr=/home/mmercier/expe-batsim/replay_workload/results_2016-02-16--12-59-03/OAR%jobid%.stderr  -l \nodes=2,walltime=0:19:47 "mpirun --mca btl self,sm,tcp -hostfile ${HOSTDIR}/hostfile-2 --path $PATH lu.C.2"
[ADMISSION RULE] Modify resource description with type constraints
OAR_JOB_ID=692
export PATH=$PATH:/home/mmercier/expe-batsim/workload_generation/NPB_bin/; export HOSTDIR=/home/mmercier/expe-batsim/replay_workload/results_2016-02-16--12-59-03;oarsub --stdout=/home/mmercier/expe-batsim/replay_workload/results_2016-02-16--12-59-03/OAR%jobid%.stdout --stderr=/home/mmercier/expe-batsim/replay_workload/results_2016-02-16--12-59-03/OAR%jobid%.stderr  -l \nodes=4,walltime=0:02:55 "mpirun --mca btl self,sm,tcp -hostfile ${HOSTDIR}/hostfile-4 --path $PATH lu.B.4"
[ADMISSION RULE] Modify resource description with type constraints
OAR_JOB_ID=693
export PATH=$PATH:/home/mmercier/expe-batsim/workload_generation/NPB_bin/; export HOSTDIR=/home/mmercier/expe-batsim/replay_workload/results_2016-02-16--12-59-03;oarsub --stdout=/home/mmercier/expe-batsim/replay_workload/results_2016-02-16--12-59-03/OAR%jobid%.stdout --stderr=/home/mmercier/expe-batsim/replay_workload/results_2016-02-16--12-59-03/OAR%jobid%.stderr  -l \nodes=2,walltime=0:04:41 "mpirun --mca btl self,sm,tcp -hostfile ${HOSTDIR}/hostfile-2 --path $PATH lu.B.2"
[ADMISSION RULE] Modify resource description with type constraints
OAR_JOB_ID=694
export PATH=$PATH:/home/mmercier/expe-batsim/workload_generation/NPB_bin/; export HOSTDIR=/home/mmercier/expe-batsim/replay_workload/results_2016-02-16--12-59-03;oarsub --stdout=/home/mmercier/expe-batsim/replay_workload/results_2016-02-16--12-59-03/OAR%jobid%.stdout --stderr=/home/mmercier/expe-batsim/replay_workload/results_2016-02-16--12-59-03/OAR%jobid%.stderr  -l \nodes=2,walltime=0:19:47 "mpirun --mca btl self,sm,tcp -hostfile ${HOSTDIR}/hostfile-2 --path $PATH lu.C.2"
[ADMISSION RULE] Modify resource description with type constraints
OAR_JOB_ID=695
export PATH=$PATH:/home/mmercier/expe-batsim/workload_generation/NPB_bin/; export HOSTDIR=/home/mmercier/expe-batsim/replay_workload/results_2016-02-16--12-59-03;oarsub --stdout=/home/mmercier/expe-batsim/replay_workload/results_2016-02-16--12-59-03/OAR%jobid%.stdout --stderr=/home/mmercier/expe-batsim/replay_workload/results_2016-02-16--12-59-03/OAR%jobid%.stderr  -l \nodes=1,walltime=0:12:52 "mpirun --mca btl self,sm,tcp -hostfile ${HOSTDIR}/hostfile-1 --path $PATH ft.C.1"
[ADMISSION RULE] Modify resource description with type constraints
OAR_JOB_ID=696
export PATH=$PATH:/home/mmercier/expe-batsim/workload_generation/NPB_bin/; export HOSTDIR=/home/mmercier/expe-batsim/replay_workload/results_2016-02-16--12-59-03;oarsub --stdout=/home/mmercier/expe-batsim/replay_workload/results_2016-02-16--12-59-03/OAR%jobid%.stdout --stderr=/home/mmercier/expe-batsim/replay_workload/results_2016-02-16--12-59-03/OAR%jobid%.stderr  -l \nodes=2,walltime=0:01:00 "mpirun --mca btl self,sm,tcp -hostfile ${HOSTDIR}/hostfile-2 --path $PATH is.B.2"
[ADMISSION RULE] Modify resource description with type constraints
OAR_JOB_ID=697
export PATH=$PATH:/home/mmercier/expe-batsim/workload_generation/NPB_bin/; export HOSTDIR=/home/mmercier/expe-batsim/replay_workload/results_2016-02-16--12-59-03;oarsub --stdout=/home/mmercier/expe-batsim/replay_workload/results_2016-02-16--12-59-03/OAR%jobid%.stdout --stderr=/home/mmercier/expe-batsim/replay_workload/results_2016-02-16--12-59-03/OAR%jobid%.stderr  -l \nodes=1,walltime=0:12:52 "mpirun --mca btl self,sm,tcp -hostfile ${HOSTDIR}/hostfile-1 --path $PATH ft.C.1"
[ADMISSION RULE] Modify resource description with type constraints
OAR_JOB_ID=698
export PATH=$PATH:/home/mmercier/expe-batsim/workload_generation/NPB_bin/; export HOSTDIR=/home/mmercier/expe-batsim/replay_workload/results_2016-02-16--12-59-03;oarsub --stdout=/home/mmercier/expe-batsim/replay_workload/results_2016-02-16--12-59-03/OAR%jobid%.stdout --stderr=/home/mmercier/expe-batsim/replay_workload/results_2016-02-16--12-59-03/OAR%jobid%.stderr  -l \nodes=2,walltime=0:01:00 "mpirun --mca btl self,sm,tcp -hostfile ${HOSTDIR}/hostfile-2 --path $PATH is.B.2"
[ADMISSION RULE] Modify resource description with type constraints
OAR_JOB_ID=699
export PATH=$PATH:/home/mmercier/expe-batsim/workload_generation/NPB_bin/; export HOSTDIR=/home/mmercier/expe-batsim/replay_workload/results_2016-02-16--12-59-03;oarsub --stdout=/home/mmercier/expe-batsim/replay_workload/results_2016-02-16--12-59-03/OAR%jobid%.stdout --stderr=/home/mmercier/expe-batsim/replay_workload/results_2016-02-16--12-59-03/OAR%jobid%.stderr  -l \nodes=1,walltime=0:39:13 "mpirun --mca btl self,sm,tcp -hostfile ${HOSTDIR}/hostfile-1 --path $PATH lu.C.1"
[ADMISSION RULE] Modify resource description with type constraints
OAR_JOB_ID=700
export PATH=$PATH:/home/mmercier/expe-batsim/workload_generation/NPB_bin/; export HOSTDIR=/home/mmercier/expe-batsim/replay_workload/results_2016-02-16--12-59-03;oarsub --stdout=/home/mmercier/expe-batsim/replay_workload/results_2016-02-16--12-59-03/OAR%jobid%.stdout --stderr=/home/mmercier/expe-batsim/replay_workload/results_2016-02-16--12-59-03/OAR%jobid%.stderr  -l \nodes=8,walltime=0:05:58 "mpirun --mca btl self,sm,tcp -hostfile ${HOSTDIR}/hostfile-8 --path $PATH lu.C.8"
[ADMISSION RULE] Modify resource description with type constraints
OAR_JOB_ID=701
export PATH=$PATH:/home/mmercier/expe-batsim/workload_generation/NPB_bin/; export HOSTDIR=/home/mmercier/expe-batsim/replay_workload/results_2016-02-16--12-59-03;oarsub --stdout=/home/mmercier/expe-batsim/replay_workload/results_2016-02-16--12-59-03/OAR%jobid%.stdout --stderr=/home/mmercier/expe-batsim/replay_workload/results_2016-02-16--12-59-03/OAR%jobid%.stderr  -l \nodes=4,walltime=0:01:00 "mpirun --mca btl self,sm,tcp -hostfile ${HOSTDIR}/hostfile-4 --path $PATH is.B.4"
[ADMISSION RULE] Modify resource description with type constraints
OAR_JOB_ID=702
export PATH=$PATH:/home/mmercier/expe-batsim/workload_generation/NPB_bin/; export HOSTDIR=/home/mmercier/expe-batsim/replay_workload/results_2016-02-16--12-59-03;oarsub --stdout=/home/mmercier/expe-batsim/replay_workload/results_2016-02-16--12-59-03/OAR%jobid%.stdout --stderr=/home/mmercier/expe-batsim/replay_workload/results_2016-02-16--12-59-03/OAR%jobid%.stderr  -l \nodes=2,walltime=0:01:00 "mpirun --mca btl self,sm,tcp -hostfile ${HOSTDIR}/hostfile-2 --path $PATH is.C.2"
[ADMISSION RULE] Modify resource description with type constraints
OAR_JOB_ID=703
export PATH=$PATH:/home/mmercier/expe-batsim/workload_generation/NPB_bin/; export HOSTDIR=/home/mmercier/expe-batsim/replay_workload/results_2016-02-16--12-59-03;oarsub --stdout=/home/mmercier/expe-batsim/replay_workload/results_2016-02-16--12-59-03/OAR%jobid%.stdout --stderr=/home/mmercier/expe-batsim/replay_workload/results_2016-02-16--12-59-03/OAR%jobid%.stderr  -l \nodes=2,walltime=0:01:00 "mpirun --mca btl self,sm,tcp -hostfile ${HOSTDIR}/hostfile-2 --path $PATH is.C.2"
[ADMISSION RULE] Modify resource description with type constraints
OAR_JOB_ID=704
export PATH=$PATH:/home/mmercier/expe-batsim/workload_generation/NPB_bin/; export HOSTDIR=/home/mmercier/expe-batsim/replay_workload/results_2016-02-16--12-59-03;oarsub --stdout=/home/mmercier/expe-batsim/replay_workload/results_2016-02-16--12-59-03/OAR%jobid%.stdout --stderr=/home/mmercier/expe-batsim/replay_workload/results_2016-02-16--12-59-03/OAR%jobid%.stderr  -l \nodes=1,walltime=0:39:13 "mpirun --mca btl self,sm,tcp -hostfile ${HOSTDIR}/hostfile-1 --path $PATH lu.C.1"
[ADMISSION RULE] Modify resource description with type constraints
OAR_JOB_ID=705
export PATH=$PATH:/home/mmercier/expe-batsim/workload_generation/NPB_bin/; export HOSTDIR=/home/mmercier/expe-batsim/replay_workload/results_2016-02-16--12-59-03;oarsub --stdout=/home/mmercier/expe-batsim/replay_workload/results_2016-02-16--12-59-03/OAR%jobid%.stdout --stderr=/home/mmercier/expe-batsim/replay_workload/results_2016-02-16--12-59-03/OAR%jobid%.stderr  -l \nodes=2,walltime=0:19:47 "mpirun --mca btl self,sm,tcp -hostfile ${HOSTDIR}/hostfile-2 --path $PATH lu.C.2"
[ADMISSION RULE] Modify resource description with type constraints
OAR_JOB_ID=706
export PATH=$PATH:/home/mmercier/expe-batsim/workload_generation/NPB_bin/; export HOSTDIR=/home/mmercier/expe-batsim/replay_workload/results_2016-02-16--12-59-03;oarsub --stdout=/home/mmercier/expe-batsim/replay_workload/results_2016-02-16--12-59-03/OAR%jobid%.stdout --stderr=/home/mmercier/expe-batsim/replay_workload/results_2016-02-16--12-59-03/OAR%jobid%.stderr  -l \nodes=4,walltime=0:01:11 "mpirun --mca btl self,sm,tcp -hostfile ${HOSTDIR}/hostfile-4 --path $PATH ft.B.4"
[ADMISSION RULE] Modify resource description with type constraints
OAR_JOB_ID=707
export PATH=$PATH:/home/mmercier/expe-batsim/workload_generation/NPB_bin/; export HOSTDIR=/home/mmercier/expe-batsim/replay_workload/results_2016-02-16--12-59-03;oarsub --stdout=/home/mmercier/expe-batsim/replay_workload/results_2016-02-16--12-59-03/OAR%jobid%.stdout --stderr=/home/mmercier/expe-batsim/replay_workload/results_2016-02-16--12-59-03/OAR%jobid%.stderr  -l \nodes=2,walltime=0:02:04 "mpirun --mca btl self,sm,tcp -hostfile ${HOSTDIR}/hostfile-2 --path $PATH ft.B.2"
[ADMISSION RULE] Modify resource description with type constraints
OAR_JOB_ID=708
export PATH=$PATH:/home/mmercier/expe-batsim/workload_generation/NPB_bin/; export HOSTDIR=/home/mmercier/expe-batsim/replay_workload/results_2016-02-16--12-59-03;oarsub --stdout=/home/mmercier/expe-batsim/replay_workload/results_2016-02-16--12-59-03/OAR%jobid%.stdout --stderr=/home/mmercier/expe-batsim/replay_workload/results_2016-02-16--12-59-03/OAR%jobid%.stderr  -l \nodes=8,walltime=0:01:00 "mpirun --mca btl self,sm,tcp -hostfile ${HOSTDIR}/hostfile-8 --path $PATH ft.B.8"
[ADMISSION RULE] Modify resource description with type constraints
OAR_JOB_ID=709
export PATH=$PATH:/home/mmercier/expe-batsim/workload_generation/NPB_bin/; export HOSTDIR=/home/mmercier/expe-batsim/replay_workload/results_2016-02-16--12-59-03;oarsub --stdout=/home/mmercier/expe-batsim/replay_workload/results_2016-02-16--12-59-03/OAR%jobid%.stdout --stderr=/home/mmercier/expe-batsim/replay_workload/results_2016-02-16--12-59-03/OAR%jobid%.stderr  -l \nodes=1,walltime=0:39:13 "mpirun --mca btl self,sm,tcp -hostfile ${HOSTDIR}/hostfile-1 --path $PATH lu.C.1"
[ADMISSION RULE] Modify resource description with type constraints
OAR_JOB_ID=710
export PATH=$PATH:/home/mmercier/expe-batsim/workload_generation/NPB_bin/; export HOSTDIR=/home/mmercier/expe-batsim/replay_workload/results_2016-02-16--12-59-03;oarsub --stdout=/home/mmercier/expe-batsim/replay_workload/results_2016-02-16--12-59-03/OAR%jobid%.stdout --stderr=/home/mmercier/expe-batsim/replay_workload/results_2016-02-16--12-59-03/OAR%jobid%.stderr  -l \nodes=2,walltime=0:04:41 "mpirun --mca btl self,sm,tcp -hostfile ${HOSTDIR}/hostfile-2 --path $PATH lu.B.2"
[ADMISSION RULE] Modify resource description with type constraints
OAR_JOB_ID=711
export PATH=$PATH:/home/mmercier/expe-batsim/workload_generation/NPB_bin/; export HOSTDIR=/home/mmercier/expe-batsim/replay_workload/results_2016-02-16--12-59-03;oarsub --stdout=/home/mmercier/expe-batsim/replay_workload/results_2016-02-16--12-59-03/OAR%jobid%.stdout --stderr=/home/mmercier/expe-batsim/replay_workload/results_2016-02-16--12-59-03/OAR%jobid%.stderr  -l \nodes=1,walltime=0:39:13 "mpirun --mca btl self,sm,tcp -hostfile ${HOSTDIR}/hostfile-1 --path $PATH lu.C.1"
[ADMISSION RULE] Modify resource description with type constraints
OAR_JOB_ID=712
export PATH=$PATH:/home/mmercier/expe-batsim/workload_generation/NPB_bin/; export HOSTDIR=/home/mmercier/expe-batsim/replay_workload/results_2016-02-16--12-59-03;oarsub --stdout=/home/mmercier/expe-batsim/replay_workload/results_2016-02-16--12-59-03/OAR%jobid%.stdout --stderr=/home/mmercier/expe-batsim/replay_workload/results_2016-02-16--12-59-03/OAR%jobid%.stderr  -l \nodes=2,walltime=0:04:41 "mpirun --mca btl self,sm,tcp -hostfile ${HOSTDIR}/hostfile-2 --path $PATH lu.B.2"
[ADMISSION RULE] Modify resource description with type constraints
OAR_JOB_ID=713
export PATH=$PATH:/home/mmercier/expe-batsim/workload_generation/NPB_bin/; export HOSTDIR=/home/mmercier/expe-batsim/replay_workload/results_2016-02-16--12-59-03;oarsub --stdout=/home/mmercier/expe-batsim/replay_workload/results_2016-02-16--12-59-03/OAR%jobid%.stdout --stderr=/home/mmercier/expe-batsim/replay_workload/results_2016-02-16--12-59-03/OAR%jobid%.stderr  -l \nodes=1,walltime=0:12:52 "mpirun --mca btl self,sm,tcp -hostfile ${HOSTDIR}/hostfile-1 --path $PATH ft.C.1"
[ADMISSION RULE] Modify resource description with type constraints
OAR_JOB_ID=714
export PATH=$PATH:/home/mmercier/expe-batsim/workload_generation/NPB_bin/; export HOSTDIR=/home/mmercier/expe-batsim/replay_workload/results_2016-02-16--12-59-03;oarsub --stdout=/home/mmercier/expe-batsim/replay_workload/results_2016-02-16--12-59-03/OAR%jobid%.stdout --stderr=/home/mmercier/expe-batsim/replay_workload/results_2016-02-16--12-59-03/OAR%jobid%.stderr  -l \nodes=2,walltime=0:04:41 "mpirun --mca btl self,sm,tcp -hostfile ${HOSTDIR}/hostfile-2 --path $PATH lu.B.2"
[ADMISSION RULE] Modify resource description with type constraints
OAR_JOB_ID=715
export PATH=$PATH:/home/mmercier/expe-batsim/workload_generation/NPB_bin/; export HOSTDIR=/home/mmercier/expe-batsim/replay_workload/results_2016-02-16--12-59-03;oarsub --stdout=/home/mmercier/expe-batsim/replay_workload/results_2016-02-16--12-59-03/OAR%jobid%.stdout --stderr=/home/mmercier/expe-batsim/replay_workload/results_2016-02-16--12-59-03/OAR%jobid%.stderr  -l \nodes=1,walltime=0:01:00 "mpirun --mca btl self,sm,tcp -hostfile ${HOSTDIR}/hostfile-1 --path $PATH is.B.1"
[ADMISSION RULE] Modify resource description with type constraints
OAR_JOB_ID=716
export PATH=$PATH:/home/mmercier/expe-batsim/workload_generation/NPB_bin/; export HOSTDIR=/home/mmercier/expe-batsim/replay_workload/results_2016-02-16--12-59-03;oarsub --stdout=/home/mmercier/expe-batsim/replay_workload/results_2016-02-16--12-59-03/OAR%jobid%.stdout --stderr=/home/mmercier/expe-batsim/replay_workload/results_2016-02-16--12-59-03/OAR%jobid%.stderr  -l \nodes=1,walltime=0:02:57 "mpirun --mca btl self,sm,tcp -hostfile ${HOSTDIR}/hostfile-1 --path $PATH ft.B.1"
[ADMISSION RULE] Modify resource description with type constraints
OAR_JOB_ID=717
export PATH=$PATH:/home/mmercier/expe-batsim/workload_generation/NPB_bin/; export HOSTDIR=/home/mmercier/expe-batsim/replay_workload/results_2016-02-16--12-59-03;oarsub --stdout=/home/mmercier/expe-batsim/replay_workload/results_2016-02-16--12-59-03/OAR%jobid%.stdout --stderr=/home/mmercier/expe-batsim/replay_workload/results_2016-02-16--12-59-03/OAR%jobid%.stderr  -l \nodes=1,walltime=0:02:57 "mpirun --mca btl self,sm,tcp -hostfile ${HOSTDIR}/hostfile-1 --path $PATH ft.B.1"
[ADMISSION RULE] Modify resource description with type constraints
OAR_JOB_ID=718
export PATH=$PATH:/home/mmercier/expe-batsim/workload_generation/NPB_bin/; export HOSTDIR=/home/mmercier/expe-batsim/replay_workload/results_2016-02-16--12-59-03;oarsub --stdout=/home/mmercier/expe-batsim/replay_workload/results_2016-02-16--12-59-03/OAR%jobid%.stdout --stderr=/home/mmercier/expe-batsim/replay_workload/results_2016-02-16--12-59-03/OAR%jobid%.stderr  -l \nodes=2,walltime=0:01:00 "mpirun --mca btl self,sm,tcp -hostfile ${HOSTDIR}/hostfile-2 --path $PATH is.B.2"
[ADMISSION RULE] Modify resource description with type constraints
OAR_JOB_ID=719
export PATH=$PATH:/home/mmercier/expe-batsim/workload_generation/NPB_bin/; export HOSTDIR=/home/mmercier/expe-batsim/replay_workload/results_2016-02-16--12-59-03;oarsub --stdout=/home/mmercier/expe-batsim/replay_workload/results_2016-02-16--12-59-03/OAR%jobid%.stdout --stderr=/home/mmercier/expe-batsim/replay_workload/results_2016-02-16--12-59-03/OAR%jobid%.stderr  -l \nodes=2,walltime=0:01:00 "mpirun --mca btl self,sm,tcp -hostfile ${HOSTDIR}/hostfile-2 --path $PATH is.B.2"
[ADMISSION RULE] Modify resource description with type constraints
OAR_JOB_ID=720
export PATH=$PATH:/home/mmercier/expe-batsim/workload_generation/NPB_bin/; export HOSTDIR=/home/mmercier/expe-batsim/replay_workload/results_2016-02-16--12-59-03;oarsub --stdout=/home/mmercier/expe-batsim/replay_workload/results_2016-02-16--12-59-03/OAR%jobid%.stdout --stderr=/home/mmercier/expe-batsim/replay_workload/results_2016-02-16--12-59-03/OAR%jobid%.stderr  -l \nodes=2,walltime=0:19:47 "mpirun --mca btl self,sm,tcp -hostfile ${HOSTDIR}/hostfile-2 --path $PATH lu.C.2"
[ADMISSION RULE] Modify resource description with type constraints
OAR_JOB_ID=721
export PATH=$PATH:/home/mmercier/expe-batsim/workload_generation/NPB_bin/; export HOSTDIR=/home/mmercier/expe-batsim/replay_workload/results_2016-02-16--12-59-03;oarsub --stdout=/home/mmercier/expe-batsim/replay_workload/results_2016-02-16--12-59-03/OAR%jobid%.stdout --stderr=/home/mmercier/expe-batsim/replay_workload/results_2016-02-16--12-59-03/OAR%jobid%.stderr  -l \nodes=2,walltime=0:01:00 "mpirun --mca btl self,sm,tcp -hostfile ${HOSTDIR}/hostfile-2 --path $PATH is.C.2"
[ADMISSION RULE] Modify resource description with type constraints
OAR_JOB_ID=722
export PATH=$PATH:/home/mmercier/expe-batsim/workload_generation/NPB_bin/; export HOSTDIR=/home/mmercier/expe-batsim/replay_workload/results_2016-02-16--12-59-03;oarsub --stdout=/home/mmercier/expe-batsim/replay_workload/results_2016-02-16--12-59-03/OAR%jobid%.stdout --stderr=/home/mmercier/expe-batsim/replay_workload/results_2016-02-16--12-59-03/OAR%jobid%.stderr  -l \nodes=2,walltime=0:04:41 "mpirun --mca btl self,sm,tcp -hostfile ${HOSTDIR}/hostfile-2 --path $PATH lu.B.2"
[ADMISSION RULE] Modify resource description with type constraints
OAR_JOB_ID=723
export PATH=$PATH:/home/mmercier/expe-batsim/workload_generation/NPB_bin/; export HOSTDIR=/home/mmercier/expe-batsim/replay_workload/results_2016-02-16--12-59-03;oarsub --stdout=/home/mmercier/expe-batsim/replay_workload/results_2016-02-16--12-59-03/OAR%jobid%.stdout --stderr=/home/mmercier/expe-batsim/replay_workload/results_2016-02-16--12-59-03/OAR%jobid%.stderr  -l \nodes=1,walltime=0:09:19 "mpirun --mca btl self,sm,tcp -hostfile ${HOSTDIR}/hostfile-1 --path $PATH lu.B.1"
[ADMISSION RULE] Modify resource description with type constraints
OAR_JOB_ID=724
export PATH=$PATH:/home/mmercier/expe-batsim/workload_generation/NPB_bin/; export HOSTDIR=/home/mmercier/expe-batsim/replay_workload/results_2016-02-16--12-59-03;oarsub --stdout=/home/mmercier/expe-batsim/replay_workload/results_2016-02-16--12-59-03/OAR%jobid%.stdout --stderr=/home/mmercier/expe-batsim/replay_workload/results_2016-02-16--12-59-03/OAR%jobid%.stderr  -l \nodes=4,walltime=0:01:11 "mpirun --mca btl self,sm,tcp -hostfile ${HOSTDIR}/hostfile-4 --path $PATH ft.B.4"
[ADMISSION RULE] Modify resource description with type constraints
OAR_JOB_ID=725
export PATH=$PATH:/home/mmercier/expe-batsim/workload_generation/NPB_bin/; export HOSTDIR=/home/mmercier/expe-batsim/replay_workload/results_2016-02-16--12-59-03;oarsub --stdout=/home/mmercier/expe-batsim/replay_workload/results_2016-02-16--12-59-03/OAR%jobid%.stdout --stderr=/home/mmercier/expe-batsim/replay_workload/results_2016-02-16--12-59-03/OAR%jobid%.stderr  -l \nodes=4,walltime=0:01:00 "mpirun --mca btl self,sm,tcp -hostfile ${HOSTDIR}/hostfile-4 --path $PATH is.C.4"
[ADMISSION RULE] Modify resource description with type constraints
OAR_JOB_ID=726
export PATH=$PATH:/home/mmercier/expe-batsim/workload_generation/NPB_bin/; export HOSTDIR=/home/mmercier/expe-batsim/replay_workload/results_2016-02-16--12-59-03;oarsub --stdout=/home/mmercier/expe-batsim/replay_workload/results_2016-02-16--12-59-03/OAR%jobid%.stdout --stderr=/home/mmercier/expe-batsim/replay_workload/results_2016-02-16--12-59-03/OAR%jobid%.stderr  -l \nodes=1,walltime=0:02:57 "mpirun --mca btl self,sm,tcp -hostfile ${HOSTDIR}/hostfile-1 --path $PATH ft.B.1"
[ADMISSION RULE] Modify resource description with type constraints
OAR_JOB_ID=727
export PATH=$PATH:/home/mmercier/expe-batsim/workload_generation/NPB_bin/; export HOSTDIR=/home/mmercier/expe-batsim/replay_workload/results_2016-02-16--12-59-03;oarsub --stdout=/home/mmercier/expe-batsim/replay_workload/results_2016-02-16--12-59-03/OAR%jobid%.stdout --stderr=/home/mmercier/expe-batsim/replay_workload/results_2016-02-16--12-59-03/OAR%jobid%.stderr  -l \nodes=2,walltime=0:02:04 "mpirun --mca btl self,sm,tcp -hostfile ${HOSTDIR}/hostfile-2 --path $PATH ft.B.2"
[ADMISSION RULE] Modify resource description with type constraints
OAR_JOB_ID=728
export PATH=$PATH:/home/mmercier/expe-batsim/workload_generation/NPB_bin/; export HOSTDIR=/home/mmercier/expe-batsim/replay_workload/results_2016-02-16--12-59-03;oarsub --stdout=/home/mmercier/expe-batsim/replay_workload/results_2016-02-16--12-59-03/OAR%jobid%.stdout --stderr=/home/mmercier/expe-batsim/replay_workload/results_2016-02-16--12-59-03/OAR%jobid%.stderr  -l \nodes=4,walltime=0:01:00 "mpirun --mca btl self,sm,tcp -hostfile ${HOSTDIR}/hostfile-4 --path $PATH is.C.4"
[ADMISSION RULE] Modify resource description with type constraints
OAR_JOB_ID=729
export PATH=$PATH:/home/mmercier/expe-batsim/workload_generation/NPB_bin/; export HOSTDIR=/home/mmercier/expe-batsim/replay_workload/results_2016-02-16--12-59-03;oarsub --stdout=/home/mmercier/expe-batsim/replay_workload/results_2016-02-16--12-59-03/OAR%jobid%.stdout --stderr=/home/mmercier/expe-batsim/replay_workload/results_2016-02-16--12-59-03/OAR%jobid%.stderr  -l \nodes=2,walltime=0:04:41 "mpirun --mca btl self,sm,tcp -hostfile ${HOSTDIR}/hostfile-2 --path $PATH lu.B.2"
[ADMISSION RULE] Modify resource description with type constraints
OAR_JOB_ID=730
export PATH=$PATH:/home/mmercier/expe-batsim/workload_generation/NPB_bin/; export HOSTDIR=/home/mmercier/expe-batsim/replay_workload/results_2016-02-16--12-59-03;oarsub --stdout=/home/mmercier/expe-batsim/replay_workload/results_2016-02-16--12-59-03/OAR%jobid%.stdout --stderr=/home/mmercier/expe-batsim/replay_workload/results_2016-02-16--12-59-03/OAR%jobid%.stderr  -l \nodes=2,walltime=0:04:41 "mpirun --mca btl self,sm,tcp -hostfile ${HOSTDIR}/hostfile-2 --path $PATH lu.B.2"
[ADMISSION RULE] Modify resource description with type constraints
OAR_JOB_ID=731
export PATH=$PATH:/home/mmercier/expe-batsim/workload_generation/NPB_bin/; export HOSTDIR=/home/mmercier/expe-batsim/replay_workload/results_2016-02-16--12-59-03;oarsub --stdout=/home/mmercier/expe-batsim/replay_workload/results_2016-02-16--12-59-03/OAR%jobid%.stdout --stderr=/home/mmercier/expe-batsim/replay_workload/results_2016-02-16--12-59-03/OAR%jobid%.stderr  -l \nodes=1,walltime=0:09:19 "mpirun --mca btl self,sm,tcp -hostfile ${HOSTDIR}/hostfile-1 --path $PATH lu.B.1"
[ADMISSION RULE] Modify resource description with type constraints
OAR_JOB_ID=732
export PATH=$PATH:/home/mmercier/expe-batsim/workload_generation/NPB_bin/; export HOSTDIR=/home/mmercier/expe-batsim/replay_workload/results_2016-02-16--12-59-03;oarsub --stdout=/home/mmercier/expe-batsim/replay_workload/results_2016-02-16--12-59-03/OAR%jobid%.stdout --stderr=/home/mmercier/expe-batsim/replay_workload/results_2016-02-16--12-59-03/OAR%jobid%.stderr  -l \nodes=1,walltime=0:02:57 "mpirun --mca btl self,sm,tcp -hostfile ${HOSTDIR}/hostfile-1 --path $PATH ft.B.1"
[ADMISSION RULE] Modify resource description with type constraints
OAR_JOB_ID=733
export PATH=$PATH:/home/mmercier/expe-batsim/workload_generation/NPB_bin/; export HOSTDIR=/home/mmercier/expe-batsim/replay_workload/results_2016-02-16--12-59-03;oarsub --stdout=/home/mmercier/expe-batsim/replay_workload/results_2016-02-16--12-59-03/OAR%jobid%.stdout --stderr=/home/mmercier/expe-batsim/replay_workload/results_2016-02-16--12-59-03/OAR%jobid%.stderr  -l \nodes=1,walltime=0:09:19 "mpirun --mca btl self,sm,tcp -hostfile ${HOSTDIR}/hostfile-1 --path $PATH lu.B.1"
[ADMISSION RULE] Modify resource description with type constraints
OAR_JOB_ID=734
export PATH=$PATH:/home/mmercier/expe-batsim/workload_generation/NPB_bin/; export HOSTDIR=/home/mmercier/expe-batsim/replay_workload/results_2016-02-16--12-59-03;oarsub --stdout=/home/mmercier/expe-batsim/replay_workload/results_2016-02-16--12-59-03/OAR%jobid%.stdout --stderr=/home/mmercier/expe-batsim/replay_workload/results_2016-02-16--12-59-03/OAR%jobid%.stderr  -l \nodes=4,walltime=0:01:11 "mpirun --mca btl self,sm,tcp -hostfile ${HOSTDIR}/hostfile-4 --path $PATH ft.B.4"
[ADMISSION RULE] Modify resource description with type constraints
OAR_JOB_ID=735
export PATH=$PATH:/home/mmercier/expe-batsim/workload_generation/NPB_bin/; export HOSTDIR=/home/mmercier/expe-batsim/replay_workload/results_2016-02-16--12-59-03;oarsub --stdout=/home/mmercier/expe-batsim/replay_workload/results_2016-02-16--12-59-03/OAR%jobid%.stdout --stderr=/home/mmercier/expe-batsim/replay_workload/results_2016-02-16--12-59-03/OAR%jobid%.stderr  -l \nodes=2,walltime=0:04:41 "mpirun --mca btl self,sm,tcp -hostfile ${HOSTDIR}/hostfile-2 --path $PATH lu.B.2"
[ADMISSION RULE] Modify resource description with type constraints
OAR_JOB_ID=736
export PATH=$PATH:/home/mmercier/expe-batsim/workload_generation/NPB_bin/; export HOSTDIR=/home/mmercier/expe-batsim/replay_workload/results_2016-02-16--12-59-03;oarsub --stdout=/home/mmercier/expe-batsim/replay_workload/results_2016-02-16--12-59-03/OAR%jobid%.stdout --stderr=/home/mmercier/expe-batsim/replay_workload/results_2016-02-16--12-59-03/OAR%jobid%.stderr  -l \nodes=2,walltime=0:04:41 "mpirun --mca btl self,sm,tcp -hostfile ${HOSTDIR}/hostfile-2 --path $PATH lu.B.2"
[ADMISSION RULE] Modify resource description with type constraints
OAR_JOB_ID=737
export PATH=$PATH:/home/mmercier/expe-batsim/workload_generation/NPB_bin/; export HOSTDIR=/home/mmercier/expe-batsim/replay_workload/results_2016-02-16--12-59-03;oarsub --stdout=/home/mmercier/expe-batsim/replay_workload/results_2016-02-16--12-59-03/OAR%jobid%.stdout --stderr=/home/mmercier/expe-batsim/replay_workload/results_2016-02-16--12-59-03/OAR%jobid%.stderr  -l \nodes=1,walltime=0:12:52 "mpirun --mca btl self,sm,tcp -hostfile ${HOSTDIR}/hostfile-1 --path $PATH ft.C.1"
[ADMISSION RULE] Modify resource description with type constraints
OAR_JOB_ID=738
export PATH=$PATH:/home/mmercier/expe-batsim/workload_generation/NPB_bin/; export HOSTDIR=/home/mmercier/expe-batsim/replay_workload/results_2016-02-16--12-59-03;oarsub --stdout=/home/mmercier/expe-batsim/replay_workload/results_2016-02-16--12-59-03/OAR%jobid%.stdout --stderr=/home/mmercier/expe-batsim/replay_workload/results_2016-02-16--12-59-03/OAR%jobid%.stderr  -l \nodes=2,walltime=0:01:00 "mpirun --mca btl self,sm,tcp -hostfile ${HOSTDIR}/hostfile-2 --path $PATH is.B.2"
[ADMISSION RULE] Modify resource description with type constraints
OAR_JOB_ID=739
export PATH=$PATH:/home/mmercier/expe-batsim/workload_generation/NPB_bin/; export HOSTDIR=/home/mmercier/expe-batsim/replay_workload/results_2016-02-16--12-59-03;oarsub --stdout=/home/mmercier/expe-batsim/replay_workload/results_2016-02-16--12-59-03/OAR%jobid%.stdout --stderr=/home/mmercier/expe-batsim/replay_workload/results_2016-02-16--12-59-03/OAR%jobid%.stderr  -l \nodes=2,walltime=0:01:00 "mpirun --mca btl self,sm,tcp -hostfile ${HOSTDIR}/hostfile-2 --path $PATH is.C.2"
[ADMISSION RULE] Modify resource description with type constraints
OAR_JOB_ID=740
export PATH=$PATH:/home/mmercier/expe-batsim/workload_generation/NPB_bin/; export HOSTDIR=/home/mmercier/expe-batsim/replay_workload/results_2016-02-16--12-59-03;oarsub --stdout=/home/mmercier/expe-batsim/replay_workload/results_2016-02-16--12-59-03/OAR%jobid%.stdout --stderr=/home/mmercier/expe-batsim/replay_workload/results_2016-02-16--12-59-03/OAR%jobid%.stderr  -l \nodes=2,walltime=0:04:41 "mpirun --mca btl self,sm,tcp -hostfile ${HOSTDIR}/hostfile-2 --path $PATH lu.B.2"
[ADMISSION RULE] Modify resource description with type constraints
OAR_JOB_ID=741
export PATH=$PATH:/home/mmercier/expe-batsim/workload_generation/NPB_bin/; export HOSTDIR=/home/mmercier/expe-batsim/replay_workload/results_2016-02-16--12-59-03;oarsub --stdout=/home/mmercier/expe-batsim/replay_workload/results_2016-02-16--12-59-03/OAR%jobid%.stdout --stderr=/home/mmercier/expe-batsim/replay_workload/results_2016-02-16--12-59-03/OAR%jobid%.stderr  -l \nodes=2,walltime=0:08:51 "mpirun --mca btl self,sm,tcp -hostfile ${HOSTDIR}/hostfile-2 --path $PATH ft.C.2"
[ADMISSION RULE] Modify resource description with type constraints
OAR_JOB_ID=742
export PATH=$PATH:/home/mmercier/expe-batsim/workload_generation/NPB_bin/; export HOSTDIR=/home/mmercier/expe-batsim/replay_workload/results_2016-02-16--12-59-03;oarsub --stdout=/home/mmercier/expe-batsim/replay_workload/results_2016-02-16--12-59-03/OAR%jobid%.stdout --stderr=/home/mmercier/expe-batsim/replay_workload/results_2016-02-16--12-59-03/OAR%jobid%.stderr  -l \nodes=2,walltime=0:01:00 "mpirun --mca btl self,sm,tcp -hostfile ${HOSTDIR}/hostfile-2 --path $PATH is.C.2"
[ADMISSION RULE] Modify resource description with type constraints
OAR_JOB_ID=743
export PATH=$PATH:/home/mmercier/expe-batsim/workload_generation/NPB_bin/; export HOSTDIR=/home/mmercier/expe-batsim/replay_workload/results_2016-02-16--12-59-03;oarsub --stdout=/home/mmercier/expe-batsim/replay_workload/results_2016-02-16--12-59-03/OAR%jobid%.stdout --stderr=/home/mmercier/expe-batsim/replay_workload/results_2016-02-16--12-59-03/OAR%jobid%.stderr  -l \nodes=2,walltime=0:08:51 "mpirun --mca btl self,sm,tcp -hostfile ${HOSTDIR}/hostfile-2 --path $PATH ft.C.2"
[ADMISSION RULE] Modify resource description with type constraints
OAR_JOB_ID=744
export PATH=$PATH:/home/mmercier/expe-batsim/workload_generation/NPB_bin/; export HOSTDIR=/home/mmercier/expe-batsim/replay_workload/results_2016-02-16--12-59-03;oarsub --stdout=/home/mmercier/expe-batsim/replay_workload/results_2016-02-16--12-59-03/OAR%jobid%.stdout --stderr=/home/mmercier/expe-batsim/replay_workload/results_2016-02-16--12-59-03/OAR%jobid%.stderr  -l \nodes=8,walltime=0:05:58 "mpirun --mca btl self,sm,tcp -hostfile ${HOSTDIR}/hostfile-8 --path $PATH lu.C.8"
[ADMISSION RULE] Modify resource description with type constraints
OAR_JOB_ID=745
export PATH=$PATH:/home/mmercier/expe-batsim/workload_generation/NPB_bin/; export HOSTDIR=/home/mmercier/expe-batsim/replay_workload/results_2016-02-16--12-59-03;oarsub --stdout=/home/mmercier/expe-batsim/replay_workload/results_2016-02-16--12-59-03/OAR%jobid%.stdout --stderr=/home/mmercier/expe-batsim/replay_workload/results_2016-02-16--12-59-03/OAR%jobid%.stderr  -l \nodes=2,walltime=0:08:51 "mpirun --mca btl self,sm,tcp -hostfile ${HOSTDIR}/hostfile-2 --path $PATH ft.C.2"
[ADMISSION RULE] Modify resource description with type constraints
OAR_JOB_ID=746
export PATH=$PATH:/home/mmercier/expe-batsim/workload_generation/NPB_bin/; export HOSTDIR=/home/mmercier/expe-batsim/replay_workload/results_2016-02-16--12-59-03;oarsub --stdout=/home/mmercier/expe-batsim/replay_workload/results_2016-02-16--12-59-03/OAR%jobid%.stdout --stderr=/home/mmercier/expe-batsim/replay_workload/results_2016-02-16--12-59-03/OAR%jobid%.stderr  -l \nodes=4,walltime=0:02:55 "mpirun --mca btl self,sm,tcp -hostfile ${HOSTDIR}/hostfile-4 --path $PATH lu.B.4"
[ADMISSION RULE] Modify resource description with type constraints
OAR_JOB_ID=747
export PATH=$PATH:/home/mmercier/expe-batsim/workload_generation/NPB_bin/; export HOSTDIR=/home/mmercier/expe-batsim/replay_workload/results_2016-02-16--12-59-03;oarsub --stdout=/home/mmercier/expe-batsim/replay_workload/results_2016-02-16--12-59-03/OAR%jobid%.stdout --stderr=/home/mmercier/expe-batsim/replay_workload/results_2016-02-16--12-59-03/OAR%jobid%.stderr  -l \nodes=4,walltime=0:09:41 "mpirun --mca btl self,sm,tcp -hostfile ${HOSTDIR}/hostfile-4 --path $PATH lu.C.4"
[ADMISSION RULE] Modify resource description with type constraints
OAR_JOB_ID=748
export PATH=$PATH:/home/mmercier/expe-batsim/workload_generation/NPB_bin/; export HOSTDIR=/home/mmercier/expe-batsim/replay_workload/results_2016-02-16--12-59-03;oarsub --stdout=/home/mmercier/expe-batsim/replay_workload/results_2016-02-16--12-59-03/OAR%jobid%.stdout --stderr=/home/mmercier/expe-batsim/replay_workload/results_2016-02-16--12-59-03/OAR%jobid%.stderr  -l \nodes=2,walltime=0:19:47 "mpirun --mca btl self,sm,tcp -hostfile ${HOSTDIR}/hostfile-2 --path $PATH lu.C.2"
[ADMISSION RULE] Modify resource description with type constraints
OAR_JOB_ID=749
export PATH=$PATH:/home/mmercier/expe-batsim/workload_generation/NPB_bin/; export HOSTDIR=/home/mmercier/expe-batsim/replay_workload/results_2016-02-16--12-59-03;oarsub --stdout=/home/mmercier/expe-batsim/replay_workload/results_2016-02-16--12-59-03/OAR%jobid%.stdout --stderr=/home/mmercier/expe-batsim/replay_workload/results_2016-02-16--12-59-03/OAR%jobid%.stderr  -l \nodes=32,walltime=0:01:00 "mpirun --mca btl self,sm,tcp -hostfile ${HOSTDIR}/hostfile-32 --path $PATH lu.B.32"
[ADMISSION RULE] Modify resource description with type constraints
OAR_JOB_ID=750
export PATH=$PATH:/home/mmercier/expe-batsim/workload_generation/NPB_bin/; export HOSTDIR=/home/mmercier/expe-batsim/replay_workload/results_2016-02-16--12-59-03;oarsub --stdout=/home/mmercier/expe-batsim/replay_workload/results_2016-02-16--12-59-03/OAR%jobid%.stdout --stderr=/home/mmercier/expe-batsim/replay_workload/results_2016-02-16--12-59-03/OAR%jobid%.stderr  -l \nodes=8,walltime=0:05:58 "mpirun --mca btl self,sm,tcp -hostfile ${HOSTDIR}/hostfile-8 --path $PATH lu.C.8"
[ADMISSION RULE] Modify resource description with type constraints
OAR_JOB_ID=751
export PATH=$PATH:/home/mmercier/expe-batsim/workload_generation/NPB_bin/; export HOSTDIR=/home/mmercier/expe-batsim/replay_workload/results_2016-02-16--12-59-03;oarsub --stdout=/home/mmercier/expe-batsim/replay_workload/results_2016-02-16--12-59-03/OAR%jobid%.stdout --stderr=/home/mmercier/expe-batsim/replay_workload/results_2016-02-16--12-59-03/OAR%jobid%.stderr  -l \nodes=4,walltime=0:05:03 "mpirun --mca btl self,sm,tcp -hostfile ${HOSTDIR}/hostfile-4 --path $PATH ft.C.4"
[ADMISSION RULE] Modify resource description with type constraints
OAR_JOB_ID=752
export PATH=$PATH:/home/mmercier/expe-batsim/workload_generation/NPB_bin/; export HOSTDIR=/home/mmercier/expe-batsim/replay_workload/results_2016-02-16--12-59-03;oarsub --stdout=/home/mmercier/expe-batsim/replay_workload/results_2016-02-16--12-59-03/OAR%jobid%.stdout --stderr=/home/mmercier/expe-batsim/replay_workload/results_2016-02-16--12-59-03/OAR%jobid%.stderr  -l \nodes=1,walltime=0:39:13 "mpirun --mca btl self,sm,tcp -hostfile ${HOSTDIR}/hostfile-1 --path $PATH lu.C.1"
[ADMISSION RULE] Modify resource description with type constraints
OAR_JOB_ID=753
export PATH=$PATH:/home/mmercier/expe-batsim/workload_generation/NPB_bin/; export HOSTDIR=/home/mmercier/expe-batsim/replay_workload/results_2016-02-16--12-59-03;oarsub --stdout=/home/mmercier/expe-batsim/replay_workload/results_2016-02-16--12-59-03/OAR%jobid%.stdout --stderr=/home/mmercier/expe-batsim/replay_workload/results_2016-02-16--12-59-03/OAR%jobid%.stderr  -l \nodes=4,walltime=0:01:11 "mpirun --mca btl self,sm,tcp -hostfile ${HOSTDIR}/hostfile-4 --path $PATH ft.B.4"
[ADMISSION RULE] Modify resource description with type constraints
OAR_JOB_ID=754
export PATH=$PATH:/home/mmercier/expe-batsim/workload_generation/NPB_bin/; export HOSTDIR=/home/mmercier/expe-batsim/replay_workload/results_2016-02-16--12-59-03;oarsub --stdout=/home/mmercier/expe-batsim/replay_workload/results_2016-02-16--12-59-03/OAR%jobid%.stdout --stderr=/home/mmercier/expe-batsim/replay_workload/results_2016-02-16--12-59-03/OAR%jobid%.stderr  -l \nodes=4,walltime=0:01:11 "mpirun --mca btl self,sm,tcp -hostfile ${HOSTDIR}/hostfile-4 --path $PATH ft.B.4"
[ADMISSION RULE] Modify resource description with type constraints
OAR_JOB_ID=755
export PATH=$PATH:/home/mmercier/expe-batsim/workload_generation/NPB_bin/; export HOSTDIR=/home/mmercier/expe-batsim/replay_workload/results_2016-02-16--12-59-03;oarsub --stdout=/home/mmercier/expe-batsim/replay_workload/results_2016-02-16--12-59-03/OAR%jobid%.stdout --stderr=/home/mmercier/expe-batsim/replay_workload/results_2016-02-16--12-59-03/OAR%jobid%.stderr  -l \nodes=2,walltime=0:19:47 "mpirun --mca btl self,sm,tcp -hostfile ${HOSTDIR}/hostfile-2 --path $PATH lu.C.2"
[ADMISSION RULE] Modify resource description with type constraints
OAR_JOB_ID=756
export PATH=$PATH:/home/mmercier/expe-batsim/workload_generation/NPB_bin/; export HOSTDIR=/home/mmercier/expe-batsim/replay_workload/results_2016-02-16--12-59-03;oarsub --stdout=/home/mmercier/expe-batsim/replay_workload/results_2016-02-16--12-59-03/OAR%jobid%.stdout --stderr=/home/mmercier/expe-batsim/replay_workload/results_2016-02-16--12-59-03/OAR%jobid%.stderr  -l \nodes=1,walltime=0:01:00 "mpirun --mca btl self,sm,tcp -hostfile ${HOSTDIR}/hostfile-1 --path $PATH is.B.1"
[ADMISSION RULE] Modify resource description with type constraints
OAR_JOB_ID=757
export PATH=$PATH:/home/mmercier/expe-batsim/workload_generation/NPB_bin/; export HOSTDIR=/home/mmercier/expe-batsim/replay_workload/results_2016-02-16--12-59-03;oarsub --stdout=/home/mmercier/expe-batsim/replay_workload/results_2016-02-16--12-59-03/OAR%jobid%.stdout --stderr=/home/mmercier/expe-batsim/replay_workload/results_2016-02-16--12-59-03/OAR%jobid%.stderr  -l \nodes=4,walltime=0:05:03 "mpirun --mca btl self,sm,tcp -hostfile ${HOSTDIR}/hostfile-4 --path $PATH ft.C.4"
[ADMISSION RULE] Modify resource description with type constraints
OAR_JOB_ID=758
export PATH=$PATH:/home/mmercier/expe-batsim/workload_generation/NPB_bin/; export HOSTDIR=/home/mmercier/expe-batsim/replay_workload/results_2016-02-16--12-59-03;oarsub --stdout=/home/mmercier/expe-batsim/replay_workload/results_2016-02-16--12-59-03/OAR%jobid%.stdout --stderr=/home/mmercier/expe-batsim/replay_workload/results_2016-02-16--12-59-03/OAR%jobid%.stderr  -l \nodes=1,walltime=0:01:00 "mpirun --mca btl self,sm,tcp -hostfile ${HOSTDIR}/hostfile-1 --path $PATH is.B.1"
[ADMISSION RULE] Modify resource description with type constraints
OAR_JOB_ID=759
export PATH=$PATH:/home/mmercier/expe-batsim/workload_generation/NPB_bin/; export HOSTDIR=/home/mmercier/expe-batsim/replay_workload/results_2016-02-16--12-59-03;oarsub --stdout=/home/mmercier/expe-batsim/replay_workload/results_2016-02-16--12-59-03/OAR%jobid%.stdout --stderr=/home/mmercier/expe-batsim/replay_workload/results_2016-02-16--12-59-03/OAR%jobid%.stderr  -l \nodes=2,walltime=0:01:00 "mpirun --mca btl self,sm,tcp -hostfile ${HOSTDIR}/hostfile-2 --path $PATH is.B.2"
[ADMISSION RULE] Modify resource description with type constraints
OAR_JOB_ID=760
export PATH=$PATH:/home/mmercier/expe-batsim/workload_generation/NPB_bin/; export HOSTDIR=/home/mmercier/expe-batsim/replay_workload/results_2016-02-16--12-59-03;oarsub --stdout=/home/mmercier/expe-batsim/replay_workload/results_2016-02-16--12-59-03/OAR%jobid%.stdout --stderr=/home/mmercier/expe-batsim/replay_workload/results_2016-02-16--12-59-03/OAR%jobid%.stderr  -l \nodes=2,walltime=0:01:00 "mpirun --mca btl self,sm,tcp -hostfile ${HOSTDIR}/hostfile-2 --path $PATH is.C.2"
[ADMISSION RULE] Modify resource description with type constraints
OAR_JOB_ID=761
export PATH=$PATH:/home/mmercier/expe-batsim/workload_generation/NPB_bin/; export HOSTDIR=/home/mmercier/expe-batsim/replay_workload/results_2016-02-16--12-59-03;oarsub --stdout=/home/mmercier/expe-batsim/replay_workload/results_2016-02-16--12-59-03/OAR%jobid%.stdout --stderr=/home/mmercier/expe-batsim/replay_workload/results_2016-02-16--12-59-03/OAR%jobid%.stderr  -l \nodes=8,walltime=1:13:01 "mpirun --mca btl self,sm,tcp -hostfile ${HOSTDIR}/hostfile-8 --path $PATH ft.D.8"
[ADMISSION RULE] Modify resource description with type constraints
OAR_JOB_ID=762
export PATH=$PATH:/home/mmercier/expe-batsim/workload_generation/NPB_bin/; export HOSTDIR=/home/mmercier/expe-batsim/replay_workload/results_2016-02-16--12-59-03;oarsub --stdout=/home/mmercier/expe-batsim/replay_workload/results_2016-02-16--12-59-03/OAR%jobid%.stdout --stderr=/home/mmercier/expe-batsim/replay_workload/results_2016-02-16--12-59-03/OAR%jobid%.stderr  -l \nodes=2,walltime=0:04:41 "mpirun --mca btl self,sm,tcp -hostfile ${HOSTDIR}/hostfile-2 --path $PATH lu.B.2"
[ADMISSION RULE] Modify resource description with type constraints
OAR_JOB_ID=763
export PATH=$PATH:/home/mmercier/expe-batsim/workload_generation/NPB_bin/; export HOSTDIR=/home/mmercier/expe-batsim/replay_workload/results_2016-02-16--12-59-03;oarsub --stdout=/home/mmercier/expe-batsim/replay_workload/results_2016-02-16--12-59-03/OAR%jobid%.stdout --stderr=/home/mmercier/expe-batsim/replay_workload/results_2016-02-16--12-59-03/OAR%jobid%.stderr  -l \nodes=2,walltime=0:19:47 "mpirun --mca btl self,sm,tcp -hostfile ${HOSTDIR}/hostfile-2 --path $PATH lu.C.2"
[ADMISSION RULE] Modify resource description with type constraints
OAR_JOB_ID=764
export PATH=$PATH:/home/mmercier/expe-batsim/workload_generation/NPB_bin/; export HOSTDIR=/home/mmercier/expe-batsim/replay_workload/results_2016-02-16--12-59-03;oarsub --stdout=/home/mmercier/expe-batsim/replay_workload/results_2016-02-16--12-59-03/OAR%jobid%.stdout --stderr=/home/mmercier/expe-batsim/replay_workload/results_2016-02-16--12-59-03/OAR%jobid%.stderr  -l \nodes=4,walltime=0:05:03 "mpirun --mca btl self,sm,tcp -hostfile ${HOSTDIR}/hostfile-4 --path $PATH ft.C.4"
[ADMISSION RULE] Modify resource description with type constraints
OAR_JOB_ID=765
export PATH=$PATH:/home/mmercier/expe-batsim/workload_generation/NPB_bin/; export HOSTDIR=/home/mmercier/expe-batsim/replay_workload/results_2016-02-16--12-59-03;oarsub --stdout=/home/mmercier/expe-batsim/replay_workload/results_2016-02-16--12-59-03/OAR%jobid%.stdout --stderr=/home/mmercier/expe-batsim/replay_workload/results_2016-02-16--12-59-03/OAR%jobid%.stderr  -l \nodes=2,walltime=0:04:41 "mpirun --mca btl self,sm,tcp -hostfile ${HOSTDIR}/hostfile-2 --path $PATH lu.B.2"
[ADMISSION RULE] Modify resource description with type constraints
OAR_JOB_ID=766
export PATH=$PATH:/home/mmercier/expe-batsim/workload_generation/NPB_bin/; export HOSTDIR=/home/mmercier/expe-batsim/replay_workload/results_2016-02-16--12-59-03;oarsub --stdout=/home/mmercier/expe-batsim/replay_workload/results_2016-02-16--12-59-03/OAR%jobid%.stdout --stderr=/home/mmercier/expe-batsim/replay_workload/results_2016-02-16--12-59-03/OAR%jobid%.stderr  -l \nodes=4,walltime=0:02:55 "mpirun --mca btl self,sm,tcp -hostfile ${HOSTDIR}/hostfile-4 --path $PATH lu.B.4"
[ADMISSION RULE] Modify resource description with type constraints
OAR_JOB_ID=767
export PATH=$PATH:/home/mmercier/expe-batsim/workload_generation/NPB_bin/; export HOSTDIR=/home/mmercier/expe-batsim/replay_workload/results_2016-02-16--12-59-03;oarsub --stdout=/home/mmercier/expe-batsim/replay_workload/results_2016-02-16--12-59-03/OAR%jobid%.stdout --stderr=/home/mmercier/expe-batsim/replay_workload/results_2016-02-16--12-59-03/OAR%jobid%.stderr  -l \nodes=1,walltime=0:09:19 "mpirun --mca btl self,sm,tcp -hostfile ${HOSTDIR}/hostfile-1 --path $PATH lu.B.1"
[ADMISSION RULE] Modify resource description with type constraints
OAR_JOB_ID=768
export PATH=$PATH:/home/mmercier/expe-batsim/workload_generation/NPB_bin/; export HOSTDIR=/home/mmercier/expe-batsim/replay_workload/results_2016-02-16--12-59-03;oarsub --stdout=/home/mmercier/expe-batsim/replay_workload/results_2016-02-16--12-59-03/OAR%jobid%.stdout --stderr=/home/mmercier/expe-batsim/replay_workload/results_2016-02-16--12-59-03/OAR%jobid%.stderr  -l \nodes=1,walltime=0:02:57 "mpirun --mca btl self,sm,tcp -hostfile ${HOSTDIR}/hostfile-1 --path $PATH ft.B.1"
[ADMISSION RULE] Modify resource description with type constraints
OAR_JOB_ID=769
export PATH=$PATH:/home/mmercier/expe-batsim/workload_generation/NPB_bin/; export HOSTDIR=/home/mmercier/expe-batsim/replay_workload/results_2016-02-16--12-59-03;oarsub --stdout=/home/mmercier/expe-batsim/replay_workload/results_2016-02-16--12-59-03/OAR%jobid%.stdout --stderr=/home/mmercier/expe-batsim/replay_workload/results_2016-02-16--12-59-03/OAR%jobid%.stderr  -l \nodes=1,walltime=0:39:13 "mpirun --mca btl self,sm,tcp -hostfile ${HOSTDIR}/hostfile-1 --path $PATH lu.C.1"
[ADMISSION RULE] Modify resource description with type constraints
OAR_JOB_ID=770
export PATH=$PATH:/home/mmercier/expe-batsim/workload_generation/NPB_bin/; export HOSTDIR=/home/mmercier/expe-batsim/replay_workload/results_2016-02-16--12-59-03;oarsub --stdout=/home/mmercier/expe-batsim/replay_workload/results_2016-02-16--12-59-03/OAR%jobid%.stdout --stderr=/home/mmercier/expe-batsim/replay_workload/results_2016-02-16--12-59-03/OAR%jobid%.stderr  -l \nodes=2,walltime=0:01:00 "mpirun --mca btl self,sm,tcp -hostfile ${HOSTDIR}/hostfile-2 --path $PATH is.C.2"
[ADMISSION RULE] Modify resource description with type constraints
OAR_JOB_ID=771
export PATH=$PATH:/home/mmercier/expe-batsim/workload_generation/NPB_bin/; export HOSTDIR=/home/mmercier/expe-batsim/replay_workload/results_2016-02-16--12-59-03;oarsub --stdout=/home/mmercier/expe-batsim/replay_workload/results_2016-02-16--12-59-03/OAR%jobid%.stdout --stderr=/home/mmercier/expe-batsim/replay_workload/results_2016-02-16--12-59-03/OAR%jobid%.stderr  -l \nodes=1,walltime=0:09:19 "mpirun --mca btl self,sm,tcp -hostfile ${HOSTDIR}/hostfile-1 --path $PATH lu.B.1"
[ADMISSION RULE] Modify resource description with type constraints
OAR_JOB_ID=772
export PATH=$PATH:/home/mmercier/expe-batsim/workload_generation/NPB_bin/; export HOSTDIR=/home/mmercier/expe-batsim/replay_workload/results_2016-02-16--12-59-03;oarsub --stdout=/home/mmercier/expe-batsim/replay_workload/results_2016-02-16--12-59-03/OAR%jobid%.stdout --stderr=/home/mmercier/expe-batsim/replay_workload/results_2016-02-16--12-59-03/OAR%jobid%.stderr  -l \nodes=1,walltime=0:39:13 "mpirun --mca btl self,sm,tcp -hostfile ${HOSTDIR}/hostfile-1 --path $PATH lu.C.1"
[ADMISSION RULE] Modify resource description with type constraints
OAR_JOB_ID=773
export PATH=$PATH:/home/mmercier/expe-batsim/workload_generation/NPB_bin/; export HOSTDIR=/home/mmercier/expe-batsim/replay_workload/results_2016-02-16--12-59-03;oarsub --stdout=/home/mmercier/expe-batsim/replay_workload/results_2016-02-16--12-59-03/OAR%jobid%.stdout --stderr=/home/mmercier/expe-batsim/replay_workload/results_2016-02-16--12-59-03/OAR%jobid%.stderr  -l \nodes=2,walltime=0:02:04 "mpirun --mca btl self,sm,tcp -hostfile ${HOSTDIR}/hostfile-2 --path $PATH ft.B.2"
[ADMISSION RULE] Modify resource description with type constraints
OAR_JOB_ID=774
export PATH=$PATH:/home/mmercier/expe-batsim/workload_generation/NPB_bin/; export HOSTDIR=/home/mmercier/expe-batsim/replay_workload/results_2016-02-16--12-59-03;oarsub --stdout=/home/mmercier/expe-batsim/replay_workload/results_2016-02-16--12-59-03/OAR%jobid%.stdout --stderr=/home/mmercier/expe-batsim/replay_workload/results_2016-02-16--12-59-03/OAR%jobid%.stderr  -l \nodes=2,walltime=0:02:04 "mpirun --mca btl self,sm,tcp -hostfile ${HOSTDIR}/hostfile-2 --path $PATH ft.B.2"
[ADMISSION RULE] Modify resource description with type constraints
OAR_JOB_ID=775
export PATH=$PATH:/home/mmercier/expe-batsim/workload_generation/NPB_bin/; export HOSTDIR=/home/mmercier/expe-batsim/replay_workload/results_2016-02-16--12-59-03;oarsub --stdout=/home/mmercier/expe-batsim/replay_workload/results_2016-02-16--12-59-03/OAR%jobid%.stdout --stderr=/home/mmercier/expe-batsim/replay_workload/results_2016-02-16--12-59-03/OAR%jobid%.stderr  -l \nodes=4,walltime=0:09:41 "mpirun --mca btl self,sm,tcp -hostfile ${HOSTDIR}/hostfile-4 --path $PATH lu.C.4"
[ADMISSION RULE] Modify resource description with type constraints
OAR_JOB_ID=776
export PATH=$PATH:/home/mmercier/expe-batsim/workload_generation/NPB_bin/; export HOSTDIR=/home/mmercier/expe-batsim/replay_workload/results_2016-02-16--12-59-03;oarsub --stdout=/home/mmercier/expe-batsim/replay_workload/results_2016-02-16--12-59-03/OAR%jobid%.stdout --stderr=/home/mmercier/expe-batsim/replay_workload/results_2016-02-16--12-59-03/OAR%jobid%.stderr  -l \nodes=4,walltime=0:05:03 "mpirun --mca btl self,sm,tcp -hostfile ${HOSTDIR}/hostfile-4 --path $PATH ft.C.4"
[ADMISSION RULE] Modify resource description with type constraints
OAR_JOB_ID=777
export PATH=$PATH:/home/mmercier/expe-batsim/workload_generation/NPB_bin/; export HOSTDIR=/home/mmercier/expe-batsim/replay_workload/results_2016-02-16--12-59-03;oarsub --stdout=/home/mmercier/expe-batsim/replay_workload/results_2016-02-16--12-59-03/OAR%jobid%.stdout --stderr=/home/mmercier/expe-batsim/replay_workload/results_2016-02-16--12-59-03/OAR%jobid%.stderr  -l \nodes=2,walltime=0:08:51 "mpirun --mca btl self,sm,tcp -hostfile ${HOSTDIR}/hostfile-2 --path $PATH ft.C.2"
[ADMISSION RULE] Modify resource description with type constraints
OAR_JOB_ID=778
export PATH=$PATH:/home/mmercier/expe-batsim/workload_generation/NPB_bin/; export HOSTDIR=/home/mmercier/expe-batsim/replay_workload/results_2016-02-16--12-59-03;oarsub --stdout=/home/mmercier/expe-batsim/replay_workload/results_2016-02-16--12-59-03/OAR%jobid%.stdout --stderr=/home/mmercier/expe-batsim/replay_workload/results_2016-02-16--12-59-03/OAR%jobid%.stderr  -l \nodes=4,walltime=0:02:55 "mpirun --mca btl self,sm,tcp -hostfile ${HOSTDIR}/hostfile-4 --path $PATH lu.B.4"
[ADMISSION RULE] Modify resource description with type constraints
OAR_JOB_I