

 NAS Parallel Benchmarks 3.3 -- FT Benchmark

 No input file inputft.data. Using compiled defaults
 Size                :  512x 256x 256
 Iterations          :             20
 Number of processes :              1
 Processor array     :         1x   1
 Layout type         :             0D
 Initialization time =   11.783832073211670     
 T =    1     Checksum =    5.177643571579D+02    5.077803458597D+02
 T =    2     Checksum =    5.154521291263D+02    5.088249431599D+02
 T =    3     Checksum =    5.146409228650D+02    5.096208912659D+02
 T =    4     Checksum =    5.142378756213D+02    5.101023387619D+02
 T =    5     Checksum =    5.139626667737D+02    5.103976610618D+02
 T =    6     Checksum =    5.137423460082D+02    5.105948019802D+02
 T =    7     Checksum =    5.135547056878D+02    5.107404165783D+02
 T =    8     Checksum =    5.133910925467D+02    5.108576573661D+02
 T =    9     Checksum =    5.132470705390D+02    5.109577278523D+02
 T =   10     Checksum =    5.131197729984D+02    5.110460304483D+02
 T =   11     Checksum =    5.130070319283D+02    5.111252433800D+02
 T =   12     Checksum =    5.129070537032D+02    5.111968077719D+02
 T =   13     Checksum =    5.128182883503D+02    5.112616233064D+02
 T =   14     Checksum =    5.127393733383D+02    5.113203605551D+02
 T =   15     Checksum =    5.126691062021D+02    5.113735928093D+02
